ARM GAS  C:\Users\student\AppData\Local\Temp\ccLgfIla.s 			page 1


   1              		.syntax unified
   2              		.cpu cortex-m3
   3              		.fpu softvfp
   4              		.eabi_attribute 20, 1
   5              		.eabi_attribute 21, 1
   6              		.eabi_attribute 23, 3
   7              		.eabi_attribute 24, 1
   8              		.eabi_attribute 25, 1
   9              		.eabi_attribute 26, 1
  10              		.eabi_attribute 30, 1
  11              		.eabi_attribute 34, 1
  12              		.eabi_attribute 18, 4
  13              		.thumb
  14              		.file	"cymetadata.c"
  15              		.text
  16              	.Ltext0:
  17              		.cfi_sections	.debug_frame
  18              		.global	cy_metadata
  19              		.global	cy_meta_flashprotect
  20              		.global	cy_meta_wonvl
  21              		.global	cy_meta_custnvl
  22              		.global	cy_meta_configecc
  23              		.section	.cyconfigecc,"a",%progbits
  24              		.align	2
  25              		.type	cy_meta_configecc, %object
  26              		.size	cy_meta_configecc, 2096
  27              	cy_meta_configecc:
  28 0000 01       		.byte	1
  29 0001 45       		.byte	69
  30 0002 00       		.byte	0
  31 0003 40       		.byte	64
  32 0004 07       		.byte	7
  33 0005 52       		.byte	82
  34 0006 00       		.byte	0
  35 0007 40       		.byte	64
  36 0008 02       		.byte	2
  37 0009 64       		.byte	100
  38 000a 00       		.byte	0
  39 000b 40       		.byte	64
  40 000c 02       		.byte	2
  41 000d 65       		.byte	101
  42 000e 00       		.byte	0
  43 000f 40       		.byte	64
  44 0010 01       		.byte	1
  45 0011 01       		.byte	1
  46 0012 01       		.byte	1
  47 0013 40       		.byte	64
  48 0014 3B       		.byte	59
  49 0015 04       		.byte	4
  50 0016 01       		.byte	1
  51 0017 40       		.byte	64
  52 0018 25       		.byte	37
  53 0019 05       		.byte	5
  54 001a 01       		.byte	1
  55 001b 40       		.byte	64
  56 001c 4F       		.byte	79
  57 001d 06       		.byte	6
ARM GAS  C:\Users\student\AppData\Local\Temp\ccLgfIla.s 			page 2


  58 001e 01       		.byte	1
  59 001f 40       		.byte	64
  60 0020 37       		.byte	55
  61 0021 07       		.byte	7
  62 0022 01       		.byte	1
  63 0023 40       		.byte	64
  64 0024 11       		.byte	17
  65 0025 09       		.byte	9
  66 0026 01       		.byte	1
  67 0027 40       		.byte	64
  68 0028 0C       		.byte	12
  69 0029 0A       		.byte	10
  70 002a 01       		.byte	1
  71 002b 40       		.byte	64
  72 002c 36       		.byte	54
  73 002d 0B       		.byte	11
  74 002e 01       		.byte	1
  75 002f 40       		.byte	64
  76 0030 01       		.byte	1
  77 0031 0F       		.byte	15
  78 0032 01       		.byte	1
  79 0033 40       		.byte	64
  80 0034 05       		.byte	5
  81 0035 15       		.byte	21
  82 0036 01       		.byte	1
  83 0037 40       		.byte	64
  84 0038 45       		.byte	69
  85 0039 16       		.byte	22
  86 003a 01       		.byte	1
  87 003b 40       		.byte	64
  88 003c 40       		.byte	64
  89 003d 17       		.byte	23
  90 003e 01       		.byte	1
  91 003f 40       		.byte	64
  92 0040 64       		.byte	100
  93 0041 18       		.byte	24
  94 0042 01       		.byte	1
  95 0043 40       		.byte	64
  96 0044 4B       		.byte	75
  97 0045 19       		.byte	25
  98 0046 01       		.byte	1
  99 0047 40       		.byte	64
 100 0048 27       		.byte	39
 101 0049 1A       		.byte	26
 102 004a 01       		.byte	1
 103 004b 40       		.byte	64
 104 004c 45       		.byte	69
 105 004d 1B       		.byte	27
 106 004e 01       		.byte	1
 107 004f 40       		.byte	64
 108 0050 06       		.byte	6
 109 0051 40       		.byte	64
 110 0052 01       		.byte	1
 111 0053 40       		.byte	64
 112 0054 01       		.byte	1
 113 0055 41       		.byte	65
 114 0056 01       		.byte	1
ARM GAS  C:\Users\student\AppData\Local\Temp\ccLgfIla.s 			page 3


 115 0057 40       		.byte	64
 116 0058 01       		.byte	1
 117 0059 42       		.byte	66
 118 005a 01       		.byte	1
 119 005b 40       		.byte	64
 120 005c 01       		.byte	1
 121 005d 43       		.byte	67
 122 005e 01       		.byte	1
 123 005f 40       		.byte	64
 124 0060 01       		.byte	1
 125 0061 44       		.byte	68
 126 0062 01       		.byte	1
 127 0063 40       		.byte	64
 128 0064 0B       		.byte	11
 129 0065 45       		.byte	69
 130 0066 01       		.byte	1
 131 0067 40       		.byte	64
 132 0068 09       		.byte	9
 133 0069 46       		.byte	70
 134 006a 01       		.byte	1
 135 006b 40       		.byte	64
 136 006c 08       		.byte	8
 137 006d 47       		.byte	71
 138 006e 01       		.byte	1
 139 006f 40       		.byte	64
 140 0070 06       		.byte	6
 141 0071 48       		.byte	72
 142 0072 01       		.byte	1
 143 0073 40       		.byte	64
 144 0074 0E       		.byte	14
 145 0075 49       		.byte	73
 146 0076 01       		.byte	1
 147 0077 40       		.byte	64
 148 0078 01       		.byte	1
 149 0079 4C       		.byte	76
 150 007a 01       		.byte	1
 151 007b 40       		.byte	64
 152 007c 06       		.byte	6
 153 007d 4D       		.byte	77
 154 007e 01       		.byte	1
 155 007f 40       		.byte	64
 156 0080 06       		.byte	6
 157 0081 50       		.byte	80
 158 0082 01       		.byte	1
 159 0083 40       		.byte	64
 160 0084 02       		.byte	2
 161 0085 51       		.byte	81
 162 0086 01       		.byte	1
 163 0087 40       		.byte	64
 164 0088 7E       		.byte	126
 165 0089 02       		.byte	2
 166 008a 10       		.byte	16
 167 008b 18       		.byte	24
 168 008c 11       		.byte	17
 169 008d 58       		.byte	88
 170 008e 18       		.byte	24
 171 008f A0       		.byte	-96
ARM GAS  C:\Users\student\AppData\Local\Temp\ccLgfIla.s 			page 4


 172 0090 19       		.byte	25
 173 0091 20       		.byte	32
 174 0092 28       		.byte	40
 175 0093 40       		.byte	64
 176 0094 29       		.byte	41
 177 0095 40       		.byte	64
 178 0096 7C       		.byte	124
 179 0097 40       		.byte	64
 180 0098 86       		.byte	-122
 181 0099 0F       		.byte	15
 182 009a 8B       		.byte	-117
 183 009b 0F       		.byte	15
 184 009c 89       		.byte	-119
 185 009d 0D       		.byte	13
 186 009e 8A       		.byte	-118
 187 009f 0D       		.byte	13
 188 00a0 E2       		.byte	-30
 189 00a1 08       		.byte	8
 190 00a2 01       		.byte	1
 191 00a3 0D       		.byte	13
 192 00a4 05       		.byte	5
 193 00a5 02       		.byte	2
 194 00a6 06       		.byte	6
 195 00a7 03       		.byte	3
 196 00a8 07       		.byte	7
 197 00a9 0D       		.byte	13
 198 00aa 09       		.byte	9
 199 00ab 02       		.byte	2
 200 00ac 0A       		.byte	10
 201 00ad 02       		.byte	2
 202 00ae 0B       		.byte	11
 203 00af 08       		.byte	8
 204 00b0 10       		.byte	16
 205 00b1 01       		.byte	1
 206 00b2 11       		.byte	17
 207 00b3 0D       		.byte	13
 208 00b4 15       		.byte	21
 209 00b5 0D       		.byte	13
 210 00b6 19       		.byte	25
 211 00b7 0D       		.byte	13
 212 00b8 1A       		.byte	26
 213 00b9 03       		.byte	3
 214 00ba 1D       		.byte	29
 215 00bb 0D       		.byte	13
 216 00bc 25       		.byte	37
 217 00bd 02       		.byte	2
 218 00be 27       		.byte	39
 219 00bf 04       		.byte	4
 220 00c0 29       		.byte	41
 221 00c1 01       		.byte	1
 222 00c2 2B       		.byte	43
 223 00c3 02       		.byte	2
 224 00c4 32       		.byte	50
 225 00c5 03       		.byte	3
 226 00c6 35       		.byte	53
 227 00c7 0F       		.byte	15
 228 00c8 3B       		.byte	59
ARM GAS  C:\Users\student\AppData\Local\Temp\ccLgfIla.s 			page 5


 229 00c9 20       		.byte	32
 230 00ca 58       		.byte	88
 231 00cb 04       		.byte	4
 232 00cc 59       		.byte	89
 233 00cd 04       		.byte	4
 234 00ce 5C       		.byte	92
 235 00cf 01       		.byte	1
 236 00d0 5F       		.byte	95
 237 00d1 01       		.byte	1
 238 00d2 81       		.byte	-127
 239 00d3 11       		.byte	17
 240 00d4 84       		.byte	-124
 241 00d5 04       		.byte	4
 242 00d6 85       		.byte	-123
 243 00d7 11       		.byte	17
 244 00d8 86       		.byte	-122
 245 00d9 03       		.byte	3
 246 00da 88       		.byte	-120
 247 00db 01       		.byte	1
 248 00dc 8A       		.byte	-118
 249 00dd 02       		.byte	2
 250 00de 8F       		.byte	-113
 251 00df 11       		.byte	17
 252 00e0 91       		.byte	-111
 253 00e1 11       		.byte	17
 254 00e2 92       		.byte	-110
 255 00e3 12       		.byte	18
 256 00e4 95       		.byte	-107
 257 00e5 06       		.byte	6
 258 00e6 96       		.byte	-106
 259 00e7 0C       		.byte	12
 260 00e8 97       		.byte	-105
 261 00e9 08       		.byte	8
 262 00ea 99       		.byte	-103
 263 00eb 02       		.byte	2
 264 00ec 9A       		.byte	-102
 265 00ed 01       		.byte	1
 266 00ee 9B       		.byte	-101
 267 00ef 0C       		.byte	12
 268 00f0 9D       		.byte	-99
 269 00f1 08       		.byte	8
 270 00f2 9F       		.byte	-97
 271 00f3 06       		.byte	6
 272 00f4 A5       		.byte	-91
 273 00f5 0A       		.byte	10
 274 00f6 A7       		.byte	-89
 275 00f7 04       		.byte	4
 276 00f8 A8       		.byte	-88
 277 00f9 08       		.byte	8
 278 00fa A9       		.byte	-87
 279 00fb 11       		.byte	17
 280 00fc AA       		.byte	-86
 281 00fd 03       		.byte	3
 282 00fe AF       		.byte	-81
 283 00ff 01       		.byte	1
 284 0100 B1       		.byte	-79
 285 0101 0E       		.byte	14
ARM GAS  C:\Users\student\AppData\Local\Temp\ccLgfIla.s 			page 6


 286 0102 B2       		.byte	-78
 287 0103 0F       		.byte	15
 288 0104 B4       		.byte	-76
 289 0105 10       		.byte	16
 290 0106 B5       		.byte	-75
 291 0107 01       		.byte	1
 292 0108 B7       		.byte	-73
 293 0109 10       		.byte	16
 294 010a BB       		.byte	-69
 295 010b 02       		.byte	2
 296 010c BF       		.byte	-65
 297 010d 50       		.byte	80
 298 010e D4       		.byte	-44
 299 010f 40       		.byte	64
 300 0110 D8       		.byte	-40
 301 0111 04       		.byte	4
 302 0112 D9       		.byte	-39
 303 0113 04       		.byte	4
 304 0114 DB       		.byte	-37
 305 0115 04       		.byte	4
 306 0116 DF       		.byte	-33
 307 0117 01       		.byte	1
 308 0118 00       		.byte	0
 309 0119 18       		.byte	24
 310 011a 05       		.byte	5
 311 011b 24       		.byte	36
 312 011c 08       		.byte	8
 313 011d 01       		.byte	1
 314 011e 0A       		.byte	10
 315 011f 08       		.byte	8
 316 0120 0E       		.byte	14
 317 0121 28       		.byte	40
 318 0122 0F       		.byte	15
 319 0123 80       		.byte	-128
 320 0124 13       		.byte	19
 321 0125 C0       		.byte	-64
 322 0126 15       		.byte	21
 323 0127 20       		.byte	32
 324 0128 18       		.byte	24
 325 0129 10       		.byte	16
 326 012a 1E       		.byte	30
 327 012b 28       		.byte	40
 328 012c 1F       		.byte	31
 329 012d 04       		.byte	4
 330 012e 20       		.byte	32
 331 012f 04       		.byte	4
 332 0130 25       		.byte	37
 333 0131 20       		.byte	32
 334 0132 27       		.byte	39
 335 0133 82       		.byte	-126
 336 0134 29       		.byte	41
 337 0135 24       		.byte	36
 338 0136 2F       		.byte	47
 339 0137 2B       		.byte	43
 340 0138 33       		.byte	51
 341 0139 59       		.byte	89
 342 013a 35       		.byte	53
ARM GAS  C:\Users\student\AppData\Local\Temp\ccLgfIla.s 			page 7


 343 013b 24       		.byte	36
 344 013c 36       		.byte	54
 345 013d 01       		.byte	1
 346 013e 37       		.byte	55
 347 013f 80       		.byte	-128
 348 0140 38       		.byte	56
 349 0141 04       		.byte	4
 350 0142 39       		.byte	57
 351 0143 20       		.byte	32
 352 0144 3A       		.byte	58
 353 0145 02       		.byte	2
 354 0146 3E       		.byte	62
 355 0147 46       		.byte	70
 356 0148 45       		.byte	69
 357 0149 20       		.byte	32
 358 014a 46       		.byte	70
 359 014b 08       		.byte	8
 360 014c 66       		.byte	102
 361 014d 18       		.byte	24
 362 014e 67       		.byte	103
 363 014f 02       		.byte	2
 364 0150 81       		.byte	-127
 365 0151 40       		.byte	64
 366 0152 C0       		.byte	-64
 367 0153 66       		.byte	102
 368 0154 C2       		.byte	-62
 369 0155 7A       		.byte	122
 370 0156 C4       		.byte	-60
 371 0157 40       		.byte	64
 372 0158 CA       		.byte	-54
 373 0159 76       		.byte	118
 374 015a CC       		.byte	-52
 375 015b FF       		.byte	-1
 376 015c CE       		.byte	-50
 377 015d D7       		.byte	-41
 378 015e D8       		.byte	-40
 379 015f 70       		.byte	112
 380 0160 E2       		.byte	-30
 381 0161 01       		.byte	1
 382 0162 00       		.byte	0
 383 0163 80       		.byte	-128
 384 0164 06       		.byte	6
 385 0165 FF       		.byte	-1
 386 0166 08       		.byte	8
 387 0167 1F       		.byte	31
 388 0168 0A       		.byte	10
 389 0169 20       		.byte	32
 390 016a 0C       		.byte	12
 391 016b C0       		.byte	-64
 392 016c 0E       		.byte	14
 393 016d 01       		.byte	1
 394 016e 12       		.byte	18
 395 016f 9F       		.byte	-97
 396 0170 16       		.byte	22
 397 0171 60       		.byte	96
 398 0172 18       		.byte	24
 399 0173 7F       		.byte	127
ARM GAS  C:\Users\student\AppData\Local\Temp\ccLgfIla.s 			page 8


 400 0174 1A       		.byte	26
 401 0175 80       		.byte	-128
 402 0176 1C       		.byte	28
 403 0177 C0       		.byte	-64
 404 0178 1D       		.byte	29
 405 0179 01       		.byte	1
 406 017a 1E       		.byte	30
 407 017b 02       		.byte	2
 408 017c 20       		.byte	32
 409 017d 90       		.byte	-112
 410 017e 21       		.byte	33
 411 017f 01       		.byte	1
 412 0180 22       		.byte	34
 413 0181 40       		.byte	64
 414 0182 24       		.byte	36
 415 0183 C0       		.byte	-64
 416 0184 26       		.byte	38
 417 0185 08       		.byte	8
 418 0186 28       		.byte	40
 419 0187 C0       		.byte	-64
 420 0188 2A       		.byte	42
 421 0189 04       		.byte	4
 422 018a 35       		.byte	53
 423 018b 01       		.byte	1
 424 018c 36       		.byte	54
 425 018d FF       		.byte	-1
 426 018e 38       		.byte	56
 427 018f 20       		.byte	32
 428 0190 39       		.byte	57
 429 0191 20       		.byte	32
 430 0192 3E       		.byte	62
 431 0193 50       		.byte	80
 432 0194 40       		.byte	64
 433 0195 32       		.byte	50
 434 0196 41       		.byte	65
 435 0197 06       		.byte	6
 436 0198 42       		.byte	66
 437 0199 40       		.byte	64
 438 019a 44       		.byte	68
 439 019b 05       		.byte	5
 440 019c 45       		.byte	69
 441 019d 0E       		.byte	14
 442 019e 46       		.byte	70
 443 019f FB       		.byte	-5
 444 01a0 47       		.byte	71
 445 01a1 DC       		.byte	-36
 446 01a2 48       		.byte	72
 447 01a3 3D       		.byte	61
 448 01a4 49       		.byte	73
 449 01a5 FF       		.byte	-1
 450 01a6 4A       		.byte	74
 451 01a7 FF       		.byte	-1
 452 01a8 4B       		.byte	75
 453 01a9 FF       		.byte	-1
 454 01aa 4C       		.byte	76
 455 01ab 22       		.byte	34
 456 01ac 4E       		.byte	78
ARM GAS  C:\Users\student\AppData\Local\Temp\ccLgfIla.s 			page 9


 457 01ad F0       		.byte	-16
 458 01ae 4F       		.byte	79
 459 01af 08       		.byte	8
 460 01b0 50       		.byte	80
 461 01b1 04       		.byte	4
 462 01b2 56       		.byte	86
 463 01b3 02       		.byte	2
 464 01b4 57       		.byte	87
 465 01b5 2C       		.byte	44
 466 01b6 58       		.byte	88
 467 01b7 04       		.byte	4
 468 01b8 59       		.byte	89
 469 01b9 04       		.byte	4
 470 01ba 5A       		.byte	90
 471 01bb 04       		.byte	4
 472 01bc 5B       		.byte	91
 473 01bd 04       		.byte	4
 474 01be 5F       		.byte	95
 475 01bf 01       		.byte	1
 476 01c0 62       		.byte	98
 477 01c1 C0       		.byte	-64
 478 01c2 64       		.byte	100
 479 01c3 40       		.byte	64
 480 01c4 65       		.byte	101
 481 01c5 01       		.byte	1
 482 01c6 66       		.byte	102
 483 01c7 10       		.byte	16
 484 01c8 67       		.byte	103
 485 01c9 11       		.byte	17
 486 01ca 68       		.byte	104
 487 01cb C0       		.byte	-64
 488 01cc 69       		.byte	105
 489 01cd 01       		.byte	1
 490 01ce 6B       		.byte	107
 491 01cf 11       		.byte	17
 492 01d0 6C       		.byte	108
 493 01d1 40       		.byte	64
 494 01d2 6D       		.byte	109
 495 01d3 01       		.byte	1
 496 01d4 6E       		.byte	110
 497 01d5 40       		.byte	64
 498 01d6 6F       		.byte	111
 499 01d7 01       		.byte	1
 500 01d8 87       		.byte	-121
 501 01d9 70       		.byte	112
 502 01da 8D       		.byte	-115
 503 01db 04       		.byte	4
 504 01dc 91       		.byte	-111
 505 01dd 70       		.byte	112
 506 01de 95       		.byte	-107
 507 01df 04       		.byte	4
 508 01e0 99       		.byte	-103
 509 01e1 48       		.byte	72
 510 01e2 A1       		.byte	-95
 511 01e3 06       		.byte	6
 512 01e4 A3       		.byte	-93
 513 01e5 01       		.byte	1
ARM GAS  C:\Users\student\AppData\Local\Temp\ccLgfIla.s 			page 10


 514 01e6 A5       		.byte	-91
 515 01e7 08       		.byte	8
 516 01e8 A7       		.byte	-89
 517 01e9 20       		.byte	32
 518 01ea A9       		.byte	-87
 519 01eb 18       		.byte	24
 520 01ec AD       		.byte	-83
 521 01ed 01       		.byte	1
 522 01ee AF       		.byte	-81
 523 01ef 02       		.byte	2
 524 01f0 B1       		.byte	-79
 525 01f1 70       		.byte	112
 526 01f2 B3       		.byte	-77
 527 01f3 07       		.byte	7
 528 01f4 B7       		.byte	-73
 529 01f5 08       		.byte	8
 530 01f6 BB       		.byte	-69
 531 01f7 08       		.byte	8
 532 01f8 BF       		.byte	-65
 533 01f9 41       		.byte	65
 534 01fa D9       		.byte	-39
 535 01fb 04       		.byte	4
 536 01fc DC       		.byte	-36
 537 01fd 10       		.byte	16
 538 01fe DF       		.byte	-33
 539 01ff 01       		.byte	1
 540 0200 05       		.byte	5
 541 0201 26       		.byte	38
 542 0202 06       		.byte	6
 543 0203 02       		.byte	2
 544 0204 0D       		.byte	13
 545 0205 10       		.byte	16
 546 0206 0E       		.byte	14
 547 0207 2A       		.byte	42
 548 0208 0F       		.byte	15
 549 0209 80       		.byte	-128
 550 020a 17       		.byte	23
 551 020b 15       		.byte	21
 552 020c 1C       		.byte	28
 553 020d 04       		.byte	4
 554 020e 1F       		.byte	31
 555 020f 40       		.byte	64
 556 0210 20       		.byte	32
 557 0211 60       		.byte	96
 558 0212 22       		.byte	34
 559 0213 04       		.byte	4
 560 0214 23       		.byte	35
 561 0215 01       		.byte	1
 562 0216 25       		.byte	37
 563 0217 10       		.byte	16
 564 0218 26       		.byte	38
 565 0219 10       		.byte	16
 566 021a 28       		.byte	40
 567 021b 81       		.byte	-127
 568 021c 29       		.byte	41
 569 021d 24       		.byte	36
 570 021e 2F       		.byte	47
ARM GAS  C:\Users\student\AppData\Local\Temp\ccLgfIla.s 			page 11


 571 021f 40       		.byte	64
 572 0220 32       		.byte	50
 573 0221 05       		.byte	5
 574 0222 33       		.byte	51
 575 0223 20       		.byte	32
 576 0224 37       		.byte	55
 577 0225 80       		.byte	-128
 578 0226 39       		.byte	57
 579 0227 80       		.byte	-128
 580 0228 3B       		.byte	59
 581 0229 08       		.byte	8
 582 022a 45       		.byte	69
 583 022b 28       		.byte	40
 584 022c 47       		.byte	71
 585 022d 02       		.byte	2
 586 022e 4D       		.byte	77
 587 022f 24       		.byte	36
 588 0230 4E       		.byte	78
 589 0231 02       		.byte	2
 590 0232 55       		.byte	85
 591 0233 04       		.byte	4
 592 0234 56       		.byte	86
 593 0235 18       		.byte	24
 594 0236 57       		.byte	87
 595 0237 42       		.byte	66
 596 0238 67       		.byte	103
 597 0239 40       		.byte	64
 598 023a 6E       		.byte	110
 599 023b 46       		.byte	70
 600 023c 6F       		.byte	111
 601 023d 5D       		.byte	93
 602 023e 76       		.byte	118
 603 023f 03       		.byte	3
 604 0240 8C       		.byte	-116
 605 0241 04       		.byte	4
 606 0242 91       		.byte	-111
 607 0243 80       		.byte	-128
 608 0244 93       		.byte	-109
 609 0245 48       		.byte	72
 610 0246 95       		.byte	-107
 611 0247 20       		.byte	32
 612 0248 96       		.byte	-106
 613 0249 4C       		.byte	76
 614 024a 9B       		.byte	-101
 615 024b 02       		.byte	2
 616 024c 9C       		.byte	-100
 617 024d 01       		.byte	1
 618 024e 9D       		.byte	-99
 619 024f 24       		.byte	36
 620 0250 9E       		.byte	-98
 621 0251 12       		.byte	18
 622 0252 9F       		.byte	-97
 623 0253 51       		.byte	81
 624 0254 A4       		.byte	-92
 625 0255 04       		.byte	4
 626 0256 A6       		.byte	-90
 627 0257 01       		.byte	1
ARM GAS  C:\Users\student\AppData\Local\Temp\ccLgfIla.s 			page 12


 628 0258 A7       		.byte	-89
 629 0259 6A       		.byte	106
 630 025a B4       		.byte	-76
 631 025b 10       		.byte	16
 632 025c C0       		.byte	-64
 633 025d F0       		.byte	-16
 634 025e C2       		.byte	-62
 635 025f F0       		.byte	-16
 636 0260 C4       		.byte	-60
 637 0261 70       		.byte	112
 638 0262 CA       		.byte	-54
 639 0263 8F       		.byte	-113
 640 0264 CC       		.byte	-52
 641 0265 17       		.byte	23
 642 0266 CE       		.byte	-50
 643 0267 0A       		.byte	10
 644 0268 D0       		.byte	-48
 645 0269 E0       		.byte	-32
 646 026a D2       		.byte	-46
 647 026b 30       		.byte	48
 648 026c D8       		.byte	-40
 649 026d 80       		.byte	-128
 650 026e 8D       		.byte	-115
 651 026f 10       		.byte	16
 652 0270 8F       		.byte	-113
 653 0271 01       		.byte	1
 654 0272 90       		.byte	-112
 655 0273 04       		.byte	4
 656 0274 91       		.byte	-111
 657 0275 10       		.byte	16
 658 0276 92       		.byte	-110
 659 0277 04       		.byte	4
 660 0278 93       		.byte	-109
 661 0279 04       		.byte	4
 662 027a 97       		.byte	-105
 663 027b 02       		.byte	2
 664 027c 9A       		.byte	-102
 665 027d 26       		.byte	38
 666 027e 9B       		.byte	-101
 667 027f 41       		.byte	65
 668 0280 9E       		.byte	-98
 669 0281 40       		.byte	64
 670 0282 A1       		.byte	-95
 671 0283 10       		.byte	16
 672 0284 A3       		.byte	-93
 673 0285 01       		.byte	1
 674 0286 A5       		.byte	-91
 675 0287 08       		.byte	8
 676 0288 A6       		.byte	-90
 677 0289 20       		.byte	32
 678 028a A7       		.byte	-89
 679 028b 02       		.byte	2
 680 028c E4       		.byte	-28
 681 028d 40       		.byte	64
 682 028e E8       		.byte	-24
 683 028f 10       		.byte	16
 684 0290 09       		.byte	9
ARM GAS  C:\Users\student\AppData\Local\Temp\ccLgfIla.s 			page 13


 685 0291 0E       		.byte	14
 686 0292 0D       		.byte	13
 687 0293 04       		.byte	4
 688 0294 0F       		.byte	15
 689 0295 09       		.byte	9
 690 0296 11       		.byte	17
 691 0297 03       		.byte	3
 692 0298 13       		.byte	19
 693 0299 04       		.byte	4
 694 029a 15       		.byte	21
 695 029b 05       		.byte	5
 696 029c 17       		.byte	23
 697 029d 0A       		.byte	10
 698 029e 33       		.byte	51
 699 029f 0F       		.byte	15
 700 02a0 39       		.byte	57
 701 02a1 08       		.byte	8
 702 02a2 59       		.byte	89
 703 02a3 04       		.byte	4
 704 02a4 5C       		.byte	92
 705 02a5 10       		.byte	16
 706 02a6 5F       		.byte	95
 707 02a7 01       		.byte	1
 708 02a8 04       		.byte	4
 709 02a9 04       		.byte	4
 710 02aa 06       		.byte	6
 711 02ab 40       		.byte	64
 712 02ac 07       		.byte	7
 713 02ad 05       		.byte	5
 714 02ae 0C       		.byte	12
 715 02af 90       		.byte	-112
 716 02b0 0D       		.byte	13
 717 02b1 08       		.byte	8
 718 02b2 0E       		.byte	14
 719 02b3 80       		.byte	-128
 720 02b4 16       		.byte	22
 721 02b5 80       		.byte	-128
 722 02b6 17       		.byte	23
 723 02b7 50       		.byte	80
 724 02b8 1E       		.byte	30
 725 02b9 80       		.byte	-128
 726 02ba 20       		.byte	32
 727 02bb 10       		.byte	16
 728 02bc 24       		.byte	36
 729 02bd 0A       		.byte	10
 730 02be 25       		.byte	37
 731 02bf 10       		.byte	16
 732 02c0 26       		.byte	38
 733 02c1 80       		.byte	-128
 734 02c2 27       		.byte	39
 735 02c3 01       		.byte	1
 736 02c4 2E       		.byte	46
 737 02c5 02       		.byte	2
 738 02c6 2F       		.byte	47
 739 02c7 0A       		.byte	10
 740 02c8 31       		.byte	49
 741 02c9 08       		.byte	8
ARM GAS  C:\Users\student\AppData\Local\Temp\ccLgfIla.s 			page 14


 742 02ca 32       		.byte	50
 743 02cb 08       		.byte	8
 744 02cc 33       		.byte	51
 745 02cd 01       		.byte	1
 746 02ce 34       		.byte	52
 747 02cf 10       		.byte	16
 748 02d0 36       		.byte	54
 749 02d1 A9       		.byte	-87
 750 02d2 38       		.byte	56
 751 02d3 10       		.byte	16
 752 02d4 3A       		.byte	58
 753 02d5 40       		.byte	64
 754 02d6 3E       		.byte	62
 755 02d7 54       		.byte	84
 756 02d8 44       		.byte	68
 757 02d9 08       		.byte	8
 758 02da 45       		.byte	69
 759 02db 08       		.byte	8
 760 02dc 46       		.byte	70
 761 02dd 40       		.byte	64
 762 02de 4C       		.byte	76
 763 02df 05       		.byte	5
 764 02e0 4F       		.byte	79
 765 02e1 06       		.byte	6
 766 02e2 56       		.byte	86
 767 02e3 A4       		.byte	-92
 768 02e4 57       		.byte	87
 769 02e5 08       		.byte	8
 770 02e6 67       		.byte	103
 771 02e7 02       		.byte	2
 772 02e8 6D       		.byte	109
 773 02e9 10       		.byte	16
 774 02ea 6E       		.byte	110
 775 02eb 56       		.byte	86
 776 02ec 6F       		.byte	111
 777 02ed 54       		.byte	84
 778 02ee 74       		.byte	116
 779 02ef 80       		.byte	-128
 780 02f0 76       		.byte	118
 781 02f1 02       		.byte	2
 782 02f2 82       		.byte	-126
 783 02f3 04       		.byte	4
 784 02f4 86       		.byte	-122
 785 02f5 40       		.byte	64
 786 02f6 8C       		.byte	-116
 787 02f7 04       		.byte	4
 788 02f8 8E       		.byte	-114
 789 02f9 40       		.byte	64
 790 02fa 94       		.byte	-108
 791 02fb 10       		.byte	16
 792 02fc 98       		.byte	-104
 793 02fd 08       		.byte	8
 794 02fe B4       		.byte	-76
 795 02ff 18       		.byte	24
 796 0300 C0       		.byte	-64
 797 0301 F0       		.byte	-16
 798 0302 C2       		.byte	-62
ARM GAS  C:\Users\student\AppData\Local\Temp\ccLgfIla.s 			page 15


 799 0303 F0       		.byte	-16
 800 0304 C4       		.byte	-60
 801 0305 D0       		.byte	-48
 802 0306 CA       		.byte	-54
 803 0307 B0       		.byte	-80
 804 0308 CC       		.byte	-52
 805 0309 F3       		.byte	-13
 806 030a CE       		.byte	-50
 807 030b 7C       		.byte	124
 808 030c D0       		.byte	-48
 809 030d E0       		.byte	-32
 810 030e D2       		.byte	-46
 811 030f 30       		.byte	48
 812 0310 D8       		.byte	-40
 813 0311 10       		.byte	16
 814 0312 E4       		.byte	-28
 815 0313 02       		.byte	2
 816 0314 E2       		.byte	-30
 817 0315 08       		.byte	8
 818 0316 8E       		.byte	-114
 819 0317 02       		.byte	2
 820 0318 A6       		.byte	-90
 821 0319 02       		.byte	2
 822 031a AC       		.byte	-84
 823 031b 84       		.byte	-124
 824 031c E4       		.byte	-28
 825 031d 10       		.byte	16
 826 031e EE       		.byte	-18
 827 031f 02       		.byte	2
 828 0320 00       		.byte	0
 829 0321 34       		.byte	52
 830 0322 01       		.byte	1
 831 0323 01       		.byte	1
 832 0324 04       		.byte	4
 833 0325 3F       		.byte	63
 834 0326 05       		.byte	5
 835 0327 01       		.byte	1
 836 0328 06       		.byte	6
 837 0329 40       		.byte	64
 838 032a 08       		.byte	8
 839 032b 08       		.byte	8
 840 032c 09       		.byte	9
 841 032d 04       		.byte	4
 842 032e 0A       		.byte	10
 843 032f 75       		.byte	117
 844 0330 0C       		.byte	12
 845 0331 34       		.byte	52
 846 0332 0D       		.byte	13
 847 0333 10       		.byte	16
 848 0334 11       		.byte	17
 849 0335 01       		.byte	1
 850 0336 14       		.byte	20
 851 0337 4B       		.byte	75
 852 0338 15       		.byte	21
 853 0339 08       		.byte	8
 854 033a 16       		.byte	22
 855 033b 30       		.byte	48
ARM GAS  C:\Users\student\AppData\Local\Temp\ccLgfIla.s 			page 16


 856 033c 17       		.byte	23
 857 033d 61       		.byte	97
 858 033e 18       		.byte	24
 859 033f 14       		.byte	20
 860 0340 1A       		.byte	26
 861 0341 20       		.byte	32
 862 0342 1B       		.byte	27
 863 0343 40       		.byte	64
 864 0344 1C       		.byte	28
 865 0345 14       		.byte	20
 866 0346 1D       		.byte	29
 867 0347 01       		.byte	1
 868 0348 20       		.byte	32
 869 0349 34       		.byte	52
 870 034a 21       		.byte	33
 871 034b 01       		.byte	1
 872 034c 25       		.byte	37
 873 034d A2       		.byte	-94
 874 034e 26       		.byte	38
 875 034f 34       		.byte	52
 876 0350 27       		.byte	39
 877 0351 08       		.byte	8
 878 0352 28       		.byte	40
 879 0353 20       		.byte	32
 880 0354 29       		.byte	41
 881 0355 07       		.byte	7
 882 0356 2A       		.byte	42
 883 0357 02       		.byte	2
 884 0358 2B       		.byte	43
 885 0359 D8       		.byte	-40
 886 035a 30       		.byte	48
 887 035b 40       		.byte	64
 888 035c 31       		.byte	49
 889 035d 3F       		.byte	63
 890 035e 32       		.byte	50
 891 035f 78       		.byte	120
 892 0360 33       		.byte	51
 893 0361 E0       		.byte	-32
 894 0362 34       		.byte	52
 895 0363 07       		.byte	7
 896 0364 38       		.byte	56
 897 0365 08       		.byte	8
 898 0366 39       		.byte	57
 899 0367 02       		.byte	2
 900 0368 3A       		.byte	58
 901 0369 30       		.byte	48
 902 036a 3E       		.byte	62
 903 036b 01       		.byte	1
 904 036c 3F       		.byte	63
 905 036d 01       		.byte	1
 906 036e 54       		.byte	84
 907 036f 09       		.byte	9
 908 0370 58       		.byte	88
 909 0371 04       		.byte	4
 910 0372 59       		.byte	89
 911 0373 04       		.byte	4
 912 0374 5B       		.byte	91
ARM GAS  C:\Users\student\AppData\Local\Temp\ccLgfIla.s 			page 17


 913 0375 04       		.byte	4
 914 0376 5F       		.byte	95
 915 0377 01       		.byte	1
 916 0378 80       		.byte	-128
 917 0379 1C       		.byte	28
 918 037a 84       		.byte	-124
 919 037b 11       		.byte	17
 920 037c 86       		.byte	-122
 921 037d 62       		.byte	98
 922 037e 88       		.byte	-120
 923 037f 10       		.byte	16
 924 0380 8A       		.byte	-118
 925 0381 0C       		.byte	12
 926 0382 8C       		.byte	-116
 927 0383 24       		.byte	36
 928 0384 8E       		.byte	-114
 929 0385 10       		.byte	16
 930 0386 90       		.byte	-112
 931 0387 0C       		.byte	12
 932 0388 92       		.byte	-110
 933 0389 10       		.byte	16
 934 038a 94       		.byte	-108
 935 038b 21       		.byte	33
 936 038c 96       		.byte	-106
 937 038d 9E       		.byte	-98
 938 038e 98       		.byte	-104
 939 038f 14       		.byte	20
 940 0390 9A       		.byte	-102
 941 0391 08       		.byte	8
 942 0392 9C       		.byte	-100
 943 0393 C0       		.byte	-64
 944 0394 A4       		.byte	-92
 945 0395 08       		.byte	8
 946 0396 A8       		.byte	-88
 947 0397 70       		.byte	112
 948 0398 AA       		.byte	-86
 949 0399 0F       		.byte	15
 950 039a AC       		.byte	-84
 951 039b 1C       		.byte	28
 952 039c B0       		.byte	-80
 953 039d 30       		.byte	48
 954 039e B4       		.byte	-76
 955 039f 0F       		.byte	15
 956 03a0 B6       		.byte	-74
 957 03a1 C1       		.byte	-63
 958 03a2 B8       		.byte	-72
 959 03a3 80       		.byte	-128
 960 03a4 BA       		.byte	-70
 961 03a5 02       		.byte	2
 962 03a6 D8       		.byte	-40
 963 03a7 04       		.byte	4
 964 03a8 DF       		.byte	-33
 965 03a9 01       		.byte	1
 966 03aa 00       		.byte	0
 967 03ab 04       		.byte	4
 968 03ac 03       		.byte	3
 969 03ad 46       		.byte	70
ARM GAS  C:\Users\student\AppData\Local\Temp\ccLgfIla.s 			page 18


 970 03ae 04       		.byte	4
 971 03af 08       		.byte	8
 972 03b0 05       		.byte	5
 973 03b1 10       		.byte	16
 974 03b2 06       		.byte	6
 975 03b3 06       		.byte	6
 976 03b4 07       		.byte	7
 977 03b5 40       		.byte	64
 978 03b6 09       		.byte	9
 979 03b7 08       		.byte	8
 980 03b8 0A       		.byte	10
 981 03b9 46       		.byte	70
 982 03ba 0D       		.byte	13
 983 03bb 08       		.byte	8
 984 03bc 0E       		.byte	14
 985 03bd 04       		.byte	4
 986 03be 0F       		.byte	15
 987 03bf 02       		.byte	2
 988 03c0 11       		.byte	17
 989 03c1 08       		.byte	8
 990 03c2 12       		.byte	18
 991 03c3 05       		.byte	5
 992 03c4 15       		.byte	21
 993 03c5 10       		.byte	16
 994 03c6 16       		.byte	22
 995 03c7 08       		.byte	8
 996 03c8 17       		.byte	23
 997 03c9 05       		.byte	5
 998 03ca 18       		.byte	24
 999 03cb 0C       		.byte	12
 1000 03cc 19       		.byte	25
 1001 03cd 22       		.byte	34
 1002 03ce 1A       		.byte	26
 1003 03cf 02       		.byte	2
 1004 03d0 1B       		.byte	27
 1005 03d1 03       		.byte	3
 1006 03d2 1C       		.byte	28
 1007 03d3 40       		.byte	64
 1008 03d4 1D       		.byte	29
 1009 03d5 3C       		.byte	60
 1010 03d6 1E       		.byte	30
 1011 03d7 08       		.byte	8
 1012 03d8 1F       		.byte	31
 1013 03d9 20       		.byte	32
 1014 03da 27       		.byte	39
 1015 03db 90       		.byte	-112
 1016 03dc 2D       		.byte	45
 1017 03dd 22       		.byte	34
 1018 03de 2F       		.byte	47
 1019 03df 20       		.byte	32
 1020 03e0 35       		.byte	53
 1021 03e1 04       		.byte	4
 1022 03e2 37       		.byte	55
 1023 03e3 51       		.byte	81
 1024 03e4 3D       		.byte	61
 1025 03e5 20       		.byte	32
 1026 03e6 3E       		.byte	62
ARM GAS  C:\Users\student\AppData\Local\Temp\ccLgfIla.s 			page 19


 1027 03e7 06       		.byte	6
 1028 03e8 3F       		.byte	63
 1029 03e9 80       		.byte	-128
 1030 03ea 5C       		.byte	92
 1031 03eb 40       		.byte	64
 1032 03ec 5D       		.byte	93
 1033 03ed 14       		.byte	20
 1034 03ee 5F       		.byte	95
 1035 03ef 02       		.byte	2
 1036 03f0 67       		.byte	103
 1037 03f1 01       		.byte	1
 1038 03f2 83       		.byte	-125
 1039 03f3 10       		.byte	16
 1040 03f4 91       		.byte	-111
 1041 03f5 04       		.byte	4
 1042 03f6 92       		.byte	-110
 1043 03f7 44       		.byte	68
 1044 03f8 93       		.byte	-109
 1045 03f9 01       		.byte	1
 1046 03fa 96       		.byte	-106
 1047 03fb 02       		.byte	2
 1048 03fc 9A       		.byte	-102
 1049 03fd 0B       		.byte	11
 1050 03fe 9B       		.byte	-101
 1051 03ff 47       		.byte	71
 1052 0400 9C       		.byte	-100
 1053 0401 80       		.byte	-128
 1054 0402 9D       		.byte	-99
 1055 0403 26       		.byte	38
 1056 0404 9F       		.byte	-97
 1057 0405 80       		.byte	-128
 1058 0406 A1       		.byte	-95
 1059 0407 14       		.byte	20
 1060 0408 A3       		.byte	-93
 1061 0409 40       		.byte	64
 1062 040a A4       		.byte	-92
 1063 040b 04       		.byte	4
 1064 040c A5       		.byte	-91
 1065 040d 28       		.byte	40
 1066 040e A6       		.byte	-90
 1067 040f 06       		.byte	6
 1068 0410 A7       		.byte	-89
 1069 0411 20       		.byte	32
 1070 0412 A8       		.byte	-88
 1071 0413 40       		.byte	64
 1072 0414 AC       		.byte	-84
 1073 0415 01       		.byte	1
 1074 0416 B0       		.byte	-80
 1075 0417 10       		.byte	16
 1076 0418 C0       		.byte	-64
 1077 0419 FF       		.byte	-1
 1078 041a C2       		.byte	-62
 1079 041b EF       		.byte	-17
 1080 041c C4       		.byte	-60
 1081 041d 77       		.byte	119
 1082 041e CA       		.byte	-54
 1083 041f E0       		.byte	-32
ARM GAS  C:\Users\student\AppData\Local\Temp\ccLgfIla.s 			page 20


 1084 0420 CC       		.byte	-52
 1085 0421 F0       		.byte	-16
 1086 0422 CE       		.byte	-50
 1087 0423 F0       		.byte	-16
 1088 0424 D6       		.byte	-42
 1089 0425 F0       		.byte	-16
 1090 0426 D8       		.byte	-40
 1091 0427 10       		.byte	16
 1092 0428 EA       		.byte	-22
 1093 0429 02       		.byte	2
 1094 042a 00       		.byte	0
 1095 042b 0A       		.byte	10
 1096 042c 04       		.byte	4
 1097 042d 08       		.byte	8
 1098 042e 05       		.byte	5
 1099 042f 04       		.byte	4
 1100 0430 06       		.byte	6
 1101 0431 02       		.byte	2
 1102 0432 08       		.byte	8
 1103 0433 02       		.byte	2
 1104 0434 0B       		.byte	11
 1105 0435 04       		.byte	4
 1106 0436 0C       		.byte	12
 1107 0437 0A       		.byte	10
 1108 0438 13       		.byte	19
 1109 0439 03       		.byte	3
 1110 043a 14       		.byte	20
 1111 043b 11       		.byte	17
 1112 043c 16       		.byte	22
 1113 043d 08       		.byte	8
 1114 043e 18       		.byte	24
 1115 043f 08       		.byte	8
 1116 0440 19       		.byte	25
 1117 0441 04       		.byte	4
 1118 0442 1A       		.byte	26
 1119 0443 02       		.byte	2
 1120 0444 1C       		.byte	28
 1121 0445 0C       		.byte	12
 1122 0446 1D       		.byte	29
 1123 0447 04       		.byte	4
 1124 0448 1E       		.byte	30
 1125 0449 13       		.byte	19
 1126 044a 20       		.byte	32
 1127 044b 03       		.byte	3
 1128 044c 21       		.byte	33
 1129 044d 04       		.byte	4
 1130 044e 22       		.byte	34
 1131 044f 14       		.byte	20
 1132 0450 24       		.byte	36
 1133 0451 08       		.byte	8
 1134 0452 25       		.byte	37
 1135 0453 01       		.byte	1
 1136 0454 27       		.byte	39
 1137 0455 06       		.byte	6
 1138 0456 28       		.byte	40
 1139 0457 02       		.byte	2
 1140 0458 29       		.byte	41
ARM GAS  C:\Users\student\AppData\Local\Temp\ccLgfIla.s 			page 21


 1141 0459 01       		.byte	1
 1142 045a 2A       		.byte	42
 1143 045b 08       		.byte	8
 1144 045c 2B       		.byte	43
 1145 045d 06       		.byte	6
 1146 045e 2D       		.byte	45
 1147 045f 07       		.byte	7
 1148 0460 30       		.byte	48
 1149 0461 10       		.byte	16
 1150 0462 32       		.byte	50
 1151 0463 0F       		.byte	15
 1152 0464 35       		.byte	53
 1153 0465 07       		.byte	7
 1154 0466 3A       		.byte	58
 1155 0467 08       		.byte	8
 1156 0468 3B       		.byte	59
 1157 0469 20       		.byte	32
 1158 046a 3E       		.byte	62
 1159 046b 01       		.byte	1
 1160 046c 40       		.byte	64
 1161 046d 60       		.byte	96
 1162 046e 41       		.byte	65
 1163 046f 01       		.byte	1
 1164 0470 49       		.byte	73
 1165 0471 FF       		.byte	-1
 1166 0472 4A       		.byte	74
 1167 0473 FF       		.byte	-1
 1168 0474 4B       		.byte	75
 1169 0475 FF       		.byte	-1
 1170 0476 4D       		.byte	77
 1171 0477 A0       		.byte	-96
 1172 0478 4F       		.byte	79
 1173 0479 04       		.byte	4
 1174 047a 50       		.byte	80
 1175 047b 18       		.byte	24
 1176 047c 54       		.byte	84
 1177 047d 09       		.byte	9
 1178 047e 58       		.byte	88
 1179 047f 04       		.byte	4
 1180 0480 59       		.byte	89
 1181 0481 04       		.byte	4
 1182 0482 5A       		.byte	90
 1183 0483 04       		.byte	4
 1184 0484 5B       		.byte	91
 1185 0485 04       		.byte	4
 1186 0486 5C       		.byte	92
 1187 0487 11       		.byte	17
 1188 0488 5D       		.byte	93
 1189 0489 12       		.byte	18
 1190 048a 5F       		.byte	95
 1191 048b 01       		.byte	1
 1192 048c 60       		.byte	96
 1193 048d 40       		.byte	64
 1194 048e 62       		.byte	98
 1195 048f C0       		.byte	-64
 1196 0490 64       		.byte	100
 1197 0491 40       		.byte	64
ARM GAS  C:\Users\student\AppData\Local\Temp\ccLgfIla.s 			page 22


 1198 0492 65       		.byte	101
 1199 0493 40       		.byte	64
 1200 0494 66       		.byte	102
 1201 0495 C0       		.byte	-64
 1202 0496 68       		.byte	104
 1203 0497 C0       		.byte	-64
 1204 0498 6A       		.byte	106
 1205 0499 C0       		.byte	-64
 1206 049a 6C       		.byte	108
 1207 049b C0       		.byte	-64
 1208 049c 6E       		.byte	110
 1209 049d C0       		.byte	-64
 1210 049e 92       		.byte	-110
 1211 049f 01       		.byte	1
 1212 04a0 9A       		.byte	-102
 1213 04a1 06       		.byte	6
 1214 04a2 9B       		.byte	-101
 1215 04a3 01       		.byte	1
 1216 04a4 9E       		.byte	-98
 1217 04a5 02       		.byte	2
 1218 04a6 A5       		.byte	-91
 1219 04a7 01       		.byte	1
 1220 04a8 A6       		.byte	-90
 1221 04a9 0C       		.byte	12
 1222 04aa B0       		.byte	-80
 1223 04ab 02       		.byte	2
 1224 04ac B2       		.byte	-78
 1225 04ad 08       		.byte	8
 1226 04ae B4       		.byte	-76
 1227 04af 01       		.byte	1
 1228 04b0 B6       		.byte	-74
 1229 04b1 04       		.byte	4
 1230 04b2 B7       		.byte	-73
 1231 04b3 01       		.byte	1
 1232 04b4 BE       		.byte	-66
 1233 04b5 01       		.byte	1
 1234 04b6 C0       		.byte	-64
 1235 04b7 60       		.byte	96
 1236 04b8 C1       		.byte	-63
 1237 04b9 05       		.byte	5
 1238 04ba C5       		.byte	-59
 1239 04bb D1       		.byte	-47
 1240 04bc C6       		.byte	-58
 1241 04bd 02       		.byte	2
 1242 04be C8       		.byte	-56
 1243 04bf 07       		.byte	7
 1244 04c0 C9       		.byte	-55
 1245 04c1 FF       		.byte	-1
 1246 04c2 CA       		.byte	-54
 1247 04c3 FF       		.byte	-1
 1248 04c4 CB       		.byte	-53
 1249 04c5 FF       		.byte	-1
 1250 04c6 CD       		.byte	-51
 1251 04c7 AF       		.byte	-81
 1252 04c8 CE       		.byte	-50
 1253 04c9 0F       		.byte	15
 1254 04ca CF       		.byte	-49
ARM GAS  C:\Users\student\AppData\Local\Temp\ccLgfIla.s 			page 23


 1255 04cb 04       		.byte	4
 1256 04cc D0       		.byte	-48
 1257 04cd 18       		.byte	24
 1258 04ce D2       		.byte	-46
 1259 04cf 80       		.byte	-128
 1260 04d0 D4       		.byte	-44
 1261 04d1 05       		.byte	5
 1262 04d2 D8       		.byte	-40
 1263 04d3 04       		.byte	4
 1264 04d4 D9       		.byte	-39
 1265 04d5 04       		.byte	4
 1266 04d6 DA       		.byte	-38
 1267 04d7 04       		.byte	4
 1268 04d8 DB       		.byte	-37
 1269 04d9 04       		.byte	4
 1270 04da DC       		.byte	-36
 1271 04db 22       		.byte	34
 1272 04dc DD       		.byte	-35
 1273 04dd 22       		.byte	34
 1274 04de DF       		.byte	-33
 1275 04df 01       		.byte	1
 1276 04e0 E0       		.byte	-32
 1277 04e1 40       		.byte	64
 1278 04e2 E2       		.byte	-30
 1279 04e3 C0       		.byte	-64
 1280 04e4 E4       		.byte	-28
 1281 04e5 40       		.byte	64
 1282 04e6 E5       		.byte	-27
 1283 04e7 40       		.byte	64
 1284 04e8 E6       		.byte	-26
 1285 04e9 C0       		.byte	-64
 1286 04ea E8       		.byte	-24
 1287 04eb C0       		.byte	-64
 1288 04ec EA       		.byte	-22
 1289 04ed C0       		.byte	-64
 1290 04ee EC       		.byte	-20
 1291 04ef C0       		.byte	-64
 1292 04f0 EE       		.byte	-18
 1293 04f1 C0       		.byte	-64
 1294 04f2 04       		.byte	4
 1295 04f3 04       		.byte	4
 1296 04f4 05       		.byte	5
 1297 04f5 20       		.byte	32
 1298 04f6 06       		.byte	6
 1299 04f7 06       		.byte	6
 1300 04f8 07       		.byte	7
 1301 04f9 60       		.byte	96
 1302 04fa 09       		.byte	9
 1303 04fb 82       		.byte	-126
 1304 04fc 0A       		.byte	10
 1305 04fd 08       		.byte	8
 1306 04fe 0C       		.byte	12
 1307 04ff 80       		.byte	-128
 1308 0500 0D       		.byte	13
 1309 0501 48       		.byte	72
 1310 0502 0E       		.byte	14
 1311 0503 04       		.byte	4
ARM GAS  C:\Users\student\AppData\Local\Temp\ccLgfIla.s 			page 24


 1312 0504 10       		.byte	16
 1313 0505 20       		.byte	32
 1314 0506 15       		.byte	21
 1315 0507 14       		.byte	20
 1316 0508 17       		.byte	23
 1317 0509 09       		.byte	9
 1318 050a 18       		.byte	24
 1319 050b 40       		.byte	64
 1320 050c 19       		.byte	25
 1321 050d 98       		.byte	-104
 1322 050e 1A       		.byte	26
 1323 050f 08       		.byte	8
 1324 0510 1D       		.byte	29
 1325 0511 08       		.byte	8
 1326 0512 1E       		.byte	30
 1327 0513 40       		.byte	64
 1328 0514 1F       		.byte	31
 1329 0515 08       		.byte	8
 1330 0516 22       		.byte	34
 1331 0517 40       		.byte	64
 1332 0518 26       		.byte	38
 1333 0519 20       		.byte	32
 1334 051a 27       		.byte	39
 1335 051b 08       		.byte	8
 1336 051c 29       		.byte	41
 1337 051d 08       		.byte	8
 1338 051e 2D       		.byte	45
 1339 051f 04       		.byte	4
 1340 0520 2E       		.byte	46
 1341 0521 02       		.byte	2
 1342 0522 2F       		.byte	47
 1343 0523 0A       		.byte	10
 1344 0524 30       		.byte	48
 1345 0525 20       		.byte	32
 1346 0526 37       		.byte	55
 1347 0527 61       		.byte	97
 1348 0528 3D       		.byte	61
 1349 0529 10       		.byte	16
 1350 052a 3E       		.byte	62
 1351 052b 04       		.byte	4
 1352 052c 45       		.byte	69
 1353 052d 80       		.byte	-128
 1354 052e 48       		.byte	72
 1355 052f 20       		.byte	32
 1356 0530 49       		.byte	73
 1357 0531 11       		.byte	17
 1358 0532 4B       		.byte	75
 1359 0533 80       		.byte	-128
 1360 0534 4E       		.byte	78
 1361 0535 04       		.byte	4
 1362 0536 51       		.byte	81
 1363 0537 80       		.byte	-128
 1364 0538 53       		.byte	83
 1365 0539 40       		.byte	64
 1366 053a 58       		.byte	88
 1367 053b 08       		.byte	8
 1368 053c 59       		.byte	89
ARM GAS  C:\Users\student\AppData\Local\Temp\ccLgfIla.s 			page 25


 1369 053d 01       		.byte	1
 1370 053e 5A       		.byte	90
 1371 053f 80       		.byte	-128
 1372 0540 5D       		.byte	93
 1373 0541 20       		.byte	32
 1374 0542 5E       		.byte	94
 1375 0543 40       		.byte	64
 1376 0544 5F       		.byte	95
 1377 0545 05       		.byte	5
 1378 0546 64       		.byte	100
 1379 0547 02       		.byte	2
 1380 0548 71       		.byte	113
 1381 0549 02       		.byte	2
 1382 054a 7C       		.byte	124
 1383 054b 02       		.byte	2
 1384 054c 7D       		.byte	125
 1385 054d 02       		.byte	2
 1386 054e 85       		.byte	-123
 1387 054f 80       		.byte	-128
 1388 0550 8C       		.byte	-116
 1389 0551 48       		.byte	72
 1390 0552 90       		.byte	-112
 1391 0553 04       		.byte	4
 1392 0554 91       		.byte	-111
 1393 0555 10       		.byte	16
 1394 0556 92       		.byte	-110
 1395 0557 04       		.byte	4
 1396 0558 93       		.byte	-109
 1397 0559 05       		.byte	5
 1398 055a 97       		.byte	-105
 1399 055b 02       		.byte	2
 1400 055c 9A       		.byte	-102
 1401 055d 26       		.byte	38
 1402 055e 9B       		.byte	-101
 1403 055f 41       		.byte	65
 1404 0560 A0       		.byte	-96
 1405 0561 80       		.byte	-128
 1406 0562 A3       		.byte	-93
 1407 0563 03       		.byte	3
 1408 0564 A5       		.byte	-91
 1409 0565 08       		.byte	8
 1410 0566 A6       		.byte	-90
 1411 0567 20       		.byte	32
 1412 0568 AF       		.byte	-81
 1413 0569 01       		.byte	1
 1414 056a B0       		.byte	-80
 1415 056b 80       		.byte	-128
 1416 056c B2       		.byte	-78
 1417 056d 40       		.byte	64
 1418 056e B3       		.byte	-77
 1419 056f 02       		.byte	2
 1420 0570 C0       		.byte	-64
 1421 0571 F0       		.byte	-16
 1422 0572 C2       		.byte	-62
 1423 0573 EB       		.byte	-21
 1424 0574 C4       		.byte	-60
 1425 0575 74       		.byte	116
ARM GAS  C:\Users\student\AppData\Local\Temp\ccLgfIla.s 			page 26


 1426 0576 CA       		.byte	-54
 1427 0577 F2       		.byte	-14
 1428 0578 CC       		.byte	-52
 1429 0579 B4       		.byte	-76
 1430 057a CE       		.byte	-50
 1431 057b 60       		.byte	96
 1432 057c D0       		.byte	-48
 1433 057d 10       		.byte	16
 1434 057e D2       		.byte	-46
 1435 057f 2C       		.byte	44
 1436 0580 D6       		.byte	-42
 1437 0581 FB       		.byte	-5
 1438 0582 D8       		.byte	-40
 1439 0583 10       		.byte	16
 1440 0584 E0       		.byte	-32
 1441 0585 08       		.byte	8
 1442 0586 EC       		.byte	-20
 1443 0587 80       		.byte	-128
 1444 0588 07       		.byte	7
 1445 0589 02       		.byte	2
 1446 058a 0E       		.byte	14
 1447 058b 02       		.byte	2
 1448 058c 0F       		.byte	15
 1449 058d 02       		.byte	2
 1450 058e 1E       		.byte	30
 1451 058f 06       		.byte	6
 1452 0590 1F       		.byte	31
 1453 0591 01       		.byte	1
 1454 0592 29       		.byte	41
 1455 0593 01       		.byte	1
 1456 0594 2E       		.byte	46
 1457 0595 01       		.byte	1
 1458 0596 30       		.byte	48
 1459 0597 01       		.byte	1
 1460 0598 33       		.byte	51
 1461 0599 02       		.byte	2
 1462 059a 34       		.byte	52
 1463 059b 04       		.byte	4
 1464 059c 36       		.byte	54
 1465 059d 02       		.byte	2
 1466 059e 37       		.byte	55
 1467 059f 01       		.byte	1
 1468 05a0 3F       		.byte	63
 1469 05a1 04       		.byte	4
 1470 05a2 40       		.byte	64
 1471 05a3 40       		.byte	64
 1472 05a4 41       		.byte	65
 1473 05a5 06       		.byte	6
 1474 05a6 49       		.byte	73
 1475 05a7 FF       		.byte	-1
 1476 05a8 4A       		.byte	74
 1477 05a9 FF       		.byte	-1
 1478 05aa 4B       		.byte	75
 1479 05ab FF       		.byte	-1
 1480 05ac 4D       		.byte	77
 1481 05ad A0       		.byte	-96
 1482 05ae 4F       		.byte	79
ARM GAS  C:\Users\student\AppData\Local\Temp\ccLgfIla.s 			page 27


 1483 05af 04       		.byte	4
 1484 05b0 50       		.byte	80
 1485 05b1 18       		.byte	24
 1486 05b2 52       		.byte	82
 1487 05b3 80       		.byte	-128
 1488 05b4 54       		.byte	84
 1489 05b5 05       		.byte	5
 1490 05b6 58       		.byte	88
 1491 05b7 04       		.byte	4
 1492 05b8 59       		.byte	89
 1493 05b9 04       		.byte	4
 1494 05ba 5A       		.byte	90
 1495 05bb 04       		.byte	4
 1496 05bc 5B       		.byte	91
 1497 05bd 04       		.byte	4
 1498 05be 5C       		.byte	92
 1499 05bf 33       		.byte	51
 1500 05c0 5D       		.byte	93
 1501 05c1 33       		.byte	51
 1502 05c2 5F       		.byte	95
 1503 05c3 01       		.byte	1
 1504 05c4 60       		.byte	96
 1505 05c5 40       		.byte	64
 1506 05c6 62       		.byte	98
 1507 05c7 C0       		.byte	-64
 1508 05c8 64       		.byte	100
 1509 05c9 40       		.byte	64
 1510 05ca 65       		.byte	101
 1511 05cb 40       		.byte	64
 1512 05cc 66       		.byte	102
 1513 05cd C0       		.byte	-64
 1514 05ce 68       		.byte	104
 1515 05cf C0       		.byte	-64
 1516 05d0 6A       		.byte	106
 1517 05d1 C0       		.byte	-64
 1518 05d2 6C       		.byte	108
 1519 05d3 C0       		.byte	-64
 1520 05d4 6E       		.byte	110
 1521 05d5 C0       		.byte	-64
 1522 05d6 00       		.byte	0
 1523 05d7 40       		.byte	64
 1524 05d8 04       		.byte	4
 1525 05d9 04       		.byte	4
 1526 05da 05       		.byte	5
 1527 05db 80       		.byte	-128
 1528 05dc 06       		.byte	6
 1529 05dd 02       		.byte	2
 1530 05de 07       		.byte	7
 1531 05df 60       		.byte	96
 1532 05e0 09       		.byte	9
 1533 05e1 40       		.byte	64
 1534 05e2 0D       		.byte	13
 1535 05e3 08       		.byte	8
 1536 05e4 0E       		.byte	14
 1537 05e5 44       		.byte	68
 1538 05e6 0F       		.byte	15
 1539 05e7 03       		.byte	3
ARM GAS  C:\Users\student\AppData\Local\Temp\ccLgfIla.s 			page 28


 1540 05e8 10       		.byte	16
 1541 05e9 02       		.byte	2
 1542 05ea 15       		.byte	21
 1543 05eb 90       		.byte	-112
 1544 05ec 17       		.byte	23
 1545 05ed 01       		.byte	1
 1546 05ee 18       		.byte	24
 1547 05ef 40       		.byte	64
 1548 05f0 19       		.byte	25
 1549 05f1 20       		.byte	32
 1550 05f2 1A       		.byte	26
 1551 05f3 02       		.byte	2
 1552 05f4 1D       		.byte	29
 1553 05f5 04       		.byte	4
 1554 05f6 1E       		.byte	30
 1555 05f7 40       		.byte	64
 1556 05f8 1F       		.byte	31
 1557 05f9 01       		.byte	1
 1558 05fa 22       		.byte	34
 1559 05fb 44       		.byte	68
 1560 05fc 25       		.byte	37
 1561 05fd 01       		.byte	1
 1562 05fe 27       		.byte	39
 1563 05ff 08       		.byte	8
 1564 0600 29       		.byte	41
 1565 0601 20       		.byte	32
 1566 0602 2C       		.byte	44
 1567 0603 80       		.byte	-128
 1568 0604 2D       		.byte	45
 1569 0605 80       		.byte	-128
 1570 0606 2F       		.byte	47
 1571 0607 08       		.byte	8
 1572 0608 31       		.byte	49
 1573 0609 80       		.byte	-128
 1574 060a 37       		.byte	55
 1575 060b 69       		.byte	105
 1576 060c 38       		.byte	56
 1577 060d 40       		.byte	64
 1578 060e 3A       		.byte	58
 1579 060f 08       		.byte	8
 1580 0610 3B       		.byte	59
 1581 0611 40       		.byte	64
 1582 0612 3D       		.byte	61
 1583 0613 10       		.byte	16
 1584 0614 3E       		.byte	62
 1585 0615 04       		.byte	4
 1586 0616 40       		.byte	64
 1587 0617 40       		.byte	64
 1588 0618 46       		.byte	70
 1589 0619 08       		.byte	8
 1590 061a 48       		.byte	72
 1591 061b 04       		.byte	4
 1592 061c 4D       		.byte	77
 1593 061d 02       		.byte	2
 1594 061e 4F       		.byte	79
 1595 061f 40       		.byte	64
 1596 0620 54       		.byte	84
ARM GAS  C:\Users\student\AppData\Local\Temp\ccLgfIla.s 			page 29


 1597 0621 04       		.byte	4
 1598 0622 55       		.byte	85
 1599 0623 C0       		.byte	-64
 1600 0624 56       		.byte	86
 1601 0625 08       		.byte	8
 1602 0626 59       		.byte	89
 1603 0627 02       		.byte	2
 1604 0628 5A       		.byte	90
 1605 0629 88       		.byte	-120
 1606 062a 65       		.byte	101
 1607 062b 04       		.byte	4
 1608 062c 66       		.byte	102
 1609 062d 20       		.byte	32
 1610 062e 67       		.byte	103
 1611 062f 01       		.byte	1
 1612 0630 70       		.byte	112
 1613 0631 02       		.byte	2
 1614 0632 86       		.byte	-122
 1615 0633 01       		.byte	1
 1616 0634 90       		.byte	-112
 1617 0635 04       		.byte	4
 1618 0636 91       		.byte	-111
 1619 0637 90       		.byte	-112
 1620 0638 92       		.byte	-110
 1621 0639 04       		.byte	4
 1622 063a 97       		.byte	-105
 1623 063b 02       		.byte	2
 1624 063c 9A       		.byte	-102
 1625 063d 22       		.byte	34
 1626 063e 9B       		.byte	-101
 1627 063f 41       		.byte	65
 1628 0640 A0       		.byte	-96
 1629 0641 80       		.byte	-128
 1630 0642 A1       		.byte	-95
 1631 0643 08       		.byte	8
 1632 0644 A3       		.byte	-93
 1633 0645 09       		.byte	9
 1634 0646 A5       		.byte	-91
 1635 0647 01       		.byte	1
 1636 0648 AF       		.byte	-81
 1637 0649 08       		.byte	8
 1638 064a C0       		.byte	-64
 1639 064b B1       		.byte	-79
 1640 064c C2       		.byte	-62
 1641 064d F1       		.byte	-15
 1642 064e C4       		.byte	-60
 1643 064f D1       		.byte	-47
 1644 0650 CA       		.byte	-54
 1645 0651 B4       		.byte	-76
 1646 0652 CC       		.byte	-52
 1647 0653 F8       		.byte	-8
 1648 0654 CE       		.byte	-50
 1649 0655 6A       		.byte	106
 1650 0656 D0       		.byte	-48
 1651 0657 21       		.byte	33
 1652 0658 D2       		.byte	-46
 1653 0659 14       		.byte	20
ARM GAS  C:\Users\student\AppData\Local\Temp\ccLgfIla.s 			page 30


 1654 065a D6       		.byte	-42
 1655 065b 0B       		.byte	11
 1656 065c D8       		.byte	-40
 1657 065d 70       		.byte	112
 1658 065e E4       		.byte	-28
 1659 065f 02       		.byte	2
 1660 0660 35       		.byte	53
 1661 0661 80       		.byte	-128
 1662 0662 3E       		.byte	62
 1663 0663 40       		.byte	64
 1664 0664 85       		.byte	-123
 1665 0665 80       		.byte	-128
 1666 0666 CC       		.byte	-52
 1667 0667 20       		.byte	32
 1668 0668 CE       		.byte	-50
 1669 0669 20       		.byte	32
 1670 066a E2       		.byte	-30
 1671 066b 10       		.byte	16
 1672 066c 96       		.byte	-106
 1673 066d 40       		.byte	64
 1674 066e 96       		.byte	-106
 1675 066f 40       		.byte	64
 1676 0670 96       		.byte	-106
 1677 0671 40       		.byte	64
 1678 0672 84       		.byte	-124
 1679 0673 04       		.byte	4
 1680 0674 04       		.byte	4
 1681 0675 02       		.byte	2
 1682 0676 51       		.byte	81
 1683 0677 20       		.byte	32
 1684 0678 5B       		.byte	91
 1685 0679 02       		.byte	2
 1686 067a 5C       		.byte	92
 1687 067b 10       		.byte	16
 1688 067c 61       		.byte	97
 1689 067d 20       		.byte	32
 1690 067e 67       		.byte	103
 1691 067f 40       		.byte	64
 1692 0680 9C       		.byte	-100
 1693 0681 04       		.byte	4
 1694 0682 C0       		.byte	-64
 1695 0683 04       		.byte	4
 1696 0684 D4       		.byte	-44
 1697 0685 04       		.byte	4
 1698 0686 D6       		.byte	-42
 1699 0687 06       		.byte	6
 1700 0688 D8       		.byte	-40
 1701 0689 03       		.byte	3
 1702 068a 87       		.byte	-121
 1703 068b 40       		.byte	64
 1704 068c 94       		.byte	-108
 1705 068d 10       		.byte	16
 1706 068e 97       		.byte	-105
 1707 068f 40       		.byte	64
 1708 0690 9C       		.byte	-100
 1709 0691 04       		.byte	4
 1710 0692 A5       		.byte	-91
ARM GAS  C:\Users\student\AppData\Local\Temp\ccLgfIla.s 			page 31


 1711 0693 20       		.byte	32
 1712 0694 B4       		.byte	-76
 1713 0695 01       		.byte	1
 1714 0696 B7       		.byte	-73
 1715 0697 02       		.byte	2
 1716 0698 E8       		.byte	-24
 1717 0699 08       		.byte	8
 1718 069a EA       		.byte	-22
 1719 069b 02       		.byte	2
 1720 069c 0C       		.byte	12
 1721 069d 04       		.byte	4
 1722 069e 8D       		.byte	-115
 1723 069f 20       		.byte	32
 1724 06a0 9C       		.byte	-100
 1725 06a1 04       		.byte	4
 1726 06a2 A5       		.byte	-91
 1727 06a3 20       		.byte	32
 1728 06a4 B4       		.byte	-76
 1729 06a5 10       		.byte	16
 1730 06a6 C2       		.byte	-62
 1731 06a7 04       		.byte	4
 1732 06a8 E4       		.byte	-28
 1733 06a9 02       		.byte	2
 1734 06aa E8       		.byte	-24
 1735 06ab 08       		.byte	8
 1736 06ac 83       		.byte	-125
 1737 06ad 08       		.byte	8
 1738 06ae 96       		.byte	-106
 1739 06af 40       		.byte	64
 1740 06b0 9A       		.byte	-102
 1741 06b1 02       		.byte	2
 1742 06b2 AA       		.byte	-86
 1743 06b3 02       		.byte	2
 1744 06b4 E2       		.byte	-30
 1745 06b5 20       		.byte	32
 1746 06b6 EE       		.byte	-18
 1747 06b7 20       		.byte	32
 1748 06b8 0B       		.byte	11
 1749 06b9 01       		.byte	1
 1750 06ba 1D       		.byte	29
 1751 06bb 20       		.byte	32
 1752 06bc 5F       		.byte	95
 1753 06bd 08       		.byte	8
 1754 06be 66       		.byte	102
 1755 06bf 02       		.byte	2
 1756 06c0 81       		.byte	-127
 1757 06c1 20       		.byte	32
 1758 06c2 82       		.byte	-126
 1759 06c3 40       		.byte	64
 1760 06c4 8F       		.byte	-113
 1761 06c5 01       		.byte	1
 1762 06c6 96       		.byte	-106
 1763 06c7 40       		.byte	64
 1764 06c8 9A       		.byte	-102
 1765 06c9 02       		.byte	2
 1766 06ca 9B       		.byte	-101
 1767 06cb 08       		.byte	8
ARM GAS  C:\Users\student\AppData\Local\Temp\ccLgfIla.s 			page 32


 1768 06cc C2       		.byte	-62
 1769 06cd 40       		.byte	64
 1770 06ce C6       		.byte	-58
 1771 06cf 80       		.byte	-128
 1772 06d0 D6       		.byte	-42
 1773 06d1 80       		.byte	-128
 1774 06d2 D8       		.byte	-40
 1775 06d3 80       		.byte	-128
 1776 06d4 86       		.byte	-122
 1777 06d5 08       		.byte	8
 1778 06d6 52       		.byte	82
 1779 06d7 08       		.byte	8
 1780 06d8 66       		.byte	102
 1781 06d9 08       		.byte	8
 1782 06da 86       		.byte	-122
 1783 06db 08       		.byte	8
 1784 06dc A2       		.byte	-94
 1785 06dd 08       		.byte	8
 1786 06de D4       		.byte	-44
 1787 06df 04       		.byte	4
 1788 06e0 D8       		.byte	-40
 1789 06e1 01       		.byte	1
 1790 06e2 00       		.byte	0
 1791 06e3 03       		.byte	3
 1792 06e4 0A       		.byte	10
 1793 06e5 03       		.byte	3
 1794 06e6 0C       		.byte	12
 1795 06e7 02       		.byte	2
 1796 06e8 10       		.byte	16
 1797 06e9 0F       		.byte	15
 1798 06ea 1A       		.byte	26
 1799 06eb 01       		.byte	1
 1800 06ec 1C       		.byte	28
 1801 06ed 0E       		.byte	14
 1802 06ee 00       		.byte	0
 1803 06ef 09       		.byte	9
 1804 06f0 10       		.byte	16
 1805 06f1 02       		.byte	2
 1806 06f2 00       		.byte	0
 1807 06f3 00       		.byte	0
 1808 06f4 02       		.byte	2
 1809 06f5 02       		.byte	2
 1810 06f6 02       		.byte	2
 1811 06f7 02       		.byte	2
 1812 06f8 02       		.byte	2
 1813 06f9 02       		.byte	2
 1814 06fa 02       		.byte	2
 1815 06fb 00       		.byte	0
 1816 06fc 56       		.byte	86
 1817 06fd 00       		.byte	0
 1818 06fe 09       		.byte	9
 1819 06ff 00       		.byte	0
 1820 0700 04       		.byte	4
 1821 0701 0A       		.byte	10
 1822 0702 00       		.byte	0
 1823 0703 04       		.byte	4
 1824 0704 00       		.byte	0
ARM GAS  C:\Users\student\AppData\Local\Temp\ccLgfIla.s 			page 33


 1825 0705 0C       		.byte	12
 1826 0706 04       		.byte	4
 1827 0707 02       		.byte	2
 1828 0708 07       		.byte	7
 1829 0709 02       		.byte	2
 1830 070a 38       		.byte	56
 1831 070b 0C       		.byte	12
 1832 070c 01       		.byte	1
 1833 070d 0E       		.byte	14
 1834 070e 00       		.byte	0
 1835 070f 00       		.byte	0
 1836 0710 0A       		.byte	10
 1837 0711 01       		.byte	1
 1838 0712 10       		.byte	16
 1839 0713 02       		.byte	2
 1840 0714 04       		.byte	4
 1841 0715 02       		.byte	2
 1842 0716 00       		.byte	0
 1843 0717 00       		.byte	0
 1844 0718 04       		.byte	4
 1845 0719 07       		.byte	7
 1846 071a 00       		.byte	0
 1847 071b 00       		.byte	0
 1848 071c 60       		.byte	96
 1849 071d 0E       		.byte	14
 1850 071e 00       		.byte	0
 1851 071f 00       		.byte	0
 1852 0720 00       		.byte	0
 1853 0721 00       		.byte	0
 1854 0722 00       		.byte	0
 1855 0723 00       		.byte	0
 1856 0724 04       		.byte	4
 1857 0725 04       		.byte	4
 1858 0726 00       		.byte	0
 1859 0727 00       		.byte	0
 1860 0728 04       		.byte	4
 1861 0729 02       		.byte	2
 1862 072a 00       		.byte	0
 1863 072b 05       		.byte	5
 1864 072c 7F       		.byte	127
 1865 072d 00       		.byte	0
 1866 072e 00       		.byte	0
 1867 072f 00       		.byte	0
 1868 0730 00       		.byte	0
 1869 0731 08       		.byte	8
 1870 0732 00       		.byte	0
 1871 0733 07       		.byte	7
 1872 0734 02       		.byte	2
 1873 0735 00       		.byte	0
 1874 0736 00       		.byte	0
 1875 0737 00       		.byte	0
 1876 0738 00       		.byte	0
 1877 0739 00       		.byte	0
 1878 073a 00       		.byte	0
 1879 073b 10       		.byte	16
 1880 073c 34       		.byte	52
 1881 073d 05       		.byte	5
ARM GAS  C:\Users\student\AppData\Local\Temp\ccLgfIla.s 			page 34


 1882 073e 60       		.byte	96
 1883 073f 00       		.byte	0
 1884 0740 02       		.byte	2
 1885 0741 DE       		.byte	-34
 1886 0742 FB       		.byte	-5
 1887 0743 0C       		.byte	12
 1888 0744 1F       		.byte	31
 1889 0745 FF       		.byte	-1
 1890 0746 FF       		.byte	-1
 1891 0747 FF       		.byte	-1
 1892 0748 22       		.byte	34
 1893 0749 00       		.byte	0
 1894 074a F0       		.byte	-16
 1895 074b 08       		.byte	8
 1896 074c 04       		.byte	4
 1897 074d 00       		.byte	0
 1898 074e 00       		.byte	0
 1899 074f 00       		.byte	0
 1900 0750 00       		.byte	0
 1901 0751 00       		.byte	0
 1902 0752 02       		.byte	2
 1903 0753 20       		.byte	32
 1904 0754 04       		.byte	4
 1905 0755 04       		.byte	4
 1906 0756 04       		.byte	4
 1907 0757 04       		.byte	4
 1908 0758 11       		.byte	17
 1909 0759 11       		.byte	17
 1910 075a 00       		.byte	0
 1911 075b 01       		.byte	1
 1912 075c 00       		.byte	0
 1913 075d 00       		.byte	0
 1914 075e C0       		.byte	-64
 1915 075f 00       		.byte	0
 1916 0760 40       		.byte	64
 1917 0761 01       		.byte	1
 1918 0762 10       		.byte	16
 1919 0763 11       		.byte	17
 1920 0764 C0       		.byte	-64
 1921 0765 01       		.byte	1
 1922 0766 00       		.byte	0
 1923 0767 11       		.byte	17
 1924 0768 40       		.byte	64
 1925 0769 01       		.byte	1
 1926 076a 40       		.byte	64
 1927 076b 01       		.byte	1
 1928 076c 00       		.byte	0
 1929 076d 00       		.byte	0
 1930 076e 00       		.byte	0
 1931 076f 00       		.byte	0
 1932 0770 00       		.byte	0
 1933 0771 00       		.byte	0
 1934 0772 00       		.byte	0
 1935 0773 00       		.byte	0
 1936 0774 00       		.byte	0
 1937 0775 00       		.byte	0
 1938 0776 00       		.byte	0
ARM GAS  C:\Users\student\AppData\Local\Temp\ccLgfIla.s 			page 35


 1939 0777 00       		.byte	0
 1940 0778 00       		.byte	0
 1941 0779 00       		.byte	0
 1942 077a 00       		.byte	0
 1943 077b 00       		.byte	0
 1944 077c 01       		.byte	1
 1945 077d 00       		.byte	0
 1946 077e 00       		.byte	0
 1947 077f 00       		.byte	0
 1948 0780 00       		.byte	0
 1949 0781 0D       		.byte	13
 1950 0782 01       		.byte	1
 1951 0783 00       		.byte	0
 1952 0784 00       		.byte	0
 1953 0785 0D       		.byte	13
 1954 0786 00       		.byte	0
 1955 0787 00       		.byte	0
 1956 0788 01       		.byte	1
 1957 0789 00       		.byte	0
 1958 078a 00       		.byte	0
 1959 078b 00       		.byte	0
 1960 078c 04       		.byte	4
 1961 078d 11       		.byte	17
 1962 078e 1A       		.byte	26
 1963 078f 02       		.byte	2
 1964 0790 0A       		.byte	10
 1965 0791 02       		.byte	2
 1966 0792 14       		.byte	20
 1967 0793 0D       		.byte	13
 1968 0794 01       		.byte	1
 1969 0795 0D       		.byte	13
 1970 0796 00       		.byte	0
 1971 0797 00       		.byte	0
 1972 0798 00       		.byte	0
 1973 0799 0D       		.byte	13
 1974 079a 01       		.byte	1
 1975 079b 00       		.byte	0
 1976 079c 06       		.byte	6
 1977 079d 12       		.byte	18
 1978 079e 18       		.byte	24
 1979 079f 08       		.byte	8
 1980 07a0 00       		.byte	0
 1981 07a1 00       		.byte	0
 1982 07a2 00       		.byte	0
 1983 07a3 00       		.byte	0
 1984 07a4 01       		.byte	1
 1985 07a5 12       		.byte	18
 1986 07a6 00       		.byte	0
 1987 07a7 04       		.byte	4
 1988 07a8 12       		.byte	18
 1989 07a9 0D       		.byte	13
 1990 07aa 0C       		.byte	12
 1991 07ab 00       		.byte	0
 1992 07ac 1E       		.byte	30
 1993 07ad 10       		.byte	16
 1994 07ae 01       		.byte	1
 1995 07af 00       		.byte	0
ARM GAS  C:\Users\student\AppData\Local\Temp\ccLgfIla.s 			page 36


 1996 07b0 00       		.byte	0
 1997 07b1 0F       		.byte	15
 1998 07b2 00       		.byte	0
 1999 07b3 00       		.byte	0
 2000 07b4 00       		.byte	0
 2001 07b5 00       		.byte	0
 2002 07b6 02       		.byte	2
 2003 07b7 20       		.byte	32
 2004 07b8 00       		.byte	0
 2005 07b9 00       		.byte	0
 2006 07ba 04       		.byte	4
 2007 07bb 01       		.byte	1
 2008 07bc 50       		.byte	80
 2009 07bd 02       		.byte	2
 2010 07be 00       		.byte	0
 2011 07bf 00       		.byte	0
 2012 07c0 00       		.byte	0
 2013 07c1 D0       		.byte	-48
 2014 07c2 01       		.byte	1
 2015 07c3 02       		.byte	2
 2016 07c4 16       		.byte	22
 2017 07c5 FF       		.byte	-1
 2018 07c6 FF       		.byte	-1
 2019 07c7 FF       		.byte	-1
 2020 07c8 00       		.byte	0
 2021 07c9 AF       		.byte	-81
 2022 07ca 0F       		.byte	15
 2023 07cb 04       		.byte	4
 2024 07cc 18       		.byte	24
 2025 07cd 00       		.byte	0
 2026 07ce 00       		.byte	0
 2027 07cf 00       		.byte	0
 2028 07d0 40       		.byte	64
 2029 07d1 00       		.byte	0
 2030 07d2 00       		.byte	0
 2031 07d3 00       		.byte	0
 2032 07d4 04       		.byte	4
 2033 07d5 04       		.byte	4
 2034 07d6 04       		.byte	4
 2035 07d7 04       		.byte	4
 2036 07d8 11       		.byte	17
 2037 07d9 13       		.byte	19
 2038 07da 00       		.byte	0
 2039 07db 01       		.byte	1
 2040 07dc 40       		.byte	64
 2041 07dd 00       		.byte	0
 2042 07de C0       		.byte	-64
 2043 07df 00       		.byte	0
 2044 07e0 40       		.byte	64
 2045 07e1 40       		.byte	64
 2046 07e2 C0       		.byte	-64
 2047 07e3 00       		.byte	0
 2048 07e4 C0       		.byte	-64
 2049 07e5 00       		.byte	0
 2050 07e6 C0       		.byte	-64
 2051 07e7 00       		.byte	0
 2052 07e8 C0       		.byte	-64
ARM GAS  C:\Users\student\AppData\Local\Temp\ccLgfIla.s 			page 37


 2053 07e9 00       		.byte	0
 2054 07ea C0       		.byte	-64
 2055 07eb 00       		.byte	0
 2056 07ec 00       		.byte	0
 2057 07ed 00       		.byte	0
 2058 07ee 00       		.byte	0
 2059 07ef 00       		.byte	0
 2060 07f0 00       		.byte	0
 2061 07f1 00       		.byte	0
 2062 07f2 00       		.byte	0
 2063 07f3 00       		.byte	0
 2064 07f4 00       		.byte	0
 2065 07f5 00       		.byte	0
 2066 07f6 00       		.byte	0
 2067 07f7 00       		.byte	0
 2068 07f8 00       		.byte	0
 2069 07f9 00       		.byte	0
 2070 07fa 00       		.byte	0
 2071 07fb 00       		.byte	0
 2072 07fc 40       		.byte	64
 2073 07fd 00       		.byte	0
 2074 07fe 00       		.byte	0
 2075 07ff 00       		.byte	0
 2076 0800 00       		.byte	0
 2077 0801 00       		.byte	0
 2078 0802 00       		.byte	0
 2079 0803 00       		.byte	0
 2080 0804 C0       		.byte	-64
 2081 0805 00       		.byte	0
 2082 0806 00       		.byte	0
 2083 0807 00       		.byte	0
 2084 0808 00       		.byte	0
 2085 0809 00       		.byte	0
 2086 080a 00       		.byte	0
 2087 080b 00       		.byte	0
 2088 080c 00       		.byte	0
 2089 080d 00       		.byte	0
 2090 080e 80       		.byte	-128
 2091 080f 00       		.byte	0
 2092 0810 02       		.byte	2
 2093 0811 FC       		.byte	-4
 2094 0812 FC       		.byte	-4
 2095 0813 00       		.byte	0
 2096 0814 DC       		.byte	-36
 2097 0815 00       		.byte	0
 2098 0816 00       		.byte	0
 2099 0817 00       		.byte	0
 2100 0818 40       		.byte	64
 2101 0819 B0       		.byte	-80
 2102 081a B0       		.byte	-80
 2103 081b 00       		.byte	0
 2104 081c A0       		.byte	-96
 2105 081d 00       		.byte	0
 2106 081e 00       		.byte	0
 2107 081f 00       		.byte	0
 2108 0820 7F       		.byte	127
 2109 0821 00       		.byte	0
ARM GAS  C:\Users\student\AppData\Local\Temp\ccLgfIla.s 			page 38


 2110 0822 00       		.byte	0
 2111 0823 00       		.byte	0
 2112 0824 00       		.byte	0
 2113 0825 00       		.byte	0
 2114 0826 00       		.byte	0
 2115 0827 00       		.byte	0
 2116 0828 30       		.byte	48
 2117 0829 4F       		.byte	79
 2118 082a 4F       		.byte	79
 2119 082b 00       		.byte	0
 2120 082c 41       		.byte	65
 2121 082d 00       		.byte	0
 2122 082e 00       		.byte	0
 2123 082f 00       		.byte	0
 2124              		.section	.cywolatch,"a",%progbits
 2125              		.align	2
 2126              		.type	cy_meta_wonvl, %object
 2127              		.size	cy_meta_wonvl, 4
 2128              	cy_meta_wonvl:
 2129 0000 BC       		.byte	-68
 2130 0001 90       		.byte	-112
 2131 0002 AC       		.byte	-84
 2132 0003 AF       		.byte	-81
 2133              		.section	.cycustnvl,"a",%progbits
 2134              		.align	2
 2135              		.type	cy_meta_custnvl, %object
 2136              		.size	cy_meta_custnvl, 4
 2137              	cy_meta_custnvl:
 2138 0000 00       		.byte	0
 2139 0001 00       		.byte	0
 2140 0002 40       		.byte	64
 2141 0003 05       		.byte	5
 2142              		.section	.cymeta,"a",%progbits
 2143              		.align	2
 2144              		.type	cy_metadata, %object
 2145              		.size	cy_metadata, 12
 2146              	cy_metadata:
 2147 0000 00       		.byte	0
 2148 0001 01       		.byte	1
 2149 0002 2E       		.byte	46
 2150 0003 12       		.byte	18
 2151 0004 30       		.byte	48
 2152 0005 69       		.byte	105
 2153 0006 00       		.byte	0
 2154 0007 01       		.byte	1
 2155 0008 00       		.byte	0
 2156 0009 00       		.byte	0
 2157 000a 00       		.byte	0
 2158 000b 00       		.byte	0
 2159              		.section	.cyflashprotect,"a",%progbits
 2160              		.align	2
 2161              		.type	cy_meta_flashprotect, %object
 2162              		.size	cy_meta_flashprotect, 256
 2163              	cy_meta_flashprotect:
 2164 0000 00000000 		.space	256
 2164      00000000 
 2164      00000000 
ARM GAS  C:\Users\student\AppData\Local\Temp\ccLgfIla.s 			page 39


 2164      00000000 
 2164      00000000 
 2165              		.text
 2166              	.Letext0:
 2167              		.file 1 ".\\Generated_Source\\PSoC5\\cymetadata.c"
 2168              		.file 2 ".\\Generated_Source\\PSoC5\\cytypes.h"
 2169              		.section	.debug_info,"",%progbits
 2170              	.Ldebug_info0:
 2171 0000 3B010000 		.4byte	0x13b
 2172 0004 0400     		.2byte	0x4
 2173 0006 00000000 		.4byte	.Ldebug_abbrev0
 2174 000a 04       		.byte	0x4
 2175 000b 01       		.uleb128 0x1
 2176 000c 2C000000 		.4byte	.LASF18
 2177 0010 01       		.byte	0x1
 2178 0011 C5000000 		.4byte	.LASF19
 2179 0015 00000000 		.4byte	.LASF20
 2180 0019 00000000 		.4byte	.Ldebug_line0
 2181 001d 02       		.uleb128 0x2
 2182 001e 01       		.byte	0x1
 2183 001f 06       		.byte	0x6
 2184 0020 D5010000 		.4byte	.LASF0
 2185 0024 02       		.uleb128 0x2
 2186 0025 01       		.byte	0x1
 2187 0026 08       		.byte	0x8
 2188 0027 FD000000 		.4byte	.LASF1
 2189 002b 02       		.uleb128 0x2
 2190 002c 02       		.byte	0x2
 2191 002d 05       		.byte	0x5
 2192 002e BC010000 		.4byte	.LASF2
 2193 0032 02       		.uleb128 0x2
 2194 0033 02       		.byte	0x2
 2195 0034 07       		.byte	0x7
 2196 0035 1D010000 		.4byte	.LASF3
 2197 0039 02       		.uleb128 0x2
 2198 003a 04       		.byte	0x4
 2199 003b 05       		.byte	0x5
 2200 003c CC010000 		.4byte	.LASF4
 2201 0040 02       		.uleb128 0x2
 2202 0041 04       		.byte	0x4
 2203 0042 07       		.byte	0x7
 2204 0043 0B010000 		.4byte	.LASF5
 2205 0047 02       		.uleb128 0x2
 2206 0048 08       		.byte	0x8
 2207 0049 05       		.byte	0x5
 2208 004a A9010000 		.4byte	.LASF6
 2209 004e 02       		.uleb128 0x2
 2210 004f 08       		.byte	0x8
 2211 0050 07       		.byte	0x7
 2212 0051 66010000 		.4byte	.LASF7
 2213 0055 03       		.uleb128 0x3
 2214 0056 04       		.byte	0x4
 2215 0057 05       		.byte	0x5
 2216 0058 696E7400 		.ascii	"int\000"
 2217 005c 02       		.uleb128 0x2
 2218 005d 04       		.byte	0x4
 2219 005e 07       		.byte	0x7
ARM GAS  C:\Users\student\AppData\Local\Temp\ccLgfIla.s 			page 40


 2220 005f 59010000 		.4byte	.LASF8
 2221 0063 04       		.uleb128 0x4
 2222 0064 C6010000 		.4byte	.LASF21
 2223 0068 02       		.byte	0x2
 2224 0069 9201     		.2byte	0x192
 2225 006b 24000000 		.4byte	0x24
 2226 006f 02       		.uleb128 0x2
 2227 0070 04       		.byte	0x4
 2228 0071 04       		.byte	0x4
 2229 0072 F7000000 		.4byte	.LASF9
 2230 0076 02       		.uleb128 0x2
 2231 0077 08       		.byte	0x8
 2232 0078 04       		.byte	0x4
 2233 0079 30010000 		.4byte	.LASF10
 2234 007d 02       		.uleb128 0x2
 2235 007e 01       		.byte	0x1
 2236 007f 08       		.byte	0x8
 2237 0080 B7010000 		.4byte	.LASF11
 2238 0084 05       		.uleb128 0x5
 2239 0085 63000000 		.4byte	0x63
 2240 0089 95000000 		.4byte	0x95
 2241 008d 06       		.uleb128 0x6
 2242 008e 95000000 		.4byte	0x95
 2243 0092 2F08     		.2byte	0x82f
 2244 0094 00       		.byte	0
 2245 0095 02       		.uleb128 0x2
 2246 0096 04       		.byte	0x4
 2247 0097 07       		.byte	0x7
 2248 0098 A0010000 		.4byte	.LASF12
 2249 009c 07       		.uleb128 0x7
 2250 009d 47010000 		.4byte	.LASF13
 2251 00a1 01       		.byte	0x1
 2252 00a2 1F       		.byte	0x1f
 2253 00a3 AD000000 		.4byte	0xad
 2254 00a7 05       		.uleb128 0x5
 2255 00a8 03       		.byte	0x3
 2256 00a9 00000000 		.4byte	cy_meta_configecc
 2257 00ad 08       		.uleb128 0x8
 2258 00ae 84000000 		.4byte	0x84
 2259 00b2 05       		.uleb128 0x5
 2260 00b3 63000000 		.4byte	0x63
 2261 00b7 C2000000 		.4byte	0xc2
 2262 00bb 09       		.uleb128 0x9
 2263 00bc 95000000 		.4byte	0x95
 2264 00c0 03       		.byte	0x3
 2265 00c1 00       		.byte	0
 2266 00c2 0A       		.uleb128 0xa
 2267 00c3 37010000 		.4byte	.LASF14
 2268 00c7 01       		.byte	0x1
 2269 00c8 3201     		.2byte	0x132
 2270 00ca D4000000 		.4byte	0xd4
 2271 00ce 05       		.uleb128 0x5
 2272 00cf 03       		.byte	0x3
 2273 00d0 00000000 		.4byte	cy_meta_custnvl
 2274 00d4 08       		.uleb128 0x8
 2275 00d5 B2000000 		.4byte	0xb2
 2276 00d9 0A       		.uleb128 0xa
ARM GAS  C:\Users\student\AppData\Local\Temp\ccLgfIla.s 			page 41


 2277 00da 92010000 		.4byte	.LASF15
 2278 00de 01       		.byte	0x1
 2279 00df 4001     		.2byte	0x140
 2280 00e1 EB000000 		.4byte	0xeb
 2281 00e5 05       		.uleb128 0x5
 2282 00e6 03       		.byte	0x3
 2283 00e7 00000000 		.4byte	cy_meta_wonvl
 2284 00eb 08       		.uleb128 0x8
 2285 00ec B2000000 		.4byte	0xb2
 2286 00f0 05       		.uleb128 0x5
 2287 00f1 63000000 		.4byte	0x63
 2288 00f5 00010000 		.4byte	0x100
 2289 00f9 09       		.uleb128 0x9
 2290 00fa 95000000 		.4byte	0x95
 2291 00fe FF       		.byte	0xff
 2292 00ff 00       		.byte	0
 2293 0100 0A       		.uleb128 0xa
 2294 0101 7D010000 		.4byte	.LASF16
 2295 0105 01       		.byte	0x1
 2296 0106 4E01     		.2byte	0x14e
 2297 0108 12010000 		.4byte	0x112
 2298 010c 05       		.uleb128 0x5
 2299 010d 03       		.byte	0x3
 2300 010e 00000000 		.4byte	cy_meta_flashprotect
 2301 0112 08       		.uleb128 0x8
 2302 0113 F0000000 		.4byte	0xf0
 2303 0117 05       		.uleb128 0x5
 2304 0118 63000000 		.4byte	0x63
 2305 011c 27010000 		.4byte	0x127
 2306 0120 09       		.uleb128 0x9
 2307 0121 95000000 		.4byte	0x95
 2308 0125 0B       		.byte	0xb
 2309 0126 00       		.byte	0
 2310 0127 0A       		.uleb128 0xa
 2311 0128 EB000000 		.4byte	.LASF17
 2312 012c 01       		.byte	0x1
 2313 012d 7B01     		.2byte	0x17b
 2314 012f 39010000 		.4byte	0x139
 2315 0133 05       		.uleb128 0x5
 2316 0134 03       		.byte	0x3
 2317 0135 00000000 		.4byte	cy_metadata
 2318 0139 08       		.uleb128 0x8
 2319 013a 17010000 		.4byte	0x117
 2320 013e 00       		.byte	0
 2321              		.section	.debug_abbrev,"",%progbits
 2322              	.Ldebug_abbrev0:
 2323 0000 01       		.uleb128 0x1
 2324 0001 11       		.uleb128 0x11
 2325 0002 01       		.byte	0x1
 2326 0003 25       		.uleb128 0x25
 2327 0004 0E       		.uleb128 0xe
 2328 0005 13       		.uleb128 0x13
 2329 0006 0B       		.uleb128 0xb
 2330 0007 03       		.uleb128 0x3
 2331 0008 0E       		.uleb128 0xe
 2332 0009 1B       		.uleb128 0x1b
 2333 000a 0E       		.uleb128 0xe
ARM GAS  C:\Users\student\AppData\Local\Temp\ccLgfIla.s 			page 42


 2334 000b 10       		.uleb128 0x10
 2335 000c 17       		.uleb128 0x17
 2336 000d 00       		.byte	0
 2337 000e 00       		.byte	0
 2338 000f 02       		.uleb128 0x2
 2339 0010 24       		.uleb128 0x24
 2340 0011 00       		.byte	0
 2341 0012 0B       		.uleb128 0xb
 2342 0013 0B       		.uleb128 0xb
 2343 0014 3E       		.uleb128 0x3e
 2344 0015 0B       		.uleb128 0xb
 2345 0016 03       		.uleb128 0x3
 2346 0017 0E       		.uleb128 0xe
 2347 0018 00       		.byte	0
 2348 0019 00       		.byte	0
 2349 001a 03       		.uleb128 0x3
 2350 001b 24       		.uleb128 0x24
 2351 001c 00       		.byte	0
 2352 001d 0B       		.uleb128 0xb
 2353 001e 0B       		.uleb128 0xb
 2354 001f 3E       		.uleb128 0x3e
 2355 0020 0B       		.uleb128 0xb
 2356 0021 03       		.uleb128 0x3
 2357 0022 08       		.uleb128 0x8
 2358 0023 00       		.byte	0
 2359 0024 00       		.byte	0
 2360 0025 04       		.uleb128 0x4
 2361 0026 16       		.uleb128 0x16
 2362 0027 00       		.byte	0
 2363 0028 03       		.uleb128 0x3
 2364 0029 0E       		.uleb128 0xe
 2365 002a 3A       		.uleb128 0x3a
 2366 002b 0B       		.uleb128 0xb
 2367 002c 3B       		.uleb128 0x3b
 2368 002d 05       		.uleb128 0x5
 2369 002e 49       		.uleb128 0x49
 2370 002f 13       		.uleb128 0x13
 2371 0030 00       		.byte	0
 2372 0031 00       		.byte	0
 2373 0032 05       		.uleb128 0x5
 2374 0033 01       		.uleb128 0x1
 2375 0034 01       		.byte	0x1
 2376 0035 49       		.uleb128 0x49
 2377 0036 13       		.uleb128 0x13
 2378 0037 01       		.uleb128 0x1
 2379 0038 13       		.uleb128 0x13
 2380 0039 00       		.byte	0
 2381 003a 00       		.byte	0
 2382 003b 06       		.uleb128 0x6
 2383 003c 21       		.uleb128 0x21
 2384 003d 00       		.byte	0
 2385 003e 49       		.uleb128 0x49
 2386 003f 13       		.uleb128 0x13
 2387 0040 2F       		.uleb128 0x2f
 2388 0041 05       		.uleb128 0x5
 2389 0042 00       		.byte	0
 2390 0043 00       		.byte	0
ARM GAS  C:\Users\student\AppData\Local\Temp\ccLgfIla.s 			page 43


 2391 0044 07       		.uleb128 0x7
 2392 0045 34       		.uleb128 0x34
 2393 0046 00       		.byte	0
 2394 0047 03       		.uleb128 0x3
 2395 0048 0E       		.uleb128 0xe
 2396 0049 3A       		.uleb128 0x3a
 2397 004a 0B       		.uleb128 0xb
 2398 004b 3B       		.uleb128 0x3b
 2399 004c 0B       		.uleb128 0xb
 2400 004d 49       		.uleb128 0x49
 2401 004e 13       		.uleb128 0x13
 2402 004f 3F       		.uleb128 0x3f
 2403 0050 19       		.uleb128 0x19
 2404 0051 02       		.uleb128 0x2
 2405 0052 18       		.uleb128 0x18
 2406 0053 00       		.byte	0
 2407 0054 00       		.byte	0
 2408 0055 08       		.uleb128 0x8
 2409 0056 26       		.uleb128 0x26
 2410 0057 00       		.byte	0
 2411 0058 49       		.uleb128 0x49
 2412 0059 13       		.uleb128 0x13
 2413 005a 00       		.byte	0
 2414 005b 00       		.byte	0
 2415 005c 09       		.uleb128 0x9
 2416 005d 21       		.uleb128 0x21
 2417 005e 00       		.byte	0
 2418 005f 49       		.uleb128 0x49
 2419 0060 13       		.uleb128 0x13
 2420 0061 2F       		.uleb128 0x2f
 2421 0062 0B       		.uleb128 0xb
 2422 0063 00       		.byte	0
 2423 0064 00       		.byte	0
 2424 0065 0A       		.uleb128 0xa
 2425 0066 34       		.uleb128 0x34
 2426 0067 00       		.byte	0
 2427 0068 03       		.uleb128 0x3
 2428 0069 0E       		.uleb128 0xe
 2429 006a 3A       		.uleb128 0x3a
 2430 006b 0B       		.uleb128 0xb
 2431 006c 3B       		.uleb128 0x3b
 2432 006d 05       		.uleb128 0x5
 2433 006e 49       		.uleb128 0x49
 2434 006f 13       		.uleb128 0x13
 2435 0070 3F       		.uleb128 0x3f
 2436 0071 19       		.uleb128 0x19
 2437 0072 02       		.uleb128 0x2
 2438 0073 18       		.uleb128 0x18
 2439 0074 00       		.byte	0
 2440 0075 00       		.byte	0
 2441 0076 00       		.byte	0
 2442              		.section	.debug_aranges,"",%progbits
 2443 0000 14000000 		.4byte	0x14
 2444 0004 0200     		.2byte	0x2
 2445 0006 00000000 		.4byte	.Ldebug_info0
 2446 000a 04       		.byte	0x4
 2447 000b 00       		.byte	0
ARM GAS  C:\Users\student\AppData\Local\Temp\ccLgfIla.s 			page 44


 2448 000c 0000     		.2byte	0
 2449 000e 0000     		.2byte	0
 2450 0010 00000000 		.4byte	0
 2451 0014 00000000 		.4byte	0
 2452              		.section	.debug_line,"",%progbits
 2453              	.Ldebug_line0:
 2454 0000 4F000000 		.section	.debug_str,"MS",%progbits,1
 2454      02004900 
 2454      00000201 
 2454      FB0E0D00 
 2454      01010101 
 2455              	.LASF20:
 2456 0000 443A5C72 		.ascii	"D:\\rbeattie_final_project\\ConnectFour.cydsn\000"
 2456      62656174 
 2456      7469655F 
 2456      66696E61 
 2456      6C5F7072 
 2457              	.LASF18:
 2458 002c 474E5520 		.ascii	"GNU C 4.9.3 20150303 (release) [ARM/embedded-4_9-br"
 2458      4320342E 
 2458      392E3320 
 2458      32303135 
 2458      30333033 
 2459 005f 616E6368 		.ascii	"anch revision 221220] -mcpu=cortex-m3 -mthumb -g -O"
 2459      20726576 
 2459      6973696F 
 2459      6E203232 
 2459      31323230 
 2460 0092 67202D73 		.ascii	"g -std=gnu11 -ffunction-sections -ffat-lto-objects\000"
 2460      74643D67 
 2460      6E753131 
 2460      202D6666 
 2460      756E6374 
 2461              	.LASF19:
 2462 00c5 2E5C4765 		.ascii	".\\Generated_Source\\PSoC5\\cymetadata.c\000"
 2462      6E657261 
 2462      7465645F 
 2462      536F7572 
 2462      63655C50 
 2463              	.LASF17:
 2464 00eb 63795F6D 		.ascii	"cy_metadata\000"
 2464      65746164 
 2464      61746100 
 2465              	.LASF9:
 2466 00f7 666C6F61 		.ascii	"float\000"
 2466      7400
 2467              	.LASF1:
 2468 00fd 756E7369 		.ascii	"unsigned char\000"
 2468      676E6564 
 2468      20636861 
 2468      7200
 2469              	.LASF5:
 2470 010b 6C6F6E67 		.ascii	"long unsigned int\000"
 2470      20756E73 
 2470      69676E65 
 2470      6420696E 
 2470      7400
ARM GAS  C:\Users\student\AppData\Local\Temp\ccLgfIla.s 			page 45


 2471              	.LASF3:
 2472 011d 73686F72 		.ascii	"short unsigned int\000"
 2472      7420756E 
 2472      7369676E 
 2472      65642069 
 2472      6E7400
 2473              	.LASF10:
 2474 0130 646F7562 		.ascii	"double\000"
 2474      6C6500
 2475              	.LASF14:
 2476 0137 63795F6D 		.ascii	"cy_meta_custnvl\000"
 2476      6574615F 
 2476      63757374 
 2476      6E766C00 
 2477              	.LASF13:
 2478 0147 63795F6D 		.ascii	"cy_meta_configecc\000"
 2478      6574615F 
 2478      636F6E66 
 2478      69676563 
 2478      6300
 2479              	.LASF8:
 2480 0159 756E7369 		.ascii	"unsigned int\000"
 2480      676E6564 
 2480      20696E74 
 2480      00
 2481              	.LASF7:
 2482 0166 6C6F6E67 		.ascii	"long long unsigned int\000"
 2482      206C6F6E 
 2482      6720756E 
 2482      7369676E 
 2482      65642069 
 2483              	.LASF16:
 2484 017d 63795F6D 		.ascii	"cy_meta_flashprotect\000"
 2484      6574615F 
 2484      666C6173 
 2484      6870726F 
 2484      74656374 
 2485              	.LASF15:
 2486 0192 63795F6D 		.ascii	"cy_meta_wonvl\000"
 2486      6574615F 
 2486      776F6E76 
 2486      6C00
 2487              	.LASF12:
 2488 01a0 73697A65 		.ascii	"sizetype\000"
 2488      74797065 
 2488      00
 2489              	.LASF6:
 2490 01a9 6C6F6E67 		.ascii	"long long int\000"
 2490      206C6F6E 
 2490      6720696E 
 2490      7400
 2491              	.LASF11:
 2492 01b7 63686172 		.ascii	"char\000"
 2492      00
 2493              	.LASF2:
 2494 01bc 73686F72 		.ascii	"short int\000"
 2494      7420696E 
ARM GAS  C:\Users\student\AppData\Local\Temp\ccLgfIla.s 			page 46


 2494      7400
 2495              	.LASF21:
 2496 01c6 75696E74 		.ascii	"uint8\000"
 2496      3800
 2497              	.LASF4:
 2498 01cc 6C6F6E67 		.ascii	"long int\000"
 2498      20696E74 
 2498      00
 2499              	.LASF0:
 2500 01d5 7369676E 		.ascii	"signed char\000"
 2500      65642063 
 2500      68617200 
 2501              		.ident	"GCC: (GNU Tools for ARM Embedded Processors) 4.9.3 20150303 (release) [ARM/embedded-4_9-br
