ARM GAS  C:\Users\student\AppData\Local\Temp\ccYgCCMt.s 			page 1


   1              		.syntax unified
   2              		.cpu cortex-m3
   3              		.fpu softvfp
   4              		.eabi_attribute 20, 1
   5              		.eabi_attribute 21, 1
   6              		.eabi_attribute 23, 3
   7              		.eabi_attribute 24, 1
   8              		.eabi_attribute 25, 1
   9              		.eabi_attribute 26, 1
  10              		.eabi_attribute 30, 1
  11              		.eabi_attribute 34, 1
  12              		.eabi_attribute 18, 4
  13              		.thumb
  14              		.file	"GUI_X.c"
  15              		.text
  16              	.Ltext0:
  17              		.cfi_sections	.debug_frame
  18              		.section	.text.GUI_X_Systick_Intr,"ax",%progbits
  19              		.align	2
  20              		.global	GUI_X_Systick_Intr
  21              		.thumb
  22              		.thumb_func
  23              		.type	GUI_X_Systick_Intr, %function
  24              	GUI_X_Systick_Intr:
  25              	.LFB70:
  26              		.file 1 ".\\GUI_X.c"
   1:.\GUI_X.c     **** /*********************************************************************
   2:.\GUI_X.c     **** *                SEGGER Microcontroller GmbH & Co. KG                *
   3:.\GUI_X.c     **** *        Solutions for real time microcontroller applications        *
   4:.\GUI_X.c     **** **********************************************************************
   5:.\GUI_X.c     **** *                                                                    *
   6:.\GUI_X.c     **** *        (c) 1996 - 2017  SEGGER Microcontroller GmbH & Co. KG       *
   7:.\GUI_X.c     **** *                                                                    *
   8:.\GUI_X.c     **** *        Internet: www.segger.com    Support:  support@segger.com    *
   9:.\GUI_X.c     **** *                                                                    *
  10:.\GUI_X.c     **** **********************************************************************
  11:.\GUI_X.c     **** 
  12:.\GUI_X.c     **** ** emWin V5.46 - Graphical user interface for embedded applications **
  13:.\GUI_X.c     **** All  Intellectual Property rights  in the Software belongs to  SEGGER.
  14:.\GUI_X.c     **** emWin is protected by  international copyright laws.  Knowledge of the
  15:.\GUI_X.c     **** source code may not be used to write a similar product.  This file may
  16:.\GUI_X.c     **** only be used in accordance with the following terms:
  17:.\GUI_X.c     **** 
  18:.\GUI_X.c     **** The software  has been licensed to  Cypress Semiconductor Corporation,
  19:.\GUI_X.c     **** whose registered  office is situated  at 198 Champion Ct. San Jose, CA 
  20:.\GUI_X.c     **** 95134 USA  solely for the  purposes of creating  libraries for Cypress
  21:.\GUI_X.c     **** PSoC3 and  PSoC5 processor-based devices,  sublicensed and distributed
  22:.\GUI_X.c     **** under  the  terms  and  conditions  of  the  Cypress  End User License
  23:.\GUI_X.c     **** Agreement.
  24:.\GUI_X.c     **** Full source code is available at: www.segger.com
  25:.\GUI_X.c     **** 
  26:.\GUI_X.c     **** We appreciate your understanding and fairness.
  27:.\GUI_X.c     **** ----------------------------------------------------------------------
  28:.\GUI_X.c     **** Licensing information
  29:.\GUI_X.c     **** Licensor:                 SEGGER Microcontroller Systems LLC
  30:.\GUI_X.c     **** Licensed to:              Cypress Semiconductor Corp, 198 Champion Ct., San Jose, CA 95134, USA
  31:.\GUI_X.c     **** Licensed SEGGER software: emWin
ARM GAS  C:\Users\student\AppData\Local\Temp\ccYgCCMt.s 			page 2


  32:.\GUI_X.c     **** License number:           GUI-00319
  33:.\GUI_X.c     **** License model:            Services and License Agreement, signed June 10th, 2009
  34:.\GUI_X.c     **** Licensed platform:        Any Cypress platform (Initial targets are: PSoC3, PSoC5)
  35:.\GUI_X.c     **** ----------------------------------------------------------------------
  36:.\GUI_X.c     **** Support and Update Agreement (SUA)
  37:.\GUI_X.c     **** SUA period:               2009-06-12 - 2022-07-27
  38:.\GUI_X.c     **** Contact to extend SUA:    sales@segger.com
  39:.\GUI_X.c     **** ----------------------------------------------------------------------
  40:.\GUI_X.c     **** File        : GUI_X.C
  41:.\GUI_X.c     **** Purpose     : Config / System dependent externals for GUI
  42:.\GUI_X.c     **** ---------------------------END-OF-HEADER------------------------------
  43:.\GUI_X.c     **** */
  44:.\GUI_X.c     **** 
  45:.\GUI_X.c     **** #include "GUI.h"
  46:.\GUI_X.c     **** 
  47:.\GUI_X.c     **** #include "project.h"
  48:.\GUI_X.c     **** 
  49:.\GUI_X.c     **** /*********************************************************************
  50:.\GUI_X.c     **** *
  51:.\GUI_X.c     **** *       Function Prototypes
  52:.\GUI_X.c     **** */
  53:.\GUI_X.c     **** void GUI_X_Systick_Init(void);
  54:.\GUI_X.c     **** 
  55:.\GUI_X.c     **** /*********************************************************************
  56:.\GUI_X.c     **** *
  57:.\GUI_X.c     **** *       Global data
  58:.\GUI_X.c     **** */
  59:.\GUI_X.c     **** volatile GUI_TIMER_TIME OS_TimeMS;
  60:.\GUI_X.c     **** 
  61:.\GUI_X.c     **** /*********************************************************************
  62:.\GUI_X.c     **** *
  63:.\GUI_X.c     **** *      Timing:
  64:.\GUI_X.c     **** *                 GUI_X_GetTime()
  65:.\GUI_X.c     **** *                 GUI_X_Delay(int)
  66:.\GUI_X.c     **** *
  67:.\GUI_X.c     **** *   Some timing dependent routines require a GetTime
  68:.\GUI_X.c     **** *   and delay function. Default time unit (tick), normally is
  69:.\GUI_X.c     **** *   1 ms.
  70:.\GUI_X.c     **** */
  71:.\GUI_X.c     **** 
  72:.\GUI_X.c     **** GUI_TIMER_TIME GUI_X_GetTime(void) { 
  73:.\GUI_X.c     ****   return OS_TimeMS; 
  74:.\GUI_X.c     **** }
  75:.\GUI_X.c     **** 
  76:.\GUI_X.c     **** void GUI_X_Delay(int ms) { 
  77:.\GUI_X.c     ****   int tEnd = OS_TimeMS + ms;
  78:.\GUI_X.c     ****   while ((tEnd - OS_TimeMS) > 0);
  79:.\GUI_X.c     **** }
  80:.\GUI_X.c     **** 
  81:.\GUI_X.c     **** /*********************************************************************
  82:.\GUI_X.c     **** *
  83:.\GUI_X.c     **** *       GUI_X_Init()
  84:.\GUI_X.c     **** *
  85:.\GUI_X.c     **** * Note:
  86:.\GUI_X.c     **** *     GUI_X_Init() is called from GUI_Init is a possibility to init
  87:.\GUI_X.c     **** *     some hardware which needs to be up and running before the GUI.
  88:.\GUI_X.c     **** */
ARM GAS  C:\Users\student\AppData\Local\Temp\ccYgCCMt.s 			page 3


  89:.\GUI_X.c     **** void GUI_X_Init(void) {
  90:.\GUI_X.c     ****   GUI_X_Systick_Init();
  91:.\GUI_X.c     **** }
  92:.\GUI_X.c     **** 
  93:.\GUI_X.c     **** 
  94:.\GUI_X.c     **** /*********************************************************************
  95:.\GUI_X.c     **** *
  96:.\GUI_X.c     **** *       GUI_X_ExecIdle
  97:.\GUI_X.c     **** *
  98:.\GUI_X.c     **** * Note:
  99:.\GUI_X.c     **** *  Called if WM is in idle state
 100:.\GUI_X.c     **** */
 101:.\GUI_X.c     **** void GUI_X_ExecIdle(void) {}
 102:.\GUI_X.c     **** 
 103:.\GUI_X.c     **** /*********************************************************************
 104:.\GUI_X.c     **** *
 105:.\GUI_X.c     **** *      Logging: OS dependent
 106:.\GUI_X.c     **** 
 107:.\GUI_X.c     **** Note:
 108:.\GUI_X.c     ****   Logging is used in higher debug levels only. The typical target
 109:.\GUI_X.c     ****   build does not use logging and does therefor not require any of
 110:.\GUI_X.c     ****   the logging routines below. For a release build without logging
 111:.\GUI_X.c     ****   the routines below may be eliminated to save some space.
 112:.\GUI_X.c     ****   (If the linker is not function aware and eliminates unreferenced
 113:.\GUI_X.c     ****   functions automatically)
 114:.\GUI_X.c     **** 
 115:.\GUI_X.c     **** */
 116:.\GUI_X.c     **** 
 117:.\GUI_X.c     **** void GUI_X_Log     (const char *s) { GUI_USE_PARA(s); }
 118:.\GUI_X.c     **** void GUI_X_Warn    (const char *s) { GUI_USE_PARA(s); }
 119:.\GUI_X.c     **** void GUI_X_ErrorOut(const char *s) { GUI_USE_PARA(s); }
 120:.\GUI_X.c     **** 
 121:.\GUI_X.c     **** /*********************************************************************
 122:.\GUI_X.c     **** *
 123:.\GUI_X.c     **** *         Setup Systick for timing
 124:.\GUI_X.c     **** *
 125:.\GUI_X.c     **** */
 126:.\GUI_X.c     **** /*********************************************************************
 127:.\GUI_X.c     **** *
 128:.\GUI_X.c     **** *       GUI_X_Systick_Intr
 129:.\GUI_X.c     **** *
 130:.\GUI_X.c     **** * Purpose:
 131:.\GUI_X.c     **** *   Interrupt Service Routine for Systick.
 132:.\GUI_X.c     **** */
 133:.\GUI_X.c     **** void GUI_X_Systick_Intr(void){    
  27              		.loc 1 133 0
  28              		.cfi_startproc
  29              		@ args = 0, pretend = 0, frame = 0
  30              		@ frame_needed = 0, uses_anonymous_args = 0
  31              		@ link register save eliminated.
 134:.\GUI_X.c     ****   OS_TimeMS++;
  32              		.loc 1 134 0
  33 0000 024A     		ldr	r2, .L2
  34 0002 1368     		ldr	r3, [r2]
  35 0004 0133     		adds	r3, r3, #1
  36 0006 1360     		str	r3, [r2]
  37 0008 7047     		bx	lr
ARM GAS  C:\Users\student\AppData\Local\Temp\ccYgCCMt.s 			page 4


  38              	.L3:
  39 000a 00BF     		.align	2
  40              	.L2:
  41 000c 00000000 		.word	OS_TimeMS
  42              		.cfi_endproc
  43              	.LFE70:
  44              		.size	GUI_X_Systick_Intr, .-GUI_X_Systick_Intr
  45              		.section	.text.GUI_X_GetTime,"ax",%progbits
  46              		.align	2
  47              		.global	GUI_X_GetTime
  48              		.thumb
  49              		.thumb_func
  50              		.type	GUI_X_GetTime, %function
  51              	GUI_X_GetTime:
  52              	.LFB63:
  72:.\GUI_X.c     ****   return OS_TimeMS; 
  53              		.loc 1 72 0
  54              		.cfi_startproc
  55              		@ args = 0, pretend = 0, frame = 0
  56              		@ frame_needed = 0, uses_anonymous_args = 0
  57              		@ link register save eliminated.
  73:.\GUI_X.c     **** }
  58              		.loc 1 73 0
  59 0000 014B     		ldr	r3, .L5
  60 0002 1868     		ldr	r0, [r3]
  74:.\GUI_X.c     **** 
  61              		.loc 1 74 0
  62 0004 7047     		bx	lr
  63              	.L6:
  64 0006 00BF     		.align	2
  65              	.L5:
  66 0008 00000000 		.word	OS_TimeMS
  67              		.cfi_endproc
  68              	.LFE63:
  69              		.size	GUI_X_GetTime, .-GUI_X_GetTime
  70              		.section	.text.GUI_X_Delay,"ax",%progbits
  71              		.align	2
  72              		.global	GUI_X_Delay
  73              		.thumb
  74              		.thumb_func
  75              		.type	GUI_X_Delay, %function
  76              	GUI_X_Delay:
  77              	.LFB64:
  76:.\GUI_X.c     ****   int tEnd = OS_TimeMS + ms;
  78              		.loc 1 76 0
  79              		.cfi_startproc
  80              		@ args = 0, pretend = 0, frame = 0
  81              		@ frame_needed = 0, uses_anonymous_args = 0
  82              		@ link register save eliminated.
  83              	.LVL0:
  77:.\GUI_X.c     ****   while ((tEnd - OS_TimeMS) > 0);
  84              		.loc 1 77 0
  85 0000 044B     		ldr	r3, .L9
  86 0002 1B68     		ldr	r3, [r3]
  87 0004 1844     		add	r0, r0, r3
  88              	.LVL1:
  89              	.L8:
ARM GAS  C:\Users\student\AppData\Local\Temp\ccYgCCMt.s 			page 5


  78:.\GUI_X.c     **** }
  90              		.loc 1 78 0 discriminator 1
  91 0006 034B     		ldr	r3, .L9
  92 0008 1B68     		ldr	r3, [r3]
  93 000a C31A     		subs	r3, r0, r3
  94 000c 002B     		cmp	r3, #0
  95 000e FADC     		bgt	.L8
  79:.\GUI_X.c     **** 
  96              		.loc 1 79 0
  97 0010 7047     		bx	lr
  98              	.L10:
  99 0012 00BF     		.align	2
 100              	.L9:
 101 0014 00000000 		.word	OS_TimeMS
 102              		.cfi_endproc
 103              	.LFE64:
 104              		.size	GUI_X_Delay, .-GUI_X_Delay
 105              		.section	.text.GUI_X_ExecIdle,"ax",%progbits
 106              		.align	2
 107              		.global	GUI_X_ExecIdle
 108              		.thumb
 109              		.thumb_func
 110              		.type	GUI_X_ExecIdle, %function
 111              	GUI_X_ExecIdle:
 112              	.LFB66:
 101:.\GUI_X.c     **** 
 113              		.loc 1 101 0
 114              		.cfi_startproc
 115              		@ args = 0, pretend = 0, frame = 0
 116              		@ frame_needed = 0, uses_anonymous_args = 0
 117              		@ link register save eliminated.
 118 0000 7047     		bx	lr
 119              		.cfi_endproc
 120              	.LFE66:
 121              		.size	GUI_X_ExecIdle, .-GUI_X_ExecIdle
 122 0002 00BF     		.section	.text.GUI_X_Log,"ax",%progbits
 123              		.align	2
 124              		.global	GUI_X_Log
 125              		.thumb
 126              		.thumb_func
 127              		.type	GUI_X_Log, %function
 128              	GUI_X_Log:
 129              	.LFB67:
 117:.\GUI_X.c     **** void GUI_X_Warn    (const char *s) { GUI_USE_PARA(s); }
 130              		.loc 1 117 0
 131              		.cfi_startproc
 132              		@ args = 0, pretend = 0, frame = 0
 133              		@ frame_needed = 0, uses_anonymous_args = 0
 134              		@ link register save eliminated.
 135              	.LVL2:
 136 0000 7047     		bx	lr
 137              		.cfi_endproc
 138              	.LFE67:
 139              		.size	GUI_X_Log, .-GUI_X_Log
 140 0002 00BF     		.section	.text.GUI_X_Warn,"ax",%progbits
 141              		.align	2
 142              		.global	GUI_X_Warn
ARM GAS  C:\Users\student\AppData\Local\Temp\ccYgCCMt.s 			page 6


 143              		.thumb
 144              		.thumb_func
 145              		.type	GUI_X_Warn, %function
 146              	GUI_X_Warn:
 147              	.LFB68:
 118:.\GUI_X.c     **** void GUI_X_ErrorOut(const char *s) { GUI_USE_PARA(s); }
 148              		.loc 1 118 0
 149              		.cfi_startproc
 150              		@ args = 0, pretend = 0, frame = 0
 151              		@ frame_needed = 0, uses_anonymous_args = 0
 152              		@ link register save eliminated.
 153              	.LVL3:
 154 0000 7047     		bx	lr
 155              		.cfi_endproc
 156              	.LFE68:
 157              		.size	GUI_X_Warn, .-GUI_X_Warn
 158 0002 00BF     		.section	.text.GUI_X_ErrorOut,"ax",%progbits
 159              		.align	2
 160              		.global	GUI_X_ErrorOut
 161              		.thumb
 162              		.thumb_func
 163              		.type	GUI_X_ErrorOut, %function
 164              	GUI_X_ErrorOut:
 165              	.LFB69:
 119:.\GUI_X.c     **** 
 166              		.loc 1 119 0
 167              		.cfi_startproc
 168              		@ args = 0, pretend = 0, frame = 0
 169              		@ frame_needed = 0, uses_anonymous_args = 0
 170              		@ link register save eliminated.
 171              	.LVL4:
 172 0000 7047     		bx	lr
 173              		.cfi_endproc
 174              	.LFE69:
 175              		.size	GUI_X_ErrorOut, .-GUI_X_ErrorOut
 176 0002 00BF     		.section	.text.GUI_X_Systick_Init,"ax",%progbits
 177              		.align	2
 178              		.global	GUI_X_Systick_Init
 179              		.thumb
 180              		.thumb_func
 181              		.type	GUI_X_Systick_Init, %function
 182              	GUI_X_Systick_Init:
 183              	.LFB71:
 135:.\GUI_X.c     **** }
 136:.\GUI_X.c     **** 
 137:.\GUI_X.c     **** /*********************************************************************
 138:.\GUI_X.c     **** *
 139:.\GUI_X.c     **** *       GUI_X_Systick_Init()
 140:.\GUI_X.c     **** *
 141:.\GUI_X.c     **** * Purpose:
 142:.\GUI_X.c     **** *   Sets up the Systick interrupt and enable it.
 143:.\GUI_X.c     **** */
 144:.\GUI_X.c     **** void GUI_X_Systick_Init(void){  
 184              		.loc 1 144 0
 185              		.cfi_startproc
 186              		@ args = 0, pretend = 0, frame = 0
 187              		@ frame_needed = 0, uses_anonymous_args = 0
ARM GAS  C:\Users\student\AppData\Local\Temp\ccYgCCMt.s 			page 7


 188              		.loc 1 144 0
 189 0000 10B5     		push	{r4, lr}
 190              		.cfi_def_cfa_offset 8
 191              		.cfi_offset 4, -8
 192              		.cfi_offset 14, -4
 145:.\GUI_X.c     ****   uint32_t i; 
 146:.\GUI_X.c     ****   CySysTickStart();
 193              		.loc 1 146 0
 194 0002 FFF7FEFF 		bl	CySysTickStart
 195              	.LVL5:
 147:.\GUI_X.c     ****   //
 148:.\GUI_X.c     ****   // Find unused callback slot.
 149:.\GUI_X.c     ****   //
 150:.\GUI_X.c     ****     for (i = 0u; i < CY_SYS_SYST_NUM_OF_CALLBACKS; i++)
 196              		.loc 1 150 0
 197 0006 0024     		movs	r4, #0
 198 0008 09E0     		b	.L16
 199              	.LVL6:
 200              	.L19:
 151:.\GUI_X.c     ****     {
 152:.\GUI_X.c     ****         if (CySysTickGetCallback(i) == NULL)
 201              		.loc 1 152 0
 202 000a 2046     		mov	r0, r4
 203 000c FFF7FEFF 		bl	CySysTickGetCallback
 204              	.LVL7:
 205 0010 20B9     		cbnz	r0, .L17
 153:.\GUI_X.c     ****         {
 154:.\GUI_X.c     ****             CySysTickSetCallback(i, GUI_X_Systick_Intr);
 206              		.loc 1 154 0
 207 0012 2046     		mov	r0, r4
 208 0014 0649     		ldr	r1, .L22
 209 0016 FFF7FEFF 		bl	CySysTickSetCallback
 210              	.LVL8:
 155:.\GUI_X.c     ****             break;
 211              		.loc 1 155 0
 212 001a 02E0     		b	.L18
 213              	.L17:
 150:.\GUI_X.c     ****     {
 214              		.loc 1 150 0 discriminator 2
 215 001c 0134     		adds	r4, r4, #1
 216              	.LVL9:
 217              	.L16:
 150:.\GUI_X.c     ****     {
 218              		.loc 1 150 0 is_stmt 0 discriminator 1
 219 001e 042C     		cmp	r4, #4
 220 0020 F3D9     		bls	.L19
 221              	.L18:
 156:.\GUI_X.c     ****         }
 157:.\GUI_X.c     ****     }
 158:.\GUI_X.c     ****     
 159:.\GUI_X.c     ****     CYASSERT(i < CY_SYS_SYST_NUM_OF_CALLBACKS);
 222              		.loc 1 159 0 is_stmt 1
 223 0022 042C     		cmp	r4, #4
 224 0024 02D9     		bls	.L15
 225              		.loc 1 159 0 is_stmt 0 discriminator 1
 226 0026 0020     		movs	r0, #0
 227 0028 FFF7FEFF 		bl	CyHalt
ARM GAS  C:\Users\student\AppData\Local\Temp\ccYgCCMt.s 			page 8


 228              	.LVL10:
 229              	.L15:
 230 002c 10BD     		pop	{r4, pc}
 231              	.LVL11:
 232              	.L23:
 233 002e 00BF     		.align	2
 234              	.L22:
 235 0030 00000000 		.word	GUI_X_Systick_Intr
 236              		.cfi_endproc
 237              	.LFE71:
 238              		.size	GUI_X_Systick_Init, .-GUI_X_Systick_Init
 239              		.section	.text.GUI_X_Init,"ax",%progbits
 240              		.align	2
 241              		.global	GUI_X_Init
 242              		.thumb
 243              		.thumb_func
 244              		.type	GUI_X_Init, %function
 245              	GUI_X_Init:
 246              	.LFB65:
  89:.\GUI_X.c     ****   GUI_X_Systick_Init();
 247              		.loc 1 89 0 is_stmt 1
 248              		.cfi_startproc
 249              		@ args = 0, pretend = 0, frame = 0
 250              		@ frame_needed = 0, uses_anonymous_args = 0
 251 0000 08B5     		push	{r3, lr}
 252              		.cfi_def_cfa_offset 8
 253              		.cfi_offset 3, -8
 254              		.cfi_offset 14, -4
  90:.\GUI_X.c     **** }
 255              		.loc 1 90 0
 256 0002 FFF7FEFF 		bl	GUI_X_Systick_Init
 257              	.LVL12:
 258 0006 08BD     		pop	{r3, pc}
 259              		.cfi_endproc
 260              	.LFE65:
 261              		.size	GUI_X_Init, .-GUI_X_Init
 262              		.comm	OS_TimeMS,4,4
 263              		.text
 264              	.Letext0:
 265              		.file 2 "c:\\program files (x86)\\cypress\\psoc creator\\3.3\\psoc creator\\import\\gnu\\arm\\4.9.
 266              		.file 3 "c:\\program files (x86)\\cypress\\psoc creator\\3.3\\psoc creator\\import\\gnu\\arm\\4.9.
 267              		.file 4 "Generated_Source\\PSoC5/cytypes.h"
 268              		.file 5 "Generated_Source\\PSoC5/CyLib.h"
 269              		.file 6 "Generated_Source\\PSoC5/core_cm3.h"
 270              		.section	.debug_info,"",%progbits
 271              	.Ldebug_info0:
 272 0000 AC020000 		.4byte	0x2ac
 273 0004 0400     		.2byte	0x4
 274 0006 00000000 		.4byte	.Ldebug_abbrev0
 275 000a 04       		.byte	0x4
 276 000b 01       		.uleb128 0x1
 277 000c 68000000 		.4byte	.LASF34
 278 0010 01       		.byte	0x1
 279 0011 8F020000 		.4byte	.LASF35
 280 0015 15000000 		.4byte	.LASF36
 281 0019 00000000 		.4byte	.Ldebug_ranges0+0
 282 001d 00000000 		.4byte	0
ARM GAS  C:\Users\student\AppData\Local\Temp\ccYgCCMt.s 			page 9


 283 0021 00000000 		.4byte	.Ldebug_line0
 284 0025 02       		.uleb128 0x2
 285 0026 04       		.byte	0x4
 286 0027 05       		.byte	0x5
 287 0028 696E7400 		.ascii	"int\000"
 288 002c 03       		.uleb128 0x3
 289 002d 04       		.byte	0x4
 290 002e 07       		.byte	0x7
 291 002f DA010000 		.4byte	.LASF0
 292 0033 03       		.uleb128 0x3
 293 0034 08       		.byte	0x8
 294 0035 05       		.byte	0x5
 295 0036 13020000 		.4byte	.LASF1
 296 003a 03       		.uleb128 0x3
 297 003b 08       		.byte	0x8
 298 003c 04       		.byte	0x4
 299 003d 77020000 		.4byte	.LASF2
 300 0041 03       		.uleb128 0x3
 301 0042 04       		.byte	0x4
 302 0043 07       		.byte	0x7
 303 0044 6E010000 		.4byte	.LASF3
 304 0048 03       		.uleb128 0x3
 305 0049 02       		.byte	0x2
 306 004a 05       		.byte	0x5
 307 004b 14010000 		.4byte	.LASF4
 308 004f 03       		.uleb128 0x3
 309 0050 01       		.byte	0x1
 310 0051 08       		.byte	0x8
 311 0052 E7010000 		.4byte	.LASF5
 312 0056 03       		.uleb128 0x3
 313 0057 01       		.byte	0x1
 314 0058 08       		.byte	0x8
 315 0059 51010000 		.4byte	.LASF6
 316 005d 04       		.uleb128 0x4
 317 005e 03       		.uleb128 0x3
 318 005f 04       		.byte	0x4
 319 0060 05       		.byte	0x5
 320 0061 6E020000 		.4byte	.LASF7
 321 0065 05       		.uleb128 0x5
 322 0066 04       		.byte	0x4
 323 0067 5D000000 		.4byte	0x5d
 324 006b 05       		.uleb128 0x5
 325 006c 04       		.byte	0x4
 326 006d 71000000 		.4byte	0x71
 327 0071 06       		.uleb128 0x6
 328 0072 4F000000 		.4byte	0x4f
 329 0076 03       		.uleb128 0x3
 330 0077 02       		.byte	0x2
 331 0078 07       		.byte	0x7
 332 0079 01010000 		.4byte	.LASF8
 333 007d 03       		.uleb128 0x3
 334 007e 01       		.byte	0x1
 335 007f 06       		.byte	0x6
 336 0080 83020000 		.4byte	.LASF9
 337 0084 03       		.uleb128 0x3
 338 0085 04       		.byte	0x4
 339 0086 07       		.byte	0x7
ARM GAS  C:\Users\student\AppData\Local\Temp\ccYgCCMt.s 			page 10


 340 0087 05020000 		.4byte	.LASF10
 341 008b 07       		.uleb128 0x7
 342 008c 54000000 		.4byte	.LASF11
 343 0090 02       		.byte	0x2
 344 0091 3F       		.byte	0x3f
 345 0092 5E000000 		.4byte	0x5e
 346 0096 07       		.uleb128 0x7
 347 0097 B9010000 		.4byte	.LASF12
 348 009b 02       		.byte	0x2
 349 009c 41       		.byte	0x41
 350 009d 41000000 		.4byte	0x41
 351 00a1 03       		.uleb128 0x3
 352 00a2 08       		.byte	0x8
 353 00a3 07       		.byte	0x7
 354 00a4 3A010000 		.4byte	.LASF13
 355 00a8 07       		.uleb128 0x7
 356 00a9 FD010000 		.4byte	.LASF14
 357 00ad 03       		.byte	0x3
 358 00ae 2C       		.byte	0x2c
 359 00af 8B000000 		.4byte	0x8b
 360 00b3 07       		.uleb128 0x7
 361 00b4 65020000 		.4byte	.LASF15
 362 00b8 03       		.byte	0x3
 363 00b9 2D       		.byte	0x2d
 364 00ba 96000000 		.4byte	0x96
 365 00be 08       		.uleb128 0x8
 366 00bf 80010000 		.4byte	.LASF16
 367 00c3 04       		.byte	0x4
 368 00c4 9201     		.2byte	0x192
 369 00c6 56000000 		.4byte	0x56
 370 00ca 08       		.uleb128 0x8
 371 00cb C4010000 		.4byte	.LASF17
 372 00cf 04       		.byte	0x4
 373 00d0 9401     		.2byte	0x194
 374 00d2 41000000 		.4byte	0x41
 375 00d6 03       		.uleb128 0x3
 376 00d7 04       		.byte	0x4
 377 00d8 04       		.byte	0x4
 378 00d9 29010000 		.4byte	.LASF18
 379 00dd 03       		.uleb128 0x3
 380 00de 08       		.byte	0x8
 381 00df 04       		.byte	0x4
 382 00e0 B2010000 		.4byte	.LASF19
 383 00e4 07       		.uleb128 0x7
 384 00e5 21020000 		.4byte	.LASF20
 385 00e9 05       		.byte	0x5
 386 00ea AC       		.byte	0xac
 387 00eb 65000000 		.4byte	0x65
 388 00ef 09       		.uleb128 0x9
 389 00f0 41000000 		.4byte	.LASF21
 390 00f4 01       		.byte	0x1
 391 00f5 85       		.byte	0x85
 392 00f6 00000000 		.4byte	.LFB70
 393 00fa 10000000 		.4byte	.LFE70-.LFB70
 394 00fe 01       		.uleb128 0x1
 395 00ff 9C       		.byte	0x9c
 396 0100 0A       		.uleb128 0xa
ARM GAS  C:\Users\student\AppData\Local\Temp\ccYgCCMt.s 			page 11


 397 0101 42020000 		.4byte	.LASF37
 398 0105 01       		.byte	0x1
 399 0106 48       		.byte	0x48
 400 0107 25000000 		.4byte	0x25
 401 010b 00000000 		.4byte	.LFB63
 402 010f 0C000000 		.4byte	.LFE63-.LFB63
 403 0113 01       		.uleb128 0x1
 404 0114 9C       		.byte	0x9c
 405 0115 0B       		.uleb128 0xb
 406 0116 86010000 		.4byte	.LASF23
 407 011a 01       		.byte	0x1
 408 011b 4C       		.byte	0x4c
 409 011c 00000000 		.4byte	.LFB64
 410 0120 18000000 		.4byte	.LFE64-.LFB64
 411 0124 01       		.uleb128 0x1
 412 0125 9C       		.byte	0x9c
 413 0126 46010000 		.4byte	0x146
 414 012a 0C       		.uleb128 0xc
 415 012b 6D7300   		.ascii	"ms\000"
 416 012e 01       		.byte	0x1
 417 012f 4C       		.byte	0x4c
 418 0130 25000000 		.4byte	0x25
 419 0134 00000000 		.4byte	.LLST0
 420 0138 0D       		.uleb128 0xd
 421 0139 0E020000 		.4byte	.LASF28
 422 013d 01       		.byte	0x1
 423 013e 4D       		.byte	0x4d
 424 013f 25000000 		.4byte	0x25
 425 0143 01       		.uleb128 0x1
 426 0144 50       		.byte	0x50
 427 0145 00       		.byte	0
 428 0146 09       		.uleb128 0x9
 429 0147 33020000 		.4byte	.LASF22
 430 014b 01       		.byte	0x1
 431 014c 65       		.byte	0x65
 432 014d 00000000 		.4byte	.LFB66
 433 0151 02000000 		.4byte	.LFE66-.LFB66
 434 0155 01       		.uleb128 0x1
 435 0156 9C       		.byte	0x9c
 436 0157 0B       		.uleb128 0xb
 437 0158 5E000000 		.4byte	.LASF24
 438 015c 01       		.byte	0x1
 439 015d 75       		.byte	0x75
 440 015e 00000000 		.4byte	.LFB67
 441 0162 02000000 		.4byte	.LFE67-.LFB67
 442 0166 01       		.uleb128 0x1
 443 0167 9C       		.byte	0x9c
 444 0168 78010000 		.4byte	0x178
 445 016c 0E       		.uleb128 0xe
 446 016d 7300     		.ascii	"s\000"
 447 016f 01       		.byte	0x1
 448 0170 75       		.byte	0x75
 449 0171 6B000000 		.4byte	0x6b
 450 0175 01       		.uleb128 0x1
 451 0176 50       		.byte	0x50
 452 0177 00       		.byte	0
 453 0178 0B       		.uleb128 0xb
ARM GAS  C:\Users\student\AppData\Local\Temp\ccYgCCMt.s 			page 12


 454 0179 2F010000 		.4byte	.LASF25
 455 017d 01       		.byte	0x1
 456 017e 76       		.byte	0x76
 457 017f 00000000 		.4byte	.LFB68
 458 0183 02000000 		.4byte	.LFE68-.LFB68
 459 0187 01       		.uleb128 0x1
 460 0188 9C       		.byte	0x9c
 461 0189 99010000 		.4byte	0x199
 462 018d 0E       		.uleb128 0xe
 463 018e 7300     		.ascii	"s\000"
 464 0190 01       		.byte	0x1
 465 0191 76       		.byte	0x76
 466 0192 6B000000 		.4byte	0x6b
 467 0196 01       		.uleb128 0x1
 468 0197 50       		.byte	0x50
 469 0198 00       		.byte	0
 470 0199 0B       		.uleb128 0xb
 471 019a CB010000 		.4byte	.LASF26
 472 019e 01       		.byte	0x1
 473 019f 77       		.byte	0x77
 474 01a0 00000000 		.4byte	.LFB69
 475 01a4 02000000 		.4byte	.LFE69-.LFB69
 476 01a8 01       		.uleb128 0x1
 477 01a9 9C       		.byte	0x9c
 478 01aa BA010000 		.4byte	0x1ba
 479 01ae 0E       		.uleb128 0xe
 480 01af 7300     		.ascii	"s\000"
 481 01b1 01       		.byte	0x1
 482 01b2 77       		.byte	0x77
 483 01b3 6B000000 		.4byte	0x6b
 484 01b7 01       		.uleb128 0x1
 485 01b8 50       		.byte	0x50
 486 01b9 00       		.byte	0
 487 01ba 0B       		.uleb128 0xb
 488 01bb 9F010000 		.4byte	.LASF27
 489 01bf 01       		.byte	0x1
 490 01c0 90       		.byte	0x90
 491 01c1 00000000 		.4byte	.LFB71
 492 01c5 34000000 		.4byte	.LFE71-.LFB71
 493 01c9 01       		.uleb128 0x1
 494 01ca 9C       		.byte	0x9c
 495 01cb 26020000 		.4byte	0x226
 496 01cf 0F       		.uleb128 0xf
 497 01d0 6900     		.ascii	"i\000"
 498 01d2 01       		.byte	0x1
 499 01d3 91       		.byte	0x91
 500 01d4 B3000000 		.4byte	0xb3
 501 01d8 21000000 		.4byte	.LLST1
 502 01dc 10       		.uleb128 0x10
 503 01dd 06000000 		.4byte	.LVL5
 504 01e1 6C020000 		.4byte	0x26c
 505 01e5 11       		.uleb128 0x11
 506 01e6 10000000 		.4byte	.LVL7
 507 01ea 73020000 		.4byte	0x273
 508 01ee F9010000 		.4byte	0x1f9
 509 01f2 12       		.uleb128 0x12
 510 01f3 01       		.uleb128 0x1
ARM GAS  C:\Users\student\AppData\Local\Temp\ccYgCCMt.s 			page 13


 511 01f4 50       		.byte	0x50
 512 01f5 02       		.uleb128 0x2
 513 01f6 74       		.byte	0x74
 514 01f7 00       		.sleb128 0
 515 01f8 00       		.byte	0
 516 01f9 11       		.uleb128 0x11
 517 01fa 1A000000 		.4byte	.LVL8
 518 01fe 88020000 		.4byte	0x288
 519 0202 16020000 		.4byte	0x216
 520 0206 12       		.uleb128 0x12
 521 0207 01       		.uleb128 0x1
 522 0208 51       		.byte	0x51
 523 0209 05       		.uleb128 0x5
 524 020a 03       		.byte	0x3
 525 020b 00000000 		.4byte	GUI_X_Systick_Intr
 526 020f 12       		.uleb128 0x12
 527 0210 01       		.uleb128 0x1
 528 0211 50       		.byte	0x50
 529 0212 02       		.uleb128 0x2
 530 0213 74       		.byte	0x74
 531 0214 00       		.sleb128 0
 532 0215 00       		.byte	0
 533 0216 13       		.uleb128 0x13
 534 0217 2C000000 		.4byte	.LVL10
 535 021b A2020000 		.4byte	0x2a2
 536 021f 12       		.uleb128 0x12
 537 0220 01       		.uleb128 0x1
 538 0221 50       		.byte	0x50
 539 0222 01       		.uleb128 0x1
 540 0223 30       		.byte	0x30
 541 0224 00       		.byte	0
 542 0225 00       		.byte	0
 543 0226 0B       		.uleb128 0xb
 544 0227 1E010000 		.4byte	.LASF29
 545 022b 01       		.byte	0x1
 546 022c 59       		.byte	0x59
 547 022d 00000000 		.4byte	.LFB65
 548 0231 08000000 		.4byte	.LFE65-.LFB65
 549 0235 01       		.uleb128 0x1
 550 0236 9C       		.byte	0x9c
 551 0237 45020000 		.4byte	0x245
 552 023b 10       		.uleb128 0x10
 553 023c 06000000 		.4byte	.LVL12
 554 0240 BA010000 		.4byte	0x1ba
 555 0244 00       		.byte	0
 556 0245 14       		.uleb128 0x14
 557 0246 92010000 		.4byte	.LASF30
 558 024a 06       		.byte	0x6
 559 024b 9606     		.2byte	0x696
 560 024d 51020000 		.4byte	0x251
 561 0251 15       		.uleb128 0x15
 562 0252 A8000000 		.4byte	0xa8
 563 0256 16       		.uleb128 0x16
 564 0257 F3010000 		.4byte	.LASF31
 565 025b 01       		.byte	0x1
 566 025c 3B       		.byte	0x3b
 567 025d 67020000 		.4byte	0x267
ARM GAS  C:\Users\student\AppData\Local\Temp\ccYgCCMt.s 			page 14


 568 0261 05       		.uleb128 0x5
 569 0262 03       		.byte	0x3
 570 0263 00000000 		.4byte	OS_TimeMS
 571 0267 15       		.uleb128 0x15
 572 0268 25000000 		.4byte	0x25
 573 026c 17       		.uleb128 0x17
 574 026d 5F010000 		.4byte	.LASF38
 575 0271 05       		.byte	0x5
 576 0272 AE       		.byte	0xae
 577 0273 18       		.uleb128 0x18
 578 0274 50020000 		.4byte	.LASF32
 579 0278 05       		.byte	0x5
 580 0279 B8       		.byte	0xb8
 581 027a E4000000 		.4byte	0xe4
 582 027e 88020000 		.4byte	0x288
 583 0282 19       		.uleb128 0x19
 584 0283 CA000000 		.4byte	0xca
 585 0287 00       		.byte	0
 586 0288 18       		.uleb128 0x18
 587 0289 00000000 		.4byte	.LASF33
 588 028d 05       		.byte	0x5
 589 028e B7       		.byte	0xb7
 590 028f E4000000 		.4byte	0xe4
 591 0293 A2020000 		.4byte	0x2a2
 592 0297 19       		.uleb128 0x19
 593 0298 CA000000 		.4byte	0xca
 594 029c 19       		.uleb128 0x19
 595 029d E4000000 		.4byte	0xe4
 596 02a1 00       		.byte	0
 597 02a2 1A       		.uleb128 0x1a
 598 02a3 EC010000 		.4byte	.LASF39
 599 02a7 05       		.byte	0x5
 600 02a8 7F       		.byte	0x7f
 601 02a9 19       		.uleb128 0x19
 602 02aa BE000000 		.4byte	0xbe
 603 02ae 00       		.byte	0
 604 02af 00       		.byte	0
 605              		.section	.debug_abbrev,"",%progbits
 606              	.Ldebug_abbrev0:
 607 0000 01       		.uleb128 0x1
 608 0001 11       		.uleb128 0x11
 609 0002 01       		.byte	0x1
 610 0003 25       		.uleb128 0x25
 611 0004 0E       		.uleb128 0xe
 612 0005 13       		.uleb128 0x13
 613 0006 0B       		.uleb128 0xb
 614 0007 03       		.uleb128 0x3
 615 0008 0E       		.uleb128 0xe
 616 0009 1B       		.uleb128 0x1b
 617 000a 0E       		.uleb128 0xe
 618 000b 55       		.uleb128 0x55
 619 000c 17       		.uleb128 0x17
 620 000d 11       		.uleb128 0x11
 621 000e 01       		.uleb128 0x1
 622 000f 10       		.uleb128 0x10
 623 0010 17       		.uleb128 0x17
 624 0011 00       		.byte	0
ARM GAS  C:\Users\student\AppData\Local\Temp\ccYgCCMt.s 			page 15


 625 0012 00       		.byte	0
 626 0013 02       		.uleb128 0x2
 627 0014 24       		.uleb128 0x24
 628 0015 00       		.byte	0
 629 0016 0B       		.uleb128 0xb
 630 0017 0B       		.uleb128 0xb
 631 0018 3E       		.uleb128 0x3e
 632 0019 0B       		.uleb128 0xb
 633 001a 03       		.uleb128 0x3
 634 001b 08       		.uleb128 0x8
 635 001c 00       		.byte	0
 636 001d 00       		.byte	0
 637 001e 03       		.uleb128 0x3
 638 001f 24       		.uleb128 0x24
 639 0020 00       		.byte	0
 640 0021 0B       		.uleb128 0xb
 641 0022 0B       		.uleb128 0xb
 642 0023 3E       		.uleb128 0x3e
 643 0024 0B       		.uleb128 0xb
 644 0025 03       		.uleb128 0x3
 645 0026 0E       		.uleb128 0xe
 646 0027 00       		.byte	0
 647 0028 00       		.byte	0
 648 0029 04       		.uleb128 0x4
 649 002a 15       		.uleb128 0x15
 650 002b 00       		.byte	0
 651 002c 27       		.uleb128 0x27
 652 002d 19       		.uleb128 0x19
 653 002e 00       		.byte	0
 654 002f 00       		.byte	0
 655 0030 05       		.uleb128 0x5
 656 0031 0F       		.uleb128 0xf
 657 0032 00       		.byte	0
 658 0033 0B       		.uleb128 0xb
 659 0034 0B       		.uleb128 0xb
 660 0035 49       		.uleb128 0x49
 661 0036 13       		.uleb128 0x13
 662 0037 00       		.byte	0
 663 0038 00       		.byte	0
 664 0039 06       		.uleb128 0x6
 665 003a 26       		.uleb128 0x26
 666 003b 00       		.byte	0
 667 003c 49       		.uleb128 0x49
 668 003d 13       		.uleb128 0x13
 669 003e 00       		.byte	0
 670 003f 00       		.byte	0
 671 0040 07       		.uleb128 0x7
 672 0041 16       		.uleb128 0x16
 673 0042 00       		.byte	0
 674 0043 03       		.uleb128 0x3
 675 0044 0E       		.uleb128 0xe
 676 0045 3A       		.uleb128 0x3a
 677 0046 0B       		.uleb128 0xb
 678 0047 3B       		.uleb128 0x3b
 679 0048 0B       		.uleb128 0xb
 680 0049 49       		.uleb128 0x49
 681 004a 13       		.uleb128 0x13
ARM GAS  C:\Users\student\AppData\Local\Temp\ccYgCCMt.s 			page 16


 682 004b 00       		.byte	0
 683 004c 00       		.byte	0
 684 004d 08       		.uleb128 0x8
 685 004e 16       		.uleb128 0x16
 686 004f 00       		.byte	0
 687 0050 03       		.uleb128 0x3
 688 0051 0E       		.uleb128 0xe
 689 0052 3A       		.uleb128 0x3a
 690 0053 0B       		.uleb128 0xb
 691 0054 3B       		.uleb128 0x3b
 692 0055 05       		.uleb128 0x5
 693 0056 49       		.uleb128 0x49
 694 0057 13       		.uleb128 0x13
 695 0058 00       		.byte	0
 696 0059 00       		.byte	0
 697 005a 09       		.uleb128 0x9
 698 005b 2E       		.uleb128 0x2e
 699 005c 00       		.byte	0
 700 005d 3F       		.uleb128 0x3f
 701 005e 19       		.uleb128 0x19
 702 005f 03       		.uleb128 0x3
 703 0060 0E       		.uleb128 0xe
 704 0061 3A       		.uleb128 0x3a
 705 0062 0B       		.uleb128 0xb
 706 0063 3B       		.uleb128 0x3b
 707 0064 0B       		.uleb128 0xb
 708 0065 27       		.uleb128 0x27
 709 0066 19       		.uleb128 0x19
 710 0067 11       		.uleb128 0x11
 711 0068 01       		.uleb128 0x1
 712 0069 12       		.uleb128 0x12
 713 006a 06       		.uleb128 0x6
 714 006b 40       		.uleb128 0x40
 715 006c 18       		.uleb128 0x18
 716 006d 9742     		.uleb128 0x2117
 717 006f 19       		.uleb128 0x19
 718 0070 00       		.byte	0
 719 0071 00       		.byte	0
 720 0072 0A       		.uleb128 0xa
 721 0073 2E       		.uleb128 0x2e
 722 0074 00       		.byte	0
 723 0075 3F       		.uleb128 0x3f
 724 0076 19       		.uleb128 0x19
 725 0077 03       		.uleb128 0x3
 726 0078 0E       		.uleb128 0xe
 727 0079 3A       		.uleb128 0x3a
 728 007a 0B       		.uleb128 0xb
 729 007b 3B       		.uleb128 0x3b
 730 007c 0B       		.uleb128 0xb
 731 007d 27       		.uleb128 0x27
 732 007e 19       		.uleb128 0x19
 733 007f 49       		.uleb128 0x49
 734 0080 13       		.uleb128 0x13
 735 0081 11       		.uleb128 0x11
 736 0082 01       		.uleb128 0x1
 737 0083 12       		.uleb128 0x12
 738 0084 06       		.uleb128 0x6
ARM GAS  C:\Users\student\AppData\Local\Temp\ccYgCCMt.s 			page 17


 739 0085 40       		.uleb128 0x40
 740 0086 18       		.uleb128 0x18
 741 0087 9742     		.uleb128 0x2117
 742 0089 19       		.uleb128 0x19
 743 008a 00       		.byte	0
 744 008b 00       		.byte	0
 745 008c 0B       		.uleb128 0xb
 746 008d 2E       		.uleb128 0x2e
 747 008e 01       		.byte	0x1
 748 008f 3F       		.uleb128 0x3f
 749 0090 19       		.uleb128 0x19
 750 0091 03       		.uleb128 0x3
 751 0092 0E       		.uleb128 0xe
 752 0093 3A       		.uleb128 0x3a
 753 0094 0B       		.uleb128 0xb
 754 0095 3B       		.uleb128 0x3b
 755 0096 0B       		.uleb128 0xb
 756 0097 27       		.uleb128 0x27
 757 0098 19       		.uleb128 0x19
 758 0099 11       		.uleb128 0x11
 759 009a 01       		.uleb128 0x1
 760 009b 12       		.uleb128 0x12
 761 009c 06       		.uleb128 0x6
 762 009d 40       		.uleb128 0x40
 763 009e 18       		.uleb128 0x18
 764 009f 9742     		.uleb128 0x2117
 765 00a1 19       		.uleb128 0x19
 766 00a2 01       		.uleb128 0x1
 767 00a3 13       		.uleb128 0x13
 768 00a4 00       		.byte	0
 769 00a5 00       		.byte	0
 770 00a6 0C       		.uleb128 0xc
 771 00a7 05       		.uleb128 0x5
 772 00a8 00       		.byte	0
 773 00a9 03       		.uleb128 0x3
 774 00aa 08       		.uleb128 0x8
 775 00ab 3A       		.uleb128 0x3a
 776 00ac 0B       		.uleb128 0xb
 777 00ad 3B       		.uleb128 0x3b
 778 00ae 0B       		.uleb128 0xb
 779 00af 49       		.uleb128 0x49
 780 00b0 13       		.uleb128 0x13
 781 00b1 02       		.uleb128 0x2
 782 00b2 17       		.uleb128 0x17
 783 00b3 00       		.byte	0
 784 00b4 00       		.byte	0
 785 00b5 0D       		.uleb128 0xd
 786 00b6 34       		.uleb128 0x34
 787 00b7 00       		.byte	0
 788 00b8 03       		.uleb128 0x3
 789 00b9 0E       		.uleb128 0xe
 790 00ba 3A       		.uleb128 0x3a
 791 00bb 0B       		.uleb128 0xb
 792 00bc 3B       		.uleb128 0x3b
 793 00bd 0B       		.uleb128 0xb
 794 00be 49       		.uleb128 0x49
 795 00bf 13       		.uleb128 0x13
ARM GAS  C:\Users\student\AppData\Local\Temp\ccYgCCMt.s 			page 18


 796 00c0 02       		.uleb128 0x2
 797 00c1 18       		.uleb128 0x18
 798 00c2 00       		.byte	0
 799 00c3 00       		.byte	0
 800 00c4 0E       		.uleb128 0xe
 801 00c5 05       		.uleb128 0x5
 802 00c6 00       		.byte	0
 803 00c7 03       		.uleb128 0x3
 804 00c8 08       		.uleb128 0x8
 805 00c9 3A       		.uleb128 0x3a
 806 00ca 0B       		.uleb128 0xb
 807 00cb 3B       		.uleb128 0x3b
 808 00cc 0B       		.uleb128 0xb
 809 00cd 49       		.uleb128 0x49
 810 00ce 13       		.uleb128 0x13
 811 00cf 02       		.uleb128 0x2
 812 00d0 18       		.uleb128 0x18
 813 00d1 00       		.byte	0
 814 00d2 00       		.byte	0
 815 00d3 0F       		.uleb128 0xf
 816 00d4 34       		.uleb128 0x34
 817 00d5 00       		.byte	0
 818 00d6 03       		.uleb128 0x3
 819 00d7 08       		.uleb128 0x8
 820 00d8 3A       		.uleb128 0x3a
 821 00d9 0B       		.uleb128 0xb
 822 00da 3B       		.uleb128 0x3b
 823 00db 0B       		.uleb128 0xb
 824 00dc 49       		.uleb128 0x49
 825 00dd 13       		.uleb128 0x13
 826 00de 02       		.uleb128 0x2
 827 00df 17       		.uleb128 0x17
 828 00e0 00       		.byte	0
 829 00e1 00       		.byte	0
 830 00e2 10       		.uleb128 0x10
 831 00e3 898201   		.uleb128 0x4109
 832 00e6 00       		.byte	0
 833 00e7 11       		.uleb128 0x11
 834 00e8 01       		.uleb128 0x1
 835 00e9 31       		.uleb128 0x31
 836 00ea 13       		.uleb128 0x13
 837 00eb 00       		.byte	0
 838 00ec 00       		.byte	0
 839 00ed 11       		.uleb128 0x11
 840 00ee 898201   		.uleb128 0x4109
 841 00f1 01       		.byte	0x1
 842 00f2 11       		.uleb128 0x11
 843 00f3 01       		.uleb128 0x1
 844 00f4 31       		.uleb128 0x31
 845 00f5 13       		.uleb128 0x13
 846 00f6 01       		.uleb128 0x1
 847 00f7 13       		.uleb128 0x13
 848 00f8 00       		.byte	0
 849 00f9 00       		.byte	0
 850 00fa 12       		.uleb128 0x12
 851 00fb 8A8201   		.uleb128 0x410a
 852 00fe 00       		.byte	0
ARM GAS  C:\Users\student\AppData\Local\Temp\ccYgCCMt.s 			page 19


 853 00ff 02       		.uleb128 0x2
 854 0100 18       		.uleb128 0x18
 855 0101 9142     		.uleb128 0x2111
 856 0103 18       		.uleb128 0x18
 857 0104 00       		.byte	0
 858 0105 00       		.byte	0
 859 0106 13       		.uleb128 0x13
 860 0107 898201   		.uleb128 0x4109
 861 010a 01       		.byte	0x1
 862 010b 11       		.uleb128 0x11
 863 010c 01       		.uleb128 0x1
 864 010d 31       		.uleb128 0x31
 865 010e 13       		.uleb128 0x13
 866 010f 00       		.byte	0
 867 0110 00       		.byte	0
 868 0111 14       		.uleb128 0x14
 869 0112 34       		.uleb128 0x34
 870 0113 00       		.byte	0
 871 0114 03       		.uleb128 0x3
 872 0115 0E       		.uleb128 0xe
 873 0116 3A       		.uleb128 0x3a
 874 0117 0B       		.uleb128 0xb
 875 0118 3B       		.uleb128 0x3b
 876 0119 05       		.uleb128 0x5
 877 011a 49       		.uleb128 0x49
 878 011b 13       		.uleb128 0x13
 879 011c 3F       		.uleb128 0x3f
 880 011d 19       		.uleb128 0x19
 881 011e 3C       		.uleb128 0x3c
 882 011f 19       		.uleb128 0x19
 883 0120 00       		.byte	0
 884 0121 00       		.byte	0
 885 0122 15       		.uleb128 0x15
 886 0123 35       		.uleb128 0x35
 887 0124 00       		.byte	0
 888 0125 49       		.uleb128 0x49
 889 0126 13       		.uleb128 0x13
 890 0127 00       		.byte	0
 891 0128 00       		.byte	0
 892 0129 16       		.uleb128 0x16
 893 012a 34       		.uleb128 0x34
 894 012b 00       		.byte	0
 895 012c 03       		.uleb128 0x3
 896 012d 0E       		.uleb128 0xe
 897 012e 3A       		.uleb128 0x3a
 898 012f 0B       		.uleb128 0xb
 899 0130 3B       		.uleb128 0x3b
 900 0131 0B       		.uleb128 0xb
 901 0132 49       		.uleb128 0x49
 902 0133 13       		.uleb128 0x13
 903 0134 3F       		.uleb128 0x3f
 904 0135 19       		.uleb128 0x19
 905 0136 02       		.uleb128 0x2
 906 0137 18       		.uleb128 0x18
 907 0138 00       		.byte	0
 908 0139 00       		.byte	0
 909 013a 17       		.uleb128 0x17
ARM GAS  C:\Users\student\AppData\Local\Temp\ccYgCCMt.s 			page 20


 910 013b 2E       		.uleb128 0x2e
 911 013c 00       		.byte	0
 912 013d 3F       		.uleb128 0x3f
 913 013e 19       		.uleb128 0x19
 914 013f 03       		.uleb128 0x3
 915 0140 0E       		.uleb128 0xe
 916 0141 3A       		.uleb128 0x3a
 917 0142 0B       		.uleb128 0xb
 918 0143 3B       		.uleb128 0x3b
 919 0144 0B       		.uleb128 0xb
 920 0145 27       		.uleb128 0x27
 921 0146 19       		.uleb128 0x19
 922 0147 3C       		.uleb128 0x3c
 923 0148 19       		.uleb128 0x19
 924 0149 00       		.byte	0
 925 014a 00       		.byte	0
 926 014b 18       		.uleb128 0x18
 927 014c 2E       		.uleb128 0x2e
 928 014d 01       		.byte	0x1
 929 014e 3F       		.uleb128 0x3f
 930 014f 19       		.uleb128 0x19
 931 0150 03       		.uleb128 0x3
 932 0151 0E       		.uleb128 0xe
 933 0152 3A       		.uleb128 0x3a
 934 0153 0B       		.uleb128 0xb
 935 0154 3B       		.uleb128 0x3b
 936 0155 0B       		.uleb128 0xb
 937 0156 27       		.uleb128 0x27
 938 0157 19       		.uleb128 0x19
 939 0158 49       		.uleb128 0x49
 940 0159 13       		.uleb128 0x13
 941 015a 3C       		.uleb128 0x3c
 942 015b 19       		.uleb128 0x19
 943 015c 01       		.uleb128 0x1
 944 015d 13       		.uleb128 0x13
 945 015e 00       		.byte	0
 946 015f 00       		.byte	0
 947 0160 19       		.uleb128 0x19
 948 0161 05       		.uleb128 0x5
 949 0162 00       		.byte	0
 950 0163 49       		.uleb128 0x49
 951 0164 13       		.uleb128 0x13
 952 0165 00       		.byte	0
 953 0166 00       		.byte	0
 954 0167 1A       		.uleb128 0x1a
 955 0168 2E       		.uleb128 0x2e
 956 0169 01       		.byte	0x1
 957 016a 3F       		.uleb128 0x3f
 958 016b 19       		.uleb128 0x19
 959 016c 03       		.uleb128 0x3
 960 016d 0E       		.uleb128 0xe
 961 016e 3A       		.uleb128 0x3a
 962 016f 0B       		.uleb128 0xb
 963 0170 3B       		.uleb128 0x3b
 964 0171 0B       		.uleb128 0xb
 965 0172 27       		.uleb128 0x27
 966 0173 19       		.uleb128 0x19
ARM GAS  C:\Users\student\AppData\Local\Temp\ccYgCCMt.s 			page 21


 967 0174 3C       		.uleb128 0x3c
 968 0175 19       		.uleb128 0x19
 969 0176 00       		.byte	0
 970 0177 00       		.byte	0
 971 0178 00       		.byte	0
 972              		.section	.debug_loc,"",%progbits
 973              	.Ldebug_loc0:
 974              	.LLST0:
 975 0000 00000000 		.4byte	.LVL0
 976 0004 06000000 		.4byte	.LVL1
 977 0008 0100     		.2byte	0x1
 978 000a 50       		.byte	0x50
 979 000b 06000000 		.4byte	.LVL1
 980 000f 18000000 		.4byte	.LFE64
 981 0013 0400     		.2byte	0x4
 982 0015 F3       		.byte	0xf3
 983 0016 01       		.uleb128 0x1
 984 0017 50       		.byte	0x50
 985 0018 9F       		.byte	0x9f
 986 0019 00000000 		.4byte	0
 987 001d 00000000 		.4byte	0
 988              	.LLST1:
 989 0021 06000000 		.4byte	.LVL5
 990 0025 0A000000 		.4byte	.LVL6
 991 0029 0200     		.2byte	0x2
 992 002b 30       		.byte	0x30
 993 002c 9F       		.byte	0x9f
 994 002d 0A000000 		.4byte	.LVL6
 995 0031 2E000000 		.4byte	.LVL11
 996 0035 0100     		.2byte	0x1
 997 0037 54       		.byte	0x54
 998 0038 00000000 		.4byte	0
 999 003c 00000000 		.4byte	0
 1000              		.section	.debug_aranges,"",%progbits
 1001 0000 5C000000 		.4byte	0x5c
 1002 0004 0200     		.2byte	0x2
 1003 0006 00000000 		.4byte	.Ldebug_info0
 1004 000a 04       		.byte	0x4
 1005 000b 00       		.byte	0
 1006 000c 0000     		.2byte	0
 1007 000e 0000     		.2byte	0
 1008 0010 00000000 		.4byte	.LFB70
 1009 0014 10000000 		.4byte	.LFE70-.LFB70
 1010 0018 00000000 		.4byte	.LFB63
 1011 001c 0C000000 		.4byte	.LFE63-.LFB63
 1012 0020 00000000 		.4byte	.LFB64
 1013 0024 18000000 		.4byte	.LFE64-.LFB64
 1014 0028 00000000 		.4byte	.LFB66
 1015 002c 02000000 		.4byte	.LFE66-.LFB66
 1016 0030 00000000 		.4byte	.LFB67
 1017 0034 02000000 		.4byte	.LFE67-.LFB67
 1018 0038 00000000 		.4byte	.LFB68
 1019 003c 02000000 		.4byte	.LFE68-.LFB68
 1020 0040 00000000 		.4byte	.LFB69
 1021 0044 02000000 		.4byte	.LFE69-.LFB69
 1022 0048 00000000 		.4byte	.LFB71
 1023 004c 34000000 		.4byte	.LFE71-.LFB71
ARM GAS  C:\Users\student\AppData\Local\Temp\ccYgCCMt.s 			page 22


 1024 0050 00000000 		.4byte	.LFB65
 1025 0054 08000000 		.4byte	.LFE65-.LFB65
 1026 0058 00000000 		.4byte	0
 1027 005c 00000000 		.4byte	0
 1028              		.section	.debug_ranges,"",%progbits
 1029              	.Ldebug_ranges0:
 1030 0000 00000000 		.4byte	.LFB70
 1031 0004 10000000 		.4byte	.LFE70
 1032 0008 00000000 		.4byte	.LFB63
 1033 000c 0C000000 		.4byte	.LFE63
 1034 0010 00000000 		.4byte	.LFB64
 1035 0014 18000000 		.4byte	.LFE64
 1036 0018 00000000 		.4byte	.LFB66
 1037 001c 02000000 		.4byte	.LFE66
 1038 0020 00000000 		.4byte	.LFB67
 1039 0024 02000000 		.4byte	.LFE67
 1040 0028 00000000 		.4byte	.LFB68
 1041 002c 02000000 		.4byte	.LFE68
 1042 0030 00000000 		.4byte	.LFB69
 1043 0034 02000000 		.4byte	.LFE69
 1044 0038 00000000 		.4byte	.LFB71
 1045 003c 34000000 		.4byte	.LFE71
 1046 0040 00000000 		.4byte	.LFB65
 1047 0044 08000000 		.4byte	.LFE65
 1048 0048 00000000 		.4byte	0
 1049 004c 00000000 		.4byte	0
 1050              		.section	.debug_line,"",%progbits
 1051              	.Ldebug_line0:
 1052 0000 11020000 		.section	.debug_str,"MS",%progbits,1
 1052      02005501 
 1052      00000201 
 1052      FB0E0D00 
 1052      01010101 
 1053              	.LASF33:
 1054 0000 43795379 		.ascii	"CySysTickSetCallback\000"
 1054      73546963 
 1054      6B536574 
 1054      43616C6C 
 1054      6261636B 
 1055              	.LASF36:
 1056 0015 443A5C72 		.ascii	"D:\\rbeattie_final_project\\ConnectFour.cydsn\000"
 1056      62656174 
 1056      7469655F 
 1056      66696E61 
 1056      6C5F7072 
 1057              	.LASF21:
 1058 0041 4755495F 		.ascii	"GUI_X_Systick_Intr\000"
 1058      585F5379 
 1058      73746963 
 1058      6B5F496E 
 1058      747200
 1059              	.LASF11:
 1060 0054 5F5F696E 		.ascii	"__int32_t\000"
 1060      7433325F 
 1060      7400
 1061              	.LASF24:
 1062 005e 4755495F 		.ascii	"GUI_X_Log\000"
ARM GAS  C:\Users\student\AppData\Local\Temp\ccYgCCMt.s 			page 23


 1062      585F4C6F 
 1062      6700
 1063              	.LASF34:
 1064 0068 474E5520 		.ascii	"GNU C 4.9.3 20150303 (release) [ARM/embedded-4_9-br"
 1064      4320342E 
 1064      392E3320 
 1064      32303135 
 1064      30333033 
 1065 009b 616E6368 		.ascii	"anch revision 221220] -mcpu=cortex-m3 -mthumb -g -O"
 1065      20726576 
 1065      6973696F 
 1065      6E203232 
 1065      31323230 
 1066 00ce 67202D73 		.ascii	"g -std=gnu11 -ffunction-sections -ffat-lto-objects\000"
 1066      74643D67 
 1066      6E753131 
 1066      202D6666 
 1066      756E6374 
 1067              	.LASF8:
 1068 0101 73686F72 		.ascii	"short unsigned int\000"
 1068      7420756E 
 1068      7369676E 
 1068      65642069 
 1068      6E7400
 1069              	.LASF4:
 1070 0114 73686F72 		.ascii	"short int\000"
 1070      7420696E 
 1070      7400
 1071              	.LASF29:
 1072 011e 4755495F 		.ascii	"GUI_X_Init\000"
 1072      585F496E 
 1072      697400
 1073              	.LASF18:
 1074 0129 666C6F61 		.ascii	"float\000"
 1074      7400
 1075              	.LASF25:
 1076 012f 4755495F 		.ascii	"GUI_X_Warn\000"
 1076      585F5761 
 1076      726E00
 1077              	.LASF13:
 1078 013a 6C6F6E67 		.ascii	"long long unsigned int\000"
 1078      206C6F6E 
 1078      6720756E 
 1078      7369676E 
 1078      65642069 
 1079              	.LASF6:
 1080 0151 756E7369 		.ascii	"unsigned char\000"
 1080      676E6564 
 1080      20636861 
 1080      7200
 1081              	.LASF38:
 1082 015f 43795379 		.ascii	"CySysTickStart\000"
 1082      73546963 
 1082      6B537461 
 1082      727400
 1083              	.LASF3:
 1084 016e 6C6F6E67 		.ascii	"long unsigned int\000"
ARM GAS  C:\Users\student\AppData\Local\Temp\ccYgCCMt.s 			page 24


 1084      20756E73 
 1084      69676E65 
 1084      6420696E 
 1084      7400
 1085              	.LASF16:
 1086 0180 75696E74 		.ascii	"uint8\000"
 1086      3800
 1087              	.LASF23:
 1088 0186 4755495F 		.ascii	"GUI_X_Delay\000"
 1088      585F4465 
 1088      6C617900 
 1089              	.LASF30:
 1090 0192 49544D5F 		.ascii	"ITM_RxBuffer\000"
 1090      52784275 
 1090      66666572 
 1090      00
 1091              	.LASF27:
 1092 019f 4755495F 		.ascii	"GUI_X_Systick_Init\000"
 1092      585F5379 
 1092      73746963 
 1092      6B5F496E 
 1092      697400
 1093              	.LASF19:
 1094 01b2 646F7562 		.ascii	"double\000"
 1094      6C6500
 1095              	.LASF12:
 1096 01b9 5F5F7569 		.ascii	"__uint32_t\000"
 1096      6E743332 
 1096      5F7400
 1097              	.LASF17:
 1098 01c4 75696E74 		.ascii	"uint32\000"
 1098      333200
 1099              	.LASF26:
 1100 01cb 4755495F 		.ascii	"GUI_X_ErrorOut\000"
 1100      585F4572 
 1100      726F724F 
 1100      757400
 1101              	.LASF0:
 1102 01da 756E7369 		.ascii	"unsigned int\000"
 1102      676E6564 
 1102      20696E74 
 1102      00
 1103              	.LASF5:
 1104 01e7 63686172 		.ascii	"char\000"
 1104      00
 1105              	.LASF39:
 1106 01ec 43794861 		.ascii	"CyHalt\000"
 1106      6C7400
 1107              	.LASF31:
 1108 01f3 4F535F54 		.ascii	"OS_TimeMS\000"
 1108      696D654D 
 1108      5300
 1109              	.LASF14:
 1110 01fd 696E7433 		.ascii	"int32_t\000"
 1110      325F7400 
 1111              	.LASF10:
 1112 0205 73697A65 		.ascii	"sizetype\000"
ARM GAS  C:\Users\student\AppData\Local\Temp\ccYgCCMt.s 			page 25


 1112      74797065 
 1112      00
 1113              	.LASF28:
 1114 020e 74456E64 		.ascii	"tEnd\000"
 1114      00
 1115              	.LASF1:
 1116 0213 6C6F6E67 		.ascii	"long long int\000"
 1116      206C6F6E 
 1116      6720696E 
 1116      7400
 1117              	.LASF20:
 1118 0221 63795379 		.ascii	"cySysTickCallback\000"
 1118      73546963 
 1118      6B43616C 
 1118      6C626163 
 1118      6B00
 1119              	.LASF22:
 1120 0233 4755495F 		.ascii	"GUI_X_ExecIdle\000"
 1120      585F4578 
 1120      65634964 
 1120      6C6500
 1121              	.LASF37:
 1122 0242 4755495F 		.ascii	"GUI_X_GetTime\000"
 1122      585F4765 
 1122      7454696D 
 1122      6500
 1123              	.LASF32:
 1124 0250 43795379 		.ascii	"CySysTickGetCallback\000"
 1124      73546963 
 1124      6B476574 
 1124      43616C6C 
 1124      6261636B 
 1125              	.LASF15:
 1126 0265 75696E74 		.ascii	"uint32_t\000"
 1126      33325F74 
 1126      00
 1127              	.LASF7:
 1128 026e 6C6F6E67 		.ascii	"long int\000"
 1128      20696E74 
 1128      00
 1129              	.LASF2:
 1130 0277 6C6F6E67 		.ascii	"long double\000"
 1130      20646F75 
 1130      626C6500 
 1131              	.LASF9:
 1132 0283 7369676E 		.ascii	"signed char\000"
 1132      65642063 
 1132      68617200 
 1133              	.LASF35:
 1134 028f 2E5C4755 		.ascii	".\\GUI_X.c\000"
 1134      495F582E 
 1134      6300
 1135              		.ident	"GCC: (GNU Tools for ARM Embedded Processors) 4.9.3 20150303 (release) [ARM/embedded-4_9-br
