ARM GAS  C:\Users\student\AppData\Local\Temp\ccqkdUvj.s 			page 1


   1              		.syntax unified
   2              		.cpu cortex-m3
   3              		.fpu softvfp
   4              		.eabi_attribute 20, 1
   5              		.eabi_attribute 21, 1
   6              		.eabi_attribute 23, 3
   7              		.eabi_attribute 24, 1
   8              		.eabi_attribute 25, 1
   9              		.eabi_attribute 26, 1
  10              		.eabi_attribute 30, 1
  11              		.eabi_attribute 34, 1
  12              		.eabi_attribute 18, 4
  13              		.thumb
  14              		.file	"GUIConf.c"
  15              		.text
  16              	.Ltext0:
  17              		.cfi_sections	.debug_frame
  18              		.section	.text.GUI_X_Config,"ax",%progbits
  19              		.align	2
  20              		.global	GUI_X_Config
  21              		.thumb
  22              		.thumb_func
  23              		.type	GUI_X_Config, %function
  24              	GUI_X_Config:
  25              	.LFB0:
  26              		.file 1 ".\\GUIConf.c"
   1:.\GUIConf.c   **** /*********************************************************************
   2:.\GUIConf.c   **** *                SEGGER Microcontroller GmbH & Co. KG                *
   3:.\GUIConf.c   **** *        Solutions for real time microcontroller applications        *
   4:.\GUIConf.c   **** **********************************************************************
   5:.\GUIConf.c   **** *                                                                    *
   6:.\GUIConf.c   **** *        (c) 1996 - 2017  SEGGER Microcontroller GmbH & Co. KG       *
   7:.\GUIConf.c   **** *                                                                    *
   8:.\GUIConf.c   **** *        Internet: www.segger.com    Support:  support@segger.com    *
   9:.\GUIConf.c   **** *                                                                    *
  10:.\GUIConf.c   **** **********************************************************************
  11:.\GUIConf.c   **** 
  12:.\GUIConf.c   **** ** emWin V5.46 - Graphical user interface for embedded applications **
  13:.\GUIConf.c   **** All  Intellectual Property rights  in the Software belongs to  SEGGER.
  14:.\GUIConf.c   **** emWin is protected by  international copyright laws.  Knowledge of the
  15:.\GUIConf.c   **** source code may not be used to write a similar product.  This file may
  16:.\GUIConf.c   **** only be used in accordance with the following terms:
  17:.\GUIConf.c   **** 
  18:.\GUIConf.c   **** The software  has been licensed to  Cypress Semiconductor Corporation,
  19:.\GUIConf.c   **** whose registered  office is situated  at 198 Champion Ct. San Jose, CA 
  20:.\GUIConf.c   **** 95134 USA  solely for the  purposes of creating  libraries for Cypress
  21:.\GUIConf.c   **** PSoC3 and  PSoC5 processor-based devices,  sublicensed and distributed
  22:.\GUIConf.c   **** under  the  terms  and  conditions  of  the  Cypress  End User License
  23:.\GUIConf.c   **** Agreement.
  24:.\GUIConf.c   **** Full source code is available at: www.segger.com
  25:.\GUIConf.c   **** 
  26:.\GUIConf.c   **** We appreciate your understanding and fairness.
  27:.\GUIConf.c   **** ----------------------------------------------------------------------
  28:.\GUIConf.c   **** Licensing information
  29:.\GUIConf.c   **** Licensor:                 SEGGER Microcontroller Systems LLC
  30:.\GUIConf.c   **** Licensed to:              Cypress Semiconductor Corp, 198 Champion Ct., San Jose, CA 95134, USA
  31:.\GUIConf.c   **** Licensed SEGGER software: emWin
ARM GAS  C:\Users\student\AppData\Local\Temp\ccqkdUvj.s 			page 2


  32:.\GUIConf.c   **** License number:           GUI-00319
  33:.\GUIConf.c   **** License model:            Services and License Agreement, signed June 10th, 2009
  34:.\GUIConf.c   **** Licensed platform:        Any Cypress platform (Initial targets are: PSoC3, PSoC5)
  35:.\GUIConf.c   **** ----------------------------------------------------------------------
  36:.\GUIConf.c   **** Support and Update Agreement (SUA)
  37:.\GUIConf.c   **** SUA period:               2009-06-12 - 2022-07-27
  38:.\GUIConf.c   **** Contact to extend SUA:    sales@segger.com
  39:.\GUIConf.c   **** ----------------------------------------------------------------------
  40:.\GUIConf.c   **** File        : GUIConf.c
  41:.\GUIConf.c   **** Purpose     : Display controller initialization
  42:.\GUIConf.c   **** ---------------------------END-OF-HEADER------------------------------
  43:.\GUIConf.c   **** */
  44:.\GUIConf.c   **** 
  45:.\GUIConf.c   **** #include "GUI.h"
  46:.\GUIConf.c   **** 
  47:.\GUIConf.c   **** /*********************************************************************
  48:.\GUIConf.c   **** *
  49:.\GUIConf.c   **** *       Defines
  50:.\GUIConf.c   **** *
  51:.\GUIConf.c   **** **********************************************************************
  52:.\GUIConf.c   **** */
  53:.\GUIConf.c   **** //
  54:.\GUIConf.c   **** // Define the available number of bytes available for the GUI
  55:.\GUIConf.c   **** //
  56:.\GUIConf.c   **** #define GUI_NUMBYTES  0x3000
  57:.\GUIConf.c   **** 
  58:.\GUIConf.c   **** /*********************************************************************
  59:.\GUIConf.c   **** *
  60:.\GUIConf.c   **** *       Public code
  61:.\GUIConf.c   **** *
  62:.\GUIConf.c   **** **********************************************************************
  63:.\GUIConf.c   **** */
  64:.\GUIConf.c   **** /*********************************************************************
  65:.\GUIConf.c   **** *
  66:.\GUIConf.c   **** *       GUI_X_Config
  67:.\GUIConf.c   **** *
  68:.\GUIConf.c   **** * Purpose:
  69:.\GUIConf.c   **** *   Called during the initialization process in order to set up the
  70:.\GUIConf.c   **** *   available memory for the GUI.
  71:.\GUIConf.c   **** */
  72:.\GUIConf.c   **** void GUI_X_Config(void) {
  27              		.loc 1 72 0
  28              		.cfi_startproc
  29              		@ args = 0, pretend = 0, frame = 0
  30              		@ frame_needed = 0, uses_anonymous_args = 0
  31 0000 08B5     		push	{r3, lr}
  32              		.cfi_def_cfa_offset 8
  33              		.cfi_offset 3, -8
  34              		.cfi_offset 14, -4
  73:.\GUIConf.c   ****   //
  74:.\GUIConf.c   ****   // 32 bit aligned memory area
  75:.\GUIConf.c   ****   //
  76:.\GUIConf.c   ****   static U32 aMemory[GUI_NUMBYTES / 4];
  77:.\GUIConf.c   ****   //
  78:.\GUIConf.c   ****   // Assign memory to emWin
  79:.\GUIConf.c   ****   //
  80:.\GUIConf.c   ****   GUI_ALLOC_AssignMemory(aMemory, GUI_NUMBYTES);
ARM GAS  C:\Users\student\AppData\Local\Temp\ccqkdUvj.s 			page 3


  35              		.loc 1 80 0
  36 0002 0448     		ldr	r0, .L3
  37 0004 4FF44051 		mov	r1, #12288
  38 0008 FFF7FEFF 		bl	GUI_ALLOC_AssignMemory
  39              	.LVL0:
  81:.\GUIConf.c   ****   //
  82:.\GUIConf.c   ****   // Set default font
  83:.\GUIConf.c   ****   //
  84:.\GUIConf.c   ****   GUI_SetDefaultFont(GUI_FONT_6X8);
  40              		.loc 1 84 0
  41 000c 0248     		ldr	r0, .L3+4
  42 000e FFF7FEFF 		bl	GUI_SetDefaultFont
  43              	.LVL1:
  44 0012 08BD     		pop	{r3, pc}
  45              	.L4:
  46              		.align	2
  47              	.L3:
  48 0014 00000000 		.word	.LANCHOR0
  49 0018 00000000 		.word	GUI_Font6x8
  50              		.cfi_endproc
  51              	.LFE0:
  52              		.size	GUI_X_Config, .-GUI_X_Config
  53              		.bss
  54              		.align	2
  55              		.set	.LANCHOR0,. + 0
  56              		.type	aMemory.8032, %object
  57              		.size	aMemory.8032, 12288
  58              	aMemory.8032:
  59 0000 00000000 		.space	12288
  59      00000000 
  59      00000000 
  59      00000000 
  59      00000000 
  60              		.text
  61              	.Letext0:
  62              		.file 2 "..\\emWinGraphics_v5_46\\Code\\Include\\PSoC4_5/GUI_Type.h"
  63              		.file 3 "..\\emWinGraphics_v5_46\\Code\\Include\\PSoC4_5/GUI.h"
  64              		.section	.debug_info,"",%progbits
  65              	.Ldebug_info0:
  66 0000 4A060000 		.4byte	0x64a
  67 0004 0400     		.2byte	0x4
  68 0006 00000000 		.4byte	.Ldebug_abbrev0
  69 000a 04       		.byte	0x4
  70 000b 01       		.uleb128 0x1
  71 000c 41030000 		.4byte	.LASF65
  72 0010 01       		.byte	0x1
  73 0011 36010000 		.4byte	.LASF66
  74 0015 C3010000 		.4byte	.LASF67
  75 0019 00000000 		.4byte	.Ldebug_ranges0+0
  76 001d 00000000 		.4byte	0
  77 0021 00000000 		.4byte	.Ldebug_line0
  78 0025 02       		.uleb128 0x2
  79 0026 04       		.byte	0x4
  80 0027 05       		.byte	0x5
  81 0028 696E7400 		.ascii	"int\000"
  82 002c 03       		.uleb128 0x3
  83 002d 04       		.byte	0x4
ARM GAS  C:\Users\student\AppData\Local\Temp\ccqkdUvj.s 			page 4


  84 002e 07       		.byte	0x7
  85 002f 1A020000 		.4byte	.LASF0
  86 0033 03       		.uleb128 0x3
  87 0034 08       		.byte	0x8
  88 0035 05       		.byte	0x5
  89 0036 8B000000 		.4byte	.LASF1
  90 003a 03       		.uleb128 0x3
  91 003b 08       		.byte	0x8
  92 003c 04       		.byte	0x4
  93 003d 92010000 		.4byte	.LASF2
  94 0041 03       		.uleb128 0x3
  95 0042 04       		.byte	0x4
  96 0043 07       		.byte	0x7
  97 0044 CA020000 		.4byte	.LASF3
  98 0048 03       		.uleb128 0x3
  99 0049 02       		.byte	0x2
 100 004a 05       		.byte	0x5
 101 004b 2E000000 		.4byte	.LASF4
 102 004f 03       		.uleb128 0x3
 103 0050 01       		.byte	0x1
 104 0051 08       		.byte	0x8
 105 0052 63020000 		.4byte	.LASF5
 106 0056 03       		.uleb128 0x3
 107 0057 01       		.byte	0x1
 108 0058 08       		.byte	0x8
 109 0059 84010000 		.4byte	.LASF6
 110 005d 04       		.uleb128 0x4
 111 005e 04       		.byte	0x4
 112 005f 03       		.uleb128 0x3
 113 0060 04       		.byte	0x4
 114 0061 05       		.byte	0x5
 115 0062 42010000 		.4byte	.LASF7
 116 0066 05       		.uleb128 0x5
 117 0067 04       		.byte	0x4
 118 0068 6C000000 		.4byte	0x6c
 119 006c 06       		.uleb128 0x6
 120 006d 56000000 		.4byte	0x56
 121 0071 05       		.uleb128 0x5
 122 0072 04       		.byte	0x4
 123 0073 77000000 		.4byte	0x77
 124 0077 07       		.uleb128 0x7
 125 0078 05       		.uleb128 0x5
 126 0079 04       		.byte	0x4
 127 007a 7E000000 		.4byte	0x7e
 128 007e 06       		.uleb128 0x6
 129 007f 4F000000 		.4byte	0x4f
 130 0083 03       		.uleb128 0x3
 131 0084 02       		.byte	0x2
 132 0085 07       		.byte	0x7
 133 0086 50020000 		.4byte	.LASF8
 134 008a 08       		.uleb128 0x8
 135 008b 04       		.byte	0x4
 136 008c 02       		.byte	0x2
 137 008d B6       		.byte	0xb6
 138 008e A9000000 		.4byte	0xa9
 139 0092 09       		.uleb128 0x9
 140 0093 633000   		.ascii	"c0\000"
ARM GAS  C:\Users\student\AppData\Local\Temp\ccqkdUvj.s 			page 5


 141 0096 02       		.byte	0x2
 142 0097 B7       		.byte	0xb7
 143 0098 48000000 		.4byte	0x48
 144 009c 00       		.byte	0
 145 009d 09       		.uleb128 0x9
 146 009e 633100   		.ascii	"c1\000"
 147 00a1 02       		.byte	0x2
 148 00a2 B8       		.byte	0xb8
 149 00a3 48000000 		.4byte	0x48
 150 00a7 02       		.byte	0x2
 151 00a8 00       		.byte	0
 152 00a9 0A       		.uleb128 0xa
 153 00aa 99000000 		.4byte	.LASF12
 154 00ae 02       		.byte	0x2
 155 00af B9       		.byte	0xb9
 156 00b0 8A000000 		.4byte	0x8a
 157 00b4 08       		.uleb128 0x8
 158 00b5 08       		.byte	0x8
 159 00b6 02       		.byte	0x2
 160 00b7 BB       		.byte	0xbb
 161 00b8 E1000000 		.4byte	0xe1
 162 00bc 0B       		.uleb128 0xb
 163 00bd 68020000 		.4byte	.LASF9
 164 00c1 02       		.byte	0x2
 165 00c2 BC       		.byte	0xbc
 166 00c3 83000000 		.4byte	0x83
 167 00c7 00       		.byte	0
 168 00c8 0B       		.uleb128 0xb
 169 00c9 08040000 		.4byte	.LASF10
 170 00cd 02       		.byte	0x2
 171 00ce BD       		.byte	0xbd
 172 00cf 83000000 		.4byte	0x83
 173 00d3 02       		.byte	0x2
 174 00d4 0B       		.uleb128 0xb
 175 00d5 00000000 		.4byte	.LASF11
 176 00d9 02       		.byte	0x2
 177 00da BE       		.byte	0xbe
 178 00db E1000000 		.4byte	0xe1
 179 00df 04       		.byte	0x4
 180 00e0 00       		.byte	0
 181 00e1 05       		.uleb128 0x5
 182 00e2 04       		.byte	0x4
 183 00e3 E7000000 		.4byte	0xe7
 184 00e7 06       		.uleb128 0x6
 185 00e8 A9000000 		.4byte	0xa9
 186 00ec 0A       		.uleb128 0xa
 187 00ed FB000000 		.4byte	.LASF13
 188 00f1 02       		.byte	0x2
 189 00f2 BF       		.byte	0xbf
 190 00f3 B4000000 		.4byte	0xb4
 191 00f7 08       		.uleb128 0x8
 192 00f8 08       		.byte	0x8
 193 00f9 02       		.byte	0x2
 194 00fa C1       		.byte	0xc1
 195 00fb 30010000 		.4byte	0x130
 196 00ff 0B       		.uleb128 0xb
 197 0100 C2000000 		.4byte	.LASF14
ARM GAS  C:\Users\student\AppData\Local\Temp\ccqkdUvj.s 			page 6


 198 0104 02       		.byte	0x2
 199 0105 C2       		.byte	0xc2
 200 0106 56000000 		.4byte	0x56
 201 010a 00       		.byte	0
 202 010b 0B       		.uleb128 0xb
 203 010c 14020000 		.4byte	.LASF15
 204 0110 02       		.byte	0x2
 205 0111 C3       		.byte	0xc3
 206 0112 56000000 		.4byte	0x56
 207 0116 01       		.byte	0x1
 208 0117 0B       		.uleb128 0xb
 209 0118 58000000 		.4byte	.LASF16
 210 011c 02       		.byte	0x2
 211 011d C4       		.byte	0xc4
 212 011e 56000000 		.4byte	0x56
 213 0122 02       		.byte	0x2
 214 0123 0B       		.uleb128 0xb
 215 0124 1E000000 		.4byte	.LASF17
 216 0128 02       		.byte	0x2
 217 0129 C5       		.byte	0xc5
 218 012a 66000000 		.4byte	0x66
 219 012e 04       		.byte	0x4
 220 012f 00       		.byte	0
 221 0130 0A       		.uleb128 0xa
 222 0131 06000000 		.4byte	.LASF18
 223 0135 02       		.byte	0x2
 224 0136 C6       		.byte	0xc6
 225 0137 F7000000 		.4byte	0xf7
 226 013b 08       		.uleb128 0x8
 227 013c 0C       		.byte	0xc
 228 013d 02       		.byte	0x2
 229 013e C8       		.byte	0xc8
 230 013f 8C010000 		.4byte	0x18c
 231 0143 0B       		.uleb128 0xb
 232 0144 C2000000 		.4byte	.LASF14
 233 0148 02       		.byte	0x2
 234 0149 C9       		.byte	0xc9
 235 014a 56000000 		.4byte	0x56
 236 014e 00       		.byte	0
 237 014f 0B       		.uleb128 0xb
 238 0150 4A020000 		.4byte	.LASF19
 239 0154 02       		.byte	0x2
 240 0155 CA       		.byte	0xca
 241 0156 56000000 		.4byte	0x56
 242 015a 01       		.byte	0x1
 243 015b 0B       		.uleb128 0xb
 244 015c E8000000 		.4byte	.LASF20
 245 0160 02       		.byte	0x2
 246 0161 CB       		.byte	0xcb
 247 0162 8C010000 		.4byte	0x18c
 248 0166 02       		.byte	0x2
 249 0167 0B       		.uleb128 0xb
 250 0168 27020000 		.4byte	.LASF21
 251 016c 02       		.byte	0x2
 252 016d CC       		.byte	0xcc
 253 016e 8C010000 		.4byte	0x18c
 254 0172 03       		.byte	0x3
ARM GAS  C:\Users\student\AppData\Local\Temp\ccqkdUvj.s 			page 7


 255 0173 0B       		.uleb128 0xb
 256 0174 14020000 		.4byte	.LASF15
 257 0178 02       		.byte	0x2
 258 0179 CD       		.byte	0xcd
 259 017a 56000000 		.4byte	0x56
 260 017e 04       		.byte	0x4
 261 017f 0B       		.uleb128 0xb
 262 0180 1E000000 		.4byte	.LASF17
 263 0184 02       		.byte	0x2
 264 0185 CE       		.byte	0xce
 265 0186 66000000 		.4byte	0x66
 266 018a 08       		.byte	0x8
 267 018b 00       		.byte	0
 268 018c 03       		.uleb128 0x3
 269 018d 01       		.byte	0x1
 270 018e 06       		.byte	0x6
 271 018f B7010000 		.4byte	.LASF22
 272 0193 0A       		.uleb128 0xa
 273 0194 4B010000 		.4byte	.LASF23
 274 0198 02       		.byte	0x2
 275 0199 CF       		.byte	0xcf
 276 019a 3B010000 		.4byte	0x13b
 277 019e 0C       		.uleb128 0xc
 278 019f AF020000 		.4byte	.LASF28
 279 01a3 0C       		.byte	0xc
 280 01a4 02       		.byte	0x2
 281 01a5 D1       		.byte	0xd1
 282 01a6 DB010000 		.4byte	0x1db
 283 01aa 0B       		.uleb128 0xb
 284 01ab DC020000 		.4byte	.LASF24
 285 01af 02       		.byte	0x2
 286 01b0 D2       		.byte	0xd2
 287 01b1 83000000 		.4byte	0x83
 288 01b5 00       		.byte	0
 289 01b6 0B       		.uleb128 0xb
 290 01b7 31010000 		.4byte	.LASF25
 291 01bb 02       		.byte	0x2
 292 01bc D3       		.byte	0xd3
 293 01bd 83000000 		.4byte	0x83
 294 01c1 02       		.byte	0x2
 295 01c2 0B       		.uleb128 0xb
 296 01c3 18010000 		.4byte	.LASF26
 297 01c7 02       		.byte	0x2
 298 01c8 D4       		.byte	0xd4
 299 01c9 DB010000 		.4byte	0x1db
 300 01cd 04       		.byte	0x4
 301 01ce 0B       		.uleb128 0xb
 302 01cf 23010000 		.4byte	.LASF27
 303 01d3 02       		.byte	0x2
 304 01d4 D5       		.byte	0xd5
 305 01d5 E6010000 		.4byte	0x1e6
 306 01d9 08       		.byte	0x8
 307 01da 00       		.byte	0
 308 01db 05       		.uleb128 0x5
 309 01dc 04       		.byte	0x4
 310 01dd E1010000 		.4byte	0x1e1
 311 01e1 06       		.uleb128 0x6
ARM GAS  C:\Users\student\AppData\Local\Temp\ccqkdUvj.s 			page 8


 312 01e2 30010000 		.4byte	0x130
 313 01e6 05       		.uleb128 0x5
 314 01e7 04       		.byte	0x4
 315 01e8 EC010000 		.4byte	0x1ec
 316 01ec 06       		.uleb128 0x6
 317 01ed 9E010000 		.4byte	0x19e
 318 01f1 0A       		.uleb128 0xa
 319 01f2 AF020000 		.4byte	.LASF28
 320 01f6 02       		.byte	0x2
 321 01f7 D6       		.byte	0xd6
 322 01f8 9E010000 		.4byte	0x19e
 323 01fc 0C       		.uleb128 0xc
 324 01fd 79000000 		.4byte	.LASF29
 325 0201 0C       		.byte	0xc
 326 0202 02       		.byte	0x2
 327 0203 D8       		.byte	0xd8
 328 0204 39020000 		.4byte	0x239
 329 0208 0B       		.uleb128 0xb
 330 0209 DC020000 		.4byte	.LASF24
 331 020d 02       		.byte	0x2
 332 020e D9       		.byte	0xd9
 333 020f 83000000 		.4byte	0x83
 334 0213 00       		.byte	0
 335 0214 0B       		.uleb128 0xb
 336 0215 31010000 		.4byte	.LASF25
 337 0219 02       		.byte	0x2
 338 021a DA       		.byte	0xda
 339 021b 83000000 		.4byte	0x83
 340 021f 02       		.byte	0x2
 341 0220 0B       		.uleb128 0xb
 342 0221 18010000 		.4byte	.LASF26
 343 0225 02       		.byte	0x2
 344 0226 DB       		.byte	0xdb
 345 0227 39020000 		.4byte	0x239
 346 022b 04       		.byte	0x4
 347 022c 0B       		.uleb128 0xb
 348 022d 23010000 		.4byte	.LASF27
 349 0231 02       		.byte	0x2
 350 0232 DC       		.byte	0xdc
 351 0233 44020000 		.4byte	0x244
 352 0237 08       		.byte	0x8
 353 0238 00       		.byte	0
 354 0239 05       		.uleb128 0x5
 355 023a 04       		.byte	0x4
 356 023b 3F020000 		.4byte	0x23f
 357 023f 06       		.uleb128 0x6
 358 0240 93010000 		.4byte	0x193
 359 0244 05       		.uleb128 0x5
 360 0245 04       		.byte	0x4
 361 0246 4A020000 		.4byte	0x24a
 362 024a 06       		.uleb128 0x6
 363 024b FC010000 		.4byte	0x1fc
 364 024f 0A       		.uleb128 0xa
 365 0250 79000000 		.4byte	.LASF29
 366 0254 02       		.byte	0x2
 367 0255 DD       		.byte	0xdd
 368 0256 FC010000 		.4byte	0x1fc
ARM GAS  C:\Users\student\AppData\Local\Temp\ccqkdUvj.s 			page 9


 369 025a 08       		.uleb128 0x8
 370 025b 14       		.byte	0x14
 371 025c 02       		.byte	0x2
 372 025d DF       		.byte	0xdf
 373 025e C3020000 		.4byte	0x2c3
 374 0262 0B       		.uleb128 0xb
 375 0263 1E000000 		.4byte	.LASF17
 376 0267 02       		.byte	0x2
 377 0268 E0       		.byte	0xe0
 378 0269 66000000 		.4byte	0x66
 379 026d 00       		.byte	0
 380 026e 0B       		.uleb128 0xb
 381 026f 5C010000 		.4byte	.LASF30
 382 0273 02       		.byte	0x2
 383 0274 E1       		.byte	0xe1
 384 0275 66000000 		.4byte	0x66
 385 0279 04       		.byte	0x4
 386 027a 0B       		.uleb128 0xb
 387 027b 72000000 		.4byte	.LASF31
 388 027f 02       		.byte	0x2
 389 0280 E2       		.byte	0xe2
 390 0281 C3020000 		.4byte	0x2c3
 391 0285 08       		.byte	0x8
 392 0286 0B       		.uleb128 0xb
 393 0287 68020000 		.4byte	.LASF9
 394 028b 02       		.byte	0x2
 395 028c E3       		.byte	0xe3
 396 028d 83000000 		.4byte	0x83
 397 0291 0C       		.byte	0xc
 398 0292 0B       		.uleb128 0xb
 399 0293 08040000 		.4byte	.LASF10
 400 0297 02       		.byte	0x2
 401 0298 E4       		.byte	0xe4
 402 0299 83000000 		.4byte	0x83
 403 029d 0E       		.byte	0xe
 404 029e 0B       		.uleb128 0xb
 405 029f C2000000 		.4byte	.LASF14
 406 02a3 02       		.byte	0x2
 407 02a4 E5       		.byte	0xe5
 408 02a5 56000000 		.4byte	0x56
 409 02a9 10       		.byte	0x10
 410 02aa 0B       		.uleb128 0xb
 411 02ab 14020000 		.4byte	.LASF15
 412 02af 02       		.byte	0x2
 413 02b0 E6       		.byte	0xe6
 414 02b1 56000000 		.4byte	0x56
 415 02b5 11       		.byte	0x11
 416 02b6 0B       		.uleb128 0xb
 417 02b7 58000000 		.4byte	.LASF16
 418 02bb 02       		.byte	0x2
 419 02bc E7       		.byte	0xe7
 420 02bd 56000000 		.4byte	0x56
 421 02c1 12       		.byte	0x12
 422 02c2 00       		.byte	0
 423 02c3 05       		.uleb128 0x5
 424 02c4 04       		.byte	0x4
 425 02c5 C9020000 		.4byte	0x2c9
ARM GAS  C:\Users\student\AppData\Local\Temp\ccqkdUvj.s 			page 10


 426 02c9 06       		.uleb128 0x6
 427 02ca EC000000 		.4byte	0xec
 428 02ce 0A       		.uleb128 0xa
 429 02cf E2020000 		.4byte	.LASF32
 430 02d3 02       		.byte	0x2
 431 02d4 E8       		.byte	0xe8
 432 02d5 5A020000 		.4byte	0x25a
 433 02d9 08       		.uleb128 0x8
 434 02da 06       		.byte	0x6
 435 02db 02       		.byte	0x2
 436 02dc F1       		.byte	0xf1
 437 02dd 12030000 		.4byte	0x312
 438 02e1 0B       		.uleb128 0xb
 439 02e2 ED000000 		.4byte	.LASF33
 440 02e6 02       		.byte	0x2
 441 02e7 F2       		.byte	0xf2
 442 02e8 83000000 		.4byte	0x83
 443 02ec 00       		.byte	0
 444 02ed 0B       		.uleb128 0xb
 445 02ee B9000000 		.4byte	.LASF34
 446 02f2 02       		.byte	0x2
 447 02f3 F3       		.byte	0xf3
 448 02f4 56000000 		.4byte	0x56
 449 02f8 02       		.byte	0x2
 450 02f9 0B       		.uleb128 0xb
 451 02fa AC000000 		.4byte	.LASF35
 452 02fe 02       		.byte	0x2
 453 02ff F4       		.byte	0xf4
 454 0300 56000000 		.4byte	0x56
 455 0304 03       		.byte	0x3
 456 0305 0B       		.uleb128 0xb
 457 0306 F3000000 		.4byte	.LASF36
 458 030a 02       		.byte	0x2
 459 030b F5       		.byte	0xf5
 460 030c 56000000 		.4byte	0x56
 461 0310 04       		.byte	0x4
 462 0311 00       		.byte	0
 463 0312 0A       		.uleb128 0xa
 464 0313 FB030000 		.4byte	.LASF37
 465 0317 02       		.byte	0x2
 466 0318 F6       		.byte	0xf6
 467 0319 D9020000 		.4byte	0x2d9
 468 031d 0D       		.uleb128 0xd
 469 031e 94020000 		.4byte	.LASF38
 470 0322 02       		.byte	0x2
 471 0323 1301     		.2byte	0x113
 472 0325 29030000 		.4byte	0x329
 473 0329 0E       		.uleb128 0xe
 474 032a 25000000 		.4byte	0x25
 475 032e 3D030000 		.4byte	0x33d
 476 0332 0F       		.uleb128 0xf
 477 0333 78000000 		.4byte	0x78
 478 0337 0F       		.uleb128 0xf
 479 0338 25000000 		.4byte	0x25
 480 033c 00       		.byte	0
 481 033d 0D       		.uleb128 0xd
 482 033e 31030000 		.4byte	.LASF39
ARM GAS  C:\Users\student\AppData\Local\Temp\ccqkdUvj.s 			page 11


 483 0342 02       		.byte	0x2
 484 0343 1401     		.2byte	0x114
 485 0345 29030000 		.4byte	0x329
 486 0349 0D       		.uleb128 0xd
 487 034a EE030000 		.4byte	.LASF40
 488 034e 02       		.byte	0x2
 489 034f 1501     		.2byte	0x115
 490 0351 55030000 		.4byte	0x355
 491 0355 10       		.uleb128 0x10
 492 0356 65030000 		.4byte	0x365
 493 035a 0F       		.uleb128 0xf
 494 035b 78000000 		.4byte	0x78
 495 035f 0F       		.uleb128 0xf
 496 0360 25000000 		.4byte	0x25
 497 0364 00       		.byte	0
 498 0365 11       		.uleb128 0x11
 499 0366 0C       		.byte	0xc
 500 0367 02       		.byte	0x2
 501 0368 1701     		.2byte	0x117
 502 036a 96030000 		.4byte	0x396
 503 036e 12       		.uleb128 0x12
 504 036f 72020000 		.4byte	.LASF41
 505 0373 02       		.byte	0x2
 506 0374 1801     		.2byte	0x118
 507 0376 96030000 		.4byte	0x396
 508 037a 00       		.byte	0
 509 037b 12       		.uleb128 0x12
 510 037c 65000000 		.4byte	.LASF42
 511 0380 02       		.byte	0x2
 512 0381 1901     		.2byte	0x119
 513 0383 9C030000 		.4byte	0x39c
 514 0387 04       		.byte	0x4
 515 0388 12       		.uleb128 0x12
 516 0389 AC010000 		.4byte	.LASF43
 517 038d 02       		.byte	0x2
 518 038e 1A01     		.2byte	0x11a
 519 0390 A2030000 		.4byte	0x3a2
 520 0394 08       		.byte	0x8
 521 0395 00       		.byte	0
 522 0396 05       		.uleb128 0x5
 523 0397 04       		.byte	0x4
 524 0398 1D030000 		.4byte	0x31d
 525 039c 05       		.uleb128 0x5
 526 039d 04       		.byte	0x4
 527 039e 3D030000 		.4byte	0x33d
 528 03a2 05       		.uleb128 0x5
 529 03a3 04       		.byte	0x4
 530 03a4 49030000 		.4byte	0x349
 531 03a8 0D       		.uleb128 0xd
 532 03a9 D7000000 		.4byte	.LASF44
 533 03ad 02       		.byte	0x2
 534 03ae 1B01     		.2byte	0x11b
 535 03b0 65030000 		.4byte	0x365
 536 03b4 0D       		.uleb128 0xd
 537 03b5 A6020000 		.4byte	.LASF45
 538 03b9 02       		.byte	0x2
 539 03ba 2401     		.2byte	0x124
ARM GAS  C:\Users\student\AppData\Local\Temp\ccqkdUvj.s 			page 12


 540 03bc C0030000 		.4byte	0x3c0
 541 03c0 13       		.uleb128 0x13
 542 03c1 A6020000 		.4byte	.LASF45
 543 03c5 24       		.byte	0x24
 544 03c6 02       		.byte	0x2
 545 03c7 B101     		.2byte	0x1b1
 546 03c9 82040000 		.4byte	0x482
 547 03cd 12       		.uleb128 0x12
 548 03ce 20030000 		.4byte	.LASF46
 549 03d2 02       		.byte	0x2
 550 03d3 B201     		.2byte	0x1b2
 551 03d5 8D050000 		.4byte	0x58d
 552 03d9 00       		.byte	0
 553 03da 12       		.uleb128 0x12
 554 03db F0020000 		.4byte	.LASF47
 555 03df 02       		.byte	0x2
 556 03e0 B301     		.2byte	0x1b3
 557 03e2 93050000 		.4byte	0x593
 558 03e6 04       		.byte	0x4
 559 03e7 12       		.uleb128 0x12
 560 03e8 E0030000 		.4byte	.LASF48
 561 03ec 02       		.byte	0x2
 562 03ed B401     		.2byte	0x1b4
 563 03ef 99050000 		.4byte	0x599
 564 03f3 08       		.byte	0x8
 565 03f4 12       		.uleb128 0x12
 566 03f5 13000000 		.4byte	.LASF49
 567 03f9 02       		.byte	0x2
 568 03fa B501     		.2byte	0x1b5
 569 03fc 9F050000 		.4byte	0x59f
 570 0400 0C       		.byte	0xc
 571 0401 12       		.uleb128 0x12
 572 0402 9E010000 		.4byte	.LASF50
 573 0406 02       		.byte	0x2
 574 0407 B601     		.2byte	0x1b6
 575 0409 A5050000 		.4byte	0x5a5
 576 040d 10       		.byte	0x10
 577 040e 12       		.uleb128 0x12
 578 040f 0E010000 		.4byte	.LASF51
 579 0413 02       		.byte	0x2
 580 0414 B701     		.2byte	0x1b7
 581 0416 AB050000 		.4byte	0x5ab
 582 041a 14       		.byte	0x14
 583 041b 12       		.uleb128 0x12
 584 041c 4A020000 		.4byte	.LASF19
 585 0420 02       		.byte	0x2
 586 0421 B801     		.2byte	0x1b8
 587 0423 56000000 		.4byte	0x56
 588 0427 18       		.byte	0x18
 589 0428 12       		.uleb128 0x12
 590 0429 2B030000 		.4byte	.LASF52
 591 042d 02       		.byte	0x2
 592 042e B901     		.2byte	0x1b9
 593 0430 56000000 		.4byte	0x56
 594 0434 19       		.byte	0x19
 595 0435 12       		.uleb128 0x12
 596 0436 1B030000 		.4byte	.LASF53
ARM GAS  C:\Users\student\AppData\Local\Temp\ccqkdUvj.s 			page 13


 597 043a 02       		.byte	0x2
 598 043b BA01     		.2byte	0x1ba
 599 043d 56000000 		.4byte	0x56
 600 0441 1A       		.byte	0x1a
 601 0442 12       		.uleb128 0x12
 602 0443 B4000000 		.4byte	.LASF54
 603 0447 02       		.byte	0x2
 604 0448 BB01     		.2byte	0x1bb
 605 044a 56000000 		.4byte	0x56
 606 044e 1B       		.byte	0x1b
 607 044f 14       		.uleb128 0x14
 608 0450 7000     		.ascii	"p\000"
 609 0452 02       		.byte	0x2
 610 0453 C101     		.2byte	0x1c1
 611 0455 32050000 		.4byte	0x532
 612 0459 1C       		.byte	0x1c
 613 045a 12       		.uleb128 0x12
 614 045b B9000000 		.4byte	.LASF34
 615 045f 02       		.byte	0x2
 616 0460 C201     		.2byte	0x1c2
 617 0462 56000000 		.4byte	0x56
 618 0466 20       		.byte	0x20
 619 0467 12       		.uleb128 0x12
 620 0468 AC000000 		.4byte	.LASF35
 621 046c 02       		.byte	0x2
 622 046d C301     		.2byte	0x1c3
 623 046f 56000000 		.4byte	0x56
 624 0473 21       		.byte	0x21
 625 0474 12       		.uleb128 0x12
 626 0475 F3000000 		.4byte	.LASF36
 627 0479 02       		.byte	0x2
 628 047a C401     		.2byte	0x1c4
 629 047c 56000000 		.4byte	0x56
 630 0480 22       		.byte	0x22
 631 0481 00       		.byte	0
 632 0482 0D       		.uleb128 0xd
 633 0483 77010000 		.4byte	.LASF55
 634 0487 02       		.byte	0x2
 635 0488 2601     		.2byte	0x126
 636 048a 8E040000 		.4byte	0x48e
 637 048e 10       		.uleb128 0x10
 638 048f 99040000 		.4byte	0x499
 639 0493 0F       		.uleb128 0xf
 640 0494 83000000 		.4byte	0x83
 641 0498 00       		.byte	0
 642 0499 0D       		.uleb128 0xd
 643 049a 2C020000 		.4byte	.LASF56
 644 049e 02       		.byte	0x2
 645 049f 2701     		.2byte	0x127
 646 04a1 A5040000 		.4byte	0x4a5
 647 04a5 0E       		.uleb128 0xe
 648 04a6 25000000 		.4byte	0x25
 649 04aa B9040000 		.4byte	0x4b9
 650 04ae 0F       		.uleb128 0xf
 651 04af 83000000 		.4byte	0x83
 652 04b3 0F       		.uleb128 0xf
 653 04b4 B9040000 		.4byte	0x4b9
ARM GAS  C:\Users\student\AppData\Local\Temp\ccqkdUvj.s 			page 14


 654 04b8 00       		.byte	0
 655 04b9 05       		.uleb128 0x5
 656 04ba 04       		.byte	0x4
 657 04bb 25000000 		.4byte	0x25
 658 04bf 0D       		.uleb128 0xd
 659 04c0 FF020000 		.4byte	.LASF57
 660 04c4 02       		.byte	0x2
 661 04c5 2801     		.2byte	0x128
 662 04c7 CB040000 		.4byte	0x4cb
 663 04cb 10       		.uleb128 0x10
 664 04cc DB040000 		.4byte	0x4db
 665 04d0 0F       		.uleb128 0xf
 666 04d1 DB040000 		.4byte	0x4db
 667 04d5 0F       		.uleb128 0xf
 668 04d6 E6040000 		.4byte	0x4e6
 669 04da 00       		.byte	0
 670 04db 05       		.uleb128 0x5
 671 04dc 04       		.byte	0x4
 672 04dd E1040000 		.4byte	0x4e1
 673 04e1 06       		.uleb128 0x6
 674 04e2 B4030000 		.4byte	0x3b4
 675 04e6 05       		.uleb128 0x5
 676 04e7 04       		.byte	0x4
 677 04e8 12030000 		.4byte	0x312
 678 04ec 0D       		.uleb128 0xd
 679 04ed 3D020000 		.4byte	.LASF58
 680 04f1 02       		.byte	0x2
 681 04f2 2901     		.2byte	0x129
 682 04f4 F8040000 		.4byte	0x4f8
 683 04f8 0E       		.uleb128 0xe
 684 04f9 4F000000 		.4byte	0x4f
 685 04fd 0C050000 		.4byte	0x50c
 686 0501 0F       		.uleb128 0xf
 687 0502 DB040000 		.4byte	0x4db
 688 0506 0F       		.uleb128 0xf
 689 0507 83000000 		.4byte	0x83
 690 050b 00       		.byte	0
 691 050c 0D       		.uleb128 0xd
 692 050d 67010000 		.4byte	.LASF59
 693 0511 02       		.byte	0x2
 694 0512 2A01     		.2byte	0x12a
 695 0514 18050000 		.4byte	0x518
 696 0518 0E       		.uleb128 0xe
 697 0519 25000000 		.4byte	0x25
 698 051d 2C050000 		.4byte	0x52c
 699 0521 0F       		.uleb128 0xf
 700 0522 83000000 		.4byte	0x83
 701 0526 0F       		.uleb128 0xf
 702 0527 2C050000 		.4byte	0x52c
 703 052b 00       		.byte	0
 704 052c 05       		.uleb128 0x5
 705 052d 04       		.byte	0x4
 706 052e 93010000 		.4byte	0x193
 707 0532 15       		.uleb128 0x15
 708 0533 04       		.byte	0x4
 709 0534 02       		.byte	0x2
 710 0535 BC01     		.2byte	0x1bc
ARM GAS  C:\Users\student\AppData\Local\Temp\ccqkdUvj.s 			page 15


 711 0537 6C050000 		.4byte	0x56c
 712 053b 16       		.uleb128 0x16
 713 053c 24000000 		.4byte	.LASF60
 714 0540 02       		.byte	0x2
 715 0541 BD01     		.2byte	0x1bd
 716 0543 71000000 		.4byte	0x71
 717 0547 16       		.uleb128 0x16
 718 0548 C8000000 		.4byte	.LASF61
 719 054c 02       		.byte	0x2
 720 054d BE01     		.2byte	0x1be
 721 054f 6C050000 		.4byte	0x56c
 722 0553 16       		.uleb128 0x16
 723 0554 DA030000 		.4byte	.LASF62
 724 0558 02       		.byte	0x2
 725 0559 BF01     		.2byte	0x1bf
 726 055b 77050000 		.4byte	0x577
 727 055f 16       		.uleb128 0x16
 728 0560 CE000000 		.4byte	.LASF63
 729 0564 02       		.byte	0x2
 730 0565 C001     		.2byte	0x1c0
 731 0567 82050000 		.4byte	0x582
 732 056b 00       		.byte	0
 733 056c 05       		.uleb128 0x5
 734 056d 04       		.byte	0x4
 735 056e 72050000 		.4byte	0x572
 736 0572 06       		.uleb128 0x6
 737 0573 CE020000 		.4byte	0x2ce
 738 0577 05       		.uleb128 0x5
 739 0578 04       		.byte	0x4
 740 0579 7D050000 		.4byte	0x57d
 741 057d 06       		.uleb128 0x6
 742 057e F1010000 		.4byte	0x1f1
 743 0582 05       		.uleb128 0x5
 744 0583 04       		.byte	0x4
 745 0584 88050000 		.4byte	0x588
 746 0588 06       		.uleb128 0x6
 747 0589 4F020000 		.4byte	0x24f
 748 058d 05       		.uleb128 0x5
 749 058e 04       		.byte	0x4
 750 058f 82040000 		.4byte	0x482
 751 0593 05       		.uleb128 0x5
 752 0594 04       		.byte	0x4
 753 0595 99040000 		.4byte	0x499
 754 0599 05       		.uleb128 0x5
 755 059a 04       		.byte	0x4
 756 059b BF040000 		.4byte	0x4bf
 757 059f 05       		.uleb128 0x5
 758 05a0 04       		.byte	0x4
 759 05a1 EC040000 		.4byte	0x4ec
 760 05a5 05       		.uleb128 0x5
 761 05a6 04       		.byte	0x4
 762 05a7 0C050000 		.4byte	0x50c
 763 05ab 05       		.uleb128 0x5
 764 05ac 04       		.byte	0x4
 765 05ad B1050000 		.4byte	0x5b1
 766 05b1 06       		.uleb128 0x6
 767 05b2 A8030000 		.4byte	0x3a8
ARM GAS  C:\Users\student\AppData\Local\Temp\ccqkdUvj.s 			page 16


 768 05b6 03       		.uleb128 0x3
 769 05b7 04       		.byte	0x4
 770 05b8 07       		.byte	0x7
 771 05b9 38000000 		.4byte	.LASF64
 772 05bd 17       		.uleb128 0x17
 773 05be BD020000 		.4byte	.LASF68
 774 05c2 01       		.byte	0x1
 775 05c3 48       		.byte	0x48
 776 05c4 00000000 		.4byte	.LFB0
 777 05c8 1C000000 		.4byte	.LFE0-.LFB0
 778 05cc 01       		.uleb128 0x1
 779 05cd 9C       		.byte	0x9c
 780 05ce 0B060000 		.4byte	0x60b
 781 05d2 18       		.uleb128 0x18
 782 05d3 29010000 		.4byte	.LASF69
 783 05d7 01       		.byte	0x1
 784 05d8 4C       		.byte	0x4c
 785 05d9 0B060000 		.4byte	0x60b
 786 05dd 05       		.uleb128 0x5
 787 05de 03       		.byte	0x3
 788 05df 00000000 		.4byte	aMemory.8032
 789 05e3 19       		.uleb128 0x19
 790 05e4 0C000000 		.4byte	.LVL0
 791 05e8 28060000 		.4byte	0x628
 792 05ec 01060000 		.4byte	0x601
 793 05f0 1A       		.uleb128 0x1a
 794 05f1 01       		.uleb128 0x1
 795 05f2 51       		.byte	0x51
 796 05f3 03       		.uleb128 0x3
 797 05f4 0A       		.byte	0xa
 798 05f5 0030     		.2byte	0x3000
 799 05f7 1A       		.uleb128 0x1a
 800 05f8 01       		.uleb128 0x1
 801 05f9 50       		.byte	0x50
 802 05fa 05       		.uleb128 0x5
 803 05fb 03       		.byte	0x3
 804 05fc 00000000 		.4byte	.LANCHOR0
 805 0600 00       		.byte	0
 806 0601 1B       		.uleb128 0x1b
 807 0602 12000000 		.4byte	.LVL1
 808 0606 3F060000 		.4byte	0x63f
 809 060a 00       		.byte	0
 810 060b 1C       		.uleb128 0x1c
 811 060c 41000000 		.4byte	0x41
 812 0610 1C060000 		.4byte	0x61c
 813 0614 1D       		.uleb128 0x1d
 814 0615 B6050000 		.4byte	0x5b6
 815 0619 FF0B     		.2byte	0xbff
 816 061b 00       		.byte	0
 817 061c 1E       		.uleb128 0x1e
 818 061d 0F030000 		.4byte	.LASF70
 819 0621 03       		.byte	0x3
 820 0622 1908     		.2byte	0x819
 821 0624 E1040000 		.4byte	0x4e1
 822 0628 1F       		.uleb128 0x1f
 823 0629 41000000 		.4byte	.LASF71
 824 062d 03       		.byte	0x3
ARM GAS  C:\Users\student\AppData\Local\Temp\ccqkdUvj.s 			page 17


 825 062e B203     		.2byte	0x3b2
 826 0630 3F060000 		.4byte	0x63f
 827 0634 0F       		.uleb128 0xf
 828 0635 5D000000 		.4byte	0x5d
 829 0639 0F       		.uleb128 0xf
 830 063a 41000000 		.4byte	0x41
 831 063e 00       		.byte	0
 832 063f 20       		.uleb128 0x20
 833 0640 81020000 		.4byte	.LASF72
 834 0644 03       		.byte	0x3
 835 0645 7801     		.2byte	0x178
 836 0647 0F       		.uleb128 0xf
 837 0648 DB040000 		.4byte	0x4db
 838 064c 00       		.byte	0
 839 064d 00       		.byte	0
 840              		.section	.debug_abbrev,"",%progbits
 841              	.Ldebug_abbrev0:
 842 0000 01       		.uleb128 0x1
 843 0001 11       		.uleb128 0x11
 844 0002 01       		.byte	0x1
 845 0003 25       		.uleb128 0x25
 846 0004 0E       		.uleb128 0xe
 847 0005 13       		.uleb128 0x13
 848 0006 0B       		.uleb128 0xb
 849 0007 03       		.uleb128 0x3
 850 0008 0E       		.uleb128 0xe
 851 0009 1B       		.uleb128 0x1b
 852 000a 0E       		.uleb128 0xe
 853 000b 55       		.uleb128 0x55
 854 000c 17       		.uleb128 0x17
 855 000d 11       		.uleb128 0x11
 856 000e 01       		.uleb128 0x1
 857 000f 10       		.uleb128 0x10
 858 0010 17       		.uleb128 0x17
 859 0011 00       		.byte	0
 860 0012 00       		.byte	0
 861 0013 02       		.uleb128 0x2
 862 0014 24       		.uleb128 0x24
 863 0015 00       		.byte	0
 864 0016 0B       		.uleb128 0xb
 865 0017 0B       		.uleb128 0xb
 866 0018 3E       		.uleb128 0x3e
 867 0019 0B       		.uleb128 0xb
 868 001a 03       		.uleb128 0x3
 869 001b 08       		.uleb128 0x8
 870 001c 00       		.byte	0
 871 001d 00       		.byte	0
 872 001e 03       		.uleb128 0x3
 873 001f 24       		.uleb128 0x24
 874 0020 00       		.byte	0
 875 0021 0B       		.uleb128 0xb
 876 0022 0B       		.uleb128 0xb
 877 0023 3E       		.uleb128 0x3e
 878 0024 0B       		.uleb128 0xb
 879 0025 03       		.uleb128 0x3
 880 0026 0E       		.uleb128 0xe
 881 0027 00       		.byte	0
ARM GAS  C:\Users\student\AppData\Local\Temp\ccqkdUvj.s 			page 18


 882 0028 00       		.byte	0
 883 0029 04       		.uleb128 0x4
 884 002a 0F       		.uleb128 0xf
 885 002b 00       		.byte	0
 886 002c 0B       		.uleb128 0xb
 887 002d 0B       		.uleb128 0xb
 888 002e 00       		.byte	0
 889 002f 00       		.byte	0
 890 0030 05       		.uleb128 0x5
 891 0031 0F       		.uleb128 0xf
 892 0032 00       		.byte	0
 893 0033 0B       		.uleb128 0xb
 894 0034 0B       		.uleb128 0xb
 895 0035 49       		.uleb128 0x49
 896 0036 13       		.uleb128 0x13
 897 0037 00       		.byte	0
 898 0038 00       		.byte	0
 899 0039 06       		.uleb128 0x6
 900 003a 26       		.uleb128 0x26
 901 003b 00       		.byte	0
 902 003c 49       		.uleb128 0x49
 903 003d 13       		.uleb128 0x13
 904 003e 00       		.byte	0
 905 003f 00       		.byte	0
 906 0040 07       		.uleb128 0x7
 907 0041 26       		.uleb128 0x26
 908 0042 00       		.byte	0
 909 0043 00       		.byte	0
 910 0044 00       		.byte	0
 911 0045 08       		.uleb128 0x8
 912 0046 13       		.uleb128 0x13
 913 0047 01       		.byte	0x1
 914 0048 0B       		.uleb128 0xb
 915 0049 0B       		.uleb128 0xb
 916 004a 3A       		.uleb128 0x3a
 917 004b 0B       		.uleb128 0xb
 918 004c 3B       		.uleb128 0x3b
 919 004d 0B       		.uleb128 0xb
 920 004e 01       		.uleb128 0x1
 921 004f 13       		.uleb128 0x13
 922 0050 00       		.byte	0
 923 0051 00       		.byte	0
 924 0052 09       		.uleb128 0x9
 925 0053 0D       		.uleb128 0xd
 926 0054 00       		.byte	0
 927 0055 03       		.uleb128 0x3
 928 0056 08       		.uleb128 0x8
 929 0057 3A       		.uleb128 0x3a
 930 0058 0B       		.uleb128 0xb
 931 0059 3B       		.uleb128 0x3b
 932 005a 0B       		.uleb128 0xb
 933 005b 49       		.uleb128 0x49
 934 005c 13       		.uleb128 0x13
 935 005d 38       		.uleb128 0x38
 936 005e 0B       		.uleb128 0xb
 937 005f 00       		.byte	0
 938 0060 00       		.byte	0
ARM GAS  C:\Users\student\AppData\Local\Temp\ccqkdUvj.s 			page 19


 939 0061 0A       		.uleb128 0xa
 940 0062 16       		.uleb128 0x16
 941 0063 00       		.byte	0
 942 0064 03       		.uleb128 0x3
 943 0065 0E       		.uleb128 0xe
 944 0066 3A       		.uleb128 0x3a
 945 0067 0B       		.uleb128 0xb
 946 0068 3B       		.uleb128 0x3b
 947 0069 0B       		.uleb128 0xb
 948 006a 49       		.uleb128 0x49
 949 006b 13       		.uleb128 0x13
 950 006c 00       		.byte	0
 951 006d 00       		.byte	0
 952 006e 0B       		.uleb128 0xb
 953 006f 0D       		.uleb128 0xd
 954 0070 00       		.byte	0
 955 0071 03       		.uleb128 0x3
 956 0072 0E       		.uleb128 0xe
 957 0073 3A       		.uleb128 0x3a
 958 0074 0B       		.uleb128 0xb
 959 0075 3B       		.uleb128 0x3b
 960 0076 0B       		.uleb128 0xb
 961 0077 49       		.uleb128 0x49
 962 0078 13       		.uleb128 0x13
 963 0079 38       		.uleb128 0x38
 964 007a 0B       		.uleb128 0xb
 965 007b 00       		.byte	0
 966 007c 00       		.byte	0
 967 007d 0C       		.uleb128 0xc
 968 007e 13       		.uleb128 0x13
 969 007f 01       		.byte	0x1
 970 0080 03       		.uleb128 0x3
 971 0081 0E       		.uleb128 0xe
 972 0082 0B       		.uleb128 0xb
 973 0083 0B       		.uleb128 0xb
 974 0084 3A       		.uleb128 0x3a
 975 0085 0B       		.uleb128 0xb
 976 0086 3B       		.uleb128 0x3b
 977 0087 0B       		.uleb128 0xb
 978 0088 01       		.uleb128 0x1
 979 0089 13       		.uleb128 0x13
 980 008a 00       		.byte	0
 981 008b 00       		.byte	0
 982 008c 0D       		.uleb128 0xd
 983 008d 16       		.uleb128 0x16
 984 008e 00       		.byte	0
 985 008f 03       		.uleb128 0x3
 986 0090 0E       		.uleb128 0xe
 987 0091 3A       		.uleb128 0x3a
 988 0092 0B       		.uleb128 0xb
 989 0093 3B       		.uleb128 0x3b
 990 0094 05       		.uleb128 0x5
 991 0095 49       		.uleb128 0x49
 992 0096 13       		.uleb128 0x13
 993 0097 00       		.byte	0
 994 0098 00       		.byte	0
 995 0099 0E       		.uleb128 0xe
ARM GAS  C:\Users\student\AppData\Local\Temp\ccqkdUvj.s 			page 20


 996 009a 15       		.uleb128 0x15
 997 009b 01       		.byte	0x1
 998 009c 27       		.uleb128 0x27
 999 009d 19       		.uleb128 0x19
 1000 009e 49       		.uleb128 0x49
 1001 009f 13       		.uleb128 0x13
 1002 00a0 01       		.uleb128 0x1
 1003 00a1 13       		.uleb128 0x13
 1004 00a2 00       		.byte	0
 1005 00a3 00       		.byte	0
 1006 00a4 0F       		.uleb128 0xf
 1007 00a5 05       		.uleb128 0x5
 1008 00a6 00       		.byte	0
 1009 00a7 49       		.uleb128 0x49
 1010 00a8 13       		.uleb128 0x13
 1011 00a9 00       		.byte	0
 1012 00aa 00       		.byte	0
 1013 00ab 10       		.uleb128 0x10
 1014 00ac 15       		.uleb128 0x15
 1015 00ad 01       		.byte	0x1
 1016 00ae 27       		.uleb128 0x27
 1017 00af 19       		.uleb128 0x19
 1018 00b0 01       		.uleb128 0x1
 1019 00b1 13       		.uleb128 0x13
 1020 00b2 00       		.byte	0
 1021 00b3 00       		.byte	0
 1022 00b4 11       		.uleb128 0x11
 1023 00b5 13       		.uleb128 0x13
 1024 00b6 01       		.byte	0x1
 1025 00b7 0B       		.uleb128 0xb
 1026 00b8 0B       		.uleb128 0xb
 1027 00b9 3A       		.uleb128 0x3a
 1028 00ba 0B       		.uleb128 0xb
 1029 00bb 3B       		.uleb128 0x3b
 1030 00bc 05       		.uleb128 0x5
 1031 00bd 01       		.uleb128 0x1
 1032 00be 13       		.uleb128 0x13
 1033 00bf 00       		.byte	0
 1034 00c0 00       		.byte	0
 1035 00c1 12       		.uleb128 0x12
 1036 00c2 0D       		.uleb128 0xd
 1037 00c3 00       		.byte	0
 1038 00c4 03       		.uleb128 0x3
 1039 00c5 0E       		.uleb128 0xe
 1040 00c6 3A       		.uleb128 0x3a
 1041 00c7 0B       		.uleb128 0xb
 1042 00c8 3B       		.uleb128 0x3b
 1043 00c9 05       		.uleb128 0x5
 1044 00ca 49       		.uleb128 0x49
 1045 00cb 13       		.uleb128 0x13
 1046 00cc 38       		.uleb128 0x38
 1047 00cd 0B       		.uleb128 0xb
 1048 00ce 00       		.byte	0
 1049 00cf 00       		.byte	0
 1050 00d0 13       		.uleb128 0x13
 1051 00d1 13       		.uleb128 0x13
 1052 00d2 01       		.byte	0x1
ARM GAS  C:\Users\student\AppData\Local\Temp\ccqkdUvj.s 			page 21


 1053 00d3 03       		.uleb128 0x3
 1054 00d4 0E       		.uleb128 0xe
 1055 00d5 0B       		.uleb128 0xb
 1056 00d6 0B       		.uleb128 0xb
 1057 00d7 3A       		.uleb128 0x3a
 1058 00d8 0B       		.uleb128 0xb
 1059 00d9 3B       		.uleb128 0x3b
 1060 00da 05       		.uleb128 0x5
 1061 00db 01       		.uleb128 0x1
 1062 00dc 13       		.uleb128 0x13
 1063 00dd 00       		.byte	0
 1064 00de 00       		.byte	0
 1065 00df 14       		.uleb128 0x14
 1066 00e0 0D       		.uleb128 0xd
 1067 00e1 00       		.byte	0
 1068 00e2 03       		.uleb128 0x3
 1069 00e3 08       		.uleb128 0x8
 1070 00e4 3A       		.uleb128 0x3a
 1071 00e5 0B       		.uleb128 0xb
 1072 00e6 3B       		.uleb128 0x3b
 1073 00e7 05       		.uleb128 0x5
 1074 00e8 49       		.uleb128 0x49
 1075 00e9 13       		.uleb128 0x13
 1076 00ea 38       		.uleb128 0x38
 1077 00eb 0B       		.uleb128 0xb
 1078 00ec 00       		.byte	0
 1079 00ed 00       		.byte	0
 1080 00ee 15       		.uleb128 0x15
 1081 00ef 17       		.uleb128 0x17
 1082 00f0 01       		.byte	0x1
 1083 00f1 0B       		.uleb128 0xb
 1084 00f2 0B       		.uleb128 0xb
 1085 00f3 3A       		.uleb128 0x3a
 1086 00f4 0B       		.uleb128 0xb
 1087 00f5 3B       		.uleb128 0x3b
 1088 00f6 05       		.uleb128 0x5
 1089 00f7 01       		.uleb128 0x1
 1090 00f8 13       		.uleb128 0x13
 1091 00f9 00       		.byte	0
 1092 00fa 00       		.byte	0
 1093 00fb 16       		.uleb128 0x16
 1094 00fc 0D       		.uleb128 0xd
 1095 00fd 00       		.byte	0
 1096 00fe 03       		.uleb128 0x3
 1097 00ff 0E       		.uleb128 0xe
 1098 0100 3A       		.uleb128 0x3a
 1099 0101 0B       		.uleb128 0xb
 1100 0102 3B       		.uleb128 0x3b
 1101 0103 05       		.uleb128 0x5
 1102 0104 49       		.uleb128 0x49
 1103 0105 13       		.uleb128 0x13
 1104 0106 00       		.byte	0
 1105 0107 00       		.byte	0
 1106 0108 17       		.uleb128 0x17
 1107 0109 2E       		.uleb128 0x2e
 1108 010a 01       		.byte	0x1
 1109 010b 3F       		.uleb128 0x3f
ARM GAS  C:\Users\student\AppData\Local\Temp\ccqkdUvj.s 			page 22


 1110 010c 19       		.uleb128 0x19
 1111 010d 03       		.uleb128 0x3
 1112 010e 0E       		.uleb128 0xe
 1113 010f 3A       		.uleb128 0x3a
 1114 0110 0B       		.uleb128 0xb
 1115 0111 3B       		.uleb128 0x3b
 1116 0112 0B       		.uleb128 0xb
 1117 0113 27       		.uleb128 0x27
 1118 0114 19       		.uleb128 0x19
 1119 0115 11       		.uleb128 0x11
 1120 0116 01       		.uleb128 0x1
 1121 0117 12       		.uleb128 0x12
 1122 0118 06       		.uleb128 0x6
 1123 0119 40       		.uleb128 0x40
 1124 011a 18       		.uleb128 0x18
 1125 011b 9742     		.uleb128 0x2117
 1126 011d 19       		.uleb128 0x19
 1127 011e 01       		.uleb128 0x1
 1128 011f 13       		.uleb128 0x13
 1129 0120 00       		.byte	0
 1130 0121 00       		.byte	0
 1131 0122 18       		.uleb128 0x18
 1132 0123 34       		.uleb128 0x34
 1133 0124 00       		.byte	0
 1134 0125 03       		.uleb128 0x3
 1135 0126 0E       		.uleb128 0xe
 1136 0127 3A       		.uleb128 0x3a
 1137 0128 0B       		.uleb128 0xb
 1138 0129 3B       		.uleb128 0x3b
 1139 012a 0B       		.uleb128 0xb
 1140 012b 49       		.uleb128 0x49
 1141 012c 13       		.uleb128 0x13
 1142 012d 02       		.uleb128 0x2
 1143 012e 18       		.uleb128 0x18
 1144 012f 00       		.byte	0
 1145 0130 00       		.byte	0
 1146 0131 19       		.uleb128 0x19
 1147 0132 898201   		.uleb128 0x4109
 1148 0135 01       		.byte	0x1
 1149 0136 11       		.uleb128 0x11
 1150 0137 01       		.uleb128 0x1
 1151 0138 31       		.uleb128 0x31
 1152 0139 13       		.uleb128 0x13
 1153 013a 01       		.uleb128 0x1
 1154 013b 13       		.uleb128 0x13
 1155 013c 00       		.byte	0
 1156 013d 00       		.byte	0
 1157 013e 1A       		.uleb128 0x1a
 1158 013f 8A8201   		.uleb128 0x410a
 1159 0142 00       		.byte	0
 1160 0143 02       		.uleb128 0x2
 1161 0144 18       		.uleb128 0x18
 1162 0145 9142     		.uleb128 0x2111
 1163 0147 18       		.uleb128 0x18
 1164 0148 00       		.byte	0
 1165 0149 00       		.byte	0
 1166 014a 1B       		.uleb128 0x1b
ARM GAS  C:\Users\student\AppData\Local\Temp\ccqkdUvj.s 			page 23


 1167 014b 898201   		.uleb128 0x4109
 1168 014e 00       		.byte	0
 1169 014f 11       		.uleb128 0x11
 1170 0150 01       		.uleb128 0x1
 1171 0151 31       		.uleb128 0x31
 1172 0152 13       		.uleb128 0x13
 1173 0153 00       		.byte	0
 1174 0154 00       		.byte	0
 1175 0155 1C       		.uleb128 0x1c
 1176 0156 01       		.uleb128 0x1
 1177 0157 01       		.byte	0x1
 1178 0158 49       		.uleb128 0x49
 1179 0159 13       		.uleb128 0x13
 1180 015a 01       		.uleb128 0x1
 1181 015b 13       		.uleb128 0x13
 1182 015c 00       		.byte	0
 1183 015d 00       		.byte	0
 1184 015e 1D       		.uleb128 0x1d
 1185 015f 21       		.uleb128 0x21
 1186 0160 00       		.byte	0
 1187 0161 49       		.uleb128 0x49
 1188 0162 13       		.uleb128 0x13
 1189 0163 2F       		.uleb128 0x2f
 1190 0164 05       		.uleb128 0x5
 1191 0165 00       		.byte	0
 1192 0166 00       		.byte	0
 1193 0167 1E       		.uleb128 0x1e
 1194 0168 34       		.uleb128 0x34
 1195 0169 00       		.byte	0
 1196 016a 03       		.uleb128 0x3
 1197 016b 0E       		.uleb128 0xe
 1198 016c 3A       		.uleb128 0x3a
 1199 016d 0B       		.uleb128 0xb
 1200 016e 3B       		.uleb128 0x3b
 1201 016f 05       		.uleb128 0x5
 1202 0170 49       		.uleb128 0x49
 1203 0171 13       		.uleb128 0x13
 1204 0172 3F       		.uleb128 0x3f
 1205 0173 19       		.uleb128 0x19
 1206 0174 3C       		.uleb128 0x3c
 1207 0175 19       		.uleb128 0x19
 1208 0176 00       		.byte	0
 1209 0177 00       		.byte	0
 1210 0178 1F       		.uleb128 0x1f
 1211 0179 2E       		.uleb128 0x2e
 1212 017a 01       		.byte	0x1
 1213 017b 3F       		.uleb128 0x3f
 1214 017c 19       		.uleb128 0x19
 1215 017d 03       		.uleb128 0x3
 1216 017e 0E       		.uleb128 0xe
 1217 017f 3A       		.uleb128 0x3a
 1218 0180 0B       		.uleb128 0xb
 1219 0181 3B       		.uleb128 0x3b
 1220 0182 05       		.uleb128 0x5
 1221 0183 27       		.uleb128 0x27
 1222 0184 19       		.uleb128 0x19
 1223 0185 3C       		.uleb128 0x3c
ARM GAS  C:\Users\student\AppData\Local\Temp\ccqkdUvj.s 			page 24


 1224 0186 19       		.uleb128 0x19
 1225 0187 01       		.uleb128 0x1
 1226 0188 13       		.uleb128 0x13
 1227 0189 00       		.byte	0
 1228 018a 00       		.byte	0
 1229 018b 20       		.uleb128 0x20
 1230 018c 2E       		.uleb128 0x2e
 1231 018d 01       		.byte	0x1
 1232 018e 3F       		.uleb128 0x3f
 1233 018f 19       		.uleb128 0x19
 1234 0190 03       		.uleb128 0x3
 1235 0191 0E       		.uleb128 0xe
 1236 0192 3A       		.uleb128 0x3a
 1237 0193 0B       		.uleb128 0xb
 1238 0194 3B       		.uleb128 0x3b
 1239 0195 05       		.uleb128 0x5
 1240 0196 27       		.uleb128 0x27
 1241 0197 19       		.uleb128 0x19
 1242 0198 3C       		.uleb128 0x3c
 1243 0199 19       		.uleb128 0x19
 1244 019a 00       		.byte	0
 1245 019b 00       		.byte	0
 1246 019c 00       		.byte	0
 1247              		.section	.debug_aranges,"",%progbits
 1248 0000 1C000000 		.4byte	0x1c
 1249 0004 0200     		.2byte	0x2
 1250 0006 00000000 		.4byte	.Ldebug_info0
 1251 000a 04       		.byte	0x4
 1252 000b 00       		.byte	0
 1253 000c 0000     		.2byte	0
 1254 000e 0000     		.2byte	0
 1255 0010 00000000 		.4byte	.LFB0
 1256 0014 1C000000 		.4byte	.LFE0-.LFB0
 1257 0018 00000000 		.4byte	0
 1258 001c 00000000 		.4byte	0
 1259              		.section	.debug_ranges,"",%progbits
 1260              	.Ldebug_ranges0:
 1261 0000 00000000 		.4byte	.LFB0
 1262 0004 1C000000 		.4byte	.LFE0
 1263 0008 00000000 		.4byte	0
 1264 000c 00000000 		.4byte	0
 1265              		.section	.debug_line,"",%progbits
 1266              	.Ldebug_line0:
 1267 0000 7D000000 		.section	.debug_str,"MS",%progbits,1
 1267      02006500 
 1267      00000201 
 1267      FB0E0D00 
 1267      01010101 
 1268              	.LASF11:
 1269 0000 704C6973 		.ascii	"pList\000"
 1269      7400
 1270              	.LASF18:
 1271 0006 4755495F 		.ascii	"GUI_CHARINFO\000"
 1271      43484152 
 1271      494E464F 
 1271      00
 1272              	.LASF49:
ARM GAS  C:\Users\student\AppData\Local\Temp\ccqkdUvj.s 			page 25


 1273 0013 70664973 		.ascii	"pfIsInFont\000"
 1273      496E466F 
 1273      6E7400
 1274              	.LASF17:
 1275 001e 70446174 		.ascii	"pData\000"
 1275      6100
 1276              	.LASF60:
 1277 0024 70466F6E 		.ascii	"pFontData\000"
 1277      74446174 
 1277      6100
 1278              	.LASF4:
 1279 002e 73686F72 		.ascii	"short int\000"
 1279      7420696E 
 1279      7400
 1280              	.LASF64:
 1281 0038 73697A65 		.ascii	"sizetype\000"
 1281      74797065 
 1281      00
 1282              	.LASF71:
 1283 0041 4755495F 		.ascii	"GUI_ALLOC_AssignMemory\000"
 1283      414C4C4F 
 1283      435F4173 
 1283      7369676E 
 1283      4D656D6F 
 1284              	.LASF16:
 1285 0058 42797465 		.ascii	"BytesPerLine\000"
 1285      73506572 
 1285      4C696E65 
 1285      00
 1286              	.LASF42:
 1287 0065 70664765 		.ascii	"pfGetLineLen\000"
 1287      744C696E 
 1287      654C656E 
 1287      00
 1288              	.LASF31:
 1289 0072 70547261 		.ascii	"pTrans\000"
 1289      6E7300
 1290              	.LASF29:
 1291 0079 4755495F 		.ascii	"GUI_FONT_PROP_EXT\000"
 1291      464F4E54 
 1291      5F50524F 
 1291      505F4558 
 1291      5400
 1292              	.LASF1:
 1293 008b 6C6F6E67 		.ascii	"long long int\000"
 1293      206C6F6E 
 1293      6720696E 
 1293      7400
 1294              	.LASF12:
 1295 0099 4755495F 		.ascii	"GUI_FONT_TRANSLIST\000"
 1295      464F4E54 
 1295      5F545241 
 1295      4E534C49 
 1295      535400
 1296              	.LASF35:
 1297 00ac 4C486569 		.ascii	"LHeight\000"
 1297      67687400 
ARM GAS  C:\Users\student\AppData\Local\Temp\ccqkdUvj.s 			page 26


 1298              	.LASF54:
 1299 00b4 594D6167 		.ascii	"YMag\000"
 1299      00
 1300              	.LASF34:
 1301 00b9 42617365 		.ascii	"Baseline\000"
 1301      6C696E65 
 1301      00
 1302              	.LASF14:
 1303 00c2 5853697A 		.ascii	"XSize\000"
 1303      6500
 1304              	.LASF61:
 1305 00c8 704D6F6E 		.ascii	"pMono\000"
 1305      6F00
 1306              	.LASF63:
 1307 00ce 7050726F 		.ascii	"pPropExt\000"
 1307      70457874 
 1307      00
 1308              	.LASF44:
 1309 00d7 74475549 		.ascii	"tGUI_ENC_APIList\000"
 1309      5F454E43 
 1309      5F415049 
 1309      4C697374 
 1309      00
 1310              	.LASF20:
 1311 00e8 58506F73 		.ascii	"XPos\000"
 1311      00
 1312              	.LASF33:
 1313 00ed 466C6167 		.ascii	"Flags\000"
 1313      7300
 1314              	.LASF36:
 1315 00f3 43486569 		.ascii	"CHeight\000"
 1315      67687400 
 1316              	.LASF13:
 1317 00fb 4755495F 		.ascii	"GUI_FONT_TRANSINFO\000"
 1317      464F4E54 
 1317      5F545241 
 1317      4E53494E 
 1317      464F00
 1318              	.LASF51:
 1319 010e 70616645 		.ascii	"pafEncode\000"
 1319      6E636F64 
 1319      6500
 1320              	.LASF26:
 1321 0118 70614368 		.ascii	"paCharInfo\000"
 1321      6172496E 
 1321      666F00
 1322              	.LASF27:
 1323 0123 704E6578 		.ascii	"pNext\000"
 1323      7400
 1324              	.LASF69:
 1325 0129 614D656D 		.ascii	"aMemory\000"
 1325      6F727900 
 1326              	.LASF25:
 1327 0131 4C617374 		.ascii	"Last\000"
 1327      00
 1328              	.LASF66:
 1329 0136 2E5C4755 		.ascii	".\\GUIConf.c\000"
ARM GAS  C:\Users\student\AppData\Local\Temp\ccqkdUvj.s 			page 27


 1329      49436F6E 
 1329      662E6300 
 1330              	.LASF7:
 1331 0142 6C6F6E67 		.ascii	"long int\000"
 1331      20696E74 
 1331      00
 1332              	.LASF23:
 1333 014b 4755495F 		.ascii	"GUI_CHARINFO_EXT\000"
 1333      43484152 
 1333      494E464F 
 1333      5F455854 
 1333      00
 1334              	.LASF30:
 1335 015c 70547261 		.ascii	"pTransData\000"
 1335      6E734461 
 1335      746100
 1336              	.LASF59:
 1337 0167 4755495F 		.ascii	"GUI_GETCHARINFO\000"
 1337      47455443 
 1337      48415249 
 1337      4E464F00 
 1338              	.LASF55:
 1339 0177 4755495F 		.ascii	"GUI_DISPCHAR\000"
 1339      44495350 
 1339      43484152 
 1339      00
 1340              	.LASF6:
 1341 0184 756E7369 		.ascii	"unsigned char\000"
 1341      676E6564 
 1341      20636861 
 1341      7200
 1342              	.LASF2:
 1343 0192 6C6F6E67 		.ascii	"long double\000"
 1343      20646F75 
 1343      626C6500 
 1344              	.LASF50:
 1345 019e 70664765 		.ascii	"pfGetCharInfo\000"
 1345      74436861 
 1345      72496E66 
 1345      6F00
 1346              	.LASF43:
 1347 01ac 70664469 		.ascii	"pfDispLine\000"
 1347      73704C69 
 1347      6E6500
 1348              	.LASF22:
 1349 01b7 7369676E 		.ascii	"signed char\000"
 1349      65642063 
 1349      68617200 
 1350              	.LASF67:
 1351 01c3 433A5C55 		.ascii	"C:\\Users\\student\\Documents\\PSoC Creator\\rbeatt"
 1351      73657273 
 1351      5C737475 
 1351      64656E74 
 1351      5C446F63 
 1352 01f1 69655F66 		.ascii	"ie_final_project\\ConnectFour.cydsn\000"
 1352      696E616C 
 1352      5F70726F 
ARM GAS  C:\Users\student\AppData\Local\Temp\ccqkdUvj.s 			page 28


 1352      6A656374 
 1352      5C436F6E 
 1353              	.LASF15:
 1354 0214 58446973 		.ascii	"XDist\000"
 1354      7400
 1355              	.LASF0:
 1356 021a 756E7369 		.ascii	"unsigned int\000"
 1356      676E6564 
 1356      20696E74 
 1356      00
 1357              	.LASF21:
 1358 0227 59506F73 		.ascii	"YPos\000"
 1358      00
 1359              	.LASF56:
 1360 022c 4755495F 		.ascii	"GUI_GETCHARDISTX\000"
 1360      47455443 
 1360      48415244 
 1360      49535458 
 1360      00
 1361              	.LASF58:
 1362 023d 4755495F 		.ascii	"GUI_ISINFONT\000"
 1362      4953494E 
 1362      464F4E54 
 1362      00
 1363              	.LASF19:
 1364 024a 5953697A 		.ascii	"YSize\000"
 1364      6500
 1365              	.LASF8:
 1366 0250 73686F72 		.ascii	"short unsigned int\000"
 1366      7420756E 
 1366      7369676E 
 1366      65642069 
 1366      6E7400
 1367              	.LASF5:
 1368 0263 63686172 		.ascii	"char\000"
 1368      00
 1369              	.LASF9:
 1370 0268 46697273 		.ascii	"FirstChar\000"
 1370      74436861 
 1370      7200
 1371              	.LASF41:
 1372 0272 70664765 		.ascii	"pfGetLineDistX\000"
 1372      744C696E 
 1372      65446973 
 1372      745800
 1373              	.LASF72:
 1374 0281 4755495F 		.ascii	"GUI_SetDefaultFont\000"
 1374      53657444 
 1374      65666175 
 1374      6C74466F 
 1374      6E7400
 1375              	.LASF38:
 1376 0294 74475549 		.ascii	"tGUI_GetLineDistX\000"
 1376      5F476574 
 1376      4C696E65 
 1376      44697374 
 1376      5800
ARM GAS  C:\Users\student\AppData\Local\Temp\ccqkdUvj.s 			page 29


 1377              	.LASF45:
 1378 02a6 4755495F 		.ascii	"GUI_FONT\000"
 1378      464F4E54 
 1378      00
 1379              	.LASF28:
 1380 02af 4755495F 		.ascii	"GUI_FONT_PROP\000"
 1380      464F4E54 
 1380      5F50524F 
 1380      5000
 1381              	.LASF68:
 1382 02bd 4755495F 		.ascii	"GUI_X_Config\000"
 1382      585F436F 
 1382      6E666967 
 1382      00
 1383              	.LASF3:
 1384 02ca 6C6F6E67 		.ascii	"long unsigned int\000"
 1384      20756E73 
 1384      69676E65 
 1384      6420696E 
 1384      7400
 1385              	.LASF24:
 1386 02dc 46697273 		.ascii	"First\000"
 1386      7400
 1387              	.LASF32:
 1388 02e2 4755495F 		.ascii	"GUI_FONT_MONO\000"
 1388      464F4E54 
 1388      5F4D4F4E 
 1388      4F00
 1389              	.LASF47:
 1390 02f0 70664765 		.ascii	"pfGetCharDistX\000"
 1390      74436861 
 1390      72446973 
 1390      745800
 1391              	.LASF57:
 1392 02ff 4755495F 		.ascii	"GUI_GETFONTINFO\000"
 1392      47455446 
 1392      4F4E5449 
 1392      4E464F00 
 1393              	.LASF70:
 1394 030f 4755495F 		.ascii	"GUI_Font6x8\000"
 1394      466F6E74 
 1394      36783800 
 1395              	.LASF53:
 1396 031b 584D6167 		.ascii	"XMag\000"
 1396      00
 1397              	.LASF46:
 1398 0320 70664469 		.ascii	"pfDispChar\000"
 1398      73704368 
 1398      617200
 1399              	.LASF52:
 1400 032b 59446973 		.ascii	"YDist\000"
 1400      7400
 1401              	.LASF39:
 1402 0331 74475549 		.ascii	"tGUI_GetLineLen\000"
 1402      5F476574 
 1402      4C696E65 
 1402      4C656E00 
ARM GAS  C:\Users\student\AppData\Local\Temp\ccqkdUvj.s 			page 30


 1403              	.LASF65:
 1404 0341 474E5520 		.ascii	"GNU C 4.9.3 20150303 (release) [ARM/embedded-4_9-br"
 1404      4320342E 
 1404      392E3320 
 1404      32303135 
 1404      30333033 
 1405 0374 616E6368 		.ascii	"anch revision 221220] -mcpu=cortex-m3 -mthumb -g -O"
 1405      20726576 
 1405      6973696F 
 1405      6E203232 
 1405      31323230 
 1406 03a7 67202D73 		.ascii	"g -std=gnu11 -ffunction-sections -ffat-lto-objects\000"
 1406      74643D67 
 1406      6E753131 
 1406      202D6666 
 1406      756E6374 
 1407              	.LASF62:
 1408 03da 7050726F 		.ascii	"pProp\000"
 1408      7000
 1409              	.LASF48:
 1410 03e0 70664765 		.ascii	"pfGetFontInfo\000"
 1410      74466F6E 
 1410      74496E66 
 1410      6F00
 1411              	.LASF40:
 1412 03ee 74474C5F 		.ascii	"tGL_DispLine\000"
 1412      44697370 
 1412      4C696E65 
 1412      00
 1413              	.LASF37:
 1414 03fb 4755495F 		.ascii	"GUI_FONTINFO\000"
 1414      464F4E54 
 1414      494E464F 
 1414      00
 1415              	.LASF10:
 1416 0408 4C617374 		.ascii	"LastChar\000"
 1416      43686172 
 1416      00
 1417              		.ident	"GCC: (GNU Tools for ARM Embedded Processors) 4.9.3 20150303 (release) [ARM/embedded-4_9-br
