ARM GAS  C:\Users\student\AppData\Local\Temp\ccN12VMx.s 			page 1


   1              		.syntax unified
   2              		.cpu cortex-m3
   3              		.fpu softvfp
   4              		.eabi_attribute 20, 1
   5              		.eabi_attribute 21, 1
   6              		.eabi_attribute 23, 3
   7              		.eabi_attribute 24, 1
   8              		.eabi_attribute 25, 1
   9              		.eabi_attribute 26, 1
  10              		.eabi_attribute 30, 1
  11              		.eabi_attribute 34, 1
  12              		.eabi_attribute 18, 4
  13              		.thumb
  14              		.file	"main.c"
  15              		.text
  16              	.Ltext0:
  17              		.cfi_sections	.debug_frame
  18              		.section	.text.VdacDmaDone,"ax",%progbits
  19              		.align	2
  20              		.global	VdacDmaDone
  21              		.thumb
  22              		.thumb_func
  23              		.type	VdacDmaDone, %function
  24              	VdacDmaDone:
  25              	.LFB64:
  26              		.file 1 ".\\main.c"
   1:.\main.c      **** /* ========================================
   2:.\main.c      ****  *
   3:.\main.c      ****  * Copyright YOUR COMPANY, THE YEAR
   4:.\main.c      ****  * All Rights Reserved
   5:.\main.c      ****  * UNPUBLISHED, LICENSED SOFTWARE.
   6:.\main.c      ****  *
   7:.\main.c      ****  * CONFIDENTIAL AND PROPRIETARY INFORMATION
   8:.\main.c      ****  * WHICH IS THE PROPERTY OF your company.
   9:.\main.c      ****  *
  10:.\main.c      ****  * ========================================
  11:.\main.c      **** */
  12:.\main.c      **** #include <project.h>
  13:.\main.c      **** //#include "tft.h"
  14:.\main.c      **** //#include "GUI.h"
  15:.\main.c      **** //#include "Connect4Board.h"
  16:.\main.c      **** //#include "XPT2046.h"
  17:.\main.c      **** //#include <stdlib.h>
  18:.\main.c      **** //#include "defs.h"
  19:.\main.c      **** //#include "Connect4.h"
  20:.\main.c      **** //#include "Robot.h"
  21:.\main.c      **** //#include "Tick.h"
  22:.\main.c      **** //#include "FS.h"
  23:.\main.c      **** //#include "stdio.h"
  24:.\main.c      **** 
  25:.\main.c      **** /* UBSFS device constants. */
  26:.\main.c      **** #define USBFS_AUDIO_DEVICE  (0u)
  27:.\main.c      **** #define AUDIO_INTERFACE     (1u)
  28:.\main.c      **** #define OUT_EP_NUM          (2u)
  29:.\main.c      **** 
  30:.\main.c      **** /* Audio buffer constants. */
  31:.\main.c      **** #define TRANSFER_SIZE   (32u)
ARM GAS  C:\Users\student\AppData\Local\Temp\ccN12VMx.s 			page 2


  32:.\main.c      **** #define NUM_OF_BUFFERS  (10u)
  33:.\main.c      **** #define BUFFER_SIZE     (TRANSFER_SIZE * NUM_OF_BUFFERS)
  34:.\main.c      **** 
  35:.\main.c      **** /* Circular buffer for audio stream. */
  36:.\main.c      **** uint8 soundBuffer[BUFFER_SIZE];
  37:.\main.c      **** volatile uint16 outIndex = 0u;
  38:.\main.c      **** volatile uint16 inIndex  = 0u;
  39:.\main.c      **** 
  40:.\main.c      **** /* Variables used to manage DMA. */
  41:.\main.c      **** volatile uint8 syncDma = 0u;
  42:.\main.c      **** volatile uint8 syncDmaCounter = 0u;
  43:.\main.c      **** 
  44:.\main.c      **** /* Variable declarations for VDACoutDMA. */
  45:.\main.c      **** uint8 VdacOutDmaCh;
  46:.\main.c      **** uint8 VdacOutDmaTd[NUM_OF_BUFFERS];
  47:.\main.c      **** 
  48:.\main.c      **** /* DMA Configuration for VDACoutDMA (Memory to VDAC) */
  49:.\main.c      **** #define VDAC_DMA_BYTES_PER_BURST    (1u)
  50:.\main.c      **** #define VDAC_DMA_REQUEST_PER_BURST  (1u)
  51:.\main.c      **** #define VDAC_DMA_TD_TERMOUT_EN      (VDAC_DMA__TD_TERMOUT_EN)
  52:.\main.c      **** #define VDAC_DMA_DST_BASE           (CYDEV_PERIPH_BASE)
  53:.\main.c      **** #define VDAC_DMA_SRC_BASE           (CY_PSOC5LP) ? ((uint32) soundBuffer) : (CYDEV_SRAM_BASE)
  54:.\main.c      **** #define VDAC_DMA_ENABLE_PRESERVE_TD (1u)
  55:.\main.c      **** 
  56:.\main.c      **** CY_ISR_PROTO(VdacDmaDone);
  57:.\main.c      **** 
  58:.\main.c      **** /*******************************************************************************
  59:.\main.c      **** * Function Name: main
  60:.\main.c      **** ********************************************************************************
  61:.\main.c      **** *
  62:.\main.c      **** * Summary:
  63:.\main.c      **** *
  64:.\main.c      **** *  The main function performs the following actions:
  65:.\main.c      **** *   1. Initializes LCD and VDAC components.
  66:.\main.c      **** *   2. Configures the DMA channel and transfers the descriptors.
  67:.\main.c      **** *      The source is souundBuffer (SRAM) and the destination is the VDAC data register.
  68:.\main.c      **** *   3. Starts the USBFS component and waits until the device is got enumerated
  69:.\main.c      **** *      by the host.
  70:.\main.c      **** *   4. When the PC starts streaming, the DMA starts copying data into the VDAC with
  71:.\main.c      **** *      the 32-kHz frequency. None of the synchronization methods is implemented:
  72:.\main.c      **** *      If the PC (source) transfers data faster than the device (sink), transfers it  ????
  73:.\main.c      **** *      to VDAC the extra samples are dropped.
  74:.\main.c      **** *      If the PC (source) transfers data slower than the device (sink), transfers it  ????
  75:.\main.c      **** *      to VDAC the transfer is stopped and starts after the buffer is half-full.
  76:.\main.c      **** *
  77:.\main.c      **** * Parameters:
  78:.\main.c      **** *  None.
  79:.\main.c      **** *
  80:.\main.c      **** * Return:
  81:.\main.c      **** *  None.
  82:.\main.c      **** *
  83:.\main.c      **** *******************************************************************************/
  84:.\main.c      **** int main()
  85:.\main.c      **** {
  86:.\main.c      ****     uint8 i;
  87:.\main.c      ****     uint8 skipNextOut = 0u;
  88:.\main.c      **** 
ARM GAS  C:\Users\student\AppData\Local\Temp\ccN12VMx.s 			page 3


  89:.\main.c      ****     /* Start VDAC8 to generate output wave. */
  90:.\main.c      ****     VDAC8_Start();
  91:.\main.c      **** 
  92:.\main.c      ****     /* Initialize DMA channel. */
  93:.\main.c      ****     VdacOutDmaCh = VDAC_DMA_DmaInitialize(VDAC_DMA_BYTES_PER_BURST, VDAC_DMA_REQUEST_PER_BURST,
  94:.\main.c      ****                                             HI16(VDAC_DMA_SRC_BASE), HI16(VDAC_DMA_DST_BASE));
  95:.\main.c      **** 
  96:.\main.c      ****     /* Allocate transfer descriptors for each buffer chunk. */
  97:.\main.c      ****     for (i = 0u; i < NUM_OF_BUFFERS; ++i)
  98:.\main.c      ****     {
  99:.\main.c      ****         VdacOutDmaTd[i] = CyDmaTdAllocate();
 100:.\main.c      ****     }
 101:.\main.c      **** 
 102:.\main.c      ****     /* Configure DMA transfer descriptors. */
 103:.\main.c      ****     for (i = 0u; i < (NUM_OF_BUFFERS - 1u); ++i)
 104:.\main.c      ****     {
 105:.\main.c      ****         /* Chain current and next DMA transfer descriptors to be in row. */
 106:.\main.c      ****         CyDmaTdSetConfiguration(VdacOutDmaTd[i], TRANSFER_SIZE, VdacOutDmaTd[i + 1u],
 107:.\main.c      ****                                 (TD_INC_SRC_ADR | VDAC_DMA_TD_TERMOUT_EN));
 108:.\main.c      ****     }
 109:.\main.c      ****     /* Chain last and 1st DMA transfer descriptors to make cyclic buffer. */
 110:.\main.c      ****     CyDmaTdSetConfiguration(VdacOutDmaTd[NUM_OF_BUFFERS - 1u], TRANSFER_SIZE, VdacOutDmaTd[0u],
 111:.\main.c      ****                                 (TD_INC_SRC_ADR | VDAC_DMA_TD_TERMOUT_EN));
 112:.\main.c      **** 
 113:.\main.c      **** 
 114:.\main.c      ****     for (i = 0u; i < NUM_OF_BUFFERS; i++)
 115:.\main.c      ****     {
 116:.\main.c      ****         /* Set source and destination addresses. */
 117:.\main.c      ****         CyDmaTdSetAddress(VdacOutDmaTd[i], LO16((uint32) &soundBuffer[i * TRANSFER_SIZE]),
 118:.\main.c      ****                                            LO16((uint32) VDAC8_Data_PTR));
 119:.\main.c      ****     }
 120:.\main.c      **** 
 121:.\main.c      ****     /* Set 1st transfer descriptor to execute. */
 122:.\main.c      ****     CyDmaChSetInitialTd(VdacOutDmaCh, VdacOutDmaTd[0u]);
 123:.\main.c      **** 
 124:.\main.c      ****     /* Start DMA completion interrupt. */
 125:.\main.c      ****     DmaDone_StartEx(&VdacDmaDone);
 126:.\main.c      **** 
 127:.\main.c      ****     CyGlobalIntEnable;
 128:.\main.c      **** 
 129:.\main.c      ****     /* Start USBFS Operation with 5V operation. */
 130:.\main.c      ****     USBFS_Start(USBFS_AUDIO_DEVICE, USBFS_5V_OPERATION);
 131:.\main.c      **** 
 132:.\main.c      ****     /* Wait for device enumeration. */
 133:.\main.c      ****     while (0u == USBFS_GetConfiguration())
 134:.\main.c      ****     {
 135:.\main.c      ****     }
 136:.\main.c      **** 
 137:.\main.c      ****     for(;;)
 138:.\main.c      ****     {
 139:.\main.c      ****         /* Check if configuration or interface settings are changed. */
 140:.\main.c      ****         if (0u != USBFS_IsConfigurationChanged())
 141:.\main.c      ****         {
 142:.\main.c      ****             /* Check active alternate setting. */
 143:.\main.c      ****             if ((0u != USBFS_GetConfiguration()) &&
 144:.\main.c      ****                 (0u != USBFS_GetInterfaceSetting(AUDIO_INTERFACE)))
 145:.\main.c      ****             {
ARM GAS  C:\Users\student\AppData\Local\Temp\ccN12VMx.s 			page 4


 146:.\main.c      ****                 /* Alternate settings 1: Audio is streaming. */
 147:.\main.c      **** 
 148:.\main.c      ****                 /* Reset variables. */
 149:.\main.c      ****                 inIndex  = 0u;
 150:.\main.c      ****                 outIndex = 0u;
 151:.\main.c      ****                 syncDma  = 0u;
 152:.\main.c      ****                 skipNextOut = 0u;
 153:.\main.c      ****                 syncDmaCounter = 0u;
 154:.\main.c      **** 
 155:.\main.c      ****                 /* Enable OUT endpoint to receive audio stream. */
 156:.\main.c      ****                 USBFS_EnableOutEP(OUT_EP_NUM);
 157:.\main.c      **** 
 158:.\main.c      ****             }
 159:.\main.c      ****             else
 160:.\main.c      ****             {
 161:.\main.c      ****                 /* Alternate settings 0: Audio is not streaming (mute). */
 162:.\main.c      ****             }
 163:.\main.c      ****         }
 164:.\main.c      **** 
 165:.\main.c      ****         if (USBFS_OUT_BUFFER_FULL == USBFS_GetEPState(OUT_EP_NUM))
 166:.\main.c      ****         {
 167:.\main.c      ****             if (0u == skipNextOut)
 168:.\main.c      ****             {
 169:.\main.c      ****                 /* Trigger DMA to copy data from OUT endpoint buffer. */
 170:.\main.c      ****                 USBFS_ReadOutEP(OUT_EP_NUM, &soundBuffer[inIndex * TRANSFER_SIZE],
 171:.\main.c      ****                                             TRANSFER_SIZE);
 172:.\main.c      **** 
 173:.\main.c      ****                 /* Wait until DMA completes copying data from OUT endpoint buffer. */
 174:.\main.c      ****                 while (USBFS_OUT_BUFFER_FULL == USBFS_GetEPState(OUT_EP_NUM))
 175:.\main.c      ****                 {
 176:.\main.c      ****                 }
 177:.\main.c      **** 
 178:.\main.c      ****                 /* Move to the next buffer location and adjust to be within
 179:.\main.c      ****                 * buffer size. Lock from DmaDone interruption.
 180:.\main.c      ****                 */
 181:.\main.c      ****                 DmaDone_Disable();
 182:.\main.c      ****                 ++inIndex;
 183:.\main.c      ****                 inIndex = (inIndex >= NUM_OF_BUFFERS) ? 0u : inIndex;
 184:.\main.c      ****                 DmaDone_Enable();
 185:.\main.c      ****                 ++syncDmaCounter;
 186:.\main.c      **** 
 187:.\main.c      ****                 /* Enable OUT endpoint to receive data from host. */
 188:.\main.c      ****                 USBFS_EnableOutEP(OUT_EP_NUM);
 189:.\main.c      ****             }
 190:.\main.c      ****             else
 191:.\main.c      ****             {
 192:.\main.c      ****                 /* Ignore received data from host and arm OUT endpoint
 193:.\main.c      ****                 * without reading if overflow is detected.
 194:.\main.c      ****                 */
 195:.\main.c      ****                 USBFS_EnableOutEP(OUT_EP_NUM);
 196:.\main.c      ****                 skipNextOut = 0u;
 197:.\main.c      ****             }
 198:.\main.c      **** 
 199:.\main.c      ****             /* When internal 32-kHz clock is slower, compare to PC traffic
 200:.\main.c      ****             * then skip next transfer from PC.
 201:.\main.c      ****             */
 202:.\main.c      ****             if (outIndex == inIndex)
ARM GAS  C:\Users\student\AppData\Local\Temp\ccN12VMx.s 			page 5


 203:.\main.c      ****             {
 204:.\main.c      ****                 skipNextOut = 1u;
 205:.\main.c      ****             }
 206:.\main.c      ****         }
 207:.\main.c      **** 
 208:.\main.c      ****         /* Enable DMA transfers when sound buffer is half-full. */
 209:.\main.c      ****         if ((0u == syncDma) && (syncDmaCounter == (NUM_OF_BUFFERS / 2u)))
 210:.\main.c      ****         {
 211:.\main.c      ****             /* Start DMA operation. */
 212:.\main.c      ****             CyDmaChEnable(VdacOutDmaCh, VDAC_DMA_ENABLE_PRESERVE_TD);
 213:.\main.c      **** 
 214:.\main.c      ****             /* Disable underflow delayed start. */
 215:.\main.c      ****             syncDma = 1u;
 216:.\main.c      ****         }
 217:.\main.c      ****     }
 218:.\main.c      **** }
 219:.\main.c      **** 
 220:.\main.c      **** 
 221:.\main.c      **** /*******************************************************************************
 222:.\main.c      **** * Function Name: VdacDmaDone
 223:.\main.c      **** ********************************************************************************
 224:.\main.c      **** *
 225:.\main.c      **** * Summary:
 226:.\main.c      **** *  The Interrupt Service Routine for a DMA transfer completion event. The DMA is
 227:.\main.c      **** *  stopped when there is no data to send.
 228:.\main.c      **** *
 229:.\main.c      **** * Parameters:
 230:.\main.c      **** *  None.
 231:.\main.c      **** *
 232:.\main.c      **** * Return:
 233:.\main.c      **** *  None.
 234:.\main.c      **** *
 235:.\main.c      **** *******************************************************************************/
 236:.\main.c      **** CY_ISR(VdacDmaDone)
 237:.\main.c      **** {
  27              		.loc 1 237 0
  28              		.cfi_startproc
  29              		@ args = 0, pretend = 0, frame = 0
  30              		@ frame_needed = 0, uses_anonymous_args = 0
  31 0000 08B5     		push	{r3, lr}
  32              		.cfi_def_cfa_offset 8
  33              		.cfi_offset 3, -8
  34              		.cfi_offset 14, -4
 238:.\main.c      ****     /* Move to next buffer location and adjust to be within buffer size. */
 239:.\main.c      ****     ++outIndex;
  35              		.loc 1 239 0
  36 0002 0F4A     		ldr	r2, .L6
  37 0004 1388     		ldrh	r3, [r2]
  38 0006 0133     		adds	r3, r3, #1
  39 0008 9BB2     		uxth	r3, r3
  40 000a 1380     		strh	r3, [r2]	@ movhi
 240:.\main.c      ****     outIndex = (outIndex >= NUM_OF_BUFFERS) ? 0u : outIndex;
  41              		.loc 1 240 0
  42 000c 1388     		ldrh	r3, [r2]
  43 000e 9BB2     		uxth	r3, r3
  44 0010 092B     		cmp	r3, #9
  45 0012 02D8     		bhi	.L4
ARM GAS  C:\Users\student\AppData\Local\Temp\ccN12VMx.s 			page 6


  46              		.loc 1 240 0 is_stmt 0 discriminator 1
  47 0014 1288     		ldrh	r2, [r2]
  48 0016 92B2     		uxth	r2, r2
  49 0018 00E0     		b	.L2
  50              	.L4:
  51              		.loc 1 240 0
  52 001a 0022     		movs	r2, #0
  53              	.L2:
  54              		.loc 1 240 0 discriminator 4
  55 001c 084B     		ldr	r3, .L6
  56 001e 1A80     		strh	r2, [r3]	@ movhi
 241:.\main.c      **** 
 242:.\main.c      ****     /* When there is no data to transfer to VDAC stop DMA and wait until
 243:.\main.c      **** 	* buffer is half-full to continue operation.
 244:.\main.c      ****     */
 245:.\main.c      ****     if (outIndex == inIndex)
  57              		.loc 1 245 0 is_stmt 1 discriminator 4
  58 0020 1A88     		ldrh	r2, [r3]
  59 0022 92B2     		uxth	r2, r2
  60 0024 5B88     		ldrh	r3, [r3, #2]
  61 0026 9BB2     		uxth	r3, r3
  62 0028 9A42     		cmp	r2, r3
  63 002a 07D1     		bne	.L1
 246:.\main.c      ****     {
 247:.\main.c      ****         /* Stop DMA operation. */
 248:.\main.c      ****         CyDmaChDisable(VdacOutDmaCh);
  64              		.loc 1 248 0
  65 002c 054B     		ldr	r3, .L6+4
  66 002e 1878     		ldrb	r0, [r3]	@ zero_extendqisi2
  67 0030 FFF7FEFF 		bl	CyDmaChDisable
  68              	.LVL0:
 249:.\main.c      **** 
 250:.\main.c      ****         /* Enable underflow delayed start. */
 251:.\main.c      ****         syncDma = 0u;
  69              		.loc 1 251 0
  70 0034 024B     		ldr	r3, .L6
  71 0036 0022     		movs	r2, #0
  72 0038 1A71     		strb	r2, [r3, #4]
 252:.\main.c      ****         syncDmaCounter = 0u;
  73              		.loc 1 252 0
  74 003a 5A71     		strb	r2, [r3, #5]
  75              	.L1:
  76 003c 08BD     		pop	{r3, pc}
  77              	.L7:
  78 003e 00BF     		.align	2
  79              	.L6:
  80 0040 00000000 		.word	.LANCHOR0
  81 0044 00000000 		.word	VdacOutDmaCh
  82              		.cfi_endproc
  83              	.LFE64:
  84              		.size	VdacDmaDone, .-VdacDmaDone
  85              		.section	.text.main,"ax",%progbits
  86              		.align	2
  87              		.global	main
  88              		.thumb
  89              		.thumb_func
  90              		.type	main, %function
ARM GAS  C:\Users\student\AppData\Local\Temp\ccN12VMx.s 			page 7


  91              	main:
  92              	.LFB63:
  85:.\main.c      ****     uint8 i;
  93              		.loc 1 85 0
  94              		.cfi_startproc
  95              		@ args = 0, pretend = 0, frame = 0
  96              		@ frame_needed = 0, uses_anonymous_args = 0
  97 0000 38B5     		push	{r3, r4, r5, lr}
  98              		.cfi_def_cfa_offset 16
  99              		.cfi_offset 3, -16
 100              		.cfi_offset 4, -12
 101              		.cfi_offset 5, -8
 102              		.cfi_offset 14, -4
 103              	.LVL1:
  90:.\main.c      **** 
 104              		.loc 1 90 0
 105 0002 FFF7FEFF 		bl	VDAC8_Start
 106              	.LVL2:
  93:.\main.c      ****                                             HI16(VDAC_DMA_SRC_BASE), HI16(VDAC_DMA_DST_BASE));
 107              		.loc 1 93 0
 108 0006 0120     		movs	r0, #1
 109 0008 0146     		mov	r1, r0
 110 000a 554A     		ldr	r2, .L27
 111 000c 120C     		lsrs	r2, r2, #16
 112 000e 4FF48043 		mov	r3, #16384
 113 0012 FFF7FEFF 		bl	VDAC_DMA_DmaInitialize
 114              	.LVL3:
 115 0016 534B     		ldr	r3, .L27+4
 116 0018 1870     		strb	r0, [r3]
 117              	.LVL4:
  97:.\main.c      ****     {
 118              		.loc 1 97 0
 119 001a 0024     		movs	r4, #0
 120 001c 05E0     		b	.L9
 121              	.LVL5:
 122              	.L10:
  99:.\main.c      ****     }
 123              		.loc 1 99 0 discriminator 3
 124 001e FFF7FEFF 		bl	CyDmaTdAllocate
 125              	.LVL6:
 126 0022 514B     		ldr	r3, .L27+8
 127 0024 1855     		strb	r0, [r3, r4]
  97:.\main.c      ****     {
 128              		.loc 1 97 0 discriminator 3
 129 0026 0134     		adds	r4, r4, #1
 130              	.LVL7:
 131 0028 E4B2     		uxtb	r4, r4
 132              	.LVL8:
 133              	.L9:
  97:.\main.c      ****     {
 134              		.loc 1 97 0 is_stmt 0 discriminator 1
 135 002a 092C     		cmp	r4, #9
 136 002c F7D9     		bls	.L10
 137 002e 0023     		movs	r3, #0
 138 0030 08E0     		b	.L11
 139              	.LVL9:
 140              	.L12:
ARM GAS  C:\Users\student\AppData\Local\Temp\ccN12VMx.s 			page 8


 106:.\main.c      ****                                 (TD_INC_SRC_ADR | VDAC_DMA_TD_TERMOUT_EN));
 141              		.loc 1 106 0 is_stmt 1 discriminator 3
 142 0032 5C1C     		adds	r4, r3, #1
 143 0034 4C4A     		ldr	r2, .L27+8
 144 0036 D05C     		ldrb	r0, [r2, r3]	@ zero_extendqisi2
 145 0038 2021     		movs	r1, #32
 146 003a 125D     		ldrb	r2, [r2, r4]	@ zero_extendqisi2
 147 003c 0523     		movs	r3, #5
 148              	.LVL10:
 149 003e FFF7FEFF 		bl	CyDmaTdSetConfiguration
 150              	.LVL11:
 103:.\main.c      ****     {
 151              		.loc 1 103 0 discriminator 3
 152 0042 E3B2     		uxtb	r3, r4
 153              	.LVL12:
 154              	.L11:
 103:.\main.c      ****     {
 155              		.loc 1 103 0 is_stmt 0 discriminator 1
 156 0044 082B     		cmp	r3, #8
 157 0046 F4D9     		bls	.L12
 110:.\main.c      ****                                 (TD_INC_SRC_ADR | VDAC_DMA_TD_TERMOUT_EN));
 158              		.loc 1 110 0 is_stmt 1
 159 0048 474B     		ldr	r3, .L27+8
 160              	.LVL13:
 161 004a 587A     		ldrb	r0, [r3, #9]	@ zero_extendqisi2
 162 004c 2021     		movs	r1, #32
 163 004e 1A78     		ldrb	r2, [r3]	@ zero_extendqisi2
 164 0050 0523     		movs	r3, #5
 165 0052 FFF7FEFF 		bl	CyDmaTdSetConfiguration
 166              	.LVL14:
 114:.\main.c      ****     {
 167              		.loc 1 114 0
 168 0056 0024     		movs	r4, #0
 169 0058 0BE0     		b	.L13
 170              	.LVL15:
 171              	.L14:
 117:.\main.c      ****                                            LO16((uint32) VDAC8_Data_PTR));
 172              		.loc 1 117 0 discriminator 3
 173 005a 4149     		ldr	r1, .L27
 174 005c 01EB4411 		add	r1, r1, r4, lsl #5
 175 0060 414B     		ldr	r3, .L27+8
 176 0062 185D     		ldrb	r0, [r3, r4]	@ zero_extendqisi2
 177 0064 89B2     		uxth	r1, r1
 178 0066 45F68132 		movw	r2, #23425
 179 006a FFF7FEFF 		bl	CyDmaTdSetAddress
 180              	.LVL16:
 114:.\main.c      ****     {
 181              		.loc 1 114 0 discriminator 3
 182 006e 0134     		adds	r4, r4, #1
 183              	.LVL17:
 184 0070 E4B2     		uxtb	r4, r4
 185              	.LVL18:
 186              	.L13:
 114:.\main.c      ****     {
 187              		.loc 1 114 0 is_stmt 0 discriminator 1
 188 0072 092C     		cmp	r4, #9
 189 0074 F1D9     		bls	.L14
ARM GAS  C:\Users\student\AppData\Local\Temp\ccN12VMx.s 			page 9


 122:.\main.c      **** 
 190              		.loc 1 122 0 is_stmt 1
 191 0076 3B4B     		ldr	r3, .L27+4
 192 0078 1878     		ldrb	r0, [r3]	@ zero_extendqisi2
 193 007a 3B4B     		ldr	r3, .L27+8
 194 007c 1978     		ldrb	r1, [r3]	@ zero_extendqisi2
 195 007e FFF7FEFF 		bl	CyDmaChSetInitialTd
 196              	.LVL19:
 125:.\main.c      **** 
 197              		.loc 1 125 0
 198 0082 3A48     		ldr	r0, .L27+12
 199 0084 FFF7FEFF 		bl	DmaDone_StartEx
 200              	.LVL20:
 127:.\main.c      **** 
 201              		.loc 1 127 0
 202              	@ 127 ".\main.c" 1
 203 0088 62B6     		CPSIE   i
 204              	@ 0 "" 2
 130:.\main.c      **** 
 205              		.loc 1 130 0
 206              		.thumb
 207 008a 0020     		movs	r0, #0
 208 008c 0121     		movs	r1, #1
 209 008e FFF7FEFF 		bl	USBFS_Start
 210              	.LVL21:
 211              	.L15:
 133:.\main.c      ****     {
 212              		.loc 1 133 0 discriminator 1
 213 0092 FFF7FEFF 		bl	USBFS_GetConfiguration
 214              	.LVL22:
 215 0096 0028     		cmp	r0, #0
 216 0098 FBD0     		beq	.L15
 217 009a 0024     		movs	r4, #0
 218              	.LVL23:
 219              	.L16:
 140:.\main.c      ****         {
 220              		.loc 1 140 0
 221 009c FFF7FEFF 		bl	USBFS_IsConfigurationChanged
 222              	.LVL24:
 223 00a0 78B1     		cbz	r0, .L17
 143:.\main.c      ****                 (0u != USBFS_GetInterfaceSetting(AUDIO_INTERFACE)))
 224              		.loc 1 143 0
 225 00a2 FFF7FEFF 		bl	USBFS_GetConfiguration
 226              	.LVL25:
 227 00a6 60B1     		cbz	r0, .L17
 144:.\main.c      ****             {
 228              		.loc 1 144 0 discriminator 1
 229 00a8 0120     		movs	r0, #1
 230 00aa FFF7FEFF 		bl	USBFS_GetInterfaceSetting
 231              	.LVL26:
 143:.\main.c      ****                 (0u != USBFS_GetInterfaceSetting(AUDIO_INTERFACE)))
 232              		.loc 1 143 0 discriminator 1
 233 00ae 40B1     		cbz	r0, .L17
 149:.\main.c      ****                 outIndex = 0u;
 234              		.loc 1 149 0
 235 00b0 2F4B     		ldr	r3, .L27+16
 236 00b2 0024     		movs	r4, #0
ARM GAS  C:\Users\student\AppData\Local\Temp\ccN12VMx.s 			page 10


 237              	.LVL27:
 238 00b4 5C80     		strh	r4, [r3, #2]	@ movhi
 150:.\main.c      ****                 syncDma  = 0u;
 239              		.loc 1 150 0
 240 00b6 1C80     		strh	r4, [r3]	@ movhi
 151:.\main.c      ****                 skipNextOut = 0u;
 241              		.loc 1 151 0
 242 00b8 1C71     		strb	r4, [r3, #4]
 243              	.LVL28:
 153:.\main.c      **** 
 244              		.loc 1 153 0
 245 00ba 5C71     		strb	r4, [r3, #5]
 156:.\main.c      **** 
 246              		.loc 1 156 0
 247 00bc 0220     		movs	r0, #2
 248 00be FFF7FEFF 		bl	USBFS_EnableOutEP
 249              	.LVL29:
 250              	.L17:
 165:.\main.c      ****         {
 251              		.loc 1 165 0
 252 00c2 0220     		movs	r0, #2
 253 00c4 FFF7FEFF 		bl	USBFS_GetEPState
 254              	.LVL30:
 255 00c8 0128     		cmp	r0, #1
 256 00ca 36D1     		bne	.L18
 167:.\main.c      ****             {
 257              		.loc 1 167 0
 258 00cc 4CBB     		cbnz	r4, .L19
 170:.\main.c      ****                                             TRANSFER_SIZE);
 259              		.loc 1 170 0
 260 00ce 284B     		ldr	r3, .L27+16
 261 00d0 5B88     		ldrh	r3, [r3, #2]
 262 00d2 9BB2     		uxth	r3, r3
 263 00d4 0220     		movs	r0, #2
 264 00d6 2249     		ldr	r1, .L27
 265 00d8 01EB4311 		add	r1, r1, r3, lsl #5
 266 00dc 2022     		movs	r2, #32
 267 00de FFF7FEFF 		bl	USBFS_ReadOutEP
 268              	.LVL31:
 269              	.L20:
 174:.\main.c      ****                 {
 270              		.loc 1 174 0 discriminator 1
 271 00e2 0220     		movs	r0, #2
 272 00e4 FFF7FEFF 		bl	USBFS_GetEPState
 273              	.LVL32:
 274 00e8 0128     		cmp	r0, #1
 275 00ea FAD0     		beq	.L20
 181:.\main.c      ****                 ++inIndex;
 276              		.loc 1 181 0
 277 00ec FFF7FEFF 		bl	DmaDone_Disable
 278              	.LVL33:
 182:.\main.c      ****                 inIndex = (inIndex >= NUM_OF_BUFFERS) ? 0u : inIndex;
 279              		.loc 1 182 0
 280 00f0 1F4A     		ldr	r2, .L27+16
 281 00f2 5388     		ldrh	r3, [r2, #2]
 282 00f4 0133     		adds	r3, r3, #1
 283 00f6 9BB2     		uxth	r3, r3
ARM GAS  C:\Users\student\AppData\Local\Temp\ccN12VMx.s 			page 11


 284 00f8 5380     		strh	r3, [r2, #2]	@ movhi
 183:.\main.c      ****                 DmaDone_Enable();
 285              		.loc 1 183 0
 286 00fa 5388     		ldrh	r3, [r2, #2]
 287 00fc 9BB2     		uxth	r3, r3
 288 00fe 092B     		cmp	r3, #9
 289 0100 02D8     		bhi	.L24
 183:.\main.c      ****                 DmaDone_Enable();
 290              		.loc 1 183 0 is_stmt 0 discriminator 1
 291 0102 5388     		ldrh	r3, [r2, #2]
 292 0104 9BB2     		uxth	r3, r3
 293 0106 00E0     		b	.L21
 294              	.L24:
 183:.\main.c      ****                 DmaDone_Enable();
 295              		.loc 1 183 0
 296 0108 0023     		movs	r3, #0
 297              	.L21:
 183:.\main.c      ****                 DmaDone_Enable();
 298              		.loc 1 183 0 discriminator 4
 299 010a 194D     		ldr	r5, .L27+16
 300 010c 6B80     		strh	r3, [r5, #2]	@ movhi
 184:.\main.c      ****                 ++syncDmaCounter;
 301              		.loc 1 184 0 is_stmt 1 discriminator 4
 302 010e FFF7FEFF 		bl	DmaDone_Enable
 303              	.LVL34:
 185:.\main.c      **** 
 304              		.loc 1 185 0 discriminator 4
 305 0112 6B79     		ldrb	r3, [r5, #5]	@ zero_extendqisi2
 306 0114 0133     		adds	r3, r3, #1
 307 0116 DBB2     		uxtb	r3, r3
 308 0118 6B71     		strb	r3, [r5, #5]
 188:.\main.c      ****             }
 309              		.loc 1 188 0 discriminator 4
 310 011a 0220     		movs	r0, #2
 311 011c FFF7FEFF 		bl	USBFS_EnableOutEP
 312              	.LVL35:
 313 0120 03E0     		b	.L22
 314              	.L19:
 195:.\main.c      ****                 skipNextOut = 0u;
 315              		.loc 1 195 0
 316 0122 0220     		movs	r0, #2
 317 0124 FFF7FEFF 		bl	USBFS_EnableOutEP
 318              	.LVL36:
 196:.\main.c      ****             }
 319              		.loc 1 196 0
 320 0128 0024     		movs	r4, #0
 321              	.LVL37:
 322              	.L22:
 202:.\main.c      ****             {
 323              		.loc 1 202 0
 324 012a 114B     		ldr	r3, .L27+16
 325 012c 1A88     		ldrh	r2, [r3]
 326 012e 92B2     		uxth	r2, r2
 327 0130 5B88     		ldrh	r3, [r3, #2]
 328 0132 9BB2     		uxth	r3, r3
 329 0134 9A42     		cmp	r2, r3
 330 0136 00D1     		bne	.L18
ARM GAS  C:\Users\student\AppData\Local\Temp\ccN12VMx.s 			page 12


 204:.\main.c      ****             }
 331              		.loc 1 204 0
 332 0138 0124     		movs	r4, #1
 333              	.LVL38:
 334              	.L18:
 209:.\main.c      ****         {
 335              		.loc 1 209 0
 336 013a 0D4B     		ldr	r3, .L27+16
 337 013c 1B79     		ldrb	r3, [r3, #4]	@ zero_extendqisi2
 338 013e 13F0FF0F 		tst	r3, #255
 339 0142 ABD1     		bne	.L16
 209:.\main.c      ****         {
 340              		.loc 1 209 0 is_stmt 0 discriminator 1
 341 0144 0A4B     		ldr	r3, .L27+16
 342 0146 5B79     		ldrb	r3, [r3, #5]	@ zero_extendqisi2
 343 0148 DBB2     		uxtb	r3, r3
 344 014a 052B     		cmp	r3, #5
 345 014c A6D1     		bne	.L16
 212:.\main.c      **** 
 346              		.loc 1 212 0 is_stmt 1
 347 014e 054B     		ldr	r3, .L27+4
 348 0150 1878     		ldrb	r0, [r3]	@ zero_extendqisi2
 349 0152 0121     		movs	r1, #1
 350 0154 FFF7FEFF 		bl	CyDmaChEnable
 351              	.LVL39:
 215:.\main.c      ****         }
 352              		.loc 1 215 0
 353 0158 0122     		movs	r2, #1
 354 015a 054B     		ldr	r3, .L27+16
 355 015c 1A71     		strb	r2, [r3, #4]
 356 015e 9DE7     		b	.L16
 357              	.L28:
 358              		.align	2
 359              	.L27:
 360 0160 00000000 		.word	soundBuffer
 361 0164 00000000 		.word	VdacOutDmaCh
 362 0168 00000000 		.word	VdacOutDmaTd
 363 016c 00000000 		.word	VdacDmaDone
 364 0170 00000000 		.word	.LANCHOR0
 365              		.cfi_endproc
 366              	.LFE63:
 367              		.size	main, .-main
 368              		.comm	VdacOutDmaTd,10,4
 369              		.comm	VdacOutDmaCh,1,1
 370              		.global	syncDmaCounter
 371              		.global	syncDma
 372              		.global	inIndex
 373              		.global	outIndex
 374              		.comm	soundBuffer,320,4
 375              		.bss
 376              		.align	1
 377              		.set	.LANCHOR0,. + 0
 378              		.type	outIndex, %object
 379              		.size	outIndex, 2
 380              	outIndex:
 381 0000 0000     		.space	2
 382              		.type	inIndex, %object
ARM GAS  C:\Users\student\AppData\Local\Temp\ccN12VMx.s 			page 13


 383              		.size	inIndex, 2
 384              	inIndex:
 385 0002 0000     		.space	2
 386              		.type	syncDma, %object
 387              		.size	syncDma, 1
 388              	syncDma:
 389 0004 00       		.space	1
 390              		.type	syncDmaCounter, %object
 391              		.size	syncDmaCounter, 1
 392              	syncDmaCounter:
 393 0005 00       		.space	1
 394              		.text
 395              	.Letext0:
 396              		.file 2 "c:\\program files (x86)\\cypress\\psoc creator\\3.3\\psoc creator\\import\\gnu\\arm\\4.9.
 397              		.file 3 "c:\\program files (x86)\\cypress\\psoc creator\\3.3\\psoc creator\\import\\gnu\\arm\\4.9.
 398              		.file 4 "Generated_Source\\PSoC5/cytypes.h"
 399              		.file 5 "Generated_Source\\PSoC5/core_cm3.h"
 400              		.file 6 "Generated_Source\\PSoC5/CyDmac.h"
 401              		.file 7 "Generated_Source\\PSoC5/VDAC_DMA_dma.h"
 402              		.file 8 "Generated_Source\\PSoC5/DmaDone.h"
 403              		.file 9 "Generated_Source\\PSoC5/USBFS.h"
 404              		.file 10 "Generated_Source\\PSoC5/VDAC8.h"
 405              		.section	.debug_info,"",%progbits
 406              	.Ldebug_info0:
 407 0000 F8040000 		.4byte	0x4f8
 408 0004 0400     		.2byte	0x4
 409 0006 00000000 		.4byte	.Ldebug_abbrev0
 410 000a 04       		.byte	0x4
 411 000b 01       		.uleb128 0x1
 412 000c 51000000 		.4byte	.LASF51
 413 0010 01       		.byte	0x1
 414 0011 FE000000 		.4byte	.LASF52
 415 0015 09000000 		.4byte	.LASF53
 416 0019 00000000 		.4byte	.Ldebug_ranges0+0
 417 001d 00000000 		.4byte	0
 418 0021 00000000 		.4byte	.Ldebug_line0
 419 0025 02       		.uleb128 0x2
 420 0026 01       		.byte	0x1
 421 0027 06       		.byte	0x6
 422 0028 2B030000 		.4byte	.LASF0
 423 002c 02       		.uleb128 0x2
 424 002d 01       		.byte	0x1
 425 002e 08       		.byte	0x8
 426 002f 56010000 		.4byte	.LASF1
 427 0033 02       		.uleb128 0x2
 428 0034 02       		.byte	0x2
 429 0035 05       		.byte	0x5
 430 0036 22020000 		.4byte	.LASF2
 431 003a 02       		.uleb128 0x2
 432 003b 02       		.byte	0x2
 433 003c 07       		.byte	0x7
 434 003d 9B010000 		.4byte	.LASF3
 435 0041 03       		.uleb128 0x3
 436 0042 35000000 		.4byte	.LASF9
 437 0046 02       		.byte	0x2
 438 0047 3F       		.byte	0x3f
 439 0048 4C000000 		.4byte	0x4c
ARM GAS  C:\Users\student\AppData\Local\Temp\ccN12VMx.s 			page 14


 440 004c 02       		.uleb128 0x2
 441 004d 04       		.byte	0x4
 442 004e 05       		.byte	0x5
 443 004f 09030000 		.4byte	.LASF4
 444 0053 02       		.uleb128 0x2
 445 0054 04       		.byte	0x4
 446 0055 07       		.byte	0x7
 447 0056 F4010000 		.4byte	.LASF5
 448 005a 02       		.uleb128 0x2
 449 005b 08       		.byte	0x8
 450 005c 05       		.byte	0x5
 451 005d CA020000 		.4byte	.LASF6
 452 0061 02       		.uleb128 0x2
 453 0062 08       		.byte	0x8
 454 0063 07       		.byte	0x7
 455 0064 71020000 		.4byte	.LASF7
 456 0068 04       		.uleb128 0x4
 457 0069 04       		.byte	0x4
 458 006a 05       		.byte	0x5
 459 006b 696E7400 		.ascii	"int\000"
 460 006f 02       		.uleb128 0x2
 461 0070 04       		.byte	0x4
 462 0071 07       		.byte	0x7
 463 0072 64020000 		.4byte	.LASF8
 464 0076 03       		.uleb128 0x3
 465 0077 B9020000 		.4byte	.LASF10
 466 007b 03       		.byte	0x3
 467 007c 2C       		.byte	0x2c
 468 007d 41000000 		.4byte	0x41
 469 0081 05       		.uleb128 0x5
 470 0082 50010000 		.4byte	.LASF11
 471 0086 04       		.byte	0x4
 472 0087 9201     		.2byte	0x192
 473 0089 2C000000 		.4byte	0x2c
 474 008d 05       		.uleb128 0x5
 475 008e 3A020000 		.4byte	.LASF12
 476 0092 04       		.byte	0x4
 477 0093 9301     		.2byte	0x193
 478 0095 3A000000 		.4byte	0x3a
 479 0099 05       		.uleb128 0x5
 480 009a 41020000 		.4byte	.LASF13
 481 009e 04       		.byte	0x4
 482 009f 9401     		.2byte	0x194
 483 00a1 53000000 		.4byte	0x53
 484 00a5 02       		.uleb128 0x2
 485 00a6 04       		.byte	0x4
 486 00a7 04       		.byte	0x4
 487 00a8 4A010000 		.4byte	.LASF14
 488 00ac 02       		.uleb128 0x2
 489 00ad 08       		.byte	0x8
 490 00ae 04       		.byte	0x4
 491 00af 07010000 		.4byte	.LASF15
 492 00b3 02       		.uleb128 0x2
 493 00b4 01       		.byte	0x1
 494 00b5 08       		.byte	0x8
 495 00b6 D8020000 		.4byte	.LASF16
 496 00ba 05       		.uleb128 0x5
ARM GAS  C:\Users\student\AppData\Local\Temp\ccN12VMx.s 			page 15


 497 00bb 00000000 		.4byte	.LASF17
 498 00bf 04       		.byte	0x4
 499 00c0 3402     		.2byte	0x234
 500 00c2 53000000 		.4byte	0x53
 501 00c6 05       		.uleb128 0x5
 502 00c7 64010000 		.4byte	.LASF18
 503 00cb 04       		.byte	0x4
 504 00cc 3C02     		.2byte	0x23c
 505 00ce D2000000 		.4byte	0xd2
 506 00d2 06       		.uleb128 0x6
 507 00d3 81000000 		.4byte	0x81
 508 00d7 06       		.uleb128 0x6
 509 00d8 8D000000 		.4byte	0x8d
 510 00dc 05       		.uleb128 0x5
 511 00dd 91020000 		.4byte	.LASF19
 512 00e1 04       		.byte	0x4
 513 00e2 4E02     		.2byte	0x24e
 514 00e4 E8000000 		.4byte	0xe8
 515 00e8 07       		.uleb128 0x7
 516 00e9 04       		.byte	0x4
 517 00ea EE000000 		.4byte	0xee
 518 00ee 08       		.uleb128 0x8
 519 00ef 02       		.uleb128 0x2
 520 00f0 08       		.byte	0x8
 521 00f1 04       		.byte	0x4
 522 00f2 1F030000 		.4byte	.LASF20
 523 00f6 02       		.uleb128 0x2
 524 00f7 04       		.byte	0x4
 525 00f8 07       		.byte	0x7
 526 00f9 C1020000 		.4byte	.LASF21
 527 00fd 09       		.uleb128 0x9
 528 00fe AD020000 		.4byte	.LASF22
 529 0102 01       		.byte	0x1
 530 0103 EC       		.byte	0xec
 531 0104 00000000 		.4byte	.LFB64
 532 0108 48000000 		.4byte	.LFE64-.LFB64
 533 010c 01       		.uleb128 0x1
 534 010d 9C       		.byte	0x9c
 535 010e 1C010000 		.4byte	0x11c
 536 0112 0A       		.uleb128 0xa
 537 0113 34000000 		.4byte	.LVL0
 538 0117 8B030000 		.4byte	0x38b
 539 011b 00       		.byte	0
 540 011c 0B       		.uleb128 0xb
 541 011d 48020000 		.4byte	.LASF23
 542 0121 01       		.byte	0x1
 543 0122 54       		.byte	0x54
 544 0123 68000000 		.4byte	0x68
 545 0127 00000000 		.4byte	.LFB63
 546 012b 74010000 		.4byte	.LFE63-.LFB63
 547 012f 01       		.uleb128 0x1
 548 0130 9C       		.byte	0x9c
 549 0131 E2020000 		.4byte	0x2e2
 550 0135 0C       		.uleb128 0xc
 551 0136 6900     		.ascii	"i\000"
 552 0138 01       		.byte	0x1
 553 0139 56       		.byte	0x56
ARM GAS  C:\Users\student\AppData\Local\Temp\ccN12VMx.s 			page 16


 554 013a 81000000 		.4byte	0x81
 555 013e 00000000 		.4byte	.LLST0
 556 0142 0D       		.uleb128 0xd
 557 0143 0E010000 		.4byte	.LASF24
 558 0147 01       		.byte	0x1
 559 0148 57       		.byte	0x57
 560 0149 81000000 		.4byte	0x81
 561 014d 62000000 		.4byte	.LLST1
 562 0151 0A       		.uleb128 0xa
 563 0152 06000000 		.4byte	.LVL2
 564 0156 A0030000 		.4byte	0x3a0
 565 015a 0E       		.uleb128 0xe
 566 015b 16000000 		.4byte	.LVL3
 567 015f A7030000 		.4byte	0x3a7
 568 0163 84010000 		.4byte	0x184
 569 0167 0F       		.uleb128 0xf
 570 0168 01       		.uleb128 0x1
 571 0169 53       		.byte	0x53
 572 016a 03       		.uleb128 0x3
 573 016b 0A       		.byte	0xa
 574 016c 0040     		.2byte	0x4000
 575 016e 0F       		.uleb128 0xf
 576 016f 01       		.uleb128 0x1
 577 0170 52       		.byte	0x52
 578 0171 07       		.uleb128 0x7
 579 0172 03       		.byte	0x3
 580 0173 00000000 		.4byte	soundBuffer
 581 0177 40       		.byte	0x40
 582 0178 25       		.byte	0x25
 583 0179 0F       		.uleb128 0xf
 584 017a 01       		.uleb128 0x1
 585 017b 51       		.byte	0x51
 586 017c 01       		.uleb128 0x1
 587 017d 31       		.byte	0x31
 588 017e 0F       		.uleb128 0xf
 589 017f 01       		.uleb128 0x1
 590 0180 50       		.byte	0x50
 591 0181 01       		.uleb128 0x1
 592 0182 31       		.byte	0x31
 593 0183 00       		.byte	0
 594 0184 0A       		.uleb128 0xa
 595 0185 22000000 		.4byte	.LVL6
 596 0189 CB030000 		.4byte	0x3cb
 597 018d 0E       		.uleb128 0xe
 598 018e 42000000 		.4byte	.LVL11
 599 0192 D6030000 		.4byte	0x3d6
 600 0196 A6010000 		.4byte	0x1a6
 601 019a 0F       		.uleb128 0xf
 602 019b 01       		.uleb128 0x1
 603 019c 53       		.byte	0x53
 604 019d 01       		.uleb128 0x1
 605 019e 35       		.byte	0x35
 606 019f 0F       		.uleb128 0xf
 607 01a0 01       		.uleb128 0x1
 608 01a1 51       		.byte	0x51
 609 01a2 02       		.uleb128 0x2
 610 01a3 08       		.byte	0x8
ARM GAS  C:\Users\student\AppData\Local\Temp\ccN12VMx.s 			page 17


 611 01a4 20       		.byte	0x20
 612 01a5 00       		.byte	0
 613 01a6 0E       		.uleb128 0xe
 614 01a7 56000000 		.4byte	.LVL14
 615 01ab D6030000 		.4byte	0x3d6
 616 01af BF010000 		.4byte	0x1bf
 617 01b3 0F       		.uleb128 0xf
 618 01b4 01       		.uleb128 0x1
 619 01b5 53       		.byte	0x53
 620 01b6 01       		.uleb128 0x1
 621 01b7 35       		.byte	0x35
 622 01b8 0F       		.uleb128 0xf
 623 01b9 01       		.uleb128 0x1
 624 01ba 51       		.byte	0x51
 625 01bb 02       		.uleb128 0x2
 626 01bc 08       		.byte	0x8
 627 01bd 20       		.byte	0x20
 628 01be 00       		.byte	0
 629 01bf 0E       		.uleb128 0xe
 630 01c0 6E000000 		.4byte	.LVL16
 631 01c4 FA030000 		.4byte	0x3fa
 632 01c8 E2010000 		.4byte	0x1e2
 633 01cc 0F       		.uleb128 0xf
 634 01cd 01       		.uleb128 0x1
 635 01ce 52       		.byte	0x52
 636 01cf 03       		.uleb128 0x3
 637 01d0 0A       		.byte	0xa
 638 01d1 815B     		.2byte	0x5b81
 639 01d3 0F       		.uleb128 0xf
 640 01d4 01       		.uleb128 0x1
 641 01d5 51       		.byte	0x51
 642 01d6 0A       		.uleb128 0xa
 643 01d7 74       		.byte	0x74
 644 01d8 00       		.sleb128 0
 645 01d9 35       		.byte	0x35
 646 01da 24       		.byte	0x24
 647 01db 03       		.byte	0x3
 648 01dc 00000000 		.4byte	soundBuffer
 649 01e0 22       		.byte	0x22
 650 01e1 00       		.byte	0
 651 01e2 0A       		.uleb128 0xa
 652 01e3 82000000 		.4byte	.LVL19
 653 01e7 19040000 		.4byte	0x419
 654 01eb 0E       		.uleb128 0xe
 655 01ec 88000000 		.4byte	.LVL20
 656 01f0 33040000 		.4byte	0x433
 657 01f4 02020000 		.4byte	0x202
 658 01f8 0F       		.uleb128 0xf
 659 01f9 01       		.uleb128 0x1
 660 01fa 50       		.byte	0x50
 661 01fb 05       		.uleb128 0x5
 662 01fc 03       		.byte	0x3
 663 01fd 00000000 		.4byte	VdacDmaDone
 664 0201 00       		.byte	0
 665 0202 0E       		.uleb128 0xe
 666 0203 92000000 		.4byte	.LVL21
 667 0207 44040000 		.4byte	0x444
ARM GAS  C:\Users\student\AppData\Local\Temp\ccN12VMx.s 			page 18


 668 020b 1A020000 		.4byte	0x21a
 669 020f 0F       		.uleb128 0xf
 670 0210 01       		.uleb128 0x1
 671 0211 51       		.byte	0x51
 672 0212 01       		.uleb128 0x1
 673 0213 31       		.byte	0x31
 674 0214 0F       		.uleb128 0xf
 675 0215 01       		.uleb128 0x1
 676 0216 50       		.byte	0x50
 677 0217 01       		.uleb128 0x1
 678 0218 30       		.byte	0x30
 679 0219 00       		.byte	0
 680 021a 0A       		.uleb128 0xa
 681 021b 96000000 		.4byte	.LVL22
 682 021f 5B040000 		.4byte	0x45b
 683 0223 0A       		.uleb128 0xa
 684 0224 A0000000 		.4byte	.LVL24
 685 0228 67040000 		.4byte	0x467
 686 022c 0A       		.uleb128 0xa
 687 022d A6000000 		.4byte	.LVL25
 688 0231 5B040000 		.4byte	0x45b
 689 0235 0E       		.uleb128 0xe
 690 0236 AE000000 		.4byte	.LVL26
 691 023a 73040000 		.4byte	0x473
 692 023e 48020000 		.4byte	0x248
 693 0242 0F       		.uleb128 0xf
 694 0243 01       		.uleb128 0x1
 695 0244 50       		.byte	0x50
 696 0245 01       		.uleb128 0x1
 697 0246 31       		.byte	0x31
 698 0247 00       		.byte	0
 699 0248 0E       		.uleb128 0xe
 700 0249 C2000000 		.4byte	.LVL29
 701 024d 89040000 		.4byte	0x489
 702 0251 5B020000 		.4byte	0x25b
 703 0255 0F       		.uleb128 0xf
 704 0256 01       		.uleb128 0x1
 705 0257 50       		.byte	0x50
 706 0258 01       		.uleb128 0x1
 707 0259 32       		.byte	0x32
 708 025a 00       		.byte	0
 709 025b 0E       		.uleb128 0xe
 710 025c C8000000 		.4byte	.LVL30
 711 0260 9B040000 		.4byte	0x49b
 712 0264 6E020000 		.4byte	0x26e
 713 0268 0F       		.uleb128 0xf
 714 0269 01       		.uleb128 0x1
 715 026a 50       		.byte	0x50
 716 026b 01       		.uleb128 0x1
 717 026c 32       		.byte	0x32
 718 026d 00       		.byte	0
 719 026e 0E       		.uleb128 0xe
 720 026f E2000000 		.4byte	.LVL31
 721 0273 B1040000 		.4byte	0x4b1
 722 0277 87020000 		.4byte	0x287
 723 027b 0F       		.uleb128 0xf
 724 027c 01       		.uleb128 0x1
ARM GAS  C:\Users\student\AppData\Local\Temp\ccN12VMx.s 			page 19


 725 027d 52       		.byte	0x52
 726 027e 02       		.uleb128 0x2
 727 027f 08       		.byte	0x8
 728 0280 20       		.byte	0x20
 729 0281 0F       		.uleb128 0xf
 730 0282 01       		.uleb128 0x1
 731 0283 50       		.byte	0x50
 732 0284 01       		.uleb128 0x1
 733 0285 32       		.byte	0x32
 734 0286 00       		.byte	0
 735 0287 0E       		.uleb128 0xe
 736 0288 E8000000 		.4byte	.LVL32
 737 028c 9B040000 		.4byte	0x49b
 738 0290 9A020000 		.4byte	0x29a
 739 0294 0F       		.uleb128 0xf
 740 0295 01       		.uleb128 0x1
 741 0296 50       		.byte	0x50
 742 0297 01       		.uleb128 0x1
 743 0298 32       		.byte	0x32
 744 0299 00       		.byte	0
 745 029a 0A       		.uleb128 0xa
 746 029b F0000000 		.4byte	.LVL33
 747 029f D7040000 		.4byte	0x4d7
 748 02a3 0A       		.uleb128 0xa
 749 02a4 12010000 		.4byte	.LVL34
 750 02a8 DE040000 		.4byte	0x4de
 751 02ac 0E       		.uleb128 0xe
 752 02ad 20010000 		.4byte	.LVL35
 753 02b1 89040000 		.4byte	0x489
 754 02b5 BF020000 		.4byte	0x2bf
 755 02b9 0F       		.uleb128 0xf
 756 02ba 01       		.uleb128 0x1
 757 02bb 50       		.byte	0x50
 758 02bc 01       		.uleb128 0x1
 759 02bd 32       		.byte	0x32
 760 02be 00       		.byte	0
 761 02bf 0E       		.uleb128 0xe
 762 02c0 28010000 		.4byte	.LVL36
 763 02c4 89040000 		.4byte	0x489
 764 02c8 D2020000 		.4byte	0x2d2
 765 02cc 0F       		.uleb128 0xf
 766 02cd 01       		.uleb128 0x1
 767 02ce 50       		.byte	0x50
 768 02cf 01       		.uleb128 0x1
 769 02d0 32       		.byte	0x32
 770 02d1 00       		.byte	0
 771 02d2 10       		.uleb128 0x10
 772 02d3 58010000 		.4byte	.LVL39
 773 02d7 E5040000 		.4byte	0x4e5
 774 02db 0F       		.uleb128 0xf
 775 02dc 01       		.uleb128 0x1
 776 02dd 51       		.byte	0x51
 777 02de 01       		.uleb128 0x1
 778 02df 31       		.byte	0x31
 779 02e0 00       		.byte	0
 780 02e1 00       		.byte	0
 781 02e2 11       		.uleb128 0x11
ARM GAS  C:\Users\student\AppData\Local\Temp\ccN12VMx.s 			page 20


 782 02e3 C5010000 		.4byte	.LASF25
 783 02e7 05       		.byte	0x5
 784 02e8 9606     		.2byte	0x696
 785 02ea EE020000 		.4byte	0x2ee
 786 02ee 06       		.uleb128 0x6
 787 02ef 76000000 		.4byte	0x76
 788 02f3 12       		.uleb128 0x12
 789 02f4 81000000 		.4byte	0x81
 790 02f8 04030000 		.4byte	0x304
 791 02fc 13       		.uleb128 0x13
 792 02fd F6000000 		.4byte	0xf6
 793 0301 3F01     		.2byte	0x13f
 794 0303 00       		.byte	0
 795 0304 14       		.uleb128 0x14
 796 0305 06020000 		.4byte	.LASF26
 797 0309 01       		.byte	0x1
 798 030a 24       		.byte	0x24
 799 030b F3020000 		.4byte	0x2f3
 800 030f 05       		.uleb128 0x5
 801 0310 03       		.byte	0x3
 802 0311 00000000 		.4byte	soundBuffer
 803 0315 14       		.uleb128 0x14
 804 0316 88020000 		.4byte	.LASF27
 805 031a 01       		.byte	0x1
 806 031b 25       		.byte	0x25
 807 031c D7000000 		.4byte	0xd7
 808 0320 05       		.uleb128 0x5
 809 0321 03       		.byte	0x3
 810 0322 00000000 		.4byte	outIndex
 811 0326 14       		.uleb128 0x14
 812 0327 32010000 		.4byte	.LASF28
 813 032b 01       		.byte	0x1
 814 032c 26       		.byte	0x26
 815 032d D7000000 		.4byte	0xd7
 816 0331 05       		.uleb128 0x5
 817 0332 03       		.byte	0x3
 818 0333 00000000 		.4byte	inIndex
 819 0337 14       		.uleb128 0x14
 820 0338 1A010000 		.4byte	.LASF29
 821 033c 01       		.byte	0x1
 822 033d 29       		.byte	0x29
 823 033e D2000000 		.4byte	0xd2
 824 0342 05       		.uleb128 0x5
 825 0343 03       		.byte	0x3
 826 0344 00000000 		.4byte	syncDma
 827 0348 14       		.uleb128 0x14
 828 0349 9E020000 		.4byte	.LASF30
 829 034d 01       		.byte	0x1
 830 034e 2A       		.byte	0x2a
 831 034f D2000000 		.4byte	0xd2
 832 0353 05       		.uleb128 0x5
 833 0354 03       		.byte	0x3
 834 0355 00000000 		.4byte	syncDmaCounter
 835 0359 14       		.uleb128 0x14
 836 035a 46030000 		.4byte	.LASF31
 837 035e 01       		.byte	0x1
 838 035f 2D       		.byte	0x2d
ARM GAS  C:\Users\student\AppData\Local\Temp\ccN12VMx.s 			page 21


 839 0360 81000000 		.4byte	0x81
 840 0364 05       		.uleb128 0x5
 841 0365 03       		.byte	0x3
 842 0366 00000000 		.4byte	VdacOutDmaCh
 843 036a 12       		.uleb128 0x12
 844 036b 81000000 		.4byte	0x81
 845 036f 7A030000 		.4byte	0x37a
 846 0373 15       		.uleb128 0x15
 847 0374 F6000000 		.4byte	0xf6
 848 0378 09       		.byte	0x9
 849 0379 00       		.byte	0
 850 037a 14       		.uleb128 0x14
 851 037b 12030000 		.4byte	.LASF32
 852 037f 01       		.byte	0x1
 853 0380 2E       		.byte	0x2e
 854 0381 6A030000 		.4byte	0x36a
 855 0385 05       		.uleb128 0x5
 856 0386 03       		.byte	0x3
 857 0387 00000000 		.4byte	VdacOutDmaTd
 858 038b 16       		.uleb128 0x16
 859 038c 37030000 		.4byte	.LASF33
 860 0390 06       		.byte	0x6
 861 0391 2A       		.byte	0x2a
 862 0392 BA000000 		.4byte	0xba
 863 0396 A0030000 		.4byte	0x3a0
 864 039a 17       		.uleb128 0x17
 865 039b 81000000 		.4byte	0x81
 866 039f 00       		.byte	0
 867 03a0 18       		.uleb128 0x18
 868 03a1 53030000 		.4byte	.LASF47
 869 03a5 0A       		.byte	0xa
 870 03a6 33       		.byte	0x33
 871 03a7 16       		.uleb128 0x16
 872 03a8 AE010000 		.4byte	.LASF34
 873 03ac 07       		.byte	0x7
 874 03ad 1E       		.byte	0x1e
 875 03ae 81000000 		.4byte	0x81
 876 03b2 CB030000 		.4byte	0x3cb
 877 03b6 17       		.uleb128 0x17
 878 03b7 81000000 		.4byte	0x81
 879 03bb 17       		.uleb128 0x17
 880 03bc 81000000 		.4byte	0x81
 881 03c0 17       		.uleb128 0x17
 882 03c1 8D000000 		.4byte	0x8d
 883 03c5 17       		.uleb128 0x17
 884 03c6 8D000000 		.4byte	0x8d
 885 03ca 00       		.byte	0
 886 03cb 19       		.uleb128 0x19
 887 03cc 22010000 		.4byte	.LASF40
 888 03d0 06       		.byte	0x6
 889 03d1 38       		.byte	0x38
 890 03d2 81000000 		.4byte	0x81
 891 03d6 16       		.uleb128 0x16
 892 03d7 69010000 		.4byte	.LASF35
 893 03db 06       		.byte	0x6
 894 03dc 3B       		.byte	0x3b
 895 03dd BA000000 		.4byte	0xba
ARM GAS  C:\Users\student\AppData\Local\Temp\ccN12VMx.s 			page 22


 896 03e1 FA030000 		.4byte	0x3fa
 897 03e5 17       		.uleb128 0x17
 898 03e6 81000000 		.4byte	0x81
 899 03ea 17       		.uleb128 0x17
 900 03eb 8D000000 		.4byte	0x8d
 901 03ef 17       		.uleb128 0x17
 902 03f0 81000000 		.4byte	0x81
 903 03f4 17       		.uleb128 0x17
 904 03f5 81000000 		.4byte	0x81
 905 03f9 00       		.byte	0
 906 03fa 16       		.uleb128 0x16
 907 03fb 3F000000 		.4byte	.LASF36
 908 03ff 06       		.byte	0x6
 909 0400 3F       		.byte	0x3f
 910 0401 BA000000 		.4byte	0xba
 911 0405 19040000 		.4byte	0x419
 912 0409 17       		.uleb128 0x17
 913 040a 81000000 		.4byte	0x81
 914 040e 17       		.uleb128 0x17
 915 040f 8D000000 		.4byte	0x8d
 916 0413 17       		.uleb128 0x17
 917 0414 8D000000 		.4byte	0x8d
 918 0418 00       		.byte	0
 919 0419 16       		.uleb128 0x16
 920 041a EA000000 		.4byte	.LASF37
 921 041e 06       		.byte	0x6
 922 041f 2F       		.byte	0x2f
 923 0420 BA000000 		.4byte	0xba
 924 0424 33040000 		.4byte	0x433
 925 0428 17       		.uleb128 0x17
 926 0429 81000000 		.4byte	0x81
 927 042d 17       		.uleb128 0x17
 928 042e 81000000 		.4byte	0x81
 929 0432 00       		.byte	0
 930 0433 1A       		.uleb128 0x1a
 931 0434 3A010000 		.4byte	.LASF38
 932 0438 08       		.byte	0x8
 933 0439 18       		.byte	0x18
 934 043a 44040000 		.4byte	0x444
 935 043e 17       		.uleb128 0x17
 936 043f DC000000 		.4byte	0xdc
 937 0443 00       		.byte	0
 938 0444 1B       		.uleb128 0x1b
 939 0445 DD020000 		.4byte	.LASF39
 940 0449 09       		.byte	0x9
 941 044a 2901     		.2byte	0x129
 942 044c 5B040000 		.4byte	0x45b
 943 0450 17       		.uleb128 0x17
 944 0451 81000000 		.4byte	0x81
 945 0455 17       		.uleb128 0x17
 946 0456 81000000 		.4byte	0x81
 947 045a 00       		.byte	0
 948 045b 1C       		.uleb128 0x1c
 949 045c 4D020000 		.4byte	.LASF41
 950 0460 09       		.byte	0x9
 951 0461 2C01     		.2byte	0x12c
 952 0463 81000000 		.4byte	0x81
ARM GAS  C:\Users\student\AppData\Local\Temp\ccN12VMx.s 			page 23


 953 0467 1C       		.uleb128 0x1c
 954 0468 5F030000 		.4byte	.LASF42
 955 046c 09       		.byte	0x9
 956 046d 2D01     		.2byte	0x12d
 957 046f 81000000 		.4byte	0x81
 958 0473 1D       		.uleb128 0x1d
 959 0474 81010000 		.4byte	.LASF43
 960 0478 09       		.byte	0x9
 961 0479 2E01     		.2byte	0x12e
 962 047b 81000000 		.4byte	0x81
 963 047f 89040000 		.4byte	0x489
 964 0483 17       		.uleb128 0x17
 965 0484 81000000 		.4byte	0x81
 966 0488 00       		.byte	0
 967 0489 1B       		.uleb128 0x1b
 968 048a E2010000 		.4byte	.LASF44
 969 048e 09       		.byte	0x9
 970 048f 3501     		.2byte	0x135
 971 0491 9B040000 		.4byte	0x49b
 972 0495 17       		.uleb128 0x17
 973 0496 81000000 		.4byte	0x81
 974 049a 00       		.byte	0
 975 049b 1D       		.uleb128 0x1d
 976 049c F8020000 		.4byte	.LASF45
 977 04a0 09       		.byte	0x9
 978 04a1 2F01     		.2byte	0x12f
 979 04a3 81000000 		.4byte	0x81
 980 04a7 B1040000 		.4byte	0x4b1
 981 04ab 17       		.uleb128 0x17
 982 04ac 81000000 		.4byte	0x81
 983 04b0 00       		.byte	0
 984 04b1 1D       		.uleb128 0x1d
 985 04b2 12020000 		.4byte	.LASF46
 986 04b6 09       		.byte	0x9
 987 04b7 3301     		.2byte	0x133
 988 04b9 8D000000 		.4byte	0x8d
 989 04bd D1040000 		.4byte	0x4d1
 990 04c1 17       		.uleb128 0x17
 991 04c2 81000000 		.4byte	0x81
 992 04c6 17       		.uleb128 0x17
 993 04c7 D1040000 		.4byte	0x4d1
 994 04cb 17       		.uleb128 0x17
 995 04cc 8D000000 		.4byte	0x8d
 996 04d0 00       		.byte	0
 997 04d1 07       		.uleb128 0x7
 998 04d2 04       		.byte	0x4
 999 04d3 81000000 		.4byte	0x81
 1000 04d7 18       		.uleb128 0x18
 1001 04d8 D2010000 		.4byte	.LASF48
 1002 04dc 08       		.byte	0x8
 1003 04dd 25       		.byte	0x25
 1004 04de 18       		.uleb128 0x18
 1005 04df E9020000 		.4byte	.LASF49
 1006 04e3 08       		.byte	0x8
 1007 04e4 23       		.byte	0x23
 1008 04e5 1E       		.uleb128 0x1e
 1009 04e6 2C020000 		.4byte	.LASF50
ARM GAS  C:\Users\student\AppData\Local\Temp\ccN12VMx.s 			page 24


 1010 04ea 06       		.byte	0x6
 1011 04eb 29       		.byte	0x29
 1012 04ec BA000000 		.4byte	0xba
 1013 04f0 17       		.uleb128 0x17
 1014 04f1 81000000 		.4byte	0x81
 1015 04f5 17       		.uleb128 0x17
 1016 04f6 81000000 		.4byte	0x81
 1017 04fa 00       		.byte	0
 1018 04fb 00       		.byte	0
 1019              		.section	.debug_abbrev,"",%progbits
 1020              	.Ldebug_abbrev0:
 1021 0000 01       		.uleb128 0x1
 1022 0001 11       		.uleb128 0x11
 1023 0002 01       		.byte	0x1
 1024 0003 25       		.uleb128 0x25
 1025 0004 0E       		.uleb128 0xe
 1026 0005 13       		.uleb128 0x13
 1027 0006 0B       		.uleb128 0xb
 1028 0007 03       		.uleb128 0x3
 1029 0008 0E       		.uleb128 0xe
 1030 0009 1B       		.uleb128 0x1b
 1031 000a 0E       		.uleb128 0xe
 1032 000b 55       		.uleb128 0x55
 1033 000c 17       		.uleb128 0x17
 1034 000d 11       		.uleb128 0x11
 1035 000e 01       		.uleb128 0x1
 1036 000f 10       		.uleb128 0x10
 1037 0010 17       		.uleb128 0x17
 1038 0011 00       		.byte	0
 1039 0012 00       		.byte	0
 1040 0013 02       		.uleb128 0x2
 1041 0014 24       		.uleb128 0x24
 1042 0015 00       		.byte	0
 1043 0016 0B       		.uleb128 0xb
 1044 0017 0B       		.uleb128 0xb
 1045 0018 3E       		.uleb128 0x3e
 1046 0019 0B       		.uleb128 0xb
 1047 001a 03       		.uleb128 0x3
 1048 001b 0E       		.uleb128 0xe
 1049 001c 00       		.byte	0
 1050 001d 00       		.byte	0
 1051 001e 03       		.uleb128 0x3
 1052 001f 16       		.uleb128 0x16
 1053 0020 00       		.byte	0
 1054 0021 03       		.uleb128 0x3
 1055 0022 0E       		.uleb128 0xe
 1056 0023 3A       		.uleb128 0x3a
 1057 0024 0B       		.uleb128 0xb
 1058 0025 3B       		.uleb128 0x3b
 1059 0026 0B       		.uleb128 0xb
 1060 0027 49       		.uleb128 0x49
 1061 0028 13       		.uleb128 0x13
 1062 0029 00       		.byte	0
 1063 002a 00       		.byte	0
 1064 002b 04       		.uleb128 0x4
 1065 002c 24       		.uleb128 0x24
 1066 002d 00       		.byte	0
ARM GAS  C:\Users\student\AppData\Local\Temp\ccN12VMx.s 			page 25


 1067 002e 0B       		.uleb128 0xb
 1068 002f 0B       		.uleb128 0xb
 1069 0030 3E       		.uleb128 0x3e
 1070 0031 0B       		.uleb128 0xb
 1071 0032 03       		.uleb128 0x3
 1072 0033 08       		.uleb128 0x8
 1073 0034 00       		.byte	0
 1074 0035 00       		.byte	0
 1075 0036 05       		.uleb128 0x5
 1076 0037 16       		.uleb128 0x16
 1077 0038 00       		.byte	0
 1078 0039 03       		.uleb128 0x3
 1079 003a 0E       		.uleb128 0xe
 1080 003b 3A       		.uleb128 0x3a
 1081 003c 0B       		.uleb128 0xb
 1082 003d 3B       		.uleb128 0x3b
 1083 003e 05       		.uleb128 0x5
 1084 003f 49       		.uleb128 0x49
 1085 0040 13       		.uleb128 0x13
 1086 0041 00       		.byte	0
 1087 0042 00       		.byte	0
 1088 0043 06       		.uleb128 0x6
 1089 0044 35       		.uleb128 0x35
 1090 0045 00       		.byte	0
 1091 0046 49       		.uleb128 0x49
 1092 0047 13       		.uleb128 0x13
 1093 0048 00       		.byte	0
 1094 0049 00       		.byte	0
 1095 004a 07       		.uleb128 0x7
 1096 004b 0F       		.uleb128 0xf
 1097 004c 00       		.byte	0
 1098 004d 0B       		.uleb128 0xb
 1099 004e 0B       		.uleb128 0xb
 1100 004f 49       		.uleb128 0x49
 1101 0050 13       		.uleb128 0x13
 1102 0051 00       		.byte	0
 1103 0052 00       		.byte	0
 1104 0053 08       		.uleb128 0x8
 1105 0054 15       		.uleb128 0x15
 1106 0055 00       		.byte	0
 1107 0056 27       		.uleb128 0x27
 1108 0057 19       		.uleb128 0x19
 1109 0058 00       		.byte	0
 1110 0059 00       		.byte	0
 1111 005a 09       		.uleb128 0x9
 1112 005b 2E       		.uleb128 0x2e
 1113 005c 01       		.byte	0x1
 1114 005d 3F       		.uleb128 0x3f
 1115 005e 19       		.uleb128 0x19
 1116 005f 03       		.uleb128 0x3
 1117 0060 0E       		.uleb128 0xe
 1118 0061 3A       		.uleb128 0x3a
 1119 0062 0B       		.uleb128 0xb
 1120 0063 3B       		.uleb128 0x3b
 1121 0064 0B       		.uleb128 0xb
 1122 0065 27       		.uleb128 0x27
 1123 0066 19       		.uleb128 0x19
ARM GAS  C:\Users\student\AppData\Local\Temp\ccN12VMx.s 			page 26


 1124 0067 11       		.uleb128 0x11
 1125 0068 01       		.uleb128 0x1
 1126 0069 12       		.uleb128 0x12
 1127 006a 06       		.uleb128 0x6
 1128 006b 40       		.uleb128 0x40
 1129 006c 18       		.uleb128 0x18
 1130 006d 9742     		.uleb128 0x2117
 1131 006f 19       		.uleb128 0x19
 1132 0070 01       		.uleb128 0x1
 1133 0071 13       		.uleb128 0x13
 1134 0072 00       		.byte	0
 1135 0073 00       		.byte	0
 1136 0074 0A       		.uleb128 0xa
 1137 0075 898201   		.uleb128 0x4109
 1138 0078 00       		.byte	0
 1139 0079 11       		.uleb128 0x11
 1140 007a 01       		.uleb128 0x1
 1141 007b 31       		.uleb128 0x31
 1142 007c 13       		.uleb128 0x13
 1143 007d 00       		.byte	0
 1144 007e 00       		.byte	0
 1145 007f 0B       		.uleb128 0xb
 1146 0080 2E       		.uleb128 0x2e
 1147 0081 01       		.byte	0x1
 1148 0082 3F       		.uleb128 0x3f
 1149 0083 19       		.uleb128 0x19
 1150 0084 03       		.uleb128 0x3
 1151 0085 0E       		.uleb128 0xe
 1152 0086 3A       		.uleb128 0x3a
 1153 0087 0B       		.uleb128 0xb
 1154 0088 3B       		.uleb128 0x3b
 1155 0089 0B       		.uleb128 0xb
 1156 008a 49       		.uleb128 0x49
 1157 008b 13       		.uleb128 0x13
 1158 008c 11       		.uleb128 0x11
 1159 008d 01       		.uleb128 0x1
 1160 008e 12       		.uleb128 0x12
 1161 008f 06       		.uleb128 0x6
 1162 0090 40       		.uleb128 0x40
 1163 0091 18       		.uleb128 0x18
 1164 0092 9742     		.uleb128 0x2117
 1165 0094 19       		.uleb128 0x19
 1166 0095 01       		.uleb128 0x1
 1167 0096 13       		.uleb128 0x13
 1168 0097 00       		.byte	0
 1169 0098 00       		.byte	0
 1170 0099 0C       		.uleb128 0xc
 1171 009a 34       		.uleb128 0x34
 1172 009b 00       		.byte	0
 1173 009c 03       		.uleb128 0x3
 1174 009d 08       		.uleb128 0x8
 1175 009e 3A       		.uleb128 0x3a
 1176 009f 0B       		.uleb128 0xb
 1177 00a0 3B       		.uleb128 0x3b
 1178 00a1 0B       		.uleb128 0xb
 1179 00a2 49       		.uleb128 0x49
 1180 00a3 13       		.uleb128 0x13
ARM GAS  C:\Users\student\AppData\Local\Temp\ccN12VMx.s 			page 27


 1181 00a4 02       		.uleb128 0x2
 1182 00a5 17       		.uleb128 0x17
 1183 00a6 00       		.byte	0
 1184 00a7 00       		.byte	0
 1185 00a8 0D       		.uleb128 0xd
 1186 00a9 34       		.uleb128 0x34
 1187 00aa 00       		.byte	0
 1188 00ab 03       		.uleb128 0x3
 1189 00ac 0E       		.uleb128 0xe
 1190 00ad 3A       		.uleb128 0x3a
 1191 00ae 0B       		.uleb128 0xb
 1192 00af 3B       		.uleb128 0x3b
 1193 00b0 0B       		.uleb128 0xb
 1194 00b1 49       		.uleb128 0x49
 1195 00b2 13       		.uleb128 0x13
 1196 00b3 02       		.uleb128 0x2
 1197 00b4 17       		.uleb128 0x17
 1198 00b5 00       		.byte	0
 1199 00b6 00       		.byte	0
 1200 00b7 0E       		.uleb128 0xe
 1201 00b8 898201   		.uleb128 0x4109
 1202 00bb 01       		.byte	0x1
 1203 00bc 11       		.uleb128 0x11
 1204 00bd 01       		.uleb128 0x1
 1205 00be 31       		.uleb128 0x31
 1206 00bf 13       		.uleb128 0x13
 1207 00c0 01       		.uleb128 0x1
 1208 00c1 13       		.uleb128 0x13
 1209 00c2 00       		.byte	0
 1210 00c3 00       		.byte	0
 1211 00c4 0F       		.uleb128 0xf
 1212 00c5 8A8201   		.uleb128 0x410a
 1213 00c8 00       		.byte	0
 1214 00c9 02       		.uleb128 0x2
 1215 00ca 18       		.uleb128 0x18
 1216 00cb 9142     		.uleb128 0x2111
 1217 00cd 18       		.uleb128 0x18
 1218 00ce 00       		.byte	0
 1219 00cf 00       		.byte	0
 1220 00d0 10       		.uleb128 0x10
 1221 00d1 898201   		.uleb128 0x4109
 1222 00d4 01       		.byte	0x1
 1223 00d5 11       		.uleb128 0x11
 1224 00d6 01       		.uleb128 0x1
 1225 00d7 31       		.uleb128 0x31
 1226 00d8 13       		.uleb128 0x13
 1227 00d9 00       		.byte	0
 1228 00da 00       		.byte	0
 1229 00db 11       		.uleb128 0x11
 1230 00dc 34       		.uleb128 0x34
 1231 00dd 00       		.byte	0
 1232 00de 03       		.uleb128 0x3
 1233 00df 0E       		.uleb128 0xe
 1234 00e0 3A       		.uleb128 0x3a
 1235 00e1 0B       		.uleb128 0xb
 1236 00e2 3B       		.uleb128 0x3b
 1237 00e3 05       		.uleb128 0x5
ARM GAS  C:\Users\student\AppData\Local\Temp\ccN12VMx.s 			page 28


 1238 00e4 49       		.uleb128 0x49
 1239 00e5 13       		.uleb128 0x13
 1240 00e6 3F       		.uleb128 0x3f
 1241 00e7 19       		.uleb128 0x19
 1242 00e8 3C       		.uleb128 0x3c
 1243 00e9 19       		.uleb128 0x19
 1244 00ea 00       		.byte	0
 1245 00eb 00       		.byte	0
 1246 00ec 12       		.uleb128 0x12
 1247 00ed 01       		.uleb128 0x1
 1248 00ee 01       		.byte	0x1
 1249 00ef 49       		.uleb128 0x49
 1250 00f0 13       		.uleb128 0x13
 1251 00f1 01       		.uleb128 0x1
 1252 00f2 13       		.uleb128 0x13
 1253 00f3 00       		.byte	0
 1254 00f4 00       		.byte	0
 1255 00f5 13       		.uleb128 0x13
 1256 00f6 21       		.uleb128 0x21
 1257 00f7 00       		.byte	0
 1258 00f8 49       		.uleb128 0x49
 1259 00f9 13       		.uleb128 0x13
 1260 00fa 2F       		.uleb128 0x2f
 1261 00fb 05       		.uleb128 0x5
 1262 00fc 00       		.byte	0
 1263 00fd 00       		.byte	0
 1264 00fe 14       		.uleb128 0x14
 1265 00ff 34       		.uleb128 0x34
 1266 0100 00       		.byte	0
 1267 0101 03       		.uleb128 0x3
 1268 0102 0E       		.uleb128 0xe
 1269 0103 3A       		.uleb128 0x3a
 1270 0104 0B       		.uleb128 0xb
 1271 0105 3B       		.uleb128 0x3b
 1272 0106 0B       		.uleb128 0xb
 1273 0107 49       		.uleb128 0x49
 1274 0108 13       		.uleb128 0x13
 1275 0109 3F       		.uleb128 0x3f
 1276 010a 19       		.uleb128 0x19
 1277 010b 02       		.uleb128 0x2
 1278 010c 18       		.uleb128 0x18
 1279 010d 00       		.byte	0
 1280 010e 00       		.byte	0
 1281 010f 15       		.uleb128 0x15
 1282 0110 21       		.uleb128 0x21
 1283 0111 00       		.byte	0
 1284 0112 49       		.uleb128 0x49
 1285 0113 13       		.uleb128 0x13
 1286 0114 2F       		.uleb128 0x2f
 1287 0115 0B       		.uleb128 0xb
 1288 0116 00       		.byte	0
 1289 0117 00       		.byte	0
 1290 0118 16       		.uleb128 0x16
 1291 0119 2E       		.uleb128 0x2e
 1292 011a 01       		.byte	0x1
 1293 011b 3F       		.uleb128 0x3f
 1294 011c 19       		.uleb128 0x19
ARM GAS  C:\Users\student\AppData\Local\Temp\ccN12VMx.s 			page 29


 1295 011d 03       		.uleb128 0x3
 1296 011e 0E       		.uleb128 0xe
 1297 011f 3A       		.uleb128 0x3a
 1298 0120 0B       		.uleb128 0xb
 1299 0121 3B       		.uleb128 0x3b
 1300 0122 0B       		.uleb128 0xb
 1301 0123 27       		.uleb128 0x27
 1302 0124 19       		.uleb128 0x19
 1303 0125 49       		.uleb128 0x49
 1304 0126 13       		.uleb128 0x13
 1305 0127 3C       		.uleb128 0x3c
 1306 0128 19       		.uleb128 0x19
 1307 0129 01       		.uleb128 0x1
 1308 012a 13       		.uleb128 0x13
 1309 012b 00       		.byte	0
 1310 012c 00       		.byte	0
 1311 012d 17       		.uleb128 0x17
 1312 012e 05       		.uleb128 0x5
 1313 012f 00       		.byte	0
 1314 0130 49       		.uleb128 0x49
 1315 0131 13       		.uleb128 0x13
 1316 0132 00       		.byte	0
 1317 0133 00       		.byte	0
 1318 0134 18       		.uleb128 0x18
 1319 0135 2E       		.uleb128 0x2e
 1320 0136 00       		.byte	0
 1321 0137 3F       		.uleb128 0x3f
 1322 0138 19       		.uleb128 0x19
 1323 0139 03       		.uleb128 0x3
 1324 013a 0E       		.uleb128 0xe
 1325 013b 3A       		.uleb128 0x3a
 1326 013c 0B       		.uleb128 0xb
 1327 013d 3B       		.uleb128 0x3b
 1328 013e 0B       		.uleb128 0xb
 1329 013f 27       		.uleb128 0x27
 1330 0140 19       		.uleb128 0x19
 1331 0141 3C       		.uleb128 0x3c
 1332 0142 19       		.uleb128 0x19
 1333 0143 00       		.byte	0
 1334 0144 00       		.byte	0
 1335 0145 19       		.uleb128 0x19
 1336 0146 2E       		.uleb128 0x2e
 1337 0147 00       		.byte	0
 1338 0148 3F       		.uleb128 0x3f
 1339 0149 19       		.uleb128 0x19
 1340 014a 03       		.uleb128 0x3
 1341 014b 0E       		.uleb128 0xe
 1342 014c 3A       		.uleb128 0x3a
 1343 014d 0B       		.uleb128 0xb
 1344 014e 3B       		.uleb128 0x3b
 1345 014f 0B       		.uleb128 0xb
 1346 0150 27       		.uleb128 0x27
 1347 0151 19       		.uleb128 0x19
 1348 0152 49       		.uleb128 0x49
 1349 0153 13       		.uleb128 0x13
 1350 0154 3C       		.uleb128 0x3c
 1351 0155 19       		.uleb128 0x19
ARM GAS  C:\Users\student\AppData\Local\Temp\ccN12VMx.s 			page 30


 1352 0156 00       		.byte	0
 1353 0157 00       		.byte	0
 1354 0158 1A       		.uleb128 0x1a
 1355 0159 2E       		.uleb128 0x2e
 1356 015a 01       		.byte	0x1
 1357 015b 3F       		.uleb128 0x3f
 1358 015c 19       		.uleb128 0x19
 1359 015d 03       		.uleb128 0x3
 1360 015e 0E       		.uleb128 0xe
 1361 015f 3A       		.uleb128 0x3a
 1362 0160 0B       		.uleb128 0xb
 1363 0161 3B       		.uleb128 0x3b
 1364 0162 0B       		.uleb128 0xb
 1365 0163 27       		.uleb128 0x27
 1366 0164 19       		.uleb128 0x19
 1367 0165 3C       		.uleb128 0x3c
 1368 0166 19       		.uleb128 0x19
 1369 0167 01       		.uleb128 0x1
 1370 0168 13       		.uleb128 0x13
 1371 0169 00       		.byte	0
 1372 016a 00       		.byte	0
 1373 016b 1B       		.uleb128 0x1b
 1374 016c 2E       		.uleb128 0x2e
 1375 016d 01       		.byte	0x1
 1376 016e 3F       		.uleb128 0x3f
 1377 016f 19       		.uleb128 0x19
 1378 0170 03       		.uleb128 0x3
 1379 0171 0E       		.uleb128 0xe
 1380 0172 3A       		.uleb128 0x3a
 1381 0173 0B       		.uleb128 0xb
 1382 0174 3B       		.uleb128 0x3b
 1383 0175 05       		.uleb128 0x5
 1384 0176 27       		.uleb128 0x27
 1385 0177 19       		.uleb128 0x19
 1386 0178 3C       		.uleb128 0x3c
 1387 0179 19       		.uleb128 0x19
 1388 017a 01       		.uleb128 0x1
 1389 017b 13       		.uleb128 0x13
 1390 017c 00       		.byte	0
 1391 017d 00       		.byte	0
 1392 017e 1C       		.uleb128 0x1c
 1393 017f 2E       		.uleb128 0x2e
 1394 0180 00       		.byte	0
 1395 0181 3F       		.uleb128 0x3f
 1396 0182 19       		.uleb128 0x19
 1397 0183 03       		.uleb128 0x3
 1398 0184 0E       		.uleb128 0xe
 1399 0185 3A       		.uleb128 0x3a
 1400 0186 0B       		.uleb128 0xb
 1401 0187 3B       		.uleb128 0x3b
 1402 0188 05       		.uleb128 0x5
 1403 0189 27       		.uleb128 0x27
 1404 018a 19       		.uleb128 0x19
 1405 018b 49       		.uleb128 0x49
 1406 018c 13       		.uleb128 0x13
 1407 018d 3C       		.uleb128 0x3c
 1408 018e 19       		.uleb128 0x19
ARM GAS  C:\Users\student\AppData\Local\Temp\ccN12VMx.s 			page 31


 1409 018f 00       		.byte	0
 1410 0190 00       		.byte	0
 1411 0191 1D       		.uleb128 0x1d
 1412 0192 2E       		.uleb128 0x2e
 1413 0193 01       		.byte	0x1
 1414 0194 3F       		.uleb128 0x3f
 1415 0195 19       		.uleb128 0x19
 1416 0196 03       		.uleb128 0x3
 1417 0197 0E       		.uleb128 0xe
 1418 0198 3A       		.uleb128 0x3a
 1419 0199 0B       		.uleb128 0xb
 1420 019a 3B       		.uleb128 0x3b
 1421 019b 05       		.uleb128 0x5
 1422 019c 27       		.uleb128 0x27
 1423 019d 19       		.uleb128 0x19
 1424 019e 49       		.uleb128 0x49
 1425 019f 13       		.uleb128 0x13
 1426 01a0 3C       		.uleb128 0x3c
 1427 01a1 19       		.uleb128 0x19
 1428 01a2 01       		.uleb128 0x1
 1429 01a3 13       		.uleb128 0x13
 1430 01a4 00       		.byte	0
 1431 01a5 00       		.byte	0
 1432 01a6 1E       		.uleb128 0x1e
 1433 01a7 2E       		.uleb128 0x2e
 1434 01a8 01       		.byte	0x1
 1435 01a9 3F       		.uleb128 0x3f
 1436 01aa 19       		.uleb128 0x19
 1437 01ab 03       		.uleb128 0x3
 1438 01ac 0E       		.uleb128 0xe
 1439 01ad 3A       		.uleb128 0x3a
 1440 01ae 0B       		.uleb128 0xb
 1441 01af 3B       		.uleb128 0x3b
 1442 01b0 0B       		.uleb128 0xb
 1443 01b1 27       		.uleb128 0x27
 1444 01b2 19       		.uleb128 0x19
 1445 01b3 49       		.uleb128 0x49
 1446 01b4 13       		.uleb128 0x13
 1447 01b5 3C       		.uleb128 0x3c
 1448 01b6 19       		.uleb128 0x19
 1449 01b7 00       		.byte	0
 1450 01b8 00       		.byte	0
 1451 01b9 00       		.byte	0
 1452              		.section	.debug_loc,"",%progbits
 1453              	.Ldebug_loc0:
 1454              	.LLST0:
 1455 0000 1A000000 		.4byte	.LVL4
 1456 0004 1E000000 		.4byte	.LVL5
 1457 0008 0200     		.2byte	0x2
 1458 000a 30       		.byte	0x30
 1459 000b 9F       		.byte	0x9f
 1460 000c 1E000000 		.4byte	.LVL5
 1461 0010 28000000 		.4byte	.LVL7
 1462 0014 0100     		.2byte	0x1
 1463 0016 54       		.byte	0x54
 1464 0017 2A000000 		.4byte	.LVL8
 1465 001b 32000000 		.4byte	.LVL9
ARM GAS  C:\Users\student\AppData\Local\Temp\ccN12VMx.s 			page 32


 1466 001f 0100     		.2byte	0x1
 1467 0021 54       		.byte	0x54
 1468 0022 32000000 		.4byte	.LVL9
 1469 0026 3E000000 		.4byte	.LVL10
 1470 002a 0100     		.2byte	0x1
 1471 002c 53       		.byte	0x53
 1472 002d 44000000 		.4byte	.LVL12
 1473 0031 4A000000 		.4byte	.LVL13
 1474 0035 0100     		.2byte	0x1
 1475 0037 53       		.byte	0x53
 1476 0038 56000000 		.4byte	.LVL14
 1477 003c 5A000000 		.4byte	.LVL15
 1478 0040 0200     		.2byte	0x2
 1479 0042 30       		.byte	0x30
 1480 0043 9F       		.byte	0x9f
 1481 0044 5A000000 		.4byte	.LVL15
 1482 0048 70000000 		.4byte	.LVL17
 1483 004c 0100     		.2byte	0x1
 1484 004e 54       		.byte	0x54
 1485 004f 72000000 		.4byte	.LVL18
 1486 0053 9C000000 		.4byte	.LVL23
 1487 0057 0100     		.2byte	0x1
 1488 0059 54       		.byte	0x54
 1489 005a 00000000 		.4byte	0
 1490 005e 00000000 		.4byte	0
 1491              	.LLST1:
 1492 0062 02000000 		.4byte	.LVL1
 1493 0066 9C000000 		.4byte	.LVL23
 1494 006a 0200     		.2byte	0x2
 1495 006c 30       		.byte	0x30
 1496 006d 9F       		.byte	0x9f
 1497 006e 9C000000 		.4byte	.LVL23
 1498 0072 B4000000 		.4byte	.LVL27
 1499 0076 0100     		.2byte	0x1
 1500 0078 54       		.byte	0x54
 1501 0079 BA000000 		.4byte	.LVL28
 1502 007d C2000000 		.4byte	.LVL29
 1503 0081 0200     		.2byte	0x2
 1504 0083 30       		.byte	0x30
 1505 0084 9F       		.byte	0x9f
 1506 0085 C2000000 		.4byte	.LVL29
 1507 0089 28010000 		.4byte	.LVL36
 1508 008d 0100     		.2byte	0x1
 1509 008f 54       		.byte	0x54
 1510 0090 28010000 		.4byte	.LVL36
 1511 0094 2A010000 		.4byte	.LVL37
 1512 0098 0200     		.2byte	0x2
 1513 009a 30       		.byte	0x30
 1514 009b 9F       		.byte	0x9f
 1515 009c 2A010000 		.4byte	.LVL37
 1516 00a0 74010000 		.4byte	.LFE63
 1517 00a4 0100     		.2byte	0x1
 1518 00a6 54       		.byte	0x54
 1519 00a7 00000000 		.4byte	0
 1520 00ab 00000000 		.4byte	0
 1521              		.section	.debug_aranges,"",%progbits
 1522 0000 24000000 		.4byte	0x24
ARM GAS  C:\Users\student\AppData\Local\Temp\ccN12VMx.s 			page 33


 1523 0004 0200     		.2byte	0x2
 1524 0006 00000000 		.4byte	.Ldebug_info0
 1525 000a 04       		.byte	0x4
 1526 000b 00       		.byte	0
 1527 000c 0000     		.2byte	0
 1528 000e 0000     		.2byte	0
 1529 0010 00000000 		.4byte	.LFB64
 1530 0014 48000000 		.4byte	.LFE64-.LFB64
 1531 0018 00000000 		.4byte	.LFB63
 1532 001c 74010000 		.4byte	.LFE63-.LFB63
 1533 0020 00000000 		.4byte	0
 1534 0024 00000000 		.4byte	0
 1535              		.section	.debug_ranges,"",%progbits
 1536              	.Ldebug_ranges0:
 1537 0000 00000000 		.4byte	.LFB64
 1538 0004 48000000 		.4byte	.LFE64
 1539 0008 00000000 		.4byte	.LFB63
 1540 000c 74010000 		.4byte	.LFE63
 1541 0010 00000000 		.4byte	0
 1542 0014 00000000 		.4byte	0
 1543              		.section	.debug_line,"",%progbits
 1544              	.Ldebug_line0:
 1545 0000 52020000 		.section	.debug_str,"MS",%progbits,1
 1545      02008A01 
 1545      00000201 
 1545      FB0E0D00 
 1545      01010101 
 1546              	.LASF17:
 1547 0000 63797374 		.ascii	"cystatus\000"
 1547      61747573 
 1547      00
 1548              	.LASF53:
 1549 0009 443A5C72 		.ascii	"D:\\rbeattie_final_project\\ConnectFour.cydsn\000"
 1549      62656174 
 1549      7469655F 
 1549      66696E61 
 1549      6C5F7072 
 1550              	.LASF9:
 1551 0035 5F5F696E 		.ascii	"__int32_t\000"
 1551      7433325F 
 1551      7400
 1552              	.LASF36:
 1553 003f 4379446D 		.ascii	"CyDmaTdSetAddress\000"
 1553      61546453 
 1553      65744164 
 1553      64726573 
 1553      7300
 1554              	.LASF51:
 1555 0051 474E5520 		.ascii	"GNU C 4.9.3 20150303 (release) [ARM/embedded-4_9-br"
 1555      4320342E 
 1555      392E3320 
 1555      32303135 
 1555      30333033 
 1556 0084 616E6368 		.ascii	"anch revision 221220] -mcpu=cortex-m3 -mthumb -g -O"
 1556      20726576 
 1556      6973696F 
 1556      6E203232 
ARM GAS  C:\Users\student\AppData\Local\Temp\ccN12VMx.s 			page 34


 1556      31323230 
 1557 00b7 67202D73 		.ascii	"g -std=gnu11 -ffunction-sections -ffat-lto-objects\000"
 1557      74643D67 
 1557      6E753131 
 1557      202D6666 
 1557      756E6374 
 1558              	.LASF37:
 1559 00ea 4379446D 		.ascii	"CyDmaChSetInitialTd\000"
 1559      61436853 
 1559      6574496E 
 1559      69746961 
 1559      6C546400 
 1560              	.LASF52:
 1561 00fe 2E5C6D61 		.ascii	".\\main.c\000"
 1561      696E2E63 
 1561      00
 1562              	.LASF15:
 1563 0107 646F7562 		.ascii	"double\000"
 1563      6C6500
 1564              	.LASF24:
 1565 010e 736B6970 		.ascii	"skipNextOut\000"
 1565      4E657874 
 1565      4F757400 
 1566              	.LASF29:
 1567 011a 73796E63 		.ascii	"syncDma\000"
 1567      446D6100 
 1568              	.LASF40:
 1569 0122 4379446D 		.ascii	"CyDmaTdAllocate\000"
 1569      61546441 
 1569      6C6C6F63 
 1569      61746500 
 1570              	.LASF28:
 1571 0132 696E496E 		.ascii	"inIndex\000"
 1571      64657800 
 1572              	.LASF38:
 1573 013a 446D6144 		.ascii	"DmaDone_StartEx\000"
 1573      6F6E655F 
 1573      53746172 
 1573      74457800 
 1574              	.LASF14:
 1575 014a 666C6F61 		.ascii	"float\000"
 1575      7400
 1576              	.LASF11:
 1577 0150 75696E74 		.ascii	"uint8\000"
 1577      3800
 1578              	.LASF1:
 1579 0156 756E7369 		.ascii	"unsigned char\000"
 1579      676E6564 
 1579      20636861 
 1579      7200
 1580              	.LASF18:
 1581 0164 72656738 		.ascii	"reg8\000"
 1581      00
 1582              	.LASF35:
 1583 0169 4379446D 		.ascii	"CyDmaTdSetConfiguration\000"
 1583      61546453 
 1583      6574436F 
ARM GAS  C:\Users\student\AppData\Local\Temp\ccN12VMx.s 			page 35


 1583      6E666967 
 1583      75726174 
 1584              	.LASF43:
 1585 0181 55534246 		.ascii	"USBFS_GetInterfaceSetting\000"
 1585      535F4765 
 1585      74496E74 
 1585      65726661 
 1585      63655365 
 1586              	.LASF3:
 1587 019b 73686F72 		.ascii	"short unsigned int\000"
 1587      7420756E 
 1587      7369676E 
 1587      65642069 
 1587      6E7400
 1588              	.LASF34:
 1589 01ae 56444143 		.ascii	"VDAC_DMA_DmaInitialize\000"
 1589      5F444D41 
 1589      5F446D61 
 1589      496E6974 
 1589      69616C69 
 1590              	.LASF25:
 1591 01c5 49544D5F 		.ascii	"ITM_RxBuffer\000"
 1591      52784275 
 1591      66666572 
 1591      00
 1592              	.LASF48:
 1593 01d2 446D6144 		.ascii	"DmaDone_Disable\000"
 1593      6F6E655F 
 1593      44697361 
 1593      626C6500 
 1594              	.LASF44:
 1595 01e2 55534246 		.ascii	"USBFS_EnableOutEP\000"
 1595      535F456E 
 1595      61626C65 
 1595      4F757445 
 1595      5000
 1596              	.LASF5:
 1597 01f4 6C6F6E67 		.ascii	"long unsigned int\000"
 1597      20756E73 
 1597      69676E65 
 1597      6420696E 
 1597      7400
 1598              	.LASF26:
 1599 0206 736F756E 		.ascii	"soundBuffer\000"
 1599      64427566 
 1599      66657200 
 1600              	.LASF46:
 1601 0212 55534246 		.ascii	"USBFS_ReadOutEP\000"
 1601      535F5265 
 1601      61644F75 
 1601      74455000 
 1602              	.LASF2:
 1603 0222 73686F72 		.ascii	"short int\000"
 1603      7420696E 
 1603      7400
 1604              	.LASF50:
 1605 022c 4379446D 		.ascii	"CyDmaChEnable\000"
ARM GAS  C:\Users\student\AppData\Local\Temp\ccN12VMx.s 			page 36


 1605      61436845 
 1605      6E61626C 
 1605      6500
 1606              	.LASF12:
 1607 023a 75696E74 		.ascii	"uint16\000"
 1607      313600
 1608              	.LASF13:
 1609 0241 75696E74 		.ascii	"uint32\000"
 1609      333200
 1610              	.LASF23:
 1611 0248 6D61696E 		.ascii	"main\000"
 1611      00
 1612              	.LASF41:
 1613 024d 55534246 		.ascii	"USBFS_GetConfiguration\000"
 1613      535F4765 
 1613      74436F6E 
 1613      66696775 
 1613      72617469 
 1614              	.LASF8:
 1615 0264 756E7369 		.ascii	"unsigned int\000"
 1615      676E6564 
 1615      20696E74 
 1615      00
 1616              	.LASF7:
 1617 0271 6C6F6E67 		.ascii	"long long unsigned int\000"
 1617      206C6F6E 
 1617      6720756E 
 1617      7369676E 
 1617      65642069 
 1618              	.LASF27:
 1619 0288 6F757449 		.ascii	"outIndex\000"
 1619      6E646578 
 1619      00
 1620              	.LASF19:
 1621 0291 63796973 		.ascii	"cyisraddress\000"
 1621      72616464 
 1621      72657373 
 1621      00
 1622              	.LASF30:
 1623 029e 73796E63 		.ascii	"syncDmaCounter\000"
 1623      446D6143 
 1623      6F756E74 
 1623      657200
 1624              	.LASF22:
 1625 02ad 56646163 		.ascii	"VdacDmaDone\000"
 1625      446D6144 
 1625      6F6E6500 
 1626              	.LASF10:
 1627 02b9 696E7433 		.ascii	"int32_t\000"
 1627      325F7400 
 1628              	.LASF21:
 1629 02c1 73697A65 		.ascii	"sizetype\000"
 1629      74797065 
 1629      00
 1630              	.LASF6:
 1631 02ca 6C6F6E67 		.ascii	"long long int\000"
 1631      206C6F6E 
ARM GAS  C:\Users\student\AppData\Local\Temp\ccN12VMx.s 			page 37


 1631      6720696E 
 1631      7400
 1632              	.LASF16:
 1633 02d8 63686172 		.ascii	"char\000"
 1633      00
 1634              	.LASF39:
 1635 02dd 55534246 		.ascii	"USBFS_Start\000"
 1635      535F5374 
 1635      61727400 
 1636              	.LASF49:
 1637 02e9 446D6144 		.ascii	"DmaDone_Enable\000"
 1637      6F6E655F 
 1637      456E6162 
 1637      6C6500
 1638              	.LASF45:
 1639 02f8 55534246 		.ascii	"USBFS_GetEPState\000"
 1639      535F4765 
 1639      74455053 
 1639      74617465 
 1639      00
 1640              	.LASF4:
 1641 0309 6C6F6E67 		.ascii	"long int\000"
 1641      20696E74 
 1641      00
 1642              	.LASF32:
 1643 0312 56646163 		.ascii	"VdacOutDmaTd\000"
 1643      4F757444 
 1643      6D615464 
 1643      00
 1644              	.LASF20:
 1645 031f 6C6F6E67 		.ascii	"long double\000"
 1645      20646F75 
 1645      626C6500 
 1646              	.LASF0:
 1647 032b 7369676E 		.ascii	"signed char\000"
 1647      65642063 
 1647      68617200 
 1648              	.LASF33:
 1649 0337 4379446D 		.ascii	"CyDmaChDisable\000"
 1649      61436844 
 1649      69736162 
 1649      6C6500
 1650              	.LASF31:
 1651 0346 56646163 		.ascii	"VdacOutDmaCh\000"
 1651      4F757444 
 1651      6D614368 
 1651      00
 1652              	.LASF47:
 1653 0353 56444143 		.ascii	"VDAC8_Start\000"
 1653      385F5374 
 1653      61727400 
 1654              	.LASF42:
 1655 035f 55534246 		.ascii	"USBFS_IsConfigurationChanged\000"
 1655      535F4973 
 1655      436F6E66 
 1655      69677572 
 1655      6174696F 
ARM GAS  C:\Users\student\AppData\Local\Temp\ccN12VMx.s 			page 38


 1656              		.ident	"GCC: (GNU Tools for ARM Embedded Processors) 4.9.3 20150303 (release) [ARM/embedded-4_9-br
