ARM GAS  C:\Users\student\AppData\Local\Temp\ccdA4Slf.s 			page 1


   1              		.syntax unified
   2              		.cpu cortex-m3
   3              		.fpu softvfp
   4              		.eabi_attribute 20, 1
   5              		.eabi_attribute 21, 1
   6              		.eabi_attribute 23, 3
   7              		.eabi_attribute 24, 1
   8              		.eabi_attribute 25, 1
   9              		.eabi_attribute 26, 1
  10              		.eabi_attribute 30, 1
  11              		.eabi_attribute 34, 1
  12              		.eabi_attribute 18, 4
  13              		.thumb
  14              		.file	"SPIM_1_INT.c"
  15              		.text
  16              	.Ltext0:
  17              		.cfi_sections	.debug_frame
  18              		.section	.text.SPIM_1_TX_ISR,"ax",%progbits
  19              		.align	2
  20              		.global	SPIM_1_TX_ISR
  21              		.thumb
  22              		.thumb_func
  23              		.type	SPIM_1_TX_ISR, %function
  24              	SPIM_1_TX_ISR:
  25              	.LFB0:
  26              		.file 1 ".\\Generated_Source\\PSoC5\\SPIM_1_INT.c"
   1:.\Generated_Source\PSoC5/SPIM_1_INT.c **** /*******************************************************************************
   2:.\Generated_Source\PSoC5/SPIM_1_INT.c **** * File Name: SPIM_1_INT.c
   3:.\Generated_Source\PSoC5/SPIM_1_INT.c **** * Version 2.50
   4:.\Generated_Source\PSoC5/SPIM_1_INT.c **** *
   5:.\Generated_Source\PSoC5/SPIM_1_INT.c **** * Description:
   6:.\Generated_Source\PSoC5/SPIM_1_INT.c **** *  This file provides all Interrupt Service Routine (ISR) for the SPI Master
   7:.\Generated_Source\PSoC5/SPIM_1_INT.c **** *  component.
   8:.\Generated_Source\PSoC5/SPIM_1_INT.c **** *
   9:.\Generated_Source\PSoC5/SPIM_1_INT.c **** * Note:
  10:.\Generated_Source\PSoC5/SPIM_1_INT.c **** *  None.
  11:.\Generated_Source\PSoC5/SPIM_1_INT.c **** *
  12:.\Generated_Source\PSoC5/SPIM_1_INT.c **** ********************************************************************************
  13:.\Generated_Source\PSoC5/SPIM_1_INT.c **** * Copyright 2008-2015, Cypress Semiconductor Corporation.  All rights reserved.
  14:.\Generated_Source\PSoC5/SPIM_1_INT.c **** * You may use this file only in accordance with the license, terms, conditions,
  15:.\Generated_Source\PSoC5/SPIM_1_INT.c **** * disclaimers, and limitations in the end user license agreement accompanying
  16:.\Generated_Source\PSoC5/SPIM_1_INT.c **** * the software package with which this file was provided.
  17:.\Generated_Source\PSoC5/SPIM_1_INT.c **** *******************************************************************************/
  18:.\Generated_Source\PSoC5/SPIM_1_INT.c **** 
  19:.\Generated_Source\PSoC5/SPIM_1_INT.c **** #include "SPIM_1_PVT.h"
  20:.\Generated_Source\PSoC5/SPIM_1_INT.c **** #include "cyapicallbacks.h"
  21:.\Generated_Source\PSoC5/SPIM_1_INT.c **** 
  22:.\Generated_Source\PSoC5/SPIM_1_INT.c **** /* User code required at start of ISR */
  23:.\Generated_Source\PSoC5/SPIM_1_INT.c **** /* `#START SPIM_1_ISR_START_DEF` */
  24:.\Generated_Source\PSoC5/SPIM_1_INT.c **** 
  25:.\Generated_Source\PSoC5/SPIM_1_INT.c **** /* `#END` */
  26:.\Generated_Source\PSoC5/SPIM_1_INT.c **** 
  27:.\Generated_Source\PSoC5/SPIM_1_INT.c **** 
  28:.\Generated_Source\PSoC5/SPIM_1_INT.c **** /*******************************************************************************
  29:.\Generated_Source\PSoC5/SPIM_1_INT.c **** * Function Name: SPIM_1_TX_ISR
  30:.\Generated_Source\PSoC5/SPIM_1_INT.c **** ********************************************************************************
  31:.\Generated_Source\PSoC5/SPIM_1_INT.c **** *
ARM GAS  C:\Users\student\AppData\Local\Temp\ccdA4Slf.s 			page 2


  32:.\Generated_Source\PSoC5/SPIM_1_INT.c **** * Summary:
  33:.\Generated_Source\PSoC5/SPIM_1_INT.c **** *  Interrupt Service Routine for TX portion of the SPI Master.
  34:.\Generated_Source\PSoC5/SPIM_1_INT.c **** *
  35:.\Generated_Source\PSoC5/SPIM_1_INT.c **** * Parameters:
  36:.\Generated_Source\PSoC5/SPIM_1_INT.c **** *  None.
  37:.\Generated_Source\PSoC5/SPIM_1_INT.c **** *
  38:.\Generated_Source\PSoC5/SPIM_1_INT.c **** * Return:
  39:.\Generated_Source\PSoC5/SPIM_1_INT.c **** *  None.
  40:.\Generated_Source\PSoC5/SPIM_1_INT.c **** *
  41:.\Generated_Source\PSoC5/SPIM_1_INT.c **** * Global variables:
  42:.\Generated_Source\PSoC5/SPIM_1_INT.c **** *  SPIM_1_txBufferWrite - used for the account of the bytes which
  43:.\Generated_Source\PSoC5/SPIM_1_INT.c **** *  have been written down in the TX software buffer.
  44:.\Generated_Source\PSoC5/SPIM_1_INT.c **** *  SPIM_1_txBufferRead - used for the account of the bytes which
  45:.\Generated_Source\PSoC5/SPIM_1_INT.c **** *  have been read from the TX software buffer, modified when exist data to
  46:.\Generated_Source\PSoC5/SPIM_1_INT.c **** *  sending and FIFO Not Full.
  47:.\Generated_Source\PSoC5/SPIM_1_INT.c **** *  SPIM_1_txBuffer[SPIM_1_TX_BUFFER_SIZE] - used to store
  48:.\Generated_Source\PSoC5/SPIM_1_INT.c **** *  data to sending.
  49:.\Generated_Source\PSoC5/SPIM_1_INT.c **** *  All described above Global variables are used when Software Buffer is used.
  50:.\Generated_Source\PSoC5/SPIM_1_INT.c **** *
  51:.\Generated_Source\PSoC5/SPIM_1_INT.c **** *******************************************************************************/
  52:.\Generated_Source\PSoC5/SPIM_1_INT.c **** CY_ISR(SPIM_1_TX_ISR)
  53:.\Generated_Source\PSoC5/SPIM_1_INT.c **** {
  27              		.loc 1 53 0
  28              		.cfi_startproc
  29              		@ args = 0, pretend = 0, frame = 0
  30              		@ frame_needed = 0, uses_anonymous_args = 0
  31              		@ link register save eliminated.
  32 0000 7047     		bx	lr
  33              		.cfi_endproc
  34              	.LFE0:
  35              		.size	SPIM_1_TX_ISR, .-SPIM_1_TX_ISR
  36 0002 00BF     		.section	.text.SPIM_1_RX_ISR,"ax",%progbits
  37              		.align	2
  38              		.global	SPIM_1_RX_ISR
  39              		.thumb
  40              		.thumb_func
  41              		.type	SPIM_1_RX_ISR, %function
  42              	SPIM_1_RX_ISR:
  43              	.LFB1:
  54:.\Generated_Source\PSoC5/SPIM_1_INT.c ****     #if(SPIM_1_TX_SOFTWARE_BUF_ENABLED)
  55:.\Generated_Source\PSoC5/SPIM_1_INT.c ****         uint8 tmpStatus;
  56:.\Generated_Source\PSoC5/SPIM_1_INT.c ****     #endif /* (SPIM_1_TX_SOFTWARE_BUF_ENABLED) */
  57:.\Generated_Source\PSoC5/SPIM_1_INT.c **** 
  58:.\Generated_Source\PSoC5/SPIM_1_INT.c ****     #ifdef SPIM_1_TX_ISR_ENTRY_CALLBACK
  59:.\Generated_Source\PSoC5/SPIM_1_INT.c ****         SPIM_1_TX_ISR_EntryCallback();
  60:.\Generated_Source\PSoC5/SPIM_1_INT.c ****     #endif /* SPIM_1_TX_ISR_ENTRY_CALLBACK */
  61:.\Generated_Source\PSoC5/SPIM_1_INT.c **** 
  62:.\Generated_Source\PSoC5/SPIM_1_INT.c ****     /* User code required at start of ISR */
  63:.\Generated_Source\PSoC5/SPIM_1_INT.c ****     /* `#START SPIM_1_TX_ISR_START` */
  64:.\Generated_Source\PSoC5/SPIM_1_INT.c **** 
  65:.\Generated_Source\PSoC5/SPIM_1_INT.c ****     /* `#END` */
  66:.\Generated_Source\PSoC5/SPIM_1_INT.c ****     
  67:.\Generated_Source\PSoC5/SPIM_1_INT.c ****     #if(SPIM_1_TX_SOFTWARE_BUF_ENABLED)
  68:.\Generated_Source\PSoC5/SPIM_1_INT.c ****         /* Check if TX data buffer is not empty and there is space in TX FIFO */
  69:.\Generated_Source\PSoC5/SPIM_1_INT.c ****         while(SPIM_1_txBufferRead != SPIM_1_txBufferWrite)
  70:.\Generated_Source\PSoC5/SPIM_1_INT.c ****         {
  71:.\Generated_Source\PSoC5/SPIM_1_INT.c ****             tmpStatus = SPIM_1_GET_STATUS_TX(SPIM_1_swStatusTx);
ARM GAS  C:\Users\student\AppData\Local\Temp\ccdA4Slf.s 			page 3


  72:.\Generated_Source\PSoC5/SPIM_1_INT.c ****             SPIM_1_swStatusTx = tmpStatus;
  73:.\Generated_Source\PSoC5/SPIM_1_INT.c **** 
  74:.\Generated_Source\PSoC5/SPIM_1_INT.c ****             if(0u != (SPIM_1_swStatusTx & SPIM_1_STS_TX_FIFO_NOT_FULL))
  75:.\Generated_Source\PSoC5/SPIM_1_INT.c ****             {
  76:.\Generated_Source\PSoC5/SPIM_1_INT.c ****                 if(0u == SPIM_1_txBufferFull)
  77:.\Generated_Source\PSoC5/SPIM_1_INT.c ****                 {
  78:.\Generated_Source\PSoC5/SPIM_1_INT.c ****                    SPIM_1_txBufferRead++;
  79:.\Generated_Source\PSoC5/SPIM_1_INT.c **** 
  80:.\Generated_Source\PSoC5/SPIM_1_INT.c ****                     if(SPIM_1_txBufferRead >= SPIM_1_TX_BUFFER_SIZE)
  81:.\Generated_Source\PSoC5/SPIM_1_INT.c ****                     {
  82:.\Generated_Source\PSoC5/SPIM_1_INT.c ****                         SPIM_1_txBufferRead = 0u;
  83:.\Generated_Source\PSoC5/SPIM_1_INT.c ****                     }
  84:.\Generated_Source\PSoC5/SPIM_1_INT.c ****                 }
  85:.\Generated_Source\PSoC5/SPIM_1_INT.c ****                 else
  86:.\Generated_Source\PSoC5/SPIM_1_INT.c ****                 {
  87:.\Generated_Source\PSoC5/SPIM_1_INT.c ****                     SPIM_1_txBufferFull = 0u;
  88:.\Generated_Source\PSoC5/SPIM_1_INT.c ****                 }
  89:.\Generated_Source\PSoC5/SPIM_1_INT.c **** 
  90:.\Generated_Source\PSoC5/SPIM_1_INT.c ****                 /* Put data element into the TX FIFO */
  91:.\Generated_Source\PSoC5/SPIM_1_INT.c ****                 CY_SET_REG8(SPIM_1_TXDATA_PTR, 
  92:.\Generated_Source\PSoC5/SPIM_1_INT.c ****                                              SPIM_1_txBuffer[SPIM_1_txBufferRead]);
  93:.\Generated_Source\PSoC5/SPIM_1_INT.c ****             }
  94:.\Generated_Source\PSoC5/SPIM_1_INT.c ****             else
  95:.\Generated_Source\PSoC5/SPIM_1_INT.c ****             {
  96:.\Generated_Source\PSoC5/SPIM_1_INT.c ****                 break;
  97:.\Generated_Source\PSoC5/SPIM_1_INT.c ****             }
  98:.\Generated_Source\PSoC5/SPIM_1_INT.c ****         }
  99:.\Generated_Source\PSoC5/SPIM_1_INT.c **** 
 100:.\Generated_Source\PSoC5/SPIM_1_INT.c ****         if(SPIM_1_txBufferRead == SPIM_1_txBufferWrite)
 101:.\Generated_Source\PSoC5/SPIM_1_INT.c ****         {
 102:.\Generated_Source\PSoC5/SPIM_1_INT.c ****             /* TX Buffer is EMPTY: disable interrupt on TX NOT FULL */
 103:.\Generated_Source\PSoC5/SPIM_1_INT.c ****             SPIM_1_TX_STATUS_MASK_REG &= ((uint8) ~SPIM_1_STS_TX_FIFO_NOT_FULL);
 104:.\Generated_Source\PSoC5/SPIM_1_INT.c ****         }
 105:.\Generated_Source\PSoC5/SPIM_1_INT.c **** 
 106:.\Generated_Source\PSoC5/SPIM_1_INT.c ****     #endif /* (SPIM_1_TX_SOFTWARE_BUF_ENABLED) */
 107:.\Generated_Source\PSoC5/SPIM_1_INT.c **** 
 108:.\Generated_Source\PSoC5/SPIM_1_INT.c ****     /* User code required at end of ISR (Optional) */
 109:.\Generated_Source\PSoC5/SPIM_1_INT.c ****     /* `#START SPIM_1_TX_ISR_END` */
 110:.\Generated_Source\PSoC5/SPIM_1_INT.c **** 
 111:.\Generated_Source\PSoC5/SPIM_1_INT.c ****     /* `#END` */
 112:.\Generated_Source\PSoC5/SPIM_1_INT.c ****     
 113:.\Generated_Source\PSoC5/SPIM_1_INT.c ****     #ifdef SPIM_1_TX_ISR_EXIT_CALLBACK
 114:.\Generated_Source\PSoC5/SPIM_1_INT.c ****         SPIM_1_TX_ISR_ExitCallback();
 115:.\Generated_Source\PSoC5/SPIM_1_INT.c ****     #endif /* SPIM_1_TX_ISR_EXIT_CALLBACK */
 116:.\Generated_Source\PSoC5/SPIM_1_INT.c **** }
 117:.\Generated_Source\PSoC5/SPIM_1_INT.c **** 
 118:.\Generated_Source\PSoC5/SPIM_1_INT.c **** 
 119:.\Generated_Source\PSoC5/SPIM_1_INT.c **** /*******************************************************************************
 120:.\Generated_Source\PSoC5/SPIM_1_INT.c **** * Function Name: SPIM_1_RX_ISR
 121:.\Generated_Source\PSoC5/SPIM_1_INT.c **** ********************************************************************************
 122:.\Generated_Source\PSoC5/SPIM_1_INT.c **** *
 123:.\Generated_Source\PSoC5/SPIM_1_INT.c **** * Summary:
 124:.\Generated_Source\PSoC5/SPIM_1_INT.c **** *  Interrupt Service Routine for RX portion of the SPI Master.
 125:.\Generated_Source\PSoC5/SPIM_1_INT.c **** *
 126:.\Generated_Source\PSoC5/SPIM_1_INT.c **** * Parameters:
 127:.\Generated_Source\PSoC5/SPIM_1_INT.c **** *  None.
 128:.\Generated_Source\PSoC5/SPIM_1_INT.c **** *
ARM GAS  C:\Users\student\AppData\Local\Temp\ccdA4Slf.s 			page 4


 129:.\Generated_Source\PSoC5/SPIM_1_INT.c **** * Return:
 130:.\Generated_Source\PSoC5/SPIM_1_INT.c **** *  None.
 131:.\Generated_Source\PSoC5/SPIM_1_INT.c **** *
 132:.\Generated_Source\PSoC5/SPIM_1_INT.c **** * Global variables:
 133:.\Generated_Source\PSoC5/SPIM_1_INT.c **** *  SPIM_1_rxBufferWrite - used for the account of the bytes which
 134:.\Generated_Source\PSoC5/SPIM_1_INT.c **** *  have been written down in the RX software buffer modified when FIFO contains
 135:.\Generated_Source\PSoC5/SPIM_1_INT.c **** *  new data.
 136:.\Generated_Source\PSoC5/SPIM_1_INT.c **** *  SPIM_1_rxBufferRead - used for the account of the bytes which
 137:.\Generated_Source\PSoC5/SPIM_1_INT.c **** *  have been read from the RX software buffer, modified when overflow occurred.
 138:.\Generated_Source\PSoC5/SPIM_1_INT.c **** *  SPIM_1_rxBuffer[SPIM_1_RX_BUFFER_SIZE] - used to store
 139:.\Generated_Source\PSoC5/SPIM_1_INT.c **** *  received data, modified when FIFO contains new data.
 140:.\Generated_Source\PSoC5/SPIM_1_INT.c **** *  All described above Global variables are used when Software Buffer is used.
 141:.\Generated_Source\PSoC5/SPIM_1_INT.c **** *
 142:.\Generated_Source\PSoC5/SPIM_1_INT.c **** *******************************************************************************/
 143:.\Generated_Source\PSoC5/SPIM_1_INT.c **** CY_ISR(SPIM_1_RX_ISR)
 144:.\Generated_Source\PSoC5/SPIM_1_INT.c **** {
  44              		.loc 1 144 0
  45              		.cfi_startproc
  46              		@ args = 0, pretend = 0, frame = 0
  47              		@ frame_needed = 0, uses_anonymous_args = 0
  48              		@ link register save eliminated.
  49 0000 7047     		bx	lr
  50              		.cfi_endproc
  51              	.LFE1:
  52              		.size	SPIM_1_RX_ISR, .-SPIM_1_RX_ISR
  53 0002 00BF     		.text
  54              	.Letext0:
  55              		.section	.debug_info,"",%progbits
  56              	.Ldebug_info0:
  57 0000 AD000000 		.4byte	0xad
  58 0004 0400     		.2byte	0x4
  59 0006 00000000 		.4byte	.Ldebug_abbrev0
  60 000a 04       		.byte	0x4
  61 000b 01       		.uleb128 0x1
  62 000c 66000000 		.4byte	.LASF16
  63 0010 01       		.byte	0x1
  64 0011 22010000 		.4byte	.LASF17
  65 0015 73010000 		.4byte	.LASF18
  66 0019 00000000 		.4byte	.Ldebug_ranges0+0
  67 001d 00000000 		.4byte	0
  68 0021 00000000 		.4byte	.Ldebug_line0
  69 0025 02       		.uleb128 0x2
  70 0026 01       		.byte	0x1
  71 0027 06       		.byte	0x6
  72 0028 5B010000 		.4byte	.LASF0
  73 002c 02       		.uleb128 0x2
  74 002d 01       		.byte	0x1
  75 002e 08       		.byte	0x8
  76 002f FF000000 		.4byte	.LASF1
  77 0033 02       		.uleb128 0x2
  78 0034 02       		.byte	0x2
  79 0035 05       		.byte	0x5
  80 0036 9F010000 		.4byte	.LASF2
  81 003a 02       		.uleb128 0x2
  82 003b 02       		.byte	0x2
  83 003c 07       		.byte	0x7
  84 003d 48010000 		.4byte	.LASF3
ARM GAS  C:\Users\student\AppData\Local\Temp\ccdA4Slf.s 			page 5


  85 0041 02       		.uleb128 0x2
  86 0042 04       		.byte	0x4
  87 0043 05       		.byte	0x5
  88 0044 12010000 		.4byte	.LASF4
  89 0048 02       		.uleb128 0x2
  90 0049 04       		.byte	0x4
  91 004a 07       		.byte	0x7
  92 004b 37000000 		.4byte	.LASF5
  93 004f 02       		.uleb128 0x2
  94 0050 08       		.byte	0x8
  95 0051 05       		.byte	0x5
  96 0052 00000000 		.4byte	.LASF6
  97 0056 02       		.uleb128 0x2
  98 0057 08       		.byte	0x8
  99 0058 07       		.byte	0x7
 100 0059 49000000 		.4byte	.LASF7
 101 005d 03       		.uleb128 0x3
 102 005e 04       		.byte	0x4
 103 005f 05       		.byte	0x5
 104 0060 696E7400 		.ascii	"int\000"
 105 0064 02       		.uleb128 0x2
 106 0065 04       		.byte	0x4
 107 0066 07       		.byte	0x7
 108 0067 0E000000 		.4byte	.LASF8
 109 006b 02       		.uleb128 0x2
 110 006c 04       		.byte	0x4
 111 006d 04       		.byte	0x4
 112 006e 60000000 		.4byte	.LASF9
 113 0072 02       		.uleb128 0x2
 114 0073 08       		.byte	0x8
 115 0074 04       		.byte	0x4
 116 0075 1B010000 		.4byte	.LASF10
 117 0079 02       		.uleb128 0x2
 118 007a 01       		.byte	0x1
 119 007b 08       		.byte	0x8
 120 007c 0D010000 		.4byte	.LASF11
 121 0080 02       		.uleb128 0x2
 122 0081 08       		.byte	0x8
 123 0082 04       		.byte	0x4
 124 0083 67010000 		.4byte	.LASF12
 125 0087 02       		.uleb128 0x2
 126 0088 04       		.byte	0x4
 127 0089 07       		.byte	0x7
 128 008a A9010000 		.4byte	.LASF13
 129 008e 04       		.uleb128 0x4
 130 008f 1B000000 		.4byte	.LASF14
 131 0093 01       		.byte	0x1
 132 0094 34       		.byte	0x34
 133 0095 00000000 		.4byte	.LFB0
 134 0099 02000000 		.4byte	.LFE0-.LFB0
 135 009d 01       		.uleb128 0x1
 136 009e 9C       		.byte	0x9c
 137 009f 04       		.uleb128 0x4
 138 00a0 29000000 		.4byte	.LASF15
 139 00a4 01       		.byte	0x1
 140 00a5 8F       		.byte	0x8f
 141 00a6 00000000 		.4byte	.LFB1
ARM GAS  C:\Users\student\AppData\Local\Temp\ccdA4Slf.s 			page 6


 142 00aa 02000000 		.4byte	.LFE1-.LFB1
 143 00ae 01       		.uleb128 0x1
 144 00af 9C       		.byte	0x9c
 145 00b0 00       		.byte	0
 146              		.section	.debug_abbrev,"",%progbits
 147              	.Ldebug_abbrev0:
 148 0000 01       		.uleb128 0x1
 149 0001 11       		.uleb128 0x11
 150 0002 01       		.byte	0x1
 151 0003 25       		.uleb128 0x25
 152 0004 0E       		.uleb128 0xe
 153 0005 13       		.uleb128 0x13
 154 0006 0B       		.uleb128 0xb
 155 0007 03       		.uleb128 0x3
 156 0008 0E       		.uleb128 0xe
 157 0009 1B       		.uleb128 0x1b
 158 000a 0E       		.uleb128 0xe
 159 000b 55       		.uleb128 0x55
 160 000c 17       		.uleb128 0x17
 161 000d 11       		.uleb128 0x11
 162 000e 01       		.uleb128 0x1
 163 000f 10       		.uleb128 0x10
 164 0010 17       		.uleb128 0x17
 165 0011 00       		.byte	0
 166 0012 00       		.byte	0
 167 0013 02       		.uleb128 0x2
 168 0014 24       		.uleb128 0x24
 169 0015 00       		.byte	0
 170 0016 0B       		.uleb128 0xb
 171 0017 0B       		.uleb128 0xb
 172 0018 3E       		.uleb128 0x3e
 173 0019 0B       		.uleb128 0xb
 174 001a 03       		.uleb128 0x3
 175 001b 0E       		.uleb128 0xe
 176 001c 00       		.byte	0
 177 001d 00       		.byte	0
 178 001e 03       		.uleb128 0x3
 179 001f 24       		.uleb128 0x24
 180 0020 00       		.byte	0
 181 0021 0B       		.uleb128 0xb
 182 0022 0B       		.uleb128 0xb
 183 0023 3E       		.uleb128 0x3e
 184 0024 0B       		.uleb128 0xb
 185 0025 03       		.uleb128 0x3
 186 0026 08       		.uleb128 0x8
 187 0027 00       		.byte	0
 188 0028 00       		.byte	0
 189 0029 04       		.uleb128 0x4
 190 002a 2E       		.uleb128 0x2e
 191 002b 00       		.byte	0
 192 002c 3F       		.uleb128 0x3f
 193 002d 19       		.uleb128 0x19
 194 002e 03       		.uleb128 0x3
 195 002f 0E       		.uleb128 0xe
 196 0030 3A       		.uleb128 0x3a
 197 0031 0B       		.uleb128 0xb
 198 0032 3B       		.uleb128 0x3b
ARM GAS  C:\Users\student\AppData\Local\Temp\ccdA4Slf.s 			page 7


 199 0033 0B       		.uleb128 0xb
 200 0034 27       		.uleb128 0x27
 201 0035 19       		.uleb128 0x19
 202 0036 11       		.uleb128 0x11
 203 0037 01       		.uleb128 0x1
 204 0038 12       		.uleb128 0x12
 205 0039 06       		.uleb128 0x6
 206 003a 40       		.uleb128 0x40
 207 003b 18       		.uleb128 0x18
 208 003c 9742     		.uleb128 0x2117
 209 003e 19       		.uleb128 0x19
 210 003f 00       		.byte	0
 211 0040 00       		.byte	0
 212 0041 00       		.byte	0
 213              		.section	.debug_aranges,"",%progbits
 214 0000 24000000 		.4byte	0x24
 215 0004 0200     		.2byte	0x2
 216 0006 00000000 		.4byte	.Ldebug_info0
 217 000a 04       		.byte	0x4
 218 000b 00       		.byte	0
 219 000c 0000     		.2byte	0
 220 000e 0000     		.2byte	0
 221 0010 00000000 		.4byte	.LFB0
 222 0014 02000000 		.4byte	.LFE0-.LFB0
 223 0018 00000000 		.4byte	.LFB1
 224 001c 02000000 		.4byte	.LFE1-.LFB1
 225 0020 00000000 		.4byte	0
 226 0024 00000000 		.4byte	0
 227              		.section	.debug_ranges,"",%progbits
 228              	.Ldebug_ranges0:
 229 0000 00000000 		.4byte	.LFB0
 230 0004 02000000 		.4byte	.LFE0
 231 0008 00000000 		.4byte	.LFB1
 232 000c 02000000 		.4byte	.LFE1
 233 0010 00000000 		.4byte	0
 234 0014 00000000 		.4byte	0
 235              		.section	.debug_line,"",%progbits
 236              	.Ldebug_line0:
 237 0000 61000000 		.section	.debug_str,"MS",%progbits,1
 237      02003C00 
 237      00000201 
 237      FB0E0D00 
 237      01010101 
 238              	.LASF6:
 239 0000 6C6F6E67 		.ascii	"long long int\000"
 239      206C6F6E 
 239      6720696E 
 239      7400
 240              	.LASF8:
 241 000e 756E7369 		.ascii	"unsigned int\000"
 241      676E6564 
 241      20696E74 
 241      00
 242              	.LASF14:
 243 001b 5350494D 		.ascii	"SPIM_1_TX_ISR\000"
 243      5F315F54 
 243      585F4953 
ARM GAS  C:\Users\student\AppData\Local\Temp\ccdA4Slf.s 			page 8


 243      5200
 244              	.LASF15:
 245 0029 5350494D 		.ascii	"SPIM_1_RX_ISR\000"
 245      5F315F52 
 245      585F4953 
 245      5200
 246              	.LASF5:
 247 0037 6C6F6E67 		.ascii	"long unsigned int\000"
 247      20756E73 
 247      69676E65 
 247      6420696E 
 247      7400
 248              	.LASF7:
 249 0049 6C6F6E67 		.ascii	"long long unsigned int\000"
 249      206C6F6E 
 249      6720756E 
 249      7369676E 
 249      65642069 
 250              	.LASF9:
 251 0060 666C6F61 		.ascii	"float\000"
 251      7400
 252              	.LASF16:
 253 0066 474E5520 		.ascii	"GNU C 4.9.3 20150303 (release) [ARM/embedded-4_9-br"
 253      4320342E 
 253      392E3320 
 253      32303135 
 253      30333033 
 254 0099 616E6368 		.ascii	"anch revision 221220] -mcpu=cortex-m3 -mthumb -g -O"
 254      20726576 
 254      6973696F 
 254      6E203232 
 254      31323230 
 255 00cc 67202D73 		.ascii	"g -std=gnu11 -ffunction-sections -ffat-lto-objects\000"
 255      74643D67 
 255      6E753131 
 255      202D6666 
 255      756E6374 
 256              	.LASF1:
 257 00ff 756E7369 		.ascii	"unsigned char\000"
 257      676E6564 
 257      20636861 
 257      7200
 258              	.LASF11:
 259 010d 63686172 		.ascii	"char\000"
 259      00
 260              	.LASF4:
 261 0112 6C6F6E67 		.ascii	"long int\000"
 261      20696E74 
 261      00
 262              	.LASF10:
 263 011b 646F7562 		.ascii	"double\000"
 263      6C6500
 264              	.LASF17:
 265 0122 2E5C4765 		.ascii	".\\Generated_Source\\PSoC5\\SPIM_1_INT.c\000"
 265      6E657261 
 265      7465645F 
 265      536F7572 
ARM GAS  C:\Users\student\AppData\Local\Temp\ccdA4Slf.s 			page 9


 265      63655C50 
 266              	.LASF3:
 267 0148 73686F72 		.ascii	"short unsigned int\000"
 267      7420756E 
 267      7369676E 
 267      65642069 
 267      6E7400
 268              	.LASF0:
 269 015b 7369676E 		.ascii	"signed char\000"
 269      65642063 
 269      68617200 
 270              	.LASF12:
 271 0167 6C6F6E67 		.ascii	"long double\000"
 271      20646F75 
 271      626C6500 
 272              	.LASF18:
 273 0173 443A5C72 		.ascii	"D:\\rbeattie_final_project\\ConnectFour.cydsn\000"
 273      62656174 
 273      7469655F 
 273      66696E61 
 273      6C5F7072 
 274              	.LASF2:
 275 019f 73686F72 		.ascii	"short int\000"
 275      7420696E 
 275      7400
 276              	.LASF13:
 277 01a9 73697A65 		.ascii	"sizetype\000"
 277      74797065 
 277      00
 278              		.ident	"GCC: (GNU Tools for ARM Embedded Processors) 4.9.3 20150303 (release) [ARM/embedded-4_9-br
