ARM GAS  C:\Users\student\AppData\Local\Temp\cc4V4gHb.s 			page 1


   1              		.syntax unified
   2              		.cpu cortex-m3
   3              		.fpu softvfp
   4              		.eabi_attribute 20, 1
   5              		.eabi_attribute 21, 1
   6              		.eabi_attribute 23, 3
   7              		.eabi_attribute 24, 1
   8              		.eabi_attribute 25, 1
   9              		.eabi_attribute 26, 1
  10              		.eabi_attribute 30, 1
  11              		.eabi_attribute 34, 1
  12              		.eabi_attribute 18, 4
  13              		.thumb
  14              		.file	"tft.c"
  15              		.text
  16              	.Ltext0:
  17              		.cfi_sections	.debug_frame
  18              		.section	.text.write8_a0,"ax",%progbits
  19              		.align	2
  20              		.global	write8_a0
  21              		.thumb
  22              		.thumb_func
  23              		.type	write8_a0, %function
  24              	write8_a0:
  25              	.LFB63:
  26              		.file 1 ".\\tft.c"
   1:.\tft.c       **** /* ========================================
   2:.\tft.c       ****  *
   3:.\tft.c       ****  * Copyright YOUR COMPANY, THE YEAR
   4:.\tft.c       ****  * All Rights Reserved
   5:.\tft.c       ****  * UNPUBLISHED, LICENSED SOFTWARE.
   6:.\tft.c       ****  *
   7:.\tft.c       ****  * CONFIDENTIAL AND PROPRIETARY INFORMATION
   8:.\tft.c       ****  * WHICH IS THE PROPERTY OF your company.
   9:.\tft.c       ****  *
  10:.\tft.c       ****  * ========================================
  11:.\tft.c       **** */
  12:.\tft.c       **** #include "tft.h"
  13:.\tft.c       **** 
  14:.\tft.c       **** //==============================================================
  15:.\tft.c       **** // write8_a0()
  16:.\tft.c       **** // writes an 8-bit value to the TFT with the D/C line low
  17:.\tft.c       **** //
  18:.\tft.c       **** // Arguments:
  19:.\tft.c       **** //      data - 8-bit value
  20:.\tft.c       **** //==============================================================
  21:.\tft.c       **** void write8_a0(uint8 data)
  22:.\tft.c       **** {
  27              		.loc 1 22 0
  28              		.cfi_startproc
  29              		@ args = 0, pretend = 0, frame = 0
  30              		@ frame_needed = 0, uses_anonymous_args = 0
  31              	.LVL0:
  32 0000 10B5     		push	{r4, lr}
  33              		.cfi_def_cfa_offset 8
  34              		.cfi_offset 4, -8
  35              		.cfi_offset 14, -4
ARM GAS  C:\Users\student\AppData\Local\Temp\cc4V4gHb.s 			page 2


  36 0002 0446     		mov	r4, r0
  23:.\tft.c       **** 	DC_Write(0x00); 						        // set DC line low
  37              		.loc 1 23 0
  38 0004 0020     		movs	r0, #0
  39              	.LVL1:
  40 0006 FFF7FEFF 		bl	DC_Write
  41              	.LVL2:
  24:.\tft.c       ****     SPIM_1_WriteTxData(data);         		        // send data to transmit buffer
  42              		.loc 1 24 0
  43 000a 2046     		mov	r0, r4
  44 000c FFF7FEFF 		bl	SPIM_1_WriteTxData
  45              	.LVL3:
  46              	.L2:
  25:.\tft.c       ****     while (!(SPIM_1_ReadTxStatus() & 0x01)){};	    // wait for data to be sent
  47              		.loc 1 25 0 discriminator 1
  48 0010 FFF7FEFF 		bl	SPIM_1_ReadTxStatus
  49              	.LVL4:
  50 0014 10F0010F 		tst	r0, #1
  51 0018 FAD0     		beq	.L2
  26:.\tft.c       **** }
  52              		.loc 1 26 0
  53 001a 10BD     		pop	{r4, pc}
  54              		.cfi_endproc
  55              	.LFE63:
  56              		.size	write8_a0, .-write8_a0
  57              		.section	.text.write8_a1,"ax",%progbits
  58              		.align	2
  59              		.global	write8_a1
  60              		.thumb
  61              		.thumb_func
  62              		.type	write8_a1, %function
  63              	write8_a1:
  64              	.LFB64:
  27:.\tft.c       **** 
  28:.\tft.c       **** //==============================================================
  29:.\tft.c       **** // write8_a1()
  30:.\tft.c       **** // writes an 8-bit value to the TFT with the D/C line high
  31:.\tft.c       **** //
  32:.\tft.c       **** // Arguments:
  33:.\tft.c       **** //      data - 8-bit value
  34:.\tft.c       **** //==============================================================
  35:.\tft.c       **** void write8_a1(uint8 data)
  36:.\tft.c       **** {
  65              		.loc 1 36 0
  66              		.cfi_startproc
  67              		@ args = 0, pretend = 0, frame = 0
  68              		@ frame_needed = 0, uses_anonymous_args = 0
  69              	.LVL5:
  70 0000 10B5     		push	{r4, lr}
  71              		.cfi_def_cfa_offset 8
  72              		.cfi_offset 4, -8
  73              		.cfi_offset 14, -4
  74 0002 0446     		mov	r4, r0
  37:.\tft.c       **** 	DC_Write(0x01); 						        // set DC line high
  75              		.loc 1 37 0
  76 0004 0120     		movs	r0, #1
  77              	.LVL6:
ARM GAS  C:\Users\student\AppData\Local\Temp\cc4V4gHb.s 			page 3


  78 0006 FFF7FEFF 		bl	DC_Write
  79              	.LVL7:
  38:.\tft.c       ****     SPIM_1_WriteTxData(data);                       // send data to transmit buffer
  80              		.loc 1 38 0
  81 000a 2046     		mov	r0, r4
  82 000c FFF7FEFF 		bl	SPIM_1_WriteTxData
  83              	.LVL8:
  84              	.L5:
  39:.\tft.c       ****     while (!(SPIM_1_ReadTxStatus() & 0x01)){};	    // wait for data to be sent
  85              		.loc 1 39 0 discriminator 1
  86 0010 FFF7FEFF 		bl	SPIM_1_ReadTxStatus
  87              	.LVL9:
  88 0014 10F0010F 		tst	r0, #1
  89 0018 FAD0     		beq	.L5
  40:.\tft.c       **** }
  90              		.loc 1 40 0
  91 001a 10BD     		pop	{r4, pc}
  92              		.cfi_endproc
  93              	.LFE64:
  94              		.size	write8_a1, .-write8_a1
  95              		.section	.text.writeM8_a1,"ax",%progbits
  96              		.align	2
  97              		.global	writeM8_a1
  98              		.thumb
  99              		.thumb_func
 100              		.type	writeM8_a1, %function
 101              	writeM8_a1:
 102              	.LFB65:
  41:.\tft.c       **** 
  42:.\tft.c       **** //==============================================================
  43:.\tft.c       **** // writeM8_a1()
  44:.\tft.c       **** // writes multiple bytes to the TFT with the D/C line high
  45:.\tft.c       **** //
  46:.\tft.c       **** // Arguments:
  47:.\tft.c       **** //      pData - pointer to an array of 8-bit data values
  48:.\tft.c       **** //      N - the size of the array *pData
  49:.\tft.c       **** //==============================================================
  50:.\tft.c       **** void writeM8_a1(uint8 *pData, int N)
  51:.\tft.c       **** {
 103              		.loc 1 51 0
 104              		.cfi_startproc
 105              		@ args = 0, pretend = 0, frame = 0
 106              		@ frame_needed = 0, uses_anonymous_args = 0
 107              	.LVL10:
 108 0000 70B5     		push	{r4, r5, r6, lr}
 109              		.cfi_def_cfa_offset 16
 110              		.cfi_offset 4, -16
 111              		.cfi_offset 5, -12
 112              		.cfi_offset 6, -8
 113              		.cfi_offset 14, -4
 114 0002 0646     		mov	r6, r0
 115 0004 0D46     		mov	r5, r1
  52:.\tft.c       **** 	DC_Write(0x01); 						        // set DC line high
 116              		.loc 1 52 0
 117 0006 0120     		movs	r0, #1
 118              	.LVL11:
 119 0008 FFF7FEFF 		bl	DC_Write
ARM GAS  C:\Users\student\AppData\Local\Temp\cc4V4gHb.s 			page 4


 120              	.LVL12:
  53:.\tft.c       ****     int i;
  54:.\tft.c       ****     for (i=0; i<N; i++)
 121              		.loc 1 54 0
 122 000c 0024     		movs	r4, #0
 123 000e 08E0     		b	.L8
 124              	.LVL13:
 125              	.L10:
  55:.\tft.c       ****     {
  56:.\tft.c       ****         SPIM_1_WriteTxData(pData[i]);               // send data to transmit buffer
 126              		.loc 1 56 0
 127 0010 305D     		ldrb	r0, [r6, r4]	@ zero_extendqisi2
 128 0012 FFF7FEFF 		bl	SPIM_1_WriteTxData
 129              	.LVL14:
 130              	.L9:
  57:.\tft.c       ****         while (!(SPIM_1_ReadTxStatus() & 0x01)){};  // wait for data to be sent
 131              		.loc 1 57 0 discriminator 1
 132 0016 FFF7FEFF 		bl	SPIM_1_ReadTxStatus
 133              	.LVL15:
 134 001a 10F0010F 		tst	r0, #1
 135 001e FAD0     		beq	.L9
  54:.\tft.c       ****     {
 136              		.loc 1 54 0 discriminator 2
 137 0020 0134     		adds	r4, r4, #1
 138              	.LVL16:
 139              	.L8:
  54:.\tft.c       ****     {
 140              		.loc 1 54 0 is_stmt 0 discriminator 1
 141 0022 AC42     		cmp	r4, r5
 142 0024 F4DB     		blt	.L10
  58:.\tft.c       ****     }
  59:.\tft.c       **** }
 143              		.loc 1 59 0 is_stmt 1
 144 0026 70BD     		pop	{r4, r5, r6, pc}
 145              		.cfi_endproc
 146              	.LFE65:
 147              		.size	writeM8_a1, .-writeM8_a1
 148              		.section	.text.read8_a1,"ax",%progbits
 149              		.align	2
 150              		.global	read8_a1
 151              		.thumb
 152              		.thumb_func
 153              		.type	read8_a1, %function
 154              	read8_a1:
 155              	.LFB66:
  60:.\tft.c       **** 
  61:.\tft.c       **** //==============================================================
  62:.\tft.c       **** // read8_a1()
  63:.\tft.c       **** // reads an 8-bit value to the TFT with the D/C line high
  64:.\tft.c       **** //==============================================================
  65:.\tft.c       **** uint8 read8_a1(void)
  66:.\tft.c       **** {
 156              		.loc 1 66 0
 157              		.cfi_startproc
 158              		@ Volatile: function does not return.
 159              		@ args = 0, pretend = 0, frame = 0
 160              		@ frame_needed = 0, uses_anonymous_args = 0
ARM GAS  C:\Users\student\AppData\Local\Temp\cc4V4gHb.s 			page 5


 161              		@ link register save eliminated.
 162              	.L13:
  67:.\tft.c       **** 	for (;;) {}                                     // read function not implemented
 163              		.loc 1 67 0 discriminator 1
 164 0000 FEE7     		b	.L13
 165              		.cfi_endproc
 166              	.LFE66:
 167              		.size	read8_a1, .-read8_a1
 168 0002 00BF     		.section	.text.readM8_a1,"ax",%progbits
 169              		.align	2
 170              		.global	readM8_a1
 171              		.thumb
 172              		.thumb_func
 173              		.type	readM8_a1, %function
 174              	readM8_a1:
 175              	.LFB67:
  68:.\tft.c       **** };
  69:.\tft.c       **** 
  70:.\tft.c       **** //==============================================================
  71:.\tft.c       **** // readM8_a1()
  72:.\tft.c       **** // reads multple 8-bit values from the TFT with the D/C line high
  73:.\tft.c       **** //
  74:.\tft.c       **** // Arguments:
  75:.\tft.c       **** //      pData - an array where the read values we be stored
  76:.\tft.c       **** //      N - the number of values that will be read (also size of 
  77:.\tft.c       **** //          the array pData)
  78:.\tft.c       **** //==============================================================
  79:.\tft.c       **** void readM8_a1(uint8 *pData, int N)
  80:.\tft.c       **** {
 176              		.loc 1 80 0
 177              		.cfi_startproc
 178              		@ Volatile: function does not return.
 179              		@ args = 0, pretend = 0, frame = 0
 180              		@ frame_needed = 0, uses_anonymous_args = 0
 181              		@ link register save eliminated.
 182              	.LVL17:
 183              	.L15:
  81:.\tft.c       **** 	for (;;) {}                                     // read function not implemented
 184              		.loc 1 81 0 discriminator 1
 185 0000 FEE7     		b	.L15
 186              		.cfi_endproc
 187              	.LFE67:
 188              		.size	readM8_a1, .-readM8_a1
 189 0002 00BF     		.section	.text.tftStart,"ax",%progbits
 190              		.align	2
 191              		.global	tftStart
 192              		.thumb
 193              		.thumb_func
 194              		.type	tftStart, %function
 195              	tftStart:
 196              	.LFB68:
  82:.\tft.c       **** }
  83:.\tft.c       **** 
  84:.\tft.c       **** //==============================================================
  85:.\tft.c       **** // tftStart()
  86:.\tft.c       **** // this function must be called to initializes the TFT
  87:.\tft.c       **** //==============================================================
ARM GAS  C:\Users\student\AppData\Local\Temp\cc4V4gHb.s 			page 6


  88:.\tft.c       **** void tftStart(void)
  89:.\tft.c       **** {
 197              		.loc 1 89 0
 198              		.cfi_startproc
 199              		@ args = 0, pretend = 0, frame = 0
 200              		@ frame_needed = 0, uses_anonymous_args = 0
 201 0000 08B5     		push	{r3, lr}
 202              		.cfi_def_cfa_offset 8
 203              		.cfi_offset 3, -8
 204              		.cfi_offset 14, -4
  90:.\tft.c       ****     write8_a0(0x01);         			// send Software Reset Command (must wait at least 5ms after comman
 205              		.loc 1 90 0
 206 0002 0120     		movs	r0, #1
 207 0004 FFF7FEFF 		bl	write8_a0
 208              	.LVL18:
  91:.\tft.c       ****     CyDelay(10);
 209              		.loc 1 91 0
 210 0008 0A20     		movs	r0, #10
 211 000a FFF7FEFF 		bl	CyDelay
 212              	.LVL19:
  92:.\tft.c       ****     write8_a0(0x36);         			// send Memory Access Control command
 213              		.loc 1 92 0
 214 000e 3620     		movs	r0, #54
 215 0010 FFF7FEFF 		bl	write8_a0
 216              	.LVL20:
  93:.\tft.c       **** 	write8_a1(0x88);
 217              		.loc 1 93 0
 218 0014 8820     		movs	r0, #136
 219 0016 FFF7FEFF 		bl	write8_a1
 220              	.LVL21:
  94:.\tft.c       ****     write8_a0(0x3A);         			// send COLMOD: Pixel Format Set command
 221              		.loc 1 94 0
 222 001a 3A20     		movs	r0, #58
 223 001c FFF7FEFF 		bl	write8_a0
 224              	.LVL22:
  95:.\tft.c       ****     write8_a1(0x55);
 225              		.loc 1 95 0
 226 0020 5520     		movs	r0, #85
 227 0022 FFF7FEFF 		bl	write8_a1
 228              	.LVL23:
  96:.\tft.c       ****     write8_a0(0x11);         			// send Sleep Out command
 229              		.loc 1 96 0
 230 0026 1120     		movs	r0, #17
 231 0028 FFF7FEFF 		bl	write8_a0
 232              	.LVL24:
  97:.\tft.c       ****     write8_a0(0x29);         			// send Display ON command
 233              		.loc 1 97 0
 234 002c 2920     		movs	r0, #41
 235 002e FFF7FEFF 		bl	write8_a0
 236              	.LVL25:
  98:.\tft.c       ****     CyDelay(250);            			// delay to allow all changes to take effect	      
 237              		.loc 1 98 0
 238 0032 FA20     		movs	r0, #250
 239 0034 FFF7FEFF 		bl	CyDelay
 240              	.LVL26:
 241 0038 08BD     		pop	{r3, pc}
 242              		.cfi_endproc
ARM GAS  C:\Users\student\AppData\Local\Temp\cc4V4gHb.s 			page 7


 243              	.LFE68:
 244              		.size	tftStart, .-tftStart
 245 003a 00BF     		.text
 246              	.Letext0:
 247              		.file 2 "c:\\program files (x86)\\cypress\\psoc creator\\3.3\\psoc creator\\import\\gnu\\arm\\4.9.
 248              		.file 3 "c:\\program files (x86)\\cypress\\psoc creator\\3.3\\psoc creator\\import\\gnu\\arm\\4.9.
 249              		.file 4 "Generated_Source\\PSoC5/cytypes.h"
 250              		.file 5 "Generated_Source\\PSoC5/DC.h"
 251              		.file 6 "Generated_Source\\PSoC5/SPIM_1.h"
 252              		.file 7 "Generated_Source\\PSoC5/core_cm3.h"
 253              		.file 8 "Generated_Source\\PSoC5/CyLib.h"
 254              		.section	.debug_info,"",%progbits
 255              	.Ldebug_info0:
 256 0000 1E030000 		.4byte	0x31e
 257 0004 0400     		.2byte	0x4
 258 0006 00000000 		.4byte	.Ldebug_abbrev0
 259 000a 04       		.byte	0x4
 260 000b 01       		.uleb128 0x1
 261 000c 36000000 		.4byte	.LASF27
 262 0010 01       		.byte	0x1
 263 0011 90010000 		.4byte	.LASF28
 264 0015 00000000 		.4byte	.LASF29
 265 0019 00000000 		.4byte	.Ldebug_ranges0+0
 266 001d 00000000 		.4byte	0
 267 0021 00000000 		.4byte	.Ldebug_line0
 268 0025 02       		.uleb128 0x2
 269 0026 01       		.byte	0x1
 270 0027 06       		.byte	0x6
 271 0028 FB010000 		.4byte	.LASF0
 272 002c 02       		.uleb128 0x2
 273 002d 01       		.byte	0x1
 274 002e 08       		.byte	0x8
 275 002f 5C010000 		.4byte	.LASF1
 276 0033 02       		.uleb128 0x2
 277 0034 02       		.byte	0x2
 278 0035 05       		.byte	0x5
 279 0036 D3010000 		.4byte	.LASF2
 280 003a 02       		.uleb128 0x2
 281 003b 02       		.byte	0x2
 282 003c 07       		.byte	0x7
 283 003d 33010000 		.4byte	.LASF3
 284 0041 03       		.uleb128 0x3
 285 0042 2C000000 		.4byte	.LASF9
 286 0046 02       		.byte	0x2
 287 0047 3F       		.byte	0x3f
 288 0048 4C000000 		.4byte	0x4c
 289 004c 02       		.uleb128 0x2
 290 004d 04       		.byte	0x4
 291 004e 05       		.byte	0x5
 292 004f E6010000 		.4byte	.LASF4
 293 0053 02       		.uleb128 0x2
 294 0054 04       		.byte	0x4
 295 0055 07       		.byte	0x7
 296 0056 21010000 		.4byte	.LASF5
 297 005a 02       		.uleb128 0x2
 298 005b 08       		.byte	0x8
 299 005c 05       		.byte	0x5
ARM GAS  C:\Users\student\AppData\Local\Temp\cc4V4gHb.s 			page 8


 300 005d C0010000 		.4byte	.LASF6
 301 0061 02       		.uleb128 0x2
 302 0062 08       		.byte	0x8
 303 0063 07       		.byte	0x7
 304 0064 98010000 		.4byte	.LASF7
 305 0068 04       		.uleb128 0x4
 306 0069 04       		.byte	0x4
 307 006a 05       		.byte	0x5
 308 006b 696E7400 		.ascii	"int\000"
 309 006f 02       		.uleb128 0x2
 310 0070 04       		.byte	0x4
 311 0071 07       		.byte	0x7
 312 0072 78010000 		.4byte	.LASF8
 313 0076 03       		.uleb128 0x3
 314 0077 AF010000 		.4byte	.LASF10
 315 007b 03       		.byte	0x3
 316 007c 2C       		.byte	0x2c
 317 007d 41000000 		.4byte	0x41
 318 0081 05       		.uleb128 0x5
 319 0082 12010000 		.4byte	.LASF11
 320 0086 04       		.byte	0x4
 321 0087 9201     		.2byte	0x192
 322 0089 2C000000 		.4byte	0x2c
 323 008d 05       		.uleb128 0x5
 324 008e 71010000 		.4byte	.LASF12
 325 0092 04       		.byte	0x4
 326 0093 9401     		.2byte	0x194
 327 0095 53000000 		.4byte	0x53
 328 0099 02       		.uleb128 0x2
 329 009a 04       		.byte	0x4
 330 009b 04       		.byte	0x4
 331 009c 07010000 		.4byte	.LASF13
 332 00a0 02       		.uleb128 0x2
 333 00a1 08       		.byte	0x8
 334 00a2 04       		.byte	0x4
 335 00a3 6A010000 		.4byte	.LASF14
 336 00a7 02       		.uleb128 0x2
 337 00a8 01       		.byte	0x1
 338 00a9 08       		.byte	0x8
 339 00aa CE010000 		.4byte	.LASF15
 340 00ae 02       		.uleb128 0x2
 341 00af 08       		.byte	0x8
 342 00b0 04       		.byte	0x4
 343 00b1 EF010000 		.4byte	.LASF16
 344 00b5 02       		.uleb128 0x2
 345 00b6 04       		.byte	0x4
 346 00b7 07       		.byte	0x7
 347 00b8 B7010000 		.4byte	.LASF17
 348 00bc 06       		.uleb128 0x6
 349 00bd D9000000 		.4byte	.LASF18
 350 00c1 01       		.byte	0x1
 351 00c2 15       		.byte	0x15
 352 00c3 00000000 		.4byte	.LFB63
 353 00c7 1C000000 		.4byte	.LFE63-.LFB63
 354 00cb 01       		.uleb128 0x1
 355 00cc 9C       		.byte	0x9c
 356 00cd 11010000 		.4byte	0x111
ARM GAS  C:\Users\student\AppData\Local\Temp\cc4V4gHb.s 			page 9


 357 00d1 07       		.uleb128 0x7
 358 00d2 0D010000 		.4byte	.LASF20
 359 00d6 01       		.byte	0x1
 360 00d7 15       		.byte	0x15
 361 00d8 81000000 		.4byte	0x81
 362 00dc 00000000 		.4byte	.LLST0
 363 00e0 08       		.uleb128 0x8
 364 00e1 0A000000 		.4byte	.LVL2
 365 00e5 E7020000 		.4byte	0x2e7
 366 00e9 F3000000 		.4byte	0xf3
 367 00ed 09       		.uleb128 0x9
 368 00ee 01       		.uleb128 0x1
 369 00ef 50       		.byte	0x50
 370 00f0 01       		.uleb128 0x1
 371 00f1 30       		.byte	0x30
 372 00f2 00       		.byte	0
 373 00f3 08       		.uleb128 0x8
 374 00f4 10000000 		.4byte	.LVL3
 375 00f8 F8020000 		.4byte	0x2f8
 376 00fc 07010000 		.4byte	0x107
 377 0100 09       		.uleb128 0x9
 378 0101 01       		.uleb128 0x1
 379 0102 50       		.byte	0x50
 380 0103 02       		.uleb128 0x2
 381 0104 74       		.byte	0x74
 382 0105 00       		.sleb128 0
 383 0106 00       		.byte	0
 384 0107 0A       		.uleb128 0xa
 385 0108 14000000 		.4byte	.LVL4
 386 010c 09030000 		.4byte	0x309
 387 0110 00       		.byte	0
 388 0111 06       		.uleb128 0x6
 389 0112 E3000000 		.4byte	.LASF19
 390 0116 01       		.byte	0x1
 391 0117 23       		.byte	0x23
 392 0118 00000000 		.4byte	.LFB64
 393 011c 1C000000 		.4byte	.LFE64-.LFB64
 394 0120 01       		.uleb128 0x1
 395 0121 9C       		.byte	0x9c
 396 0122 66010000 		.4byte	0x166
 397 0126 07       		.uleb128 0x7
 398 0127 0D010000 		.4byte	.LASF20
 399 012b 01       		.byte	0x1
 400 012c 23       		.byte	0x23
 401 012d 81000000 		.4byte	0x81
 402 0131 21000000 		.4byte	.LLST1
 403 0135 08       		.uleb128 0x8
 404 0136 0A000000 		.4byte	.LVL7
 405 013a E7020000 		.4byte	0x2e7
 406 013e 48010000 		.4byte	0x148
 407 0142 09       		.uleb128 0x9
 408 0143 01       		.uleb128 0x1
 409 0144 50       		.byte	0x50
 410 0145 01       		.uleb128 0x1
 411 0146 31       		.byte	0x31
 412 0147 00       		.byte	0
 413 0148 08       		.uleb128 0x8
ARM GAS  C:\Users\student\AppData\Local\Temp\cc4V4gHb.s 			page 10


 414 0149 10000000 		.4byte	.LVL8
 415 014d F8020000 		.4byte	0x2f8
 416 0151 5C010000 		.4byte	0x15c
 417 0155 09       		.uleb128 0x9
 418 0156 01       		.uleb128 0x1
 419 0157 50       		.byte	0x50
 420 0158 02       		.uleb128 0x2
 421 0159 74       		.byte	0x74
 422 015a 00       		.sleb128 0
 423 015b 00       		.byte	0
 424 015c 0A       		.uleb128 0xa
 425 015d 14000000 		.4byte	.LVL9
 426 0161 09030000 		.4byte	0x309
 427 0165 00       		.byte	0
 428 0166 06       		.uleb128 0x6
 429 0167 85010000 		.4byte	.LASF21
 430 016b 01       		.byte	0x1
 431 016c 32       		.byte	0x32
 432 016d 00000000 		.4byte	.LFB65
 433 0171 28000000 		.4byte	.LFE65-.LFB65
 434 0175 01       		.uleb128 0x1
 435 0176 9C       		.byte	0x9c
 436 0177 CA010000 		.4byte	0x1ca
 437 017b 07       		.uleb128 0x7
 438 017c ED000000 		.4byte	.LASF22
 439 0180 01       		.byte	0x1
 440 0181 32       		.byte	0x32
 441 0182 CA010000 		.4byte	0x1ca
 442 0186 42000000 		.4byte	.LLST2
 443 018a 0B       		.uleb128 0xb
 444 018b 4E00     		.ascii	"N\000"
 445 018d 01       		.byte	0x1
 446 018e 32       		.byte	0x32
 447 018f 68000000 		.4byte	0x68
 448 0193 60000000 		.4byte	.LLST3
 449 0197 0C       		.uleb128 0xc
 450 0198 6900     		.ascii	"i\000"
 451 019a 01       		.byte	0x1
 452 019b 35       		.byte	0x35
 453 019c 68000000 		.4byte	0x68
 454 01a0 7E000000 		.4byte	.LLST4
 455 01a4 08       		.uleb128 0x8
 456 01a5 0C000000 		.4byte	.LVL12
 457 01a9 E7020000 		.4byte	0x2e7
 458 01ad B7010000 		.4byte	0x1b7
 459 01b1 09       		.uleb128 0x9
 460 01b2 01       		.uleb128 0x1
 461 01b3 50       		.byte	0x50
 462 01b4 01       		.uleb128 0x1
 463 01b5 31       		.byte	0x31
 464 01b6 00       		.byte	0
 465 01b7 0A       		.uleb128 0xa
 466 01b8 16000000 		.4byte	.LVL14
 467 01bc F8020000 		.4byte	0x2f8
 468 01c0 0A       		.uleb128 0xa
 469 01c1 1A000000 		.4byte	.LVL15
 470 01c5 09030000 		.4byte	0x309
ARM GAS  C:\Users\student\AppData\Local\Temp\cc4V4gHb.s 			page 11


 471 01c9 00       		.byte	0
 472 01ca 0D       		.uleb128 0xd
 473 01cb 04       		.byte	0x4
 474 01cc 81000000 		.4byte	0x81
 475 01d0 0E       		.uleb128 0xe
 476 01d1 18010000 		.4byte	.LASF30
 477 01d5 01       		.byte	0x1
 478 01d6 41       		.byte	0x41
 479 01d7 81000000 		.4byte	0x81
 480 01db 00000000 		.4byte	.LFB66
 481 01df 02000000 		.4byte	.LFE66-.LFB66
 482 01e3 01       		.uleb128 0x1
 483 01e4 9C       		.byte	0x9c
 484 01e5 06       		.uleb128 0x6
 485 01e6 CF000000 		.4byte	.LASF23
 486 01ea 01       		.byte	0x1
 487 01eb 4F       		.byte	0x4f
 488 01ec 00000000 		.4byte	.LFB67
 489 01f0 02000000 		.4byte	.LFE67-.LFB67
 490 01f4 01       		.uleb128 0x1
 491 01f5 9C       		.byte	0x9c
 492 01f6 13020000 		.4byte	0x213
 493 01fa 0F       		.uleb128 0xf
 494 01fb ED000000 		.4byte	.LASF22
 495 01ff 01       		.byte	0x1
 496 0200 4F       		.byte	0x4f
 497 0201 CA010000 		.4byte	0x1ca
 498 0205 01       		.uleb128 0x1
 499 0206 50       		.byte	0x50
 500 0207 10       		.uleb128 0x10
 501 0208 4E00     		.ascii	"N\000"
 502 020a 01       		.byte	0x1
 503 020b 4F       		.byte	0x4f
 504 020c 68000000 		.4byte	0x68
 505 0210 01       		.uleb128 0x1
 506 0211 51       		.byte	0x51
 507 0212 00       		.byte	0
 508 0213 06       		.uleb128 0x6
 509 0214 DD010000 		.4byte	.LASF24
 510 0218 01       		.byte	0x1
 511 0219 58       		.byte	0x58
 512 021a 00000000 		.4byte	.LFB68
 513 021e 3A000000 		.4byte	.LFE68-.LFB68
 514 0222 01       		.uleb128 0x1
 515 0223 9C       		.byte	0x9c
 516 0224 D6020000 		.4byte	0x2d6
 517 0228 08       		.uleb128 0x8
 518 0229 08000000 		.4byte	.LVL18
 519 022d BC000000 		.4byte	0xbc
 520 0231 3B020000 		.4byte	0x23b
 521 0235 09       		.uleb128 0x9
 522 0236 01       		.uleb128 0x1
 523 0237 50       		.byte	0x50
 524 0238 01       		.uleb128 0x1
 525 0239 31       		.byte	0x31
 526 023a 00       		.byte	0
 527 023b 08       		.uleb128 0x8
ARM GAS  C:\Users\student\AppData\Local\Temp\cc4V4gHb.s 			page 12


 528 023c 0E000000 		.4byte	.LVL19
 529 0240 14030000 		.4byte	0x314
 530 0244 4E020000 		.4byte	0x24e
 531 0248 09       		.uleb128 0x9
 532 0249 01       		.uleb128 0x1
 533 024a 50       		.byte	0x50
 534 024b 01       		.uleb128 0x1
 535 024c 3A       		.byte	0x3a
 536 024d 00       		.byte	0
 537 024e 08       		.uleb128 0x8
 538 024f 14000000 		.4byte	.LVL20
 539 0253 BC000000 		.4byte	0xbc
 540 0257 62020000 		.4byte	0x262
 541 025b 09       		.uleb128 0x9
 542 025c 01       		.uleb128 0x1
 543 025d 50       		.byte	0x50
 544 025e 02       		.uleb128 0x2
 545 025f 08       		.byte	0x8
 546 0260 36       		.byte	0x36
 547 0261 00       		.byte	0
 548 0262 08       		.uleb128 0x8
 549 0263 1A000000 		.4byte	.LVL21
 550 0267 11010000 		.4byte	0x111
 551 026b 76020000 		.4byte	0x276
 552 026f 09       		.uleb128 0x9
 553 0270 01       		.uleb128 0x1
 554 0271 50       		.byte	0x50
 555 0272 02       		.uleb128 0x2
 556 0273 09       		.byte	0x9
 557 0274 88       		.byte	0x88
 558 0275 00       		.byte	0
 559 0276 08       		.uleb128 0x8
 560 0277 20000000 		.4byte	.LVL22
 561 027b BC000000 		.4byte	0xbc
 562 027f 8A020000 		.4byte	0x28a
 563 0283 09       		.uleb128 0x9
 564 0284 01       		.uleb128 0x1
 565 0285 50       		.byte	0x50
 566 0286 02       		.uleb128 0x2
 567 0287 08       		.byte	0x8
 568 0288 3A       		.byte	0x3a
 569 0289 00       		.byte	0
 570 028a 08       		.uleb128 0x8
 571 028b 26000000 		.4byte	.LVL23
 572 028f 11010000 		.4byte	0x111
 573 0293 9E020000 		.4byte	0x29e
 574 0297 09       		.uleb128 0x9
 575 0298 01       		.uleb128 0x1
 576 0299 50       		.byte	0x50
 577 029a 02       		.uleb128 0x2
 578 029b 08       		.byte	0x8
 579 029c 55       		.byte	0x55
 580 029d 00       		.byte	0
 581 029e 08       		.uleb128 0x8
 582 029f 2C000000 		.4byte	.LVL24
 583 02a3 BC000000 		.4byte	0xbc
 584 02a7 B1020000 		.4byte	0x2b1
ARM GAS  C:\Users\student\AppData\Local\Temp\cc4V4gHb.s 			page 13


 585 02ab 09       		.uleb128 0x9
 586 02ac 01       		.uleb128 0x1
 587 02ad 50       		.byte	0x50
 588 02ae 01       		.uleb128 0x1
 589 02af 41       		.byte	0x41
 590 02b0 00       		.byte	0
 591 02b1 08       		.uleb128 0x8
 592 02b2 32000000 		.4byte	.LVL25
 593 02b6 BC000000 		.4byte	0xbc
 594 02ba C5020000 		.4byte	0x2c5
 595 02be 09       		.uleb128 0x9
 596 02bf 01       		.uleb128 0x1
 597 02c0 50       		.byte	0x50
 598 02c1 02       		.uleb128 0x2
 599 02c2 08       		.byte	0x8
 600 02c3 29       		.byte	0x29
 601 02c4 00       		.byte	0
 602 02c5 11       		.uleb128 0x11
 603 02c6 38000000 		.4byte	.LVL26
 604 02ca 14030000 		.4byte	0x314
 605 02ce 09       		.uleb128 0x9
 606 02cf 01       		.uleb128 0x1
 607 02d0 50       		.byte	0x50
 608 02d1 02       		.uleb128 0x2
 609 02d2 08       		.byte	0x8
 610 02d3 FA       		.byte	0xfa
 611 02d4 00       		.byte	0
 612 02d5 00       		.byte	0
 613 02d6 12       		.uleb128 0x12
 614 02d7 46010000 		.4byte	.LASF31
 615 02db 07       		.byte	0x7
 616 02dc 9606     		.2byte	0x696
 617 02de E2020000 		.4byte	0x2e2
 618 02e2 13       		.uleb128 0x13
 619 02e3 76000000 		.4byte	0x76
 620 02e7 14       		.uleb128 0x14
 621 02e8 53010000 		.4byte	.LASF25
 622 02ec 05       		.byte	0x5
 623 02ed 26       		.byte	0x26
 624 02ee F8020000 		.4byte	0x2f8
 625 02f2 15       		.uleb128 0x15
 626 02f3 81000000 		.4byte	0x81
 627 02f7 00       		.byte	0
 628 02f8 14       		.uleb128 0x14
 629 02f9 07020000 		.4byte	.LASF26
 630 02fd 06       		.byte	0x6
 631 02fe 64       		.byte	0x64
 632 02ff 09030000 		.4byte	0x309
 633 0303 15       		.uleb128 0x15
 634 0304 81000000 		.4byte	0x81
 635 0308 00       		.byte	0
 636 0309 16       		.uleb128 0x16
 637 030a F3000000 		.4byte	.LASF32
 638 030e 06       		.byte	0x6
 639 030f 62       		.byte	0x62
 640 0310 81000000 		.4byte	0x81
 641 0314 17       		.uleb128 0x17
ARM GAS  C:\Users\student\AppData\Local\Temp\cc4V4gHb.s 			page 14


 642 0315 1A020000 		.4byte	.LASF33
 643 0319 08       		.byte	0x8
 644 031a 76       		.byte	0x76
 645 031b 15       		.uleb128 0x15
 646 031c 8D000000 		.4byte	0x8d
 647 0320 00       		.byte	0
 648 0321 00       		.byte	0
 649              		.section	.debug_abbrev,"",%progbits
 650              	.Ldebug_abbrev0:
 651 0000 01       		.uleb128 0x1
 652 0001 11       		.uleb128 0x11
 653 0002 01       		.byte	0x1
 654 0003 25       		.uleb128 0x25
 655 0004 0E       		.uleb128 0xe
 656 0005 13       		.uleb128 0x13
 657 0006 0B       		.uleb128 0xb
 658 0007 03       		.uleb128 0x3
 659 0008 0E       		.uleb128 0xe
 660 0009 1B       		.uleb128 0x1b
 661 000a 0E       		.uleb128 0xe
 662 000b 55       		.uleb128 0x55
 663 000c 17       		.uleb128 0x17
 664 000d 11       		.uleb128 0x11
 665 000e 01       		.uleb128 0x1
 666 000f 10       		.uleb128 0x10
 667 0010 17       		.uleb128 0x17
 668 0011 00       		.byte	0
 669 0012 00       		.byte	0
 670 0013 02       		.uleb128 0x2
 671 0014 24       		.uleb128 0x24
 672 0015 00       		.byte	0
 673 0016 0B       		.uleb128 0xb
 674 0017 0B       		.uleb128 0xb
 675 0018 3E       		.uleb128 0x3e
 676 0019 0B       		.uleb128 0xb
 677 001a 03       		.uleb128 0x3
 678 001b 0E       		.uleb128 0xe
 679 001c 00       		.byte	0
 680 001d 00       		.byte	0
 681 001e 03       		.uleb128 0x3
 682 001f 16       		.uleb128 0x16
 683 0020 00       		.byte	0
 684 0021 03       		.uleb128 0x3
 685 0022 0E       		.uleb128 0xe
 686 0023 3A       		.uleb128 0x3a
 687 0024 0B       		.uleb128 0xb
 688 0025 3B       		.uleb128 0x3b
 689 0026 0B       		.uleb128 0xb
 690 0027 49       		.uleb128 0x49
 691 0028 13       		.uleb128 0x13
 692 0029 00       		.byte	0
 693 002a 00       		.byte	0
 694 002b 04       		.uleb128 0x4
 695 002c 24       		.uleb128 0x24
 696 002d 00       		.byte	0
 697 002e 0B       		.uleb128 0xb
 698 002f 0B       		.uleb128 0xb
ARM GAS  C:\Users\student\AppData\Local\Temp\cc4V4gHb.s 			page 15


 699 0030 3E       		.uleb128 0x3e
 700 0031 0B       		.uleb128 0xb
 701 0032 03       		.uleb128 0x3
 702 0033 08       		.uleb128 0x8
 703 0034 00       		.byte	0
 704 0035 00       		.byte	0
 705 0036 05       		.uleb128 0x5
 706 0037 16       		.uleb128 0x16
 707 0038 00       		.byte	0
 708 0039 03       		.uleb128 0x3
 709 003a 0E       		.uleb128 0xe
 710 003b 3A       		.uleb128 0x3a
 711 003c 0B       		.uleb128 0xb
 712 003d 3B       		.uleb128 0x3b
 713 003e 05       		.uleb128 0x5
 714 003f 49       		.uleb128 0x49
 715 0040 13       		.uleb128 0x13
 716 0041 00       		.byte	0
 717 0042 00       		.byte	0
 718 0043 06       		.uleb128 0x6
 719 0044 2E       		.uleb128 0x2e
 720 0045 01       		.byte	0x1
 721 0046 3F       		.uleb128 0x3f
 722 0047 19       		.uleb128 0x19
 723 0048 03       		.uleb128 0x3
 724 0049 0E       		.uleb128 0xe
 725 004a 3A       		.uleb128 0x3a
 726 004b 0B       		.uleb128 0xb
 727 004c 3B       		.uleb128 0x3b
 728 004d 0B       		.uleb128 0xb
 729 004e 27       		.uleb128 0x27
 730 004f 19       		.uleb128 0x19
 731 0050 11       		.uleb128 0x11
 732 0051 01       		.uleb128 0x1
 733 0052 12       		.uleb128 0x12
 734 0053 06       		.uleb128 0x6
 735 0054 40       		.uleb128 0x40
 736 0055 18       		.uleb128 0x18
 737 0056 9742     		.uleb128 0x2117
 738 0058 19       		.uleb128 0x19
 739 0059 01       		.uleb128 0x1
 740 005a 13       		.uleb128 0x13
 741 005b 00       		.byte	0
 742 005c 00       		.byte	0
 743 005d 07       		.uleb128 0x7
 744 005e 05       		.uleb128 0x5
 745 005f 00       		.byte	0
 746 0060 03       		.uleb128 0x3
 747 0061 0E       		.uleb128 0xe
 748 0062 3A       		.uleb128 0x3a
 749 0063 0B       		.uleb128 0xb
 750 0064 3B       		.uleb128 0x3b
 751 0065 0B       		.uleb128 0xb
 752 0066 49       		.uleb128 0x49
 753 0067 13       		.uleb128 0x13
 754 0068 02       		.uleb128 0x2
 755 0069 17       		.uleb128 0x17
ARM GAS  C:\Users\student\AppData\Local\Temp\cc4V4gHb.s 			page 16


 756 006a 00       		.byte	0
 757 006b 00       		.byte	0
 758 006c 08       		.uleb128 0x8
 759 006d 898201   		.uleb128 0x4109
 760 0070 01       		.byte	0x1
 761 0071 11       		.uleb128 0x11
 762 0072 01       		.uleb128 0x1
 763 0073 31       		.uleb128 0x31
 764 0074 13       		.uleb128 0x13
 765 0075 01       		.uleb128 0x1
 766 0076 13       		.uleb128 0x13
 767 0077 00       		.byte	0
 768 0078 00       		.byte	0
 769 0079 09       		.uleb128 0x9
 770 007a 8A8201   		.uleb128 0x410a
 771 007d 00       		.byte	0
 772 007e 02       		.uleb128 0x2
 773 007f 18       		.uleb128 0x18
 774 0080 9142     		.uleb128 0x2111
 775 0082 18       		.uleb128 0x18
 776 0083 00       		.byte	0
 777 0084 00       		.byte	0
 778 0085 0A       		.uleb128 0xa
 779 0086 898201   		.uleb128 0x4109
 780 0089 00       		.byte	0
 781 008a 11       		.uleb128 0x11
 782 008b 01       		.uleb128 0x1
 783 008c 31       		.uleb128 0x31
 784 008d 13       		.uleb128 0x13
 785 008e 00       		.byte	0
 786 008f 00       		.byte	0
 787 0090 0B       		.uleb128 0xb
 788 0091 05       		.uleb128 0x5
 789 0092 00       		.byte	0
 790 0093 03       		.uleb128 0x3
 791 0094 08       		.uleb128 0x8
 792 0095 3A       		.uleb128 0x3a
 793 0096 0B       		.uleb128 0xb
 794 0097 3B       		.uleb128 0x3b
 795 0098 0B       		.uleb128 0xb
 796 0099 49       		.uleb128 0x49
 797 009a 13       		.uleb128 0x13
 798 009b 02       		.uleb128 0x2
 799 009c 17       		.uleb128 0x17
 800 009d 00       		.byte	0
 801 009e 00       		.byte	0
 802 009f 0C       		.uleb128 0xc
 803 00a0 34       		.uleb128 0x34
 804 00a1 00       		.byte	0
 805 00a2 03       		.uleb128 0x3
 806 00a3 08       		.uleb128 0x8
 807 00a4 3A       		.uleb128 0x3a
 808 00a5 0B       		.uleb128 0xb
 809 00a6 3B       		.uleb128 0x3b
 810 00a7 0B       		.uleb128 0xb
 811 00a8 49       		.uleb128 0x49
 812 00a9 13       		.uleb128 0x13
ARM GAS  C:\Users\student\AppData\Local\Temp\cc4V4gHb.s 			page 17


 813 00aa 02       		.uleb128 0x2
 814 00ab 17       		.uleb128 0x17
 815 00ac 00       		.byte	0
 816 00ad 00       		.byte	0
 817 00ae 0D       		.uleb128 0xd
 818 00af 0F       		.uleb128 0xf
 819 00b0 00       		.byte	0
 820 00b1 0B       		.uleb128 0xb
 821 00b2 0B       		.uleb128 0xb
 822 00b3 49       		.uleb128 0x49
 823 00b4 13       		.uleb128 0x13
 824 00b5 00       		.byte	0
 825 00b6 00       		.byte	0
 826 00b7 0E       		.uleb128 0xe
 827 00b8 2E       		.uleb128 0x2e
 828 00b9 00       		.byte	0
 829 00ba 3F       		.uleb128 0x3f
 830 00bb 19       		.uleb128 0x19
 831 00bc 03       		.uleb128 0x3
 832 00bd 0E       		.uleb128 0xe
 833 00be 3A       		.uleb128 0x3a
 834 00bf 0B       		.uleb128 0xb
 835 00c0 3B       		.uleb128 0x3b
 836 00c1 0B       		.uleb128 0xb
 837 00c2 27       		.uleb128 0x27
 838 00c3 19       		.uleb128 0x19
 839 00c4 49       		.uleb128 0x49
 840 00c5 13       		.uleb128 0x13
 841 00c6 11       		.uleb128 0x11
 842 00c7 01       		.uleb128 0x1
 843 00c8 12       		.uleb128 0x12
 844 00c9 06       		.uleb128 0x6
 845 00ca 40       		.uleb128 0x40
 846 00cb 18       		.uleb128 0x18
 847 00cc 9742     		.uleb128 0x2117
 848 00ce 19       		.uleb128 0x19
 849 00cf 00       		.byte	0
 850 00d0 00       		.byte	0
 851 00d1 0F       		.uleb128 0xf
 852 00d2 05       		.uleb128 0x5
 853 00d3 00       		.byte	0
 854 00d4 03       		.uleb128 0x3
 855 00d5 0E       		.uleb128 0xe
 856 00d6 3A       		.uleb128 0x3a
 857 00d7 0B       		.uleb128 0xb
 858 00d8 3B       		.uleb128 0x3b
 859 00d9 0B       		.uleb128 0xb
 860 00da 49       		.uleb128 0x49
 861 00db 13       		.uleb128 0x13
 862 00dc 02       		.uleb128 0x2
 863 00dd 18       		.uleb128 0x18
 864 00de 00       		.byte	0
 865 00df 00       		.byte	0
 866 00e0 10       		.uleb128 0x10
 867 00e1 05       		.uleb128 0x5
 868 00e2 00       		.byte	0
 869 00e3 03       		.uleb128 0x3
ARM GAS  C:\Users\student\AppData\Local\Temp\cc4V4gHb.s 			page 18


 870 00e4 08       		.uleb128 0x8
 871 00e5 3A       		.uleb128 0x3a
 872 00e6 0B       		.uleb128 0xb
 873 00e7 3B       		.uleb128 0x3b
 874 00e8 0B       		.uleb128 0xb
 875 00e9 49       		.uleb128 0x49
 876 00ea 13       		.uleb128 0x13
 877 00eb 02       		.uleb128 0x2
 878 00ec 18       		.uleb128 0x18
 879 00ed 00       		.byte	0
 880 00ee 00       		.byte	0
 881 00ef 11       		.uleb128 0x11
 882 00f0 898201   		.uleb128 0x4109
 883 00f3 01       		.byte	0x1
 884 00f4 11       		.uleb128 0x11
 885 00f5 01       		.uleb128 0x1
 886 00f6 31       		.uleb128 0x31
 887 00f7 13       		.uleb128 0x13
 888 00f8 00       		.byte	0
 889 00f9 00       		.byte	0
 890 00fa 12       		.uleb128 0x12
 891 00fb 34       		.uleb128 0x34
 892 00fc 00       		.byte	0
 893 00fd 03       		.uleb128 0x3
 894 00fe 0E       		.uleb128 0xe
 895 00ff 3A       		.uleb128 0x3a
 896 0100 0B       		.uleb128 0xb
 897 0101 3B       		.uleb128 0x3b
 898 0102 05       		.uleb128 0x5
 899 0103 49       		.uleb128 0x49
 900 0104 13       		.uleb128 0x13
 901 0105 3F       		.uleb128 0x3f
 902 0106 19       		.uleb128 0x19
 903 0107 3C       		.uleb128 0x3c
 904 0108 19       		.uleb128 0x19
 905 0109 00       		.byte	0
 906 010a 00       		.byte	0
 907 010b 13       		.uleb128 0x13
 908 010c 35       		.uleb128 0x35
 909 010d 00       		.byte	0
 910 010e 49       		.uleb128 0x49
 911 010f 13       		.uleb128 0x13
 912 0110 00       		.byte	0
 913 0111 00       		.byte	0
 914 0112 14       		.uleb128 0x14
 915 0113 2E       		.uleb128 0x2e
 916 0114 01       		.byte	0x1
 917 0115 3F       		.uleb128 0x3f
 918 0116 19       		.uleb128 0x19
 919 0117 03       		.uleb128 0x3
 920 0118 0E       		.uleb128 0xe
 921 0119 3A       		.uleb128 0x3a
 922 011a 0B       		.uleb128 0xb
 923 011b 3B       		.uleb128 0x3b
 924 011c 0B       		.uleb128 0xb
 925 011d 27       		.uleb128 0x27
 926 011e 19       		.uleb128 0x19
ARM GAS  C:\Users\student\AppData\Local\Temp\cc4V4gHb.s 			page 19


 927 011f 3C       		.uleb128 0x3c
 928 0120 19       		.uleb128 0x19
 929 0121 01       		.uleb128 0x1
 930 0122 13       		.uleb128 0x13
 931 0123 00       		.byte	0
 932 0124 00       		.byte	0
 933 0125 15       		.uleb128 0x15
 934 0126 05       		.uleb128 0x5
 935 0127 00       		.byte	0
 936 0128 49       		.uleb128 0x49
 937 0129 13       		.uleb128 0x13
 938 012a 00       		.byte	0
 939 012b 00       		.byte	0
 940 012c 16       		.uleb128 0x16
 941 012d 2E       		.uleb128 0x2e
 942 012e 00       		.byte	0
 943 012f 3F       		.uleb128 0x3f
 944 0130 19       		.uleb128 0x19
 945 0131 03       		.uleb128 0x3
 946 0132 0E       		.uleb128 0xe
 947 0133 3A       		.uleb128 0x3a
 948 0134 0B       		.uleb128 0xb
 949 0135 3B       		.uleb128 0x3b
 950 0136 0B       		.uleb128 0xb
 951 0137 27       		.uleb128 0x27
 952 0138 19       		.uleb128 0x19
 953 0139 49       		.uleb128 0x49
 954 013a 13       		.uleb128 0x13
 955 013b 3C       		.uleb128 0x3c
 956 013c 19       		.uleb128 0x19
 957 013d 00       		.byte	0
 958 013e 00       		.byte	0
 959 013f 17       		.uleb128 0x17
 960 0140 2E       		.uleb128 0x2e
 961 0141 01       		.byte	0x1
 962 0142 3F       		.uleb128 0x3f
 963 0143 19       		.uleb128 0x19
 964 0144 03       		.uleb128 0x3
 965 0145 0E       		.uleb128 0xe
 966 0146 3A       		.uleb128 0x3a
 967 0147 0B       		.uleb128 0xb
 968 0148 3B       		.uleb128 0x3b
 969 0149 0B       		.uleb128 0xb
 970 014a 27       		.uleb128 0x27
 971 014b 19       		.uleb128 0x19
 972 014c 3C       		.uleb128 0x3c
 973 014d 19       		.uleb128 0x19
 974 014e 00       		.byte	0
 975 014f 00       		.byte	0
 976 0150 00       		.byte	0
 977              		.section	.debug_loc,"",%progbits
 978              	.Ldebug_loc0:
 979              	.LLST0:
 980 0000 00000000 		.4byte	.LVL0
 981 0004 06000000 		.4byte	.LVL1
 982 0008 0100     		.2byte	0x1
 983 000a 50       		.byte	0x50
ARM GAS  C:\Users\student\AppData\Local\Temp\cc4V4gHb.s 			page 20


 984 000b 06000000 		.4byte	.LVL1
 985 000f 1C000000 		.4byte	.LFE63
 986 0013 0400     		.2byte	0x4
 987 0015 F3       		.byte	0xf3
 988 0016 01       		.uleb128 0x1
 989 0017 50       		.byte	0x50
 990 0018 9F       		.byte	0x9f
 991 0019 00000000 		.4byte	0
 992 001d 00000000 		.4byte	0
 993              	.LLST1:
 994 0021 00000000 		.4byte	.LVL5
 995 0025 06000000 		.4byte	.LVL6
 996 0029 0100     		.2byte	0x1
 997 002b 50       		.byte	0x50
 998 002c 06000000 		.4byte	.LVL6
 999 0030 1C000000 		.4byte	.LFE64
 1000 0034 0400     		.2byte	0x4
 1001 0036 F3       		.byte	0xf3
 1002 0037 01       		.uleb128 0x1
 1003 0038 50       		.byte	0x50
 1004 0039 9F       		.byte	0x9f
 1005 003a 00000000 		.4byte	0
 1006 003e 00000000 		.4byte	0
 1007              	.LLST2:
 1008 0042 00000000 		.4byte	.LVL10
 1009 0046 08000000 		.4byte	.LVL11
 1010 004a 0100     		.2byte	0x1
 1011 004c 50       		.byte	0x50
 1012 004d 08000000 		.4byte	.LVL11
 1013 0051 28000000 		.4byte	.LFE65
 1014 0055 0100     		.2byte	0x1
 1015 0057 56       		.byte	0x56
 1016 0058 00000000 		.4byte	0
 1017 005c 00000000 		.4byte	0
 1018              	.LLST3:
 1019 0060 00000000 		.4byte	.LVL10
 1020 0064 0B000000 		.4byte	.LVL12-1
 1021 0068 0100     		.2byte	0x1
 1022 006a 51       		.byte	0x51
 1023 006b 0B000000 		.4byte	.LVL12-1
 1024 006f 28000000 		.4byte	.LFE65
 1025 0073 0100     		.2byte	0x1
 1026 0075 55       		.byte	0x55
 1027 0076 00000000 		.4byte	0
 1028 007a 00000000 		.4byte	0
 1029              	.LLST4:
 1030 007e 0C000000 		.4byte	.LVL12
 1031 0082 10000000 		.4byte	.LVL13
 1032 0086 0200     		.2byte	0x2
 1033 0088 30       		.byte	0x30
 1034 0089 9F       		.byte	0x9f
 1035 008a 10000000 		.4byte	.LVL13
 1036 008e 28000000 		.4byte	.LFE65
 1037 0092 0100     		.2byte	0x1
 1038 0094 54       		.byte	0x54
 1039 0095 00000000 		.4byte	0
 1040 0099 00000000 		.4byte	0
ARM GAS  C:\Users\student\AppData\Local\Temp\cc4V4gHb.s 			page 21


 1041              		.section	.debug_aranges,"",%progbits
 1042 0000 44000000 		.4byte	0x44
 1043 0004 0200     		.2byte	0x2
 1044 0006 00000000 		.4byte	.Ldebug_info0
 1045 000a 04       		.byte	0x4
 1046 000b 00       		.byte	0
 1047 000c 0000     		.2byte	0
 1048 000e 0000     		.2byte	0
 1049 0010 00000000 		.4byte	.LFB63
 1050 0014 1C000000 		.4byte	.LFE63-.LFB63
 1051 0018 00000000 		.4byte	.LFB64
 1052 001c 1C000000 		.4byte	.LFE64-.LFB64
 1053 0020 00000000 		.4byte	.LFB65
 1054 0024 28000000 		.4byte	.LFE65-.LFB65
 1055 0028 00000000 		.4byte	.LFB66
 1056 002c 02000000 		.4byte	.LFE66-.LFB66
 1057 0030 00000000 		.4byte	.LFB67
 1058 0034 02000000 		.4byte	.LFE67-.LFB67
 1059 0038 00000000 		.4byte	.LFB68
 1060 003c 3A000000 		.4byte	.LFE68-.LFB68
 1061 0040 00000000 		.4byte	0
 1062 0044 00000000 		.4byte	0
 1063              		.section	.debug_ranges,"",%progbits
 1064              	.Ldebug_ranges0:
 1065 0000 00000000 		.4byte	.LFB63
 1066 0004 1C000000 		.4byte	.LFE63
 1067 0008 00000000 		.4byte	.LFB64
 1068 000c 1C000000 		.4byte	.LFE64
 1069 0010 00000000 		.4byte	.LFB65
 1070 0014 28000000 		.4byte	.LFE65
 1071 0018 00000000 		.4byte	.LFB66
 1072 001c 02000000 		.4byte	.LFE66
 1073 0020 00000000 		.4byte	.LFB67
 1074 0024 02000000 		.4byte	.LFE67
 1075 0028 00000000 		.4byte	.LFB68
 1076 002c 3A000000 		.4byte	.LFE68
 1077 0030 00000000 		.4byte	0
 1078 0034 00000000 		.4byte	0
 1079              		.section	.debug_line,"",%progbits
 1080              	.Ldebug_line0:
 1081 0000 02020000 		.section	.debug_str,"MS",%progbits,1
 1081      02006701 
 1081      00000201 
 1081      FB0E0D00 
 1081      01010101 
 1082              	.LASF29:
 1083 0000 443A5C72 		.ascii	"D:\\rbeattie_final_project\\ConnectFour.cydsn\000"
 1083      62656174 
 1083      7469655F 
 1083      66696E61 
 1083      6C5F7072 
 1084              	.LASF9:
 1085 002c 5F5F696E 		.ascii	"__int32_t\000"
 1085      7433325F 
 1085      7400
 1086              	.LASF27:
 1087 0036 474E5520 		.ascii	"GNU C 4.9.3 20150303 (release) [ARM/embedded-4_9-br"
ARM GAS  C:\Users\student\AppData\Local\Temp\cc4V4gHb.s 			page 22


 1087      4320342E 
 1087      392E3320 
 1087      32303135 
 1087      30333033 
 1088 0069 616E6368 		.ascii	"anch revision 221220] -mcpu=cortex-m3 -mthumb -g -O"
 1088      20726576 
 1088      6973696F 
 1088      6E203232 
 1088      31323230 
 1089 009c 67202D73 		.ascii	"g -std=gnu11 -ffunction-sections -ffat-lto-objects\000"
 1089      74643D67 
 1089      6E753131 
 1089      202D6666 
 1089      756E6374 
 1090              	.LASF23:
 1091 00cf 72656164 		.ascii	"readM8_a1\000"
 1091      4D385F61 
 1091      3100
 1092              	.LASF18:
 1093 00d9 77726974 		.ascii	"write8_a0\000"
 1093      65385F61 
 1093      3000
 1094              	.LASF19:
 1095 00e3 77726974 		.ascii	"write8_a1\000"
 1095      65385F61 
 1095      3100
 1096              	.LASF22:
 1097 00ed 70446174 		.ascii	"pData\000"
 1097      6100
 1098              	.LASF32:
 1099 00f3 5350494D 		.ascii	"SPIM_1_ReadTxStatus\000"
 1099      5F315F52 
 1099      65616454 
 1099      78537461 
 1099      74757300 
 1100              	.LASF13:
 1101 0107 666C6F61 		.ascii	"float\000"
 1101      7400
 1102              	.LASF20:
 1103 010d 64617461 		.ascii	"data\000"
 1103      00
 1104              	.LASF11:
 1105 0112 75696E74 		.ascii	"uint8\000"
 1105      3800
 1106              	.LASF30:
 1107 0118 72656164 		.ascii	"read8_a1\000"
 1107      385F6131 
 1107      00
 1108              	.LASF5:
 1109 0121 6C6F6E67 		.ascii	"long unsigned int\000"
 1109      20756E73 
 1109      69676E65 
 1109      6420696E 
 1109      7400
 1110              	.LASF3:
 1111 0133 73686F72 		.ascii	"short unsigned int\000"
 1111      7420756E 
ARM GAS  C:\Users\student\AppData\Local\Temp\cc4V4gHb.s 			page 23


 1111      7369676E 
 1111      65642069 
 1111      6E7400
 1112              	.LASF31:
 1113 0146 49544D5F 		.ascii	"ITM_RxBuffer\000"
 1113      52784275 
 1113      66666572 
 1113      00
 1114              	.LASF25:
 1115 0153 44435F57 		.ascii	"DC_Write\000"
 1115      72697465 
 1115      00
 1116              	.LASF1:
 1117 015c 756E7369 		.ascii	"unsigned char\000"
 1117      676E6564 
 1117      20636861 
 1117      7200
 1118              	.LASF14:
 1119 016a 646F7562 		.ascii	"double\000"
 1119      6C6500
 1120              	.LASF12:
 1121 0171 75696E74 		.ascii	"uint32\000"
 1121      333200
 1122              	.LASF8:
 1123 0178 756E7369 		.ascii	"unsigned int\000"
 1123      676E6564 
 1123      20696E74 
 1123      00
 1124              	.LASF21:
 1125 0185 77726974 		.ascii	"writeM8_a1\000"
 1125      654D385F 
 1125      613100
 1126              	.LASF28:
 1127 0190 2E5C7466 		.ascii	".\\tft.c\000"
 1127      742E6300 
 1128              	.LASF7:
 1129 0198 6C6F6E67 		.ascii	"long long unsigned int\000"
 1129      206C6F6E 
 1129      6720756E 
 1129      7369676E 
 1129      65642069 
 1130              	.LASF10:
 1131 01af 696E7433 		.ascii	"int32_t\000"
 1131      325F7400 
 1132              	.LASF17:
 1133 01b7 73697A65 		.ascii	"sizetype\000"
 1133      74797065 
 1133      00
 1134              	.LASF6:
 1135 01c0 6C6F6E67 		.ascii	"long long int\000"
 1135      206C6F6E 
 1135      6720696E 
 1135      7400
 1136              	.LASF15:
 1137 01ce 63686172 		.ascii	"char\000"
 1137      00
 1138              	.LASF2:
ARM GAS  C:\Users\student\AppData\Local\Temp\cc4V4gHb.s 			page 24


 1139 01d3 73686F72 		.ascii	"short int\000"
 1139      7420696E 
 1139      7400
 1140              	.LASF24:
 1141 01dd 74667453 		.ascii	"tftStart\000"
 1141      74617274 
 1141      00
 1142              	.LASF4:
 1143 01e6 6C6F6E67 		.ascii	"long int\000"
 1143      20696E74 
 1143      00
 1144              	.LASF16:
 1145 01ef 6C6F6E67 		.ascii	"long double\000"
 1145      20646F75 
 1145      626C6500 
 1146              	.LASF0:
 1147 01fb 7369676E 		.ascii	"signed char\000"
 1147      65642063 
 1147      68617200 
 1148              	.LASF26:
 1149 0207 5350494D 		.ascii	"SPIM_1_WriteTxData\000"
 1149      5F315F57 
 1149      72697465 
 1149      54784461 
 1149      746100
 1150              	.LASF33:
 1151 021a 43794465 		.ascii	"CyDelay\000"
 1151      6C617900 
 1152              		.ident	"GCC: (GNU Tools for ARM Embedded Processors) 4.9.3 20150303 (release) [ARM/embedded-4_9-br
