ARM GAS  C:\Users\student\AppData\Local\Temp\ccymQXfH.s 			page 1


   1              		.syntax unified
   2              		.cpu cortex-m3
   3              		.fpu softvfp
   4              		.eabi_attribute 20, 1
   5              		.eabi_attribute 21, 1
   6              		.eabi_attribute 23, 3
   7              		.eabi_attribute 24, 1
   8              		.eabi_attribute 25, 1
   9              		.eabi_attribute 26, 1
  10              		.eabi_attribute 30, 1
  11              		.eabi_attribute 34, 1
  12              		.eabi_attribute 18, 4
  13              		.thumb
  14              		.file	"USBUART_descr.c"
  15              		.text
  16              	.Ltext0:
  17              		.cfi_sections	.debug_frame
  18              		.comm	USBUART_idSerialNumberStringDescriptor,34,4
  19              		.global	USBUART_TABLE
  20              		.global	USBUART_DEVICE0_TABLE
  21              		.global	USBUART_DEVICE0_CONFIGURATION0_TABLE
  22              		.global	USBUART_DEVICE0_CONFIGURATION0_INTERFACE_CLASS
  23              		.global	USBUART_DEVICE0_CONFIGURATION0_EP_SETTINGS_TABLE
  24              		.global	USBUART_SN_STRING_DESCRIPTOR
  25              		.global	USBUART_STRING_DESCRIPTORS
  26              		.global	USBUART_DEVICE0_CONFIGURATION0_DESCR
  27              		.global	USBUART_DEVICE0_DESCR
  28              		.section	.rodata
  29              		.align	2
  30              		.type	USBUART_TABLE, %object
  31              		.size	USBUART_TABLE, 8
  32              	USBUART_TABLE:
  33 0000 01       		.byte	1
  34 0001 000000   		.space	3
  35 0004 00000000 		.word	USBUART_DEVICE0_TABLE
  36              		.type	USBUART_DEVICE0_TABLE, %object
  37              		.size	USBUART_DEVICE0_TABLE, 24
  38              	USBUART_DEVICE0_TABLE:
  39 0008 01       		.byte	1
  40 0009 000000   		.space	3
  41 000c 00000000 		.word	USBUART_DEVICE0_DESCR
  42 0010 00       		.byte	0
  43 0011 000000   		.space	3
  44 0014 00000000 		.word	0
  45 0018 01       		.byte	1
  46 0019 000000   		.space	3
  47 001c 00000000 		.word	USBUART_DEVICE0_CONFIGURATION0_TABLE
  48              		.type	USBUART_DEVICE0_CONFIGURATION0_TABLE, %object
  49              		.size	USBUART_DEVICE0_CONFIGURATION0_TABLE, 40
  50              	USBUART_DEVICE0_CONFIGURATION0_TABLE:
  51 0020 01       		.byte	1
  52 0021 000000   		.space	3
  53 0024 00000000 		.word	USBUART_DEVICE0_CONFIGURATION0_DESCR
  54 0028 03       		.byte	3
  55 0029 000000   		.space	3
  56 002c 00000000 		.word	USBUART_DEVICE0_CONFIGURATION0_EP_SETTINGS_TABLE
  57 0030 00       		.byte	0
ARM GAS  C:\Users\student\AppData\Local\Temp\ccymQXfH.s 			page 2


  58 0031 000000   		.space	3
  59 0034 00000000 		.word	0
  60 0038 00       		.byte	0
  61 0039 000000   		.space	3
  62 003c 00000000 		.word	0
  63 0040 00       		.byte	0
  64 0041 000000   		.space	3
  65 0044 00000000 		.word	USBUART_DEVICE0_CONFIGURATION0_INTERFACE_CLASS
  66              		.type	USBUART_DEVICE0_CONFIGURATION0_INTERFACE_CLASS, %object
  67              		.size	USBUART_DEVICE0_CONFIGURATION0_INTERFACE_CLASS, 2
  68              	USBUART_DEVICE0_CONFIGURATION0_INTERFACE_CLASS:
  69 0048 02       		.byte	2
  70 0049 0A       		.byte	10
  71 004a 0000     		.space	2
  72              		.type	USBUART_DEVICE0_CONFIGURATION0_EP_SETTINGS_TABLE, %object
  73              		.size	USBUART_DEVICE0_CONFIGURATION0_EP_SETTINGS_TABLE, 24
  74              	USBUART_DEVICE0_CONFIGURATION0_EP_SETTINGS_TABLE:
  75 004c 00       		.byte	0
  76 004d 00       		.byte	0
  77 004e 81       		.byte	-127
  78 004f 03       		.byte	3
  79 0050 0800     		.short	8
  80 0052 02       		.byte	2
  81 0053 00       		.space	1
  82 0054 01       		.byte	1
  83 0055 00       		.byte	0
  84 0056 82       		.byte	-126
  85 0057 02       		.byte	2
  86 0058 4000     		.short	64
  87 005a 0A       		.byte	10
  88 005b 00       		.space	1
  89 005c 01       		.byte	1
  90 005d 00       		.byte	0
  91 005e 03       		.byte	3
  92 005f 02       		.byte	2
  93 0060 4000     		.short	64
  94 0062 0A       		.byte	10
  95 0063 00       		.space	1
  96              		.type	USBUART_SN_STRING_DESCRIPTOR, %object
  97              		.size	USBUART_SN_STRING_DESCRIPTOR, 2
  98              	USBUART_SN_STRING_DESCRIPTOR:
  99 0064 02       		.byte	2
 100 0065 03       		.byte	3
 101 0066 0000     		.space	2
 102              		.type	USBUART_STRING_DESCRIPTORS, %object
 103              		.size	USBUART_STRING_DESCRIPTORS, 159
 104              	USBUART_STRING_DESCRIPTORS:
 105 0068 04       		.byte	4
 106 0069 03       		.byte	3
 107 006a 09       		.byte	9
 108 006b 04       		.byte	4
 109 006c 2C       		.byte	44
 110 006d 03       		.byte	3
 111 006e 43       		.byte	67
 112 006f 00       		.byte	0
 113 0070 79       		.byte	121
 114 0071 00       		.byte	0
ARM GAS  C:\Users\student\AppData\Local\Temp\ccymQXfH.s 			page 3


 115 0072 70       		.byte	112
 116 0073 00       		.byte	0
 117 0074 72       		.byte	114
 118 0075 00       		.byte	0
 119 0076 65       		.byte	101
 120 0077 00       		.byte	0
 121 0078 73       		.byte	115
 122 0079 00       		.byte	0
 123 007a 73       		.byte	115
 124 007b 00       		.byte	0
 125 007c 20       		.byte	32
 126 007d 00       		.byte	0
 127 007e 53       		.byte	83
 128 007f 00       		.byte	0
 129 0080 65       		.byte	101
 130 0081 00       		.byte	0
 131 0082 6D       		.byte	109
 132 0083 00       		.byte	0
 133 0084 69       		.byte	105
 134 0085 00       		.byte	0
 135 0086 63       		.byte	99
 136 0087 00       		.byte	0
 137 0088 6F       		.byte	111
 138 0089 00       		.byte	0
 139 008a 6E       		.byte	110
 140 008b 00       		.byte	0
 141 008c 64       		.byte	100
 142 008d 00       		.byte	0
 143 008e 75       		.byte	117
 144 008f 00       		.byte	0
 145 0090 63       		.byte	99
 146 0091 00       		.byte	0
 147 0092 74       		.byte	116
 148 0093 00       		.byte	0
 149 0094 6F       		.byte	111
 150 0095 00       		.byte	0
 151 0096 72       		.byte	114
 152 0097 00       		.byte	0
 153 0098 10       		.byte	16
 154 0099 03       		.byte	3
 155 009a 55       		.byte	85
 156 009b 00       		.byte	0
 157 009c 53       		.byte	83
 158 009d 00       		.byte	0
 159 009e 42       		.byte	66
 160 009f 00       		.byte	0
 161 00a0 55       		.byte	85
 162 00a1 00       		.byte	0
 163 00a2 41       		.byte	65
 164 00a3 00       		.byte	0
 165 00a4 52       		.byte	82
 166 00a5 00       		.byte	0
 167 00a6 54       		.byte	84
 168 00a7 00       		.byte	0
 169 00a8 38       		.byte	56
 170 00a9 03       		.byte	3
 171 00aa 43       		.byte	67
ARM GAS  C:\Users\student\AppData\Local\Temp\ccymQXfH.s 			page 4


 172 00ab 00       		.byte	0
 173 00ac 44       		.byte	68
 174 00ad 00       		.byte	0
 175 00ae 43       		.byte	67
 176 00af 00       		.byte	0
 177 00b0 20       		.byte	32
 178 00b1 00       		.byte	0
 179 00b2 43       		.byte	67
 180 00b3 00       		.byte	0
 181 00b4 6F       		.byte	111
 182 00b5 00       		.byte	0
 183 00b6 6D       		.byte	109
 184 00b7 00       		.byte	0
 185 00b8 6D       		.byte	109
 186 00b9 00       		.byte	0
 187 00ba 75       		.byte	117
 188 00bb 00       		.byte	0
 189 00bc 6E       		.byte	110
 190 00bd 00       		.byte	0
 191 00be 69       		.byte	105
 192 00bf 00       		.byte	0
 193 00c0 63       		.byte	99
 194 00c1 00       		.byte	0
 195 00c2 61       		.byte	97
 196 00c3 00       		.byte	0
 197 00c4 74       		.byte	116
 198 00c5 00       		.byte	0
 199 00c6 69       		.byte	105
 200 00c7 00       		.byte	0
 201 00c8 6F       		.byte	111
 202 00c9 00       		.byte	0
 203 00ca 6E       		.byte	110
 204 00cb 00       		.byte	0
 205 00cc 20       		.byte	32
 206 00cd 00       		.byte	0
 207 00ce 49       		.byte	73
 208 00cf 00       		.byte	0
 209 00d0 6E       		.byte	110
 210 00d1 00       		.byte	0
 211 00d2 74       		.byte	116
 212 00d3 00       		.byte	0
 213 00d4 65       		.byte	101
 214 00d5 00       		.byte	0
 215 00d6 72       		.byte	114
 216 00d7 00       		.byte	0
 217 00d8 66       		.byte	102
 218 00d9 00       		.byte	0
 219 00da 61       		.byte	97
 220 00db 00       		.byte	0
 221 00dc 63       		.byte	99
 222 00dd 00       		.byte	0
 223 00de 65       		.byte	101
 224 00df 00       		.byte	0
 225 00e0 26       		.byte	38
 226 00e1 03       		.byte	3
 227 00e2 43       		.byte	67
 228 00e3 00       		.byte	0
ARM GAS  C:\Users\student\AppData\Local\Temp\ccymQXfH.s 			page 5


 229 00e4 44       		.byte	68
 230 00e5 00       		.byte	0
 231 00e6 43       		.byte	67
 232 00e7 00       		.byte	0
 233 00e8 20       		.byte	32
 234 00e9 00       		.byte	0
 235 00ea 44       		.byte	68
 236 00eb 00       		.byte	0
 237 00ec 61       		.byte	97
 238 00ed 00       		.byte	0
 239 00ee 74       		.byte	116
 240 00ef 00       		.byte	0
 241 00f0 61       		.byte	97
 242 00f1 00       		.byte	0
 243 00f2 20       		.byte	32
 244 00f3 00       		.byte	0
 245 00f4 49       		.byte	73
 246 00f5 00       		.byte	0
 247 00f6 6E       		.byte	110
 248 00f7 00       		.byte	0
 249 00f8 74       		.byte	116
 250 00f9 00       		.byte	0
 251 00fa 65       		.byte	101
 252 00fb 00       		.byte	0
 253 00fc 72       		.byte	114
 254 00fd 00       		.byte	0
 255 00fe 66       		.byte	102
 256 00ff 00       		.byte	0
 257 0100 61       		.byte	97
 258 0101 00       		.byte	0
 259 0102 63       		.byte	99
 260 0103 00       		.byte	0
 261 0104 65       		.byte	101
 262 0105 00       		.byte	0
 263 0106 00       		.byte	0
 264 0107 00       		.space	1
 265              		.type	USBUART_DEVICE0_CONFIGURATION0_DESCR, %object
 266              		.size	USBUART_DEVICE0_CONFIGURATION0_DESCR, 67
 267              	USBUART_DEVICE0_CONFIGURATION0_DESCR:
 268 0108 09       		.byte	9
 269 0109 02       		.byte	2
 270 010a 43       		.byte	67
 271 010b 00       		.byte	0
 272 010c 02       		.byte	2
 273 010d 01       		.byte	1
 274 010e 01       		.byte	1
 275 010f 80       		.byte	-128
 276 0110 32       		.byte	50
 277 0111 09       		.byte	9
 278 0112 04       		.byte	4
 279 0113 00       		.byte	0
 280 0114 00       		.byte	0
 281 0115 01       		.byte	1
 282 0116 02       		.byte	2
 283 0117 02       		.byte	2
 284 0118 01       		.byte	1
 285 0119 03       		.byte	3
ARM GAS  C:\Users\student\AppData\Local\Temp\ccymQXfH.s 			page 6


 286 011a 05       		.byte	5
 287 011b 24       		.byte	36
 288 011c 00       		.byte	0
 289 011d 10       		.byte	16
 290 011e 01       		.byte	1
 291 011f 04       		.byte	4
 292 0120 24       		.byte	36
 293 0121 02       		.byte	2
 294 0122 02       		.byte	2
 295 0123 05       		.byte	5
 296 0124 24       		.byte	36
 297 0125 06       		.byte	6
 298 0126 00       		.byte	0
 299 0127 01       		.byte	1
 300 0128 05       		.byte	5
 301 0129 24       		.byte	36
 302 012a 01       		.byte	1
 303 012b 00       		.byte	0
 304 012c 01       		.byte	1
 305 012d 07       		.byte	7
 306 012e 05       		.byte	5
 307 012f 81       		.byte	-127
 308 0130 03       		.byte	3
 309 0131 08       		.byte	8
 310 0132 00       		.byte	0
 311 0133 0A       		.byte	10
 312 0134 09       		.byte	9
 313 0135 04       		.byte	4
 314 0136 01       		.byte	1
 315 0137 00       		.byte	0
 316 0138 02       		.byte	2
 317 0139 0A       		.byte	10
 318 013a 00       		.byte	0
 319 013b 00       		.byte	0
 320 013c 04       		.byte	4
 321 013d 07       		.byte	7
 322 013e 05       		.byte	5
 323 013f 82       		.byte	-126
 324 0140 02       		.byte	2
 325 0141 40       		.byte	64
 326 0142 00       		.byte	0
 327 0143 00       		.byte	0
 328 0144 07       		.byte	7
 329 0145 05       		.byte	5
 330 0146 03       		.byte	3
 331 0147 02       		.byte	2
 332 0148 40       		.byte	64
 333 0149 00       		.byte	0
 334 014a 00       		.byte	0
 335 014b 00       		.space	1
 336              		.type	USBUART_DEVICE0_DESCR, %object
 337              		.size	USBUART_DEVICE0_DESCR, 18
 338              	USBUART_DEVICE0_DESCR:
 339 014c 12       		.byte	18
 340 014d 01       		.byte	1
 341 014e 00       		.byte	0
 342 014f 02       		.byte	2
ARM GAS  C:\Users\student\AppData\Local\Temp\ccymQXfH.s 			page 7


 343 0150 02       		.byte	2
 344 0151 00       		.byte	0
 345 0152 00       		.byte	0
 346 0153 08       		.byte	8
 347 0154 B4       		.byte	-76
 348 0155 04       		.byte	4
 349 0156 32       		.byte	50
 350 0157 F2       		.byte	-14
 351 0158 01       		.byte	1
 352 0159 00       		.byte	0
 353 015a 01       		.byte	1
 354 015b 02       		.byte	2
 355 015c 80       		.byte	-128
 356 015d 01       		.byte	1
 357 015e 0000     		.text
 358              	.Letext0:
 359              		.file 1 ".\\Generated_Source\\PSoC5\\cytypes.h"
 360              		.file 2 ".\\Generated_Source\\PSoC5\\USBUART.h"
 361              		.file 3 ".\\Generated_Source\\PSoC5\\USBUART_descr.c"
 362              		.section	.debug_info,"",%progbits
 363              	.Ldebug_info0:
 364 0000 90020000 		.4byte	0x290
 365 0004 0400     		.2byte	0x4
 366 0006 00000000 		.4byte	.Ldebug_abbrev0
 367 000a 04       		.byte	0x4
 368 000b 01       		.uleb128 0x1
 369 000c A4000000 		.4byte	.LASF35
 370 0010 01       		.byte	0x1
 371 0011 2F000000 		.4byte	.LASF36
 372 0015 53010000 		.4byte	.LASF37
 373 0019 00000000 		.4byte	.Ldebug_line0
 374 001d 02       		.uleb128 0x2
 375 001e 01       		.byte	0x1
 376 001f 06       		.byte	0x6
 377 0020 13030000 		.4byte	.LASF0
 378 0024 02       		.uleb128 0x2
 379 0025 01       		.byte	0x1
 380 0026 08       		.byte	0x8
 381 0027 D2010000 		.4byte	.LASF1
 382 002b 02       		.uleb128 0x2
 383 002c 02       		.byte	0x2
 384 002d 05       		.byte	0x5
 385 002e E4020000 		.4byte	.LASF2
 386 0032 02       		.uleb128 0x2
 387 0033 02       		.byte	0x2
 388 0034 07       		.byte	0x7
 389 0035 1F030000 		.4byte	.LASF3
 390 0039 02       		.uleb128 0x2
 391 003a 04       		.byte	0x4
 392 003b 05       		.byte	0x5
 393 003c FE020000 		.4byte	.LASF4
 394 0040 02       		.uleb128 0x2
 395 0041 04       		.byte	0x4
 396 0042 07       		.byte	0x7
 397 0043 07020000 		.4byte	.LASF5
 398 0047 02       		.uleb128 0x2
 399 0048 08       		.byte	0x8
ARM GAS  C:\Users\student\AppData\Local\Temp\ccymQXfH.s 			page 8


 400 0049 05       		.byte	0x5
 401 004a B8020000 		.4byte	.LASF6
 402 004e 02       		.uleb128 0x2
 403 004f 08       		.byte	0x8
 404 0050 07       		.byte	0x7
 405 0051 6C020000 		.4byte	.LASF7
 406 0055 03       		.uleb128 0x3
 407 0056 04       		.byte	0x4
 408 0057 05       		.byte	0x5
 409 0058 696E7400 		.ascii	"int\000"
 410 005c 02       		.uleb128 0x2
 411 005d 04       		.byte	0x4
 412 005e 07       		.byte	0x7
 413 005f 51020000 		.4byte	.LASF8
 414 0063 04       		.uleb128 0x4
 415 0064 EE020000 		.4byte	.LASF9
 416 0068 01       		.byte	0x1
 417 0069 9201     		.2byte	0x192
 418 006b 24000000 		.4byte	0x24
 419 006f 04       		.uleb128 0x4
 420 0070 4A020000 		.4byte	.LASF10
 421 0074 01       		.byte	0x1
 422 0075 9301     		.2byte	0x193
 423 0077 32000000 		.4byte	0x32
 424 007b 02       		.uleb128 0x2
 425 007c 04       		.byte	0x4
 426 007d 04       		.byte	0x4
 427 007e A4010000 		.4byte	.LASF11
 428 0082 02       		.uleb128 0x2
 429 0083 08       		.byte	0x8
 430 0084 04       		.byte	0x4
 431 0085 43020000 		.4byte	.LASF12
 432 0089 02       		.uleb128 0x2
 433 008a 01       		.byte	0x1
 434 008b 08       		.byte	0x8
 435 008c C6020000 		.4byte	.LASF13
 436 0090 02       		.uleb128 0x2
 437 0091 08       		.byte	0x8
 438 0092 04       		.byte	0x4
 439 0093 07030000 		.4byte	.LASF14
 440 0097 02       		.uleb128 0x2
 441 0098 04       		.byte	0x4
 442 0099 07       		.byte	0x7
 443 009a AF020000 		.4byte	.LASF15
 444 009e 05       		.uleb128 0x5
 445 009f 08       		.byte	0x8
 446 00a0 02       		.byte	0x2
 447 00a1 9A       		.byte	0x9a
 448 00a2 EF000000 		.4byte	0xef
 449 00a6 06       		.uleb128 0x6
 450 00a7 F4020000 		.4byte	.LASF16
 451 00ab 02       		.byte	0x2
 452 00ac 9C       		.byte	0x9c
 453 00ad 63000000 		.4byte	0x63
 454 00b1 00       		.byte	0
 455 00b2 06       		.uleb128 0x6
 456 00b3 C7010000 		.4byte	.LASF17
ARM GAS  C:\Users\student\AppData\Local\Temp\ccymQXfH.s 			page 9


 457 00b7 02       		.byte	0x2
 458 00b8 9D       		.byte	0x9d
 459 00b9 63000000 		.4byte	0x63
 460 00bd 01       		.byte	0x1
 461 00be 06       		.uleb128 0x6
 462 00bf 19020000 		.4byte	.LASF18
 463 00c3 02       		.byte	0x2
 464 00c4 9E       		.byte	0x9e
 465 00c5 63000000 		.4byte	0x63
 466 00c9 02       		.byte	0x2
 467 00ca 06       		.uleb128 0x6
 468 00cb E0010000 		.4byte	.LASF19
 469 00cf 02       		.byte	0x2
 470 00d0 9F       		.byte	0x9f
 471 00d1 63000000 		.4byte	0x63
 472 00d5 03       		.byte	0x3
 473 00d6 06       		.uleb128 0x6
 474 00d7 CB020000 		.4byte	.LASF20
 475 00db 02       		.byte	0x2
 476 00dc A0       		.byte	0xa0
 477 00dd 6F000000 		.4byte	0x6f
 478 00e1 04       		.byte	0x4
 479 00e2 06       		.uleb128 0x6
 480 00e3 48030000 		.4byte	.LASF21
 481 00e7 02       		.byte	0x2
 482 00e8 A1       		.byte	0xa1
 483 00e9 63000000 		.4byte	0x63
 484 00ed 06       		.byte	0x6
 485 00ee 00       		.byte	0
 486 00ef 07       		.uleb128 0x7
 487 00f0 EB010000 		.4byte	.LASF22
 488 00f4 02       		.byte	0x2
 489 00f5 A2       		.byte	0xa2
 490 00f6 9E000000 		.4byte	0x9e
 491 00fa 05       		.uleb128 0x5
 492 00fb 08       		.byte	0x8
 493 00fc 02       		.byte	0x2
 494 00fd B1       		.byte	0xb1
 495 00fe 19010000 		.4byte	0x119
 496 0102 08       		.uleb128 0x8
 497 0103 6300     		.ascii	"c\000"
 498 0105 02       		.byte	0x2
 499 0106 B3       		.byte	0xb3
 500 0107 63000000 		.4byte	0x63
 501 010b 00       		.byte	0
 502 010c 06       		.uleb128 0x6
 503 010d A8020000 		.4byte	.LASF23
 504 0111 02       		.byte	0x2
 505 0112 B4       		.byte	0xb4
 506 0113 19010000 		.4byte	0x119
 507 0117 04       		.byte	0x4
 508 0118 00       		.byte	0
 509 0119 09       		.uleb128 0x9
 510 011a 04       		.byte	0x4
 511 011b 1F010000 		.4byte	0x11f
 512 011f 0A       		.uleb128 0xa
 513 0120 07       		.uleb128 0x7
ARM GAS  C:\Users\student\AppData\Local\Temp\ccymQXfH.s 			page 10


 514 0121 5E020000 		.4byte	.LASF24
 515 0125 02       		.byte	0x2
 516 0126 B5       		.byte	0xb5
 517 0127 FA000000 		.4byte	0xfa
 518 012b 0B       		.uleb128 0xb
 519 012c 63000000 		.4byte	0x63
 520 0130 3B010000 		.4byte	0x13b
 521 0134 0C       		.uleb128 0xc
 522 0135 97000000 		.4byte	0x97
 523 0139 11       		.byte	0x11
 524 013a 00       		.byte	0
 525 013b 0D       		.uleb128 0xd
 526 013c 3D010000 		.4byte	.LASF25
 527 0140 03       		.byte	0x3
 528 0141 24       		.byte	0x24
 529 0142 4C010000 		.4byte	0x14c
 530 0146 05       		.uleb128 0x5
 531 0147 03       		.byte	0x3
 532 0148 00000000 		.4byte	USBUART_DEVICE0_DESCR
 533 014c 0E       		.uleb128 0xe
 534 014d 2B010000 		.4byte	0x12b
 535 0151 0B       		.uleb128 0xb
 536 0152 63000000 		.4byte	0x63
 537 0156 61010000 		.4byte	0x161
 538 015a 0C       		.uleb128 0xc
 539 015b 97000000 		.4byte	0x97
 540 015f 42       		.byte	0x42
 541 0160 00       		.byte	0
 542 0161 0D       		.uleb128 0xd
 543 0162 83020000 		.4byte	.LASF26
 544 0166 03       		.byte	0x3
 545 0167 37       		.byte	0x37
 546 0168 72010000 		.4byte	0x172
 547 016c 05       		.uleb128 0x5
 548 016d 03       		.byte	0x3
 549 016e 00000000 		.4byte	USBUART_DEVICE0_CONFIGURATION0_DESCR
 550 0172 0E       		.uleb128 0xe
 551 0173 51010000 		.4byte	0x151
 552 0177 0B       		.uleb128 0xb
 553 0178 EF000000 		.4byte	0xef
 554 017c 87010000 		.4byte	0x187
 555 0180 0C       		.uleb128 0xc
 556 0181 97000000 		.4byte	0x97
 557 0185 02       		.byte	0x2
 558 0186 00       		.byte	0
 559 0187 0D       		.uleb128 0xd
 560 0188 73000000 		.4byte	.LASF27
 561 018c 03       		.byte	0x3
 562 018d D8       		.byte	0xd8
 563 018e 98010000 		.4byte	0x198
 564 0192 05       		.uleb128 0x5
 565 0193 03       		.byte	0x3
 566 0194 00000000 		.4byte	USBUART_DEVICE0_CONFIGURATION0_EP_SETTINGS_TABLE
 567 0198 0E       		.uleb128 0xe
 568 0199 77010000 		.4byte	0x177
 569 019d 0B       		.uleb128 0xb
 570 019e 63000000 		.4byte	0x63
ARM GAS  C:\Users\student\AppData\Local\Temp\ccymQXfH.s 			page 11


 571 01a2 AD010000 		.4byte	0x1ad
 572 01a6 0C       		.uleb128 0xc
 573 01a7 97000000 		.4byte	0x97
 574 01ab 01       		.byte	0x1
 575 01ac 00       		.byte	0
 576 01ad 0D       		.uleb128 0xd
 577 01ae 00000000 		.4byte	.LASF28
 578 01b2 03       		.byte	0x3
 579 01b3 DE       		.byte	0xde
 580 01b4 BE010000 		.4byte	0x1be
 581 01b8 05       		.uleb128 0x5
 582 01b9 03       		.byte	0x3
 583 01ba 00000000 		.4byte	USBUART_DEVICE0_CONFIGURATION0_INTERFACE_CLASS
 584 01be 0E       		.uleb128 0xe
 585 01bf 9D010000 		.4byte	0x19d
 586 01c3 0B       		.uleb128 0xb
 587 01c4 20010000 		.4byte	0x120
 588 01c8 D3010000 		.4byte	0x1d3
 589 01cc 0C       		.uleb128 0xc
 590 01cd 97000000 		.4byte	0x97
 591 01d1 04       		.byte	0x4
 592 01d2 00       		.byte	0
 593 01d3 0D       		.uleb128 0xd
 594 01d4 1E020000 		.4byte	.LASF29
 595 01d8 03       		.byte	0x3
 596 01d9 E6       		.byte	0xe6
 597 01da E4010000 		.4byte	0x1e4
 598 01de 05       		.uleb128 0x5
 599 01df 03       		.byte	0x3
 600 01e0 00000000 		.4byte	USBUART_DEVICE0_CONFIGURATION0_TABLE
 601 01e4 0E       		.uleb128 0xe
 602 01e5 C3010000 		.4byte	0x1c3
 603 01e9 0B       		.uleb128 0xb
 604 01ea 20010000 		.4byte	0x120
 605 01ee F9010000 		.4byte	0x1f9
 606 01f2 0C       		.uleb128 0xc
 607 01f3 97000000 		.4byte	0x97
 608 01f7 02       		.byte	0x2
 609 01f8 00       		.byte	0
 610 01f9 0D       		.uleb128 0xd
 611 01fa 32030000 		.4byte	.LASF30
 612 01fe 03       		.byte	0x3
 613 01ff F1       		.byte	0xf1
 614 0200 0A020000 		.4byte	0x20a
 615 0204 05       		.uleb128 0x5
 616 0205 03       		.byte	0x3
 617 0206 00000000 		.4byte	USBUART_DEVICE0_TABLE
 618 020a 0E       		.uleb128 0xe
 619 020b E9010000 		.4byte	0x1e9
 620 020f 0B       		.uleb128 0xb
 621 0210 20010000 		.4byte	0x120
 622 0214 1F020000 		.4byte	0x21f
 623 0218 0C       		.uleb128 0xc
 624 0219 97000000 		.4byte	0x97
 625 021d 00       		.byte	0
 626 021e 00       		.byte	0
 627 021f 0D       		.uleb128 0xd
ARM GAS  C:\Users\student\AppData\Local\Temp\ccymQXfH.s 			page 12


 628 0220 D6020000 		.4byte	.LASF31
 629 0224 03       		.byte	0x3
 630 0225 F9       		.byte	0xf9
 631 0226 30020000 		.4byte	0x230
 632 022a 05       		.uleb128 0x5
 633 022b 03       		.byte	0x3
 634 022c 00000000 		.4byte	USBUART_TABLE
 635 0230 0E       		.uleb128 0xe
 636 0231 0F020000 		.4byte	0x20f
 637 0235 0D       		.uleb128 0xd
 638 0236 AA010000 		.4byte	.LASF32
 639 023a 03       		.byte	0x3
 640 023b C9       		.byte	0xc9
 641 023c 46020000 		.4byte	0x246
 642 0240 05       		.uleb128 0x5
 643 0241 03       		.byte	0x3
 644 0242 00000000 		.4byte	USBUART_SN_STRING_DESCRIPTOR
 645 0246 0E       		.uleb128 0xe
 646 0247 9D010000 		.4byte	0x19d
 647 024b 0B       		.uleb128 0xb
 648 024c 63000000 		.4byte	0x63
 649 0250 5B020000 		.4byte	0x25b
 650 0254 0C       		.uleb128 0xc
 651 0255 97000000 		.4byte	0x97
 652 0259 9E       		.byte	0x9e
 653 025a 00       		.byte	0
 654 025b 0D       		.uleb128 0xd
 655 025c 58000000 		.4byte	.LASF33
 656 0260 03       		.byte	0x3
 657 0261 96       		.byte	0x96
 658 0262 6C020000 		.4byte	0x26c
 659 0266 05       		.uleb128 0x5
 660 0267 03       		.byte	0x3
 661 0268 00000000 		.4byte	USBUART_STRING_DESCRIPTORS
 662 026c 0E       		.uleb128 0xe
 663 026d 4B020000 		.4byte	0x24b
 664 0271 0B       		.uleb128 0xb
 665 0272 63000000 		.4byte	0x63
 666 0276 81020000 		.4byte	0x281
 667 027a 0C       		.uleb128 0xc
 668 027b 97000000 		.4byte	0x97
 669 027f 21       		.byte	0x21
 670 0280 00       		.byte	0
 671 0281 0F       		.uleb128 0xf
 672 0282 4E030000 		.4byte	.LASF34
 673 0286 03       		.byte	0x3
 674 0287 2701     		.2byte	0x127
 675 0289 71020000 		.4byte	0x271
 676 028d 05       		.uleb128 0x5
 677 028e 03       		.byte	0x3
 678 028f 00000000 		.4byte	USBUART_idSerialNumberStringDescriptor
 679 0293 00       		.byte	0
 680              		.section	.debug_abbrev,"",%progbits
 681              	.Ldebug_abbrev0:
 682 0000 01       		.uleb128 0x1
 683 0001 11       		.uleb128 0x11
 684 0002 01       		.byte	0x1
ARM GAS  C:\Users\student\AppData\Local\Temp\ccymQXfH.s 			page 13


 685 0003 25       		.uleb128 0x25
 686 0004 0E       		.uleb128 0xe
 687 0005 13       		.uleb128 0x13
 688 0006 0B       		.uleb128 0xb
 689 0007 03       		.uleb128 0x3
 690 0008 0E       		.uleb128 0xe
 691 0009 1B       		.uleb128 0x1b
 692 000a 0E       		.uleb128 0xe
 693 000b 10       		.uleb128 0x10
 694 000c 17       		.uleb128 0x17
 695 000d 00       		.byte	0
 696 000e 00       		.byte	0
 697 000f 02       		.uleb128 0x2
 698 0010 24       		.uleb128 0x24
 699 0011 00       		.byte	0
 700 0012 0B       		.uleb128 0xb
 701 0013 0B       		.uleb128 0xb
 702 0014 3E       		.uleb128 0x3e
 703 0015 0B       		.uleb128 0xb
 704 0016 03       		.uleb128 0x3
 705 0017 0E       		.uleb128 0xe
 706 0018 00       		.byte	0
 707 0019 00       		.byte	0
 708 001a 03       		.uleb128 0x3
 709 001b 24       		.uleb128 0x24
 710 001c 00       		.byte	0
 711 001d 0B       		.uleb128 0xb
 712 001e 0B       		.uleb128 0xb
 713 001f 3E       		.uleb128 0x3e
 714 0020 0B       		.uleb128 0xb
 715 0021 03       		.uleb128 0x3
 716 0022 08       		.uleb128 0x8
 717 0023 00       		.byte	0
 718 0024 00       		.byte	0
 719 0025 04       		.uleb128 0x4
 720 0026 16       		.uleb128 0x16
 721 0027 00       		.byte	0
 722 0028 03       		.uleb128 0x3
 723 0029 0E       		.uleb128 0xe
 724 002a 3A       		.uleb128 0x3a
 725 002b 0B       		.uleb128 0xb
 726 002c 3B       		.uleb128 0x3b
 727 002d 05       		.uleb128 0x5
 728 002e 49       		.uleb128 0x49
 729 002f 13       		.uleb128 0x13
 730 0030 00       		.byte	0
 731 0031 00       		.byte	0
 732 0032 05       		.uleb128 0x5
 733 0033 13       		.uleb128 0x13
 734 0034 01       		.byte	0x1
 735 0035 0B       		.uleb128 0xb
 736 0036 0B       		.uleb128 0xb
 737 0037 3A       		.uleb128 0x3a
 738 0038 0B       		.uleb128 0xb
 739 0039 3B       		.uleb128 0x3b
 740 003a 0B       		.uleb128 0xb
 741 003b 01       		.uleb128 0x1
ARM GAS  C:\Users\student\AppData\Local\Temp\ccymQXfH.s 			page 14


 742 003c 13       		.uleb128 0x13
 743 003d 00       		.byte	0
 744 003e 00       		.byte	0
 745 003f 06       		.uleb128 0x6
 746 0040 0D       		.uleb128 0xd
 747 0041 00       		.byte	0
 748 0042 03       		.uleb128 0x3
 749 0043 0E       		.uleb128 0xe
 750 0044 3A       		.uleb128 0x3a
 751 0045 0B       		.uleb128 0xb
 752 0046 3B       		.uleb128 0x3b
 753 0047 0B       		.uleb128 0xb
 754 0048 49       		.uleb128 0x49
 755 0049 13       		.uleb128 0x13
 756 004a 38       		.uleb128 0x38
 757 004b 0B       		.uleb128 0xb
 758 004c 00       		.byte	0
 759 004d 00       		.byte	0
 760 004e 07       		.uleb128 0x7
 761 004f 16       		.uleb128 0x16
 762 0050 00       		.byte	0
 763 0051 03       		.uleb128 0x3
 764 0052 0E       		.uleb128 0xe
 765 0053 3A       		.uleb128 0x3a
 766 0054 0B       		.uleb128 0xb
 767 0055 3B       		.uleb128 0x3b
 768 0056 0B       		.uleb128 0xb
 769 0057 49       		.uleb128 0x49
 770 0058 13       		.uleb128 0x13
 771 0059 00       		.byte	0
 772 005a 00       		.byte	0
 773 005b 08       		.uleb128 0x8
 774 005c 0D       		.uleb128 0xd
 775 005d 00       		.byte	0
 776 005e 03       		.uleb128 0x3
 777 005f 08       		.uleb128 0x8
 778 0060 3A       		.uleb128 0x3a
 779 0061 0B       		.uleb128 0xb
 780 0062 3B       		.uleb128 0x3b
 781 0063 0B       		.uleb128 0xb
 782 0064 49       		.uleb128 0x49
 783 0065 13       		.uleb128 0x13
 784 0066 38       		.uleb128 0x38
 785 0067 0B       		.uleb128 0xb
 786 0068 00       		.byte	0
 787 0069 00       		.byte	0
 788 006a 09       		.uleb128 0x9
 789 006b 0F       		.uleb128 0xf
 790 006c 00       		.byte	0
 791 006d 0B       		.uleb128 0xb
 792 006e 0B       		.uleb128 0xb
 793 006f 49       		.uleb128 0x49
 794 0070 13       		.uleb128 0x13
 795 0071 00       		.byte	0
 796 0072 00       		.byte	0
 797 0073 0A       		.uleb128 0xa
 798 0074 26       		.uleb128 0x26
ARM GAS  C:\Users\student\AppData\Local\Temp\ccymQXfH.s 			page 15


 799 0075 00       		.byte	0
 800 0076 00       		.byte	0
 801 0077 00       		.byte	0
 802 0078 0B       		.uleb128 0xb
 803 0079 01       		.uleb128 0x1
 804 007a 01       		.byte	0x1
 805 007b 49       		.uleb128 0x49
 806 007c 13       		.uleb128 0x13
 807 007d 01       		.uleb128 0x1
 808 007e 13       		.uleb128 0x13
 809 007f 00       		.byte	0
 810 0080 00       		.byte	0
 811 0081 0C       		.uleb128 0xc
 812 0082 21       		.uleb128 0x21
 813 0083 00       		.byte	0
 814 0084 49       		.uleb128 0x49
 815 0085 13       		.uleb128 0x13
 816 0086 2F       		.uleb128 0x2f
 817 0087 0B       		.uleb128 0xb
 818 0088 00       		.byte	0
 819 0089 00       		.byte	0
 820 008a 0D       		.uleb128 0xd
 821 008b 34       		.uleb128 0x34
 822 008c 00       		.byte	0
 823 008d 03       		.uleb128 0x3
 824 008e 0E       		.uleb128 0xe
 825 008f 3A       		.uleb128 0x3a
 826 0090 0B       		.uleb128 0xb
 827 0091 3B       		.uleb128 0x3b
 828 0092 0B       		.uleb128 0xb
 829 0093 49       		.uleb128 0x49
 830 0094 13       		.uleb128 0x13
 831 0095 3F       		.uleb128 0x3f
 832 0096 19       		.uleb128 0x19
 833 0097 02       		.uleb128 0x2
 834 0098 18       		.uleb128 0x18
 835 0099 00       		.byte	0
 836 009a 00       		.byte	0
 837 009b 0E       		.uleb128 0xe
 838 009c 26       		.uleb128 0x26
 839 009d 00       		.byte	0
 840 009e 49       		.uleb128 0x49
 841 009f 13       		.uleb128 0x13
 842 00a0 00       		.byte	0
 843 00a1 00       		.byte	0
 844 00a2 0F       		.uleb128 0xf
 845 00a3 34       		.uleb128 0x34
 846 00a4 00       		.byte	0
 847 00a5 03       		.uleb128 0x3
 848 00a6 0E       		.uleb128 0xe
 849 00a7 3A       		.uleb128 0x3a
 850 00a8 0B       		.uleb128 0xb
 851 00a9 3B       		.uleb128 0x3b
 852 00aa 05       		.uleb128 0x5
 853 00ab 49       		.uleb128 0x49
 854 00ac 13       		.uleb128 0x13
 855 00ad 3F       		.uleb128 0x3f
ARM GAS  C:\Users\student\AppData\Local\Temp\ccymQXfH.s 			page 16


 856 00ae 19       		.uleb128 0x19
 857 00af 02       		.uleb128 0x2
 858 00b0 18       		.uleb128 0x18
 859 00b1 00       		.byte	0
 860 00b2 00       		.byte	0
 861 00b3 00       		.byte	0
 862              		.section	.debug_aranges,"",%progbits
 863 0000 14000000 		.4byte	0x14
 864 0004 0200     		.2byte	0x2
 865 0006 00000000 		.4byte	.Ldebug_info0
 866 000a 04       		.byte	0x4
 867 000b 00       		.byte	0
 868 000c 0000     		.2byte	0
 869 000e 0000     		.2byte	0
 870 0010 00000000 		.4byte	0
 871 0014 00000000 		.4byte	0
 872              		.section	.debug_line,"",%progbits
 873              	.Ldebug_line0:
 874 0000 5F000000 		.section	.debug_str,"MS",%progbits,1
 874      02005900 
 874      00000201 
 874      FB0E0D00 
 874      01010101 
 875              	.LASF28:
 876 0000 55534255 		.ascii	"USBUART_DEVICE0_CONFIGURATION0_INTERFACE_CLASS\000"
 876      4152545F 
 876      44455649 
 876      4345305F 
 876      434F4E46 
 877              	.LASF36:
 878 002f 2E5C4765 		.ascii	".\\Generated_Source\\PSoC5\\USBUART_descr.c\000"
 878      6E657261 
 878      7465645F 
 878      536F7572 
 878      63655C50 
 879              	.LASF33:
 880 0058 55534255 		.ascii	"USBUART_STRING_DESCRIPTORS\000"
 880      4152545F 
 880      53545249 
 880      4E475F44 
 880      45534352 
 881              	.LASF27:
 882 0073 55534255 		.ascii	"USBUART_DEVICE0_CONFIGURATION0_EP_SETTINGS_TABLE\000"
 882      4152545F 
 882      44455649 
 882      4345305F 
 882      434F4E46 
 883              	.LASF35:
 884 00a4 474E5520 		.ascii	"GNU C 4.9.3 20150303 (release) [ARM/embedded-4_9-br"
 884      4320342E 
 884      392E3320 
 884      32303135 
 884      30333033 
 885 00d7 616E6368 		.ascii	"anch revision 221220] -mcpu=cortex-m3 -mthumb -g -O"
 885      20726576 
 885      6973696F 
 885      6E203232 
ARM GAS  C:\Users\student\AppData\Local\Temp\ccymQXfH.s 			page 17


 885      31323230 
 886 010a 67202D73 		.ascii	"g -std=gnu11 -ffunction-sections -ffat-lto-objects\000"
 886      74643D67 
 886      6E753131 
 886      202D6666 
 886      756E6374 
 887              	.LASF25:
 888 013d 55534255 		.ascii	"USBUART_DEVICE0_DESCR\000"
 888      4152545F 
 888      44455649 
 888      4345305F 
 888      44455343 
 889              	.LASF37:
 890 0153 433A5C55 		.ascii	"C:\\Users\\student\\Documents\\PSoC Creator\\rbeatt"
 890      73657273 
 890      5C737475 
 890      64656E74 
 890      5C446F63 
 891 0181 69655F66 		.ascii	"ie_final_project\\ConnectFour.cydsn\000"
 891      696E616C 
 891      5F70726F 
 891      6A656374 
 891      5C436F6E 
 892              	.LASF11:
 893 01a4 666C6F61 		.ascii	"float\000"
 893      7400
 894              	.LASF32:
 895 01aa 55534255 		.ascii	"USBUART_SN_STRING_DESCRIPTOR\000"
 895      4152545F 
 895      534E5F53 
 895      5452494E 
 895      475F4445 
 896              	.LASF17:
 897 01c7 616C7453 		.ascii	"altSetting\000"
 897      65747469 
 897      6E6700
 898              	.LASF1:
 899 01d2 756E7369 		.ascii	"unsigned char\000"
 899      676E6564 
 899      20636861 
 899      7200
 900              	.LASF19:
 901 01e0 61747472 		.ascii	"attributes\000"
 901      69627574 
 901      657300
 902              	.LASF22:
 903 01eb 545F5553 		.ascii	"T_USBUART_EP_SETTINGS_BLOCK\000"
 903      42554152 
 903      545F4550 
 903      5F534554 
 903      54494E47 
 904              	.LASF5:
 905 0207 6C6F6E67 		.ascii	"long unsigned int\000"
 905      20756E73 
 905      69676E65 
 905      6420696E 
 905      7400
ARM GAS  C:\Users\student\AppData\Local\Temp\ccymQXfH.s 			page 18


 906              	.LASF18:
 907 0219 61646472 		.ascii	"addr\000"
 907      00
 908              	.LASF29:
 909 021e 55534255 		.ascii	"USBUART_DEVICE0_CONFIGURATION0_TABLE\000"
 909      4152545F 
 909      44455649 
 909      4345305F 
 909      434F4E46 
 910              	.LASF12:
 911 0243 646F7562 		.ascii	"double\000"
 911      6C6500
 912              	.LASF10:
 913 024a 75696E74 		.ascii	"uint16\000"
 913      313600
 914              	.LASF8:
 915 0251 756E7369 		.ascii	"unsigned int\000"
 915      676E6564 
 915      20696E74 
 915      00
 916              	.LASF24:
 917 025e 545F5553 		.ascii	"T_USBUART_LUT\000"
 917      42554152 
 917      545F4C55 
 917      5400
 918              	.LASF7:
 919 026c 6C6F6E67 		.ascii	"long long unsigned int\000"
 919      206C6F6E 
 919      6720756E 
 919      7369676E 
 919      65642069 
 920              	.LASF26:
 921 0283 55534255 		.ascii	"USBUART_DEVICE0_CONFIGURATION0_DESCR\000"
 921      4152545F 
 921      44455649 
 921      4345305F 
 921      434F4E46 
 922              	.LASF23:
 923 02a8 705F6C69 		.ascii	"p_list\000"
 923      737400
 924              	.LASF15:
 925 02af 73697A65 		.ascii	"sizetype\000"
 925      74797065 
 925      00
 926              	.LASF6:
 927 02b8 6C6F6E67 		.ascii	"long long int\000"
 927      206C6F6E 
 927      6720696E 
 927      7400
 928              	.LASF13:
 929 02c6 63686172 		.ascii	"char\000"
 929      00
 930              	.LASF20:
 931 02cb 62756666 		.ascii	"bufferSize\000"
 931      65725369 
 931      7A6500
 932              	.LASF31:
ARM GAS  C:\Users\student\AppData\Local\Temp\ccymQXfH.s 			page 19


 933 02d6 55534255 		.ascii	"USBUART_TABLE\000"
 933      4152545F 
 933      5441424C 
 933      4500
 934              	.LASF2:
 935 02e4 73686F72 		.ascii	"short int\000"
 935      7420696E 
 935      7400
 936              	.LASF9:
 937 02ee 75696E74 		.ascii	"uint8\000"
 937      3800
 938              	.LASF16:
 939 02f4 696E7465 		.ascii	"interface\000"
 939      72666163 
 939      6500
 940              	.LASF4:
 941 02fe 6C6F6E67 		.ascii	"long int\000"
 941      20696E74 
 941      00
 942              	.LASF14:
 943 0307 6C6F6E67 		.ascii	"long double\000"
 943      20646F75 
 943      626C6500 
 944              	.LASF0:
 945 0313 7369676E 		.ascii	"signed char\000"
 945      65642063 
 945      68617200 
 946              	.LASF3:
 947 031f 73686F72 		.ascii	"short unsigned int\000"
 947      7420756E 
 947      7369676E 
 947      65642069 
 947      6E7400
 948              	.LASF30:
 949 0332 55534255 		.ascii	"USBUART_DEVICE0_TABLE\000"
 949      4152545F 
 949      44455649 
 949      4345305F 
 949      5441424C 
 950              	.LASF21:
 951 0348 624D6973 		.ascii	"bMisc\000"
 951      6300
 952              	.LASF34:
 953 034e 55534255 		.ascii	"USBUART_idSerialNumberStringDescriptor\000"
 953      4152545F 
 953      69645365 
 953      7269616C 
 953      4E756D62 
 954              		.ident	"GCC: (GNU Tools for ARM Embedded Processors) 4.9.3 20150303 (release) [ARM/embedded-4_9-br
