ARM GAS  C:\Users\student\AppData\Local\Temp\ccC3mPaa.s 			page 1


   1              		.syntax unified
   2              		.cpu cortex-m3
   3              		.fpu softvfp
   4              		.eabi_attribute 20, 1
   5              		.eabi_attribute 21, 1
   6              		.eabi_attribute 23, 3
   7              		.eabi_attribute 24, 1
   8              		.eabi_attribute 25, 1
   9              		.eabi_attribute 26, 1
  10              		.eabi_attribute 30, 1
  11              		.eabi_attribute 34, 1
  12              		.eabi_attribute 18, 4
  13              		.thumb
  14              		.file	"USBUART_cls.c"
  15              		.text
  16              	.Ltext0:
  17              		.cfi_sections	.debug_frame
  18              		.section	.text.USBUART_DispatchClassRqst,"ax",%progbits
  19              		.align	2
  20              		.global	USBUART_DispatchClassRqst
  21              		.thumb
  22              		.thumb_func
  23              		.type	USBUART_DispatchClassRqst, %function
  24              	USBUART_DispatchClassRqst:
  25              	.LFB0:
  26              		.file 1 ".\\Generated_Source\\PSoC5\\USBUART_cls.c"
   1:.\Generated_Source\PSoC5/USBUART_cls.c **** /***************************************************************************//**
   2:.\Generated_Source\PSoC5/USBUART_cls.c **** * \file USBUART_cls.c
   3:.\Generated_Source\PSoC5/USBUART_cls.c **** * \version 3.0
   4:.\Generated_Source\PSoC5/USBUART_cls.c **** *
   5:.\Generated_Source\PSoC5/USBUART_cls.c **** * \brief
   6:.\Generated_Source\PSoC5/USBUART_cls.c **** *  This file contains the USB Class request handler.
   7:.\Generated_Source\PSoC5/USBUART_cls.c **** *
   8:.\Generated_Source\PSoC5/USBUART_cls.c **** ********************************************************************************
   9:.\Generated_Source\PSoC5/USBUART_cls.c **** * \copyright
  10:.\Generated_Source\PSoC5/USBUART_cls.c **** * Copyright 2008-2015, Cypress Semiconductor Corporation.  All rights reserved.
  11:.\Generated_Source\PSoC5/USBUART_cls.c **** * You may use this file only in accordance with the license, terms, conditions,
  12:.\Generated_Source\PSoC5/USBUART_cls.c **** * disclaimers, and limitations in the end user license agreement accompanying
  13:.\Generated_Source\PSoC5/USBUART_cls.c **** * the software package with which this file was provided.
  14:.\Generated_Source\PSoC5/USBUART_cls.c **** *******************************************************************************/
  15:.\Generated_Source\PSoC5/USBUART_cls.c **** 
  16:.\Generated_Source\PSoC5/USBUART_cls.c **** #include "USBUART_pvt.h"
  17:.\Generated_Source\PSoC5/USBUART_cls.c **** #include "cyapicallbacks.h"
  18:.\Generated_Source\PSoC5/USBUART_cls.c **** 
  19:.\Generated_Source\PSoC5/USBUART_cls.c **** #if(USBUART_EXTERN_CLS == USBUART_FALSE)
  20:.\Generated_Source\PSoC5/USBUART_cls.c **** 
  21:.\Generated_Source\PSoC5/USBUART_cls.c **** /***************************************
  22:.\Generated_Source\PSoC5/USBUART_cls.c **** * User Implemented Class Driver Declarations.
  23:.\Generated_Source\PSoC5/USBUART_cls.c **** ***************************************/
  24:.\Generated_Source\PSoC5/USBUART_cls.c **** /* `#START USER_DEFINED_CLASS_DECLARATIONS` Place your declaration here */
  25:.\Generated_Source\PSoC5/USBUART_cls.c **** 
  26:.\Generated_Source\PSoC5/USBUART_cls.c **** /* `#END` */
  27:.\Generated_Source\PSoC5/USBUART_cls.c **** 
  28:.\Generated_Source\PSoC5/USBUART_cls.c **** 
  29:.\Generated_Source\PSoC5/USBUART_cls.c **** /*******************************************************************************
  30:.\Generated_Source\PSoC5/USBUART_cls.c **** * Function Name: USBUART_DispatchClassRqst
  31:.\Generated_Source\PSoC5/USBUART_cls.c **** ****************************************************************************//**
ARM GAS  C:\Users\student\AppData\Local\Temp\ccC3mPaa.s 			page 2


  32:.\Generated_Source\PSoC5/USBUART_cls.c **** *  This routine dispatches class specific requests depend on interface class.
  33:.\Generated_Source\PSoC5/USBUART_cls.c **** *
  34:.\Generated_Source\PSoC5/USBUART_cls.c **** * \return
  35:.\Generated_Source\PSoC5/USBUART_cls.c **** *  requestHandled.
  36:.\Generated_Source\PSoC5/USBUART_cls.c **** *
  37:.\Generated_Source\PSoC5/USBUART_cls.c **** * \reentrant
  38:.\Generated_Source\PSoC5/USBUART_cls.c **** *  No.
  39:.\Generated_Source\PSoC5/USBUART_cls.c **** *
  40:.\Generated_Source\PSoC5/USBUART_cls.c **** *******************************************************************************/
  41:.\Generated_Source\PSoC5/USBUART_cls.c **** uint8 USBUART_DispatchClassRqst(void) 
  42:.\Generated_Source\PSoC5/USBUART_cls.c **** {
  27              		.loc 1 42 0
  28              		.cfi_startproc
  29              		@ args = 0, pretend = 0, frame = 0
  30              		@ frame_needed = 0, uses_anonymous_args = 0
  31 0000 08B5     		push	{r3, lr}
  32              		.cfi_def_cfa_offset 8
  33              		.cfi_offset 3, -8
  34              		.cfi_offset 14, -4
  43:.\Generated_Source\PSoC5/USBUART_cls.c ****     uint8 requestHandled;
  44:.\Generated_Source\PSoC5/USBUART_cls.c ****     uint8 interfaceNumber;
  45:.\Generated_Source\PSoC5/USBUART_cls.c **** 
  46:.\Generated_Source\PSoC5/USBUART_cls.c ****     /* Get interface to which request is intended. */
  47:.\Generated_Source\PSoC5/USBUART_cls.c ****     switch (USBUART_bmRequestTypeReg & USBUART_RQST_RCPT_MASK)
  35              		.loc 1 47 0
  36 0002 124B     		ldr	r3, .L12
  37 0004 1B78     		ldrb	r3, [r3]	@ zero_extendqisi2
  38 0006 03F00303 		and	r3, r3, #3
  39 000a 012B     		cmp	r3, #1
  40 000c 02D0     		beq	.L3
  41 000e 022B     		cmp	r3, #2
  42 0010 04D0     		beq	.L4
  43 0012 0FE0     		b	.L9
  44              	.L3:
  48:.\Generated_Source\PSoC5/USBUART_cls.c ****     {
  49:.\Generated_Source\PSoC5/USBUART_cls.c ****         case USBUART_RQST_RCPT_IFC:
  50:.\Generated_Source\PSoC5/USBUART_cls.c ****             /* Class-specific request directed to interface: wIndexLoReg 
  51:.\Generated_Source\PSoC5/USBUART_cls.c ****             * contains interface number.
  52:.\Generated_Source\PSoC5/USBUART_cls.c ****             */
  53:.\Generated_Source\PSoC5/USBUART_cls.c ****             interfaceNumber = (uint8) USBUART_wIndexLoReg;
  45              		.loc 1 53 0
  46 0014 0D4B     		ldr	r3, .L12
  47 0016 1B79     		ldrb	r3, [r3, #4]	@ zero_extendqisi2
  48 0018 DBB2     		uxtb	r3, r3
  49              	.LVL0:
  54:.\Generated_Source\PSoC5/USBUART_cls.c ****             break;
  50              		.loc 1 54 0
  51 001a 0CE0     		b	.L2
  52              	.LVL1:
  53              	.L4:
  55:.\Generated_Source\PSoC5/USBUART_cls.c ****         
  56:.\Generated_Source\PSoC5/USBUART_cls.c ****         case USBUART_RQST_RCPT_EP:
  57:.\Generated_Source\PSoC5/USBUART_cls.c ****             /* Class-specific request directed to endpoint: wIndexLoReg contains 
  58:.\Generated_Source\PSoC5/USBUART_cls.c ****             * endpoint number. Find interface related to endpoint, 
  59:.\Generated_Source\PSoC5/USBUART_cls.c ****             */
  60:.\Generated_Source\PSoC5/USBUART_cls.c ****             interfaceNumber = USBUART_EP[USBUART_wIndexLoReg & USBUART_DIR_UNUSED].interface;
  54              		.loc 1 60 0
ARM GAS  C:\Users\student\AppData\Local\Temp\ccC3mPaa.s 			page 3


  55 001c 0B4B     		ldr	r3, .L12
  56 001e 1B79     		ldrb	r3, [r3, #4]	@ zero_extendqisi2
  57 0020 03F07F03 		and	r3, r3, #127
  58 0024 03EB4303 		add	r3, r3, r3, lsl #1
  59 0028 9B00     		lsls	r3, r3, #2
  60 002a 094A     		ldr	r2, .L12+4
  61 002c 1344     		add	r3, r3, r2
  62 002e 9B78     		ldrb	r3, [r3, #2]	@ zero_extendqisi2
  63 0030 DBB2     		uxtb	r3, r3
  64              	.LVL2:
  61:.\Generated_Source\PSoC5/USBUART_cls.c ****             break;
  65              		.loc 1 61 0
  66 0032 00E0     		b	.L2
  67              	.LVL3:
  68              	.L9:
  62:.\Generated_Source\PSoC5/USBUART_cls.c ****             
  63:.\Generated_Source\PSoC5/USBUART_cls.c ****         default:
  64:.\Generated_Source\PSoC5/USBUART_cls.c ****             /* Default interface is zero. */
  65:.\Generated_Source\PSoC5/USBUART_cls.c ****             interfaceNumber = 0u;
  69              		.loc 1 65 0
  70 0034 0023     		movs	r3, #0
  71              	.L2:
  72              	.LVL4:
  66:.\Generated_Source\PSoC5/USBUART_cls.c ****             break;
  67:.\Generated_Source\PSoC5/USBUART_cls.c ****     }
  68:.\Generated_Source\PSoC5/USBUART_cls.c **** 
  69:.\Generated_Source\PSoC5/USBUART_cls.c **** #if (defined(USBUART_ENABLE_HID_CLASS) ||\
  70:.\Generated_Source\PSoC5/USBUART_cls.c ****             defined(USBUART_ENABLE_AUDIO_CLASS) ||\
  71:.\Generated_Source\PSoC5/USBUART_cls.c ****             defined(USBUART_ENABLE_CDC_CLASS) ||\
  72:.\Generated_Source\PSoC5/USBUART_cls.c ****             USBUART_ENABLE_MSC_CLASS)
  73:.\Generated_Source\PSoC5/USBUART_cls.c **** 
  74:.\Generated_Source\PSoC5/USBUART_cls.c ****     /* Handle class request depends on interface type. */
  75:.\Generated_Source\PSoC5/USBUART_cls.c ****     switch (USBUART_interfaceClass[interfaceNumber])
  73              		.loc 1 75 0
  74 0036 074A     		ldr	r2, .L12+8
  75 0038 1268     		ldr	r2, [r2]
  76 003a D35C     		ldrb	r3, [r2, r3]	@ zero_extendqisi2
  77              	.LVL5:
  78 003c 022B     		cmp	r3, #2
  79 003e 02D1     		bne	.L10
  76:.\Generated_Source\PSoC5/USBUART_cls.c ****     {
  77:.\Generated_Source\PSoC5/USBUART_cls.c ****     #if defined(USBUART_ENABLE_HID_CLASS)
  78:.\Generated_Source\PSoC5/USBUART_cls.c ****         case USBUART_CLASS_HID:
  79:.\Generated_Source\PSoC5/USBUART_cls.c ****             requestHandled = USBUART_DispatchHIDClassRqst();
  80:.\Generated_Source\PSoC5/USBUART_cls.c ****             break;
  81:.\Generated_Source\PSoC5/USBUART_cls.c ****     #endif /* (USBUART_ENABLE_HID_CLASS) */
  82:.\Generated_Source\PSoC5/USBUART_cls.c ****             
  83:.\Generated_Source\PSoC5/USBUART_cls.c ****     #if defined(USBUART_ENABLE_AUDIO_CLASS)
  84:.\Generated_Source\PSoC5/USBUART_cls.c ****         case USBUART_CLASS_AUDIO:
  85:.\Generated_Source\PSoC5/USBUART_cls.c ****             requestHandled = USBUART_DispatchAUDIOClassRqst();
  86:.\Generated_Source\PSoC5/USBUART_cls.c ****             break;
  87:.\Generated_Source\PSoC5/USBUART_cls.c ****     #endif /* (USBUART_CLASS_AUDIO) */
  88:.\Generated_Source\PSoC5/USBUART_cls.c ****             
  89:.\Generated_Source\PSoC5/USBUART_cls.c ****     #if defined(USBUART_ENABLE_CDC_CLASS)
  90:.\Generated_Source\PSoC5/USBUART_cls.c ****         case USBUART_CLASS_CDC:
  91:.\Generated_Source\PSoC5/USBUART_cls.c ****             requestHandled = USBUART_DispatchCDCClassRqst();
  80              		.loc 1 91 0
ARM GAS  C:\Users\student\AppData\Local\Temp\ccC3mPaa.s 			page 4


  81 0040 FFF7FEFF 		bl	USBUART_DispatchCDCClassRqst
  82              	.LVL6:
  92:.\Generated_Source\PSoC5/USBUART_cls.c ****             break;
  83              		.loc 1 92 0
  84 0044 08BD     		pop	{r3, pc}
  85              	.LVL7:
  86              	.L10:
  93:.\Generated_Source\PSoC5/USBUART_cls.c ****     #endif /* (USBUART_ENABLE_CDC_CLASS) */
  94:.\Generated_Source\PSoC5/USBUART_cls.c ****         
  95:.\Generated_Source\PSoC5/USBUART_cls.c ****     #if (USBUART_ENABLE_MSC_CLASS)
  96:.\Generated_Source\PSoC5/USBUART_cls.c ****         case USBUART_CLASS_MSD:
  97:.\Generated_Source\PSoC5/USBUART_cls.c ****         #if (USBUART_HANDLE_MSC_REQUESTS)
  98:.\Generated_Source\PSoC5/USBUART_cls.c ****             /* MSC requests are handled by the component. */
  99:.\Generated_Source\PSoC5/USBUART_cls.c ****             requestHandled = USBUART_DispatchMSCClassRqst();
 100:.\Generated_Source\PSoC5/USBUART_cls.c ****         #elif defined(USBUART_DISPATCH_MSC_CLASS_RQST_CALLBACK)
 101:.\Generated_Source\PSoC5/USBUART_cls.c ****             /* MSC requests are handled by user defined callbcak. */
 102:.\Generated_Source\PSoC5/USBUART_cls.c ****             requestHandled = USBUART_DispatchMSCClassRqst_Callback();
 103:.\Generated_Source\PSoC5/USBUART_cls.c ****         #else
 104:.\Generated_Source\PSoC5/USBUART_cls.c ****             /* MSC requests are not handled. */
 105:.\Generated_Source\PSoC5/USBUART_cls.c ****             requestHandled = USBUART_FALSE;
 106:.\Generated_Source\PSoC5/USBUART_cls.c ****         #endif /* (USBUART_HANDLE_MSC_REQUESTS) */
 107:.\Generated_Source\PSoC5/USBUART_cls.c ****             break;
 108:.\Generated_Source\PSoC5/USBUART_cls.c ****     #endif /* (USBUART_ENABLE_MSC_CLASS) */
 109:.\Generated_Source\PSoC5/USBUART_cls.c ****         
 110:.\Generated_Source\PSoC5/USBUART_cls.c ****         default:
 111:.\Generated_Source\PSoC5/USBUART_cls.c ****             /* Request is not handled: unknown class request type. */
 112:.\Generated_Source\PSoC5/USBUART_cls.c ****             requestHandled = USBUART_FALSE;
  87              		.loc 1 112 0
  88 0046 0020     		movs	r0, #0
  89              	.LVL8:
 113:.\Generated_Source\PSoC5/USBUART_cls.c ****             break;
 114:.\Generated_Source\PSoC5/USBUART_cls.c ****     }
 115:.\Generated_Source\PSoC5/USBUART_cls.c **** #else /*No class is defined*/
 116:.\Generated_Source\PSoC5/USBUART_cls.c ****     if (0u != interfaceNumber)
 117:.\Generated_Source\PSoC5/USBUART_cls.c ****     {
 118:.\Generated_Source\PSoC5/USBUART_cls.c ****         /* Suppress warning message */
 119:.\Generated_Source\PSoC5/USBUART_cls.c ****     }
 120:.\Generated_Source\PSoC5/USBUART_cls.c ****     requestHandled = USBUART_FALSE;
 121:.\Generated_Source\PSoC5/USBUART_cls.c **** #endif /*HID or AUDIO or MSC or CDC class enabled*/
 122:.\Generated_Source\PSoC5/USBUART_cls.c **** 
 123:.\Generated_Source\PSoC5/USBUART_cls.c ****     /* `#START USER_DEFINED_CLASS_CODE` Place your Class request here */
 124:.\Generated_Source\PSoC5/USBUART_cls.c **** 
 125:.\Generated_Source\PSoC5/USBUART_cls.c ****     /* `#END` */
 126:.\Generated_Source\PSoC5/USBUART_cls.c **** 
 127:.\Generated_Source\PSoC5/USBUART_cls.c **** #ifdef USBUART_DISPATCH_CLASS_RQST_CALLBACK
 128:.\Generated_Source\PSoC5/USBUART_cls.c ****     if (USBUART_FALSE == requestHandled)
 129:.\Generated_Source\PSoC5/USBUART_cls.c ****     {
 130:.\Generated_Source\PSoC5/USBUART_cls.c ****         requestHandled = USBUART_DispatchClassRqst_Callback(interfaceNumber);
 131:.\Generated_Source\PSoC5/USBUART_cls.c ****     }
 132:.\Generated_Source\PSoC5/USBUART_cls.c **** #endif /* (USBUART_DISPATCH_CLASS_RQST_CALLBACK) */
 133:.\Generated_Source\PSoC5/USBUART_cls.c **** 
 134:.\Generated_Source\PSoC5/USBUART_cls.c ****     return (requestHandled);
 135:.\Generated_Source\PSoC5/USBUART_cls.c **** }
  90              		.loc 1 135 0
  91 0048 08BD     		pop	{r3, pc}
  92              	.L13:
  93 004a 00BF     		.align	2
ARM GAS  C:\Users\student\AppData\Local\Temp\ccC3mPaa.s 			page 5


  94              	.L12:
  95 004c 00600040 		.word	1073766400
  96 0050 08000000 		.word	USBUART_EP+8
  97 0054 00000000 		.word	USBUART_interfaceClass
  98              		.cfi_endproc
  99              	.LFE0:
 100              		.size	USBUART_DispatchClassRqst, .-USBUART_DispatchClassRqst
 101              		.text
 102              	.Letext0:
 103              		.file 2 ".\\Generated_Source\\PSoC5\\cytypes.h"
 104              		.file 3 ".\\Generated_Source\\PSoC5\\USBUART.h"
 105              		.file 4 ".\\Generated_Source\\PSoC5\\USBUART_pvt.h"
 106              		.section	.debug_info,"",%progbits
 107              	.Ldebug_info0:
 108 0000 D5010000 		.4byte	0x1d5
 109 0004 0400     		.2byte	0x4
 110 0006 00000000 		.4byte	.Ldebug_abbrev0
 111 000a 04       		.byte	0x4
 112 000b 01       		.uleb128 0x1
 113 000c 2C000000 		.4byte	.LASF32
 114 0010 01       		.byte	0x1
 115 0011 14010000 		.4byte	.LASF33
 116 0015 00000000 		.4byte	.LASF34
 117 0019 00000000 		.4byte	.Ldebug_ranges0+0
 118 001d 00000000 		.4byte	0
 119 0021 00000000 		.4byte	.Ldebug_line0
 120 0025 02       		.uleb128 0x2
 121 0026 01       		.byte	0x1
 122 0027 06       		.byte	0x6
 123 0028 97020000 		.4byte	.LASF0
 124 002c 02       		.uleb128 0x2
 125 002d 01       		.byte	0x1
 126 002e 08       		.byte	0x8
 127 002f 6D010000 		.4byte	.LASF1
 128 0033 02       		.uleb128 0x2
 129 0034 02       		.byte	0x2
 130 0035 05       		.byte	0x5
 131 0036 51020000 		.4byte	.LASF2
 132 003a 02       		.uleb128 0x2
 133 003b 02       		.byte	0x2
 134 003c 07       		.byte	0x7
 135 003d C5000000 		.4byte	.LASF3
 136 0041 02       		.uleb128 0x2
 137 0042 04       		.byte	0x4
 138 0043 05       		.byte	0x5
 139 0044 6B020000 		.4byte	.LASF4
 140 0048 02       		.uleb128 0x2
 141 0049 04       		.byte	0x4
 142 004a 07       		.byte	0x7
 143 004b 46010000 		.4byte	.LASF5
 144 004f 02       		.uleb128 0x2
 145 0050 08       		.byte	0x8
 146 0051 05       		.byte	0x5
 147 0052 33020000 		.4byte	.LASF6
 148 0056 02       		.uleb128 0x2
 149 0057 08       		.byte	0x8
 150 0058 07       		.byte	0x7
ARM GAS  C:\Users\student\AppData\Local\Temp\ccC3mPaa.s 			page 6


 151 0059 D0010000 		.4byte	.LASF7
 152 005d 03       		.uleb128 0x3
 153 005e 04       		.byte	0x4
 154 005f 05       		.byte	0x5
 155 0060 696E7400 		.ascii	"int\000"
 156 0064 02       		.uleb128 0x2
 157 0065 04       		.byte	0x4
 158 0066 07       		.byte	0x7
 159 0067 C3010000 		.4byte	.LASF8
 160 006b 04       		.uleb128 0x4
 161 006c 5B020000 		.4byte	.LASF9
 162 0070 02       		.byte	0x2
 163 0071 9201     		.2byte	0x192
 164 0073 2C000000 		.4byte	0x2c
 165 0077 04       		.uleb128 0x4
 166 0078 94010000 		.4byte	.LASF10
 167 007c 02       		.byte	0x2
 168 007d 9301     		.2byte	0x193
 169 007f 3A000000 		.4byte	0x3a
 170 0083 02       		.uleb128 0x2
 171 0084 04       		.byte	0x4
 172 0085 04       		.byte	0x4
 173 0086 05010000 		.4byte	.LASF11
 174 008a 02       		.uleb128 0x2
 175 008b 08       		.byte	0x8
 176 008c 04       		.byte	0x4
 177 008d 7B010000 		.4byte	.LASF12
 178 0091 02       		.uleb128 0x2
 179 0092 01       		.byte	0x1
 180 0093 08       		.byte	0x8
 181 0094 41020000 		.4byte	.LASF13
 182 0098 02       		.uleb128 0x2
 183 0099 08       		.byte	0x8
 184 009a 04       		.byte	0x4
 185 009b 8B020000 		.4byte	.LASF14
 186 009f 02       		.uleb128 0x2
 187 00a0 04       		.byte	0x4
 188 00a1 07       		.byte	0x7
 189 00a2 23020000 		.4byte	.LASF15
 190 00a6 05       		.uleb128 0x5
 191 00a7 0C       		.byte	0xc
 192 00a8 03       		.byte	0x3
 193 00a9 8D       		.byte	0x8d
 194 00aa 1B010000 		.4byte	0x11b
 195 00ae 06       		.uleb128 0x6
 196 00af 82010000 		.4byte	.LASF16
 197 00b3 03       		.byte	0x3
 198 00b4 8F       		.byte	0x8f
 199 00b5 6B000000 		.4byte	0x6b
 200 00b9 00       		.byte	0
 201 00ba 06       		.uleb128 0x6
 202 00bb 9B010000 		.4byte	.LASF17
 203 00bf 03       		.byte	0x3
 204 00c0 90       		.byte	0x90
 205 00c1 6B000000 		.4byte	0x6b
 206 00c5 01       		.byte	0x1
 207 00c6 06       		.uleb128 0x6
ARM GAS  C:\Users\student\AppData\Local\Temp\ccC3mPaa.s 			page 7


 208 00c7 E7010000 		.4byte	.LASF18
 209 00cb 03       		.byte	0x3
 210 00cc 91       		.byte	0x91
 211 00cd 6B000000 		.4byte	0x6b
 212 00d1 02       		.byte	0x2
 213 00d2 06       		.uleb128 0x6
 214 00d3 0B010000 		.4byte	.LASF19
 215 00d7 03       		.byte	0x3
 216 00d8 92       		.byte	0x92
 217 00d9 6B000000 		.4byte	0x6b
 218 00dd 03       		.byte	0x3
 219 00de 06       		.uleb128 0x6
 220 00df 58010000 		.4byte	.LASF20
 221 00e3 03       		.byte	0x3
 222 00e4 93       		.byte	0x93
 223 00e5 6B000000 		.4byte	0x6b
 224 00e9 04       		.byte	0x4
 225 00ea 06       		.uleb128 0x6
 226 00eb 2C020000 		.4byte	.LASF21
 227 00ef 03       		.byte	0x3
 228 00f0 94       		.byte	0x94
 229 00f1 6B000000 		.4byte	0x6b
 230 00f5 05       		.byte	0x5
 231 00f6 06       		.uleb128 0x6
 232 00f7 89010000 		.4byte	.LASF22
 233 00fb 03       		.byte	0x3
 234 00fc 95       		.byte	0x95
 235 00fd 77000000 		.4byte	0x77
 236 0101 06       		.byte	0x6
 237 0102 06       		.uleb128 0x6
 238 0103 46020000 		.4byte	.LASF23
 239 0107 03       		.byte	0x3
 240 0108 96       		.byte	0x96
 241 0109 77000000 		.4byte	0x77
 242 010d 08       		.byte	0x8
 243 010e 06       		.uleb128 0x6
 244 010f 61020000 		.4byte	.LASF24
 245 0113 03       		.byte	0x3
 246 0114 97       		.byte	0x97
 247 0115 6B000000 		.4byte	0x6b
 248 0119 0A       		.byte	0xa
 249 011a 00       		.byte	0
 250 011b 07       		.uleb128 0x7
 251 011c 74020000 		.4byte	.LASF25
 252 0120 03       		.byte	0x3
 253 0121 98       		.byte	0x98
 254 0122 A6000000 		.4byte	0xa6
 255 0126 05       		.uleb128 0x5
 256 0127 08       		.byte	0x8
 257 0128 03       		.byte	0x3
 258 0129 C5       		.byte	0xc5
 259 012a 3B010000 		.4byte	0x13b
 260 012e 06       		.uleb128 0x6
 261 012f EF000000 		.4byte	.LASF26
 262 0133 03       		.byte	0x3
 263 0134 C7       		.byte	0xc7
 264 0135 3B010000 		.4byte	0x13b
ARM GAS  C:\Users\student\AppData\Local\Temp\ccC3mPaa.s 			page 8


 265 0139 00       		.byte	0
 266 013a 00       		.byte	0
 267 013b 08       		.uleb128 0x8
 268 013c 6B000000 		.4byte	0x6b
 269 0140 4B010000 		.4byte	0x14b
 270 0144 09       		.uleb128 0x9
 271 0145 9F000000 		.4byte	0x9f
 272 0149 07       		.byte	0x7
 273 014a 00       		.byte	0
 274 014b 07       		.uleb128 0x7
 275 014c 0B020000 		.4byte	.LASF27
 276 0150 03       		.byte	0x3
 277 0151 C8       		.byte	0xc8
 278 0152 26010000 		.4byte	0x126
 279 0156 0A       		.uleb128 0xa
 280 0157 F1010000 		.4byte	.LASF35
 281 015b 01       		.byte	0x1
 282 015c 29       		.byte	0x29
 283 015d 6B000000 		.4byte	0x6b
 284 0161 00000000 		.4byte	.LFB0
 285 0165 58000000 		.4byte	.LFE0-.LFB0
 286 0169 01       		.uleb128 0x1
 287 016a 9C       		.byte	0x9c
 288 016b 97010000 		.4byte	0x197
 289 016f 0B       		.uleb128 0xb
 290 0170 F6000000 		.4byte	.LASF28
 291 0174 01       		.byte	0x1
 292 0175 2B       		.byte	0x2b
 293 0176 6B000000 		.4byte	0x6b
 294 017a 00000000 		.4byte	.LLST0
 295 017e 0B       		.uleb128 0xb
 296 017f 5D010000 		.4byte	.LASF29
 297 0183 01       		.byte	0x1
 298 0184 2C       		.byte	0x2c
 299 0185 6B000000 		.4byte	0x6b
 300 0189 1E000000 		.4byte	.LLST1
 301 018d 0C       		.uleb128 0xc
 302 018e 44000000 		.4byte	.LVL6
 303 0192 CD010000 		.4byte	0x1cd
 304 0196 00       		.byte	0
 305 0197 0D       		.uleb128 0xd
 306 0198 D8000000 		.4byte	.LASF30
 307 019c 04       		.byte	0x4
 308 019d 77       		.byte	0x77
 309 019e A2010000 		.4byte	0x1a2
 310 01a2 0E       		.uleb128 0xe
 311 01a3 04       		.byte	0x4
 312 01a4 A8010000 		.4byte	0x1a8
 313 01a8 0F       		.uleb128 0xf
 314 01a9 6B000000 		.4byte	0x6b
 315 01ad 08       		.uleb128 0x8
 316 01ae 1B010000 		.4byte	0x11b
 317 01b2 BD010000 		.4byte	0x1bd
 318 01b6 09       		.uleb128 0x9
 319 01b7 9F000000 		.4byte	0x9f
 320 01bb 08       		.byte	0x8
 321 01bc 00       		.byte	0
ARM GAS  C:\Users\student\AppData\Local\Temp\ccC3mPaa.s 			page 9


 322 01bd 0D       		.uleb128 0xd
 323 01be 3B010000 		.4byte	.LASF31
 324 01c2 04       		.byte	0x4
 325 01c3 79       		.byte	0x79
 326 01c4 C8010000 		.4byte	0x1c8
 327 01c8 10       		.uleb128 0x10
 328 01c9 AD010000 		.4byte	0x1ad
 329 01cd 11       		.uleb128 0x11
 330 01ce A6010000 		.4byte	.LASF36
 331 01d2 04       		.byte	0x4
 332 01d3 DE       		.byte	0xde
 333 01d4 6B000000 		.4byte	0x6b
 334 01d8 00       		.byte	0
 335              		.section	.debug_abbrev,"",%progbits
 336              	.Ldebug_abbrev0:
 337 0000 01       		.uleb128 0x1
 338 0001 11       		.uleb128 0x11
 339 0002 01       		.byte	0x1
 340 0003 25       		.uleb128 0x25
 341 0004 0E       		.uleb128 0xe
 342 0005 13       		.uleb128 0x13
 343 0006 0B       		.uleb128 0xb
 344 0007 03       		.uleb128 0x3
 345 0008 0E       		.uleb128 0xe
 346 0009 1B       		.uleb128 0x1b
 347 000a 0E       		.uleb128 0xe
 348 000b 55       		.uleb128 0x55
 349 000c 17       		.uleb128 0x17
 350 000d 11       		.uleb128 0x11
 351 000e 01       		.uleb128 0x1
 352 000f 10       		.uleb128 0x10
 353 0010 17       		.uleb128 0x17
 354 0011 00       		.byte	0
 355 0012 00       		.byte	0
 356 0013 02       		.uleb128 0x2
 357 0014 24       		.uleb128 0x24
 358 0015 00       		.byte	0
 359 0016 0B       		.uleb128 0xb
 360 0017 0B       		.uleb128 0xb
 361 0018 3E       		.uleb128 0x3e
 362 0019 0B       		.uleb128 0xb
 363 001a 03       		.uleb128 0x3
 364 001b 0E       		.uleb128 0xe
 365 001c 00       		.byte	0
 366 001d 00       		.byte	0
 367 001e 03       		.uleb128 0x3
 368 001f 24       		.uleb128 0x24
 369 0020 00       		.byte	0
 370 0021 0B       		.uleb128 0xb
 371 0022 0B       		.uleb128 0xb
 372 0023 3E       		.uleb128 0x3e
 373 0024 0B       		.uleb128 0xb
 374 0025 03       		.uleb128 0x3
 375 0026 08       		.uleb128 0x8
 376 0027 00       		.byte	0
 377 0028 00       		.byte	0
 378 0029 04       		.uleb128 0x4
ARM GAS  C:\Users\student\AppData\Local\Temp\ccC3mPaa.s 			page 10


 379 002a 16       		.uleb128 0x16
 380 002b 00       		.byte	0
 381 002c 03       		.uleb128 0x3
 382 002d 0E       		.uleb128 0xe
 383 002e 3A       		.uleb128 0x3a
 384 002f 0B       		.uleb128 0xb
 385 0030 3B       		.uleb128 0x3b
 386 0031 05       		.uleb128 0x5
 387 0032 49       		.uleb128 0x49
 388 0033 13       		.uleb128 0x13
 389 0034 00       		.byte	0
 390 0035 00       		.byte	0
 391 0036 05       		.uleb128 0x5
 392 0037 13       		.uleb128 0x13
 393 0038 01       		.byte	0x1
 394 0039 0B       		.uleb128 0xb
 395 003a 0B       		.uleb128 0xb
 396 003b 3A       		.uleb128 0x3a
 397 003c 0B       		.uleb128 0xb
 398 003d 3B       		.uleb128 0x3b
 399 003e 0B       		.uleb128 0xb
 400 003f 01       		.uleb128 0x1
 401 0040 13       		.uleb128 0x13
 402 0041 00       		.byte	0
 403 0042 00       		.byte	0
 404 0043 06       		.uleb128 0x6
 405 0044 0D       		.uleb128 0xd
 406 0045 00       		.byte	0
 407 0046 03       		.uleb128 0x3
 408 0047 0E       		.uleb128 0xe
 409 0048 3A       		.uleb128 0x3a
 410 0049 0B       		.uleb128 0xb
 411 004a 3B       		.uleb128 0x3b
 412 004b 0B       		.uleb128 0xb
 413 004c 49       		.uleb128 0x49
 414 004d 13       		.uleb128 0x13
 415 004e 38       		.uleb128 0x38
 416 004f 0B       		.uleb128 0xb
 417 0050 00       		.byte	0
 418 0051 00       		.byte	0
 419 0052 07       		.uleb128 0x7
 420 0053 16       		.uleb128 0x16
 421 0054 00       		.byte	0
 422 0055 03       		.uleb128 0x3
 423 0056 0E       		.uleb128 0xe
 424 0057 3A       		.uleb128 0x3a
 425 0058 0B       		.uleb128 0xb
 426 0059 3B       		.uleb128 0x3b
 427 005a 0B       		.uleb128 0xb
 428 005b 49       		.uleb128 0x49
 429 005c 13       		.uleb128 0x13
 430 005d 00       		.byte	0
 431 005e 00       		.byte	0
 432 005f 08       		.uleb128 0x8
 433 0060 01       		.uleb128 0x1
 434 0061 01       		.byte	0x1
 435 0062 49       		.uleb128 0x49
ARM GAS  C:\Users\student\AppData\Local\Temp\ccC3mPaa.s 			page 11


 436 0063 13       		.uleb128 0x13
 437 0064 01       		.uleb128 0x1
 438 0065 13       		.uleb128 0x13
 439 0066 00       		.byte	0
 440 0067 00       		.byte	0
 441 0068 09       		.uleb128 0x9
 442 0069 21       		.uleb128 0x21
 443 006a 00       		.byte	0
 444 006b 49       		.uleb128 0x49
 445 006c 13       		.uleb128 0x13
 446 006d 2F       		.uleb128 0x2f
 447 006e 0B       		.uleb128 0xb
 448 006f 00       		.byte	0
 449 0070 00       		.byte	0
 450 0071 0A       		.uleb128 0xa
 451 0072 2E       		.uleb128 0x2e
 452 0073 01       		.byte	0x1
 453 0074 3F       		.uleb128 0x3f
 454 0075 19       		.uleb128 0x19
 455 0076 03       		.uleb128 0x3
 456 0077 0E       		.uleb128 0xe
 457 0078 3A       		.uleb128 0x3a
 458 0079 0B       		.uleb128 0xb
 459 007a 3B       		.uleb128 0x3b
 460 007b 0B       		.uleb128 0xb
 461 007c 27       		.uleb128 0x27
 462 007d 19       		.uleb128 0x19
 463 007e 49       		.uleb128 0x49
 464 007f 13       		.uleb128 0x13
 465 0080 11       		.uleb128 0x11
 466 0081 01       		.uleb128 0x1
 467 0082 12       		.uleb128 0x12
 468 0083 06       		.uleb128 0x6
 469 0084 40       		.uleb128 0x40
 470 0085 18       		.uleb128 0x18
 471 0086 9742     		.uleb128 0x2117
 472 0088 19       		.uleb128 0x19
 473 0089 01       		.uleb128 0x1
 474 008a 13       		.uleb128 0x13
 475 008b 00       		.byte	0
 476 008c 00       		.byte	0
 477 008d 0B       		.uleb128 0xb
 478 008e 34       		.uleb128 0x34
 479 008f 00       		.byte	0
 480 0090 03       		.uleb128 0x3
 481 0091 0E       		.uleb128 0xe
 482 0092 3A       		.uleb128 0x3a
 483 0093 0B       		.uleb128 0xb
 484 0094 3B       		.uleb128 0x3b
 485 0095 0B       		.uleb128 0xb
 486 0096 49       		.uleb128 0x49
 487 0097 13       		.uleb128 0x13
 488 0098 02       		.uleb128 0x2
 489 0099 17       		.uleb128 0x17
 490 009a 00       		.byte	0
 491 009b 00       		.byte	0
 492 009c 0C       		.uleb128 0xc
ARM GAS  C:\Users\student\AppData\Local\Temp\ccC3mPaa.s 			page 12


 493 009d 898201   		.uleb128 0x4109
 494 00a0 00       		.byte	0
 495 00a1 11       		.uleb128 0x11
 496 00a2 01       		.uleb128 0x1
 497 00a3 31       		.uleb128 0x31
 498 00a4 13       		.uleb128 0x13
 499 00a5 00       		.byte	0
 500 00a6 00       		.byte	0
 501 00a7 0D       		.uleb128 0xd
 502 00a8 34       		.uleb128 0x34
 503 00a9 00       		.byte	0
 504 00aa 03       		.uleb128 0x3
 505 00ab 0E       		.uleb128 0xe
 506 00ac 3A       		.uleb128 0x3a
 507 00ad 0B       		.uleb128 0xb
 508 00ae 3B       		.uleb128 0x3b
 509 00af 0B       		.uleb128 0xb
 510 00b0 49       		.uleb128 0x49
 511 00b1 13       		.uleb128 0x13
 512 00b2 3F       		.uleb128 0x3f
 513 00b3 19       		.uleb128 0x19
 514 00b4 3C       		.uleb128 0x3c
 515 00b5 19       		.uleb128 0x19
 516 00b6 00       		.byte	0
 517 00b7 00       		.byte	0
 518 00b8 0E       		.uleb128 0xe
 519 00b9 0F       		.uleb128 0xf
 520 00ba 00       		.byte	0
 521 00bb 0B       		.uleb128 0xb
 522 00bc 0B       		.uleb128 0xb
 523 00bd 49       		.uleb128 0x49
 524 00be 13       		.uleb128 0x13
 525 00bf 00       		.byte	0
 526 00c0 00       		.byte	0
 527 00c1 0F       		.uleb128 0xf
 528 00c2 26       		.uleb128 0x26
 529 00c3 00       		.byte	0
 530 00c4 49       		.uleb128 0x49
 531 00c5 13       		.uleb128 0x13
 532 00c6 00       		.byte	0
 533 00c7 00       		.byte	0
 534 00c8 10       		.uleb128 0x10
 535 00c9 35       		.uleb128 0x35
 536 00ca 00       		.byte	0
 537 00cb 49       		.uleb128 0x49
 538 00cc 13       		.uleb128 0x13
 539 00cd 00       		.byte	0
 540 00ce 00       		.byte	0
 541 00cf 11       		.uleb128 0x11
 542 00d0 2E       		.uleb128 0x2e
 543 00d1 00       		.byte	0
 544 00d2 3F       		.uleb128 0x3f
 545 00d3 19       		.uleb128 0x19
 546 00d4 03       		.uleb128 0x3
 547 00d5 0E       		.uleb128 0xe
 548 00d6 3A       		.uleb128 0x3a
 549 00d7 0B       		.uleb128 0xb
ARM GAS  C:\Users\student\AppData\Local\Temp\ccC3mPaa.s 			page 13


 550 00d8 3B       		.uleb128 0x3b
 551 00d9 0B       		.uleb128 0xb
 552 00da 27       		.uleb128 0x27
 553 00db 19       		.uleb128 0x19
 554 00dc 49       		.uleb128 0x49
 555 00dd 13       		.uleb128 0x13
 556 00de 3C       		.uleb128 0x3c
 557 00df 19       		.uleb128 0x19
 558 00e0 00       		.byte	0
 559 00e1 00       		.byte	0
 560 00e2 00       		.byte	0
 561              		.section	.debug_loc,"",%progbits
 562              	.Ldebug_loc0:
 563              	.LLST0:
 564 0000 44000000 		.4byte	.LVL6
 565 0004 46000000 		.4byte	.LVL7
 566 0008 0100     		.2byte	0x1
 567 000a 50       		.byte	0x50
 568 000b 48000000 		.4byte	.LVL8
 569 000f 58000000 		.4byte	.LFE0
 570 0013 0100     		.2byte	0x1
 571 0015 50       		.byte	0x50
 572 0016 00000000 		.4byte	0
 573 001a 00000000 		.4byte	0
 574              	.LLST1:
 575 001e 1A000000 		.4byte	.LVL0
 576 0022 1C000000 		.4byte	.LVL1
 577 0026 0100     		.2byte	0x1
 578 0028 53       		.byte	0x53
 579 0029 32000000 		.4byte	.LVL2
 580 002d 34000000 		.4byte	.LVL3
 581 0031 0100     		.2byte	0x1
 582 0033 53       		.byte	0x53
 583 0034 36000000 		.4byte	.LVL4
 584 0038 3C000000 		.4byte	.LVL5
 585 003c 0100     		.2byte	0x1
 586 003e 53       		.byte	0x53
 587 003f 00000000 		.4byte	0
 588 0043 00000000 		.4byte	0
 589              		.section	.debug_aranges,"",%progbits
 590 0000 1C000000 		.4byte	0x1c
 591 0004 0200     		.2byte	0x2
 592 0006 00000000 		.4byte	.Ldebug_info0
 593 000a 04       		.byte	0x4
 594 000b 00       		.byte	0
 595 000c 0000     		.2byte	0
 596 000e 0000     		.2byte	0
 597 0010 00000000 		.4byte	.LFB0
 598 0014 58000000 		.4byte	.LFE0-.LFB0
 599 0018 00000000 		.4byte	0
 600 001c 00000000 		.4byte	0
 601              		.section	.debug_ranges,"",%progbits
 602              	.Ldebug_ranges0:
 603 0000 00000000 		.4byte	.LFB0
 604 0004 58000000 		.4byte	.LFE0
 605 0008 00000000 		.4byte	0
 606 000c 00000000 		.4byte	0
ARM GAS  C:\Users\student\AppData\Local\Temp\ccC3mPaa.s 			page 14


 607              		.section	.debug_line,"",%progbits
 608              	.Ldebug_line0:
 609 0000 90000000 		.section	.debug_str,"MS",%progbits,1
 609      02006800 
 609      00000201 
 609      FB0E0D00 
 609      01010101 
 610              	.LASF34:
 611 0000 443A5C72 		.ascii	"D:\\rbeattie_final_project\\ConnectFour.cydsn\000"
 611      62656174 
 611      7469655F 
 611      66696E61 
 611      6C5F7072 
 612              	.LASF32:
 613 002c 474E5520 		.ascii	"GNU C 4.9.3 20150303 (release) [ARM/embedded-4_9-br"
 613      4320342E 
 613      392E3320 
 613      32303135 
 613      30333033 
 614 005f 616E6368 		.ascii	"anch revision 221220] -mcpu=cortex-m3 -mthumb -g -O"
 614      20726576 
 614      6973696F 
 614      6E203232 
 614      31323230 
 615 0092 67202D73 		.ascii	"g -std=gnu11 -ffunction-sections -ffat-lto-objects\000"
 615      74643D67 
 615      6E753131 
 615      202D6666 
 615      756E6374 
 616              	.LASF3:
 617 00c5 73686F72 		.ascii	"short unsigned int\000"
 617      7420756E 
 617      7369676E 
 617      65642069 
 617      6E7400
 618              	.LASF30:
 619 00d8 55534255 		.ascii	"USBUART_interfaceClass\000"
 619      4152545F 
 619      696E7465 
 619      72666163 
 619      65436C61 
 620              	.LASF26:
 621 00ef 65704461 		.ascii	"epData\000"
 621      746100
 622              	.LASF28:
 623 00f6 72657175 		.ascii	"requestHandled\000"
 623      65737448 
 623      616E646C 
 623      656400
 624              	.LASF11:
 625 0105 666C6F61 		.ascii	"float\000"
 625      7400
 626              	.LASF19:
 627 010b 6570546F 		.ascii	"epToggle\000"
 627      67676C65 
 627      00
 628              	.LASF33:
ARM GAS  C:\Users\student\AppData\Local\Temp\ccC3mPaa.s 			page 15


 629 0114 2E5C4765 		.ascii	".\\Generated_Source\\PSoC5\\USBUART_cls.c\000"
 629      6E657261 
 629      7465645F 
 629      536F7572 
 629      63655C50 
 630              	.LASF31:
 631 013b 55534255 		.ascii	"USBUART_EP\000"
 631      4152545F 
 631      455000
 632              	.LASF5:
 633 0146 6C6F6E67 		.ascii	"long unsigned int\000"
 633      20756E73 
 633      69676E65 
 633      6420696E 
 633      7400
 634              	.LASF20:
 635 0158 61646472 		.ascii	"addr\000"
 635      00
 636              	.LASF29:
 637 015d 696E7465 		.ascii	"interfaceNumber\000"
 637      72666163 
 637      654E756D 
 637      62657200 
 638              	.LASF1:
 639 016d 756E7369 		.ascii	"unsigned char\000"
 639      676E6564 
 639      20636861 
 639      7200
 640              	.LASF12:
 641 017b 646F7562 		.ascii	"double\000"
 641      6C6500
 642              	.LASF16:
 643 0182 61747472 		.ascii	"attrib\000"
 643      696200
 644              	.LASF22:
 645 0189 62756666 		.ascii	"buffOffset\000"
 645      4F666673 
 645      657400
 646              	.LASF10:
 647 0194 75696E74 		.ascii	"uint16\000"
 647      313600
 648              	.LASF17:
 649 019b 61706945 		.ascii	"apiEpState\000"
 649      70537461 
 649      746500
 650              	.LASF36:
 651 01a6 55534255 		.ascii	"USBUART_DispatchCDCClassRqst\000"
 651      4152545F 
 651      44697370 
 651      61746368 
 651      43444343 
 652              	.LASF8:
 653 01c3 756E7369 		.ascii	"unsigned int\000"
 653      676E6564 
 653      20696E74 
 653      00
 654              	.LASF7:
ARM GAS  C:\Users\student\AppData\Local\Temp\ccC3mPaa.s 			page 16


 655 01d0 6C6F6E67 		.ascii	"long long unsigned int\000"
 655      206C6F6E 
 655      6720756E 
 655      7369676E 
 655      65642069 
 656              	.LASF18:
 657 01e7 68774570 		.ascii	"hwEpState\000"
 657      53746174 
 657      6500
 658              	.LASF35:
 659 01f1 55534255 		.ascii	"USBUART_DispatchClassRqst\000"
 659      4152545F 
 659      44697370 
 659      61746368 
 659      436C6173 
 660              	.LASF27:
 661 020b 55534255 		.ascii	"USBUART_ep0_data_struct\000"
 661      4152545F 
 661      6570305F 
 661      64617461 
 661      5F737472 
 662              	.LASF15:
 663 0223 73697A65 		.ascii	"sizetype\000"
 663      74797065 
 663      00
 664              	.LASF21:
 665 022c 65704D6F 		.ascii	"epMode\000"
 665      646500
 666              	.LASF6:
 667 0233 6C6F6E67 		.ascii	"long long int\000"
 667      206C6F6E 
 667      6720696E 
 667      7400
 668              	.LASF13:
 669 0241 63686172 		.ascii	"char\000"
 669      00
 670              	.LASF23:
 671 0246 62756666 		.ascii	"bufferSize\000"
 671      65725369 
 671      7A6500
 672              	.LASF2:
 673 0251 73686F72 		.ascii	"short int\000"
 673      7420696E 
 673      7400
 674              	.LASF9:
 675 025b 75696E74 		.ascii	"uint8\000"
 675      3800
 676              	.LASF24:
 677 0261 696E7465 		.ascii	"interface\000"
 677      72666163 
 677      6500
 678              	.LASF4:
 679 026b 6C6F6E67 		.ascii	"long int\000"
 679      20696E74 
 679      00
 680              	.LASF25:
 681 0274 545F5553 		.ascii	"T_USBUART_EP_CTL_BLOCK\000"
ARM GAS  C:\Users\student\AppData\Local\Temp\ccC3mPaa.s 			page 17


 681      42554152 
 681      545F4550 
 681      5F43544C 
 681      5F424C4F 
 682              	.LASF14:
 683 028b 6C6F6E67 		.ascii	"long double\000"
 683      20646F75 
 683      626C6500 
 684              	.LASF0:
 685 0297 7369676E 		.ascii	"signed char\000"
 685      65642063 
 685      68617200 
 686              		.ident	"GCC: (GNU Tools for ARM Embedded Processors) 4.9.3 20150303 (release) [ARM/embedded-4_9-br
