ARM GAS  C:\Users\student\AppData\Local\Temp\ccjGqsoJ.s 			page 1


   1              		.syntax unified
   2              		.cpu cortex-m3
   3              		.fpu softvfp
   4              		.eabi_attribute 20, 1
   5              		.eabi_attribute 21, 1
   6              		.eabi_attribute 23, 3
   7              		.eabi_attribute 24, 1
   8              		.eabi_attribute 25, 1
   9              		.eabi_attribute 26, 1
  10              		.eabi_attribute 30, 1
  11              		.eabi_attribute 34, 1
  12              		.eabi_attribute 18, 4
  13              		.thumb
  14              		.file	"USBUART_msc.c"
  15              		.text
  16              	.Ltext0:
  17              		.cfi_sections	.debug_frame
  18              		.section	.text.USBUART_DispatchMSCClassRqst,"ax",%progbits
  19              		.align	2
  20              		.global	USBUART_DispatchMSCClassRqst
  21              		.thumb
  22              		.thumb_func
  23              		.type	USBUART_DispatchMSCClassRqst, %function
  24              	USBUART_DispatchMSCClassRqst:
  25              	.LFB0:
  26              		.file 1 ".\\Generated_Source\\PSoC5\\USBUART_msc.c"
   1:.\Generated_Source\PSoC5/USBUART_msc.c **** /***************************************************************************//**
   2:.\Generated_Source\PSoC5/USBUART_msc.c **** * \file USBUART_cdc.c
   3:.\Generated_Source\PSoC5/USBUART_msc.c **** * \version 3.0
   4:.\Generated_Source\PSoC5/USBUART_msc.c **** *
   5:.\Generated_Source\PSoC5/USBUART_msc.c **** * \brief
   6:.\Generated_Source\PSoC5/USBUART_msc.c **** *  This file contains the USB MSC Class request handler and global API for MSC 
   7:.\Generated_Source\PSoC5/USBUART_msc.c **** *  class.
   8:.\Generated_Source\PSoC5/USBUART_msc.c **** *
   9:.\Generated_Source\PSoC5/USBUART_msc.c **** * Related Document:
  10:.\Generated_Source\PSoC5/USBUART_msc.c **** *  Universal Serial Bus Class Definitions for Communication Devices Version 1.1
  11:.\Generated_Source\PSoC5/USBUART_msc.c **** *
  12:.\Generated_Source\PSoC5/USBUART_msc.c **** ********************************************************************************
  13:.\Generated_Source\PSoC5/USBUART_msc.c **** * \copyright
  14:.\Generated_Source\PSoC5/USBUART_msc.c **** * Copyright 2012-2015, Cypress Semiconductor Corporation.  All rights reserved.
  15:.\Generated_Source\PSoC5/USBUART_msc.c **** * You may use this file only in accordance with the license, terms, conditions,
  16:.\Generated_Source\PSoC5/USBUART_msc.c **** * disclaimers, and limitations in the end user license agreement accompanying
  17:.\Generated_Source\PSoC5/USBUART_msc.c **** * the software package with which this file was provided.
  18:.\Generated_Source\PSoC5/USBUART_msc.c **** *******************************************************************************/
  19:.\Generated_Source\PSoC5/USBUART_msc.c **** 
  20:.\Generated_Source\PSoC5/USBUART_msc.c **** #include "USBUART_msc.h"
  21:.\Generated_Source\PSoC5/USBUART_msc.c **** #include "USBUART_pvt.h"
  22:.\Generated_Source\PSoC5/USBUART_msc.c **** #include "cyapicallbacks.h"
  23:.\Generated_Source\PSoC5/USBUART_msc.c **** 
  24:.\Generated_Source\PSoC5/USBUART_msc.c **** #if (USBUART_HANDLE_MSC_REQUESTS)
  25:.\Generated_Source\PSoC5/USBUART_msc.c **** 
  26:.\Generated_Source\PSoC5/USBUART_msc.c **** /***************************************
  27:.\Generated_Source\PSoC5/USBUART_msc.c **** *          Internal variables
  28:.\Generated_Source\PSoC5/USBUART_msc.c **** ***************************************/
  29:.\Generated_Source\PSoC5/USBUART_msc.c **** 
  30:.\Generated_Source\PSoC5/USBUART_msc.c **** static uint8 USBUART_lunCount = USBUART_MSC_LUN_NUMBER;
  31:.\Generated_Source\PSoC5/USBUART_msc.c **** 
ARM GAS  C:\Users\student\AppData\Local\Temp\ccjGqsoJ.s 			page 2


  32:.\Generated_Source\PSoC5/USBUART_msc.c **** 
  33:.\Generated_Source\PSoC5/USBUART_msc.c **** /*******************************************************************************
  34:.\Generated_Source\PSoC5/USBUART_msc.c **** * Function Name: USBUART_DispatchMSCClassRqst
  35:.\Generated_Source\PSoC5/USBUART_msc.c **** ****************************************************************************//**
  36:.\Generated_Source\PSoC5/USBUART_msc.c **** *   
  37:.\Generated_Source\PSoC5/USBUART_msc.c **** *  \internal 
  38:.\Generated_Source\PSoC5/USBUART_msc.c **** *  This routine dispatches MSC class requests.
  39:.\Generated_Source\PSoC5/USBUART_msc.c **** *
  40:.\Generated_Source\PSoC5/USBUART_msc.c **** * \return
  41:.\Generated_Source\PSoC5/USBUART_msc.c **** *  Status of request processing: handled or not handled.
  42:.\Generated_Source\PSoC5/USBUART_msc.c **** *
  43:.\Generated_Source\PSoC5/USBUART_msc.c **** * \globalvars
  44:.\Generated_Source\PSoC5/USBUART_msc.c **** *  USBUART_lunCount - stores number of LUN (logical units).
  45:.\Generated_Source\PSoC5/USBUART_msc.c **** *
  46:.\Generated_Source\PSoC5/USBUART_msc.c **** * \reentrant
  47:.\Generated_Source\PSoC5/USBUART_msc.c **** *  No.
  48:.\Generated_Source\PSoC5/USBUART_msc.c **** *
  49:.\Generated_Source\PSoC5/USBUART_msc.c **** *******************************************************************************/
  50:.\Generated_Source\PSoC5/USBUART_msc.c **** uint8 USBUART_DispatchMSCClassRqst(void) 
  51:.\Generated_Source\PSoC5/USBUART_msc.c **** {
  27              		.loc 1 51 0
  28              		.cfi_startproc
  29              		@ args = 0, pretend = 0, frame = 0
  30              		@ frame_needed = 0, uses_anonymous_args = 0
  31 0000 08B5     		push	{r3, lr}
  32              		.cfi_def_cfa_offset 8
  33              		.cfi_offset 3, -8
  34              		.cfi_offset 14, -4
  35              	.LVL0:
  52:.\Generated_Source\PSoC5/USBUART_msc.c ****     uint8 requestHandled = USBUART_FALSE;
  53:.\Generated_Source\PSoC5/USBUART_msc.c ****     
  54:.\Generated_Source\PSoC5/USBUART_msc.c ****     /* Get request data. */
  55:.\Generated_Source\PSoC5/USBUART_msc.c ****     uint16 value  = USBUART_GET_UINT16(USBUART_wValueHiReg,  USBUART_wValueLoReg);
  36              		.loc 1 55 0
  37 0002 1A4B     		ldr	r3, .L11
  38 0004 D978     		ldrb	r1, [r3, #3]	@ zero_extendqisi2
  39 0006 9A78     		ldrb	r2, [r3, #2]	@ zero_extendqisi2
  40 0008 42EA0122 		orr	r2, r2, r1, lsl #8
  41              	.LVL1:
  56:.\Generated_Source\PSoC5/USBUART_msc.c ****     uint16 dataLength = USBUART_GET_UINT16(USBUART_wLengthHiReg, USBUART_wLengthLoReg);
  42              		.loc 1 56 0
  43 000c D879     		ldrb	r0, [r3, #7]	@ zero_extendqisi2
  44 000e 9979     		ldrb	r1, [r3, #6]	@ zero_extendqisi2
  45 0010 41EA0021 		orr	r1, r1, r0, lsl #8
  46              	.LVL2:
  57:.\Generated_Source\PSoC5/USBUART_msc.c ****        
  58:.\Generated_Source\PSoC5/USBUART_msc.c ****     /* Check request direction: D2H or H2D. */
  59:.\Generated_Source\PSoC5/USBUART_msc.c ****     if (0u != (USBUART_bmRequestTypeReg & USBUART_RQST_DIR_D2H))
  47              		.loc 1 59 0
  48 0014 1B78     		ldrb	r3, [r3]	@ zero_extendqisi2
  49 0016 13F0800F 		tst	r3, #128
  50 001a 0FD0     		beq	.L2
  60:.\Generated_Source\PSoC5/USBUART_msc.c ****     {
  61:.\Generated_Source\PSoC5/USBUART_msc.c ****         /* Handle direction from device to host. */
  62:.\Generated_Source\PSoC5/USBUART_msc.c ****         
  63:.\Generated_Source\PSoC5/USBUART_msc.c ****         if (USBUART_MSC_GET_MAX_LUN == USBUART_bRequestReg)
  51              		.loc 1 63 0
ARM GAS  C:\Users\student\AppData\Local\Temp\ccjGqsoJ.s 			page 3


  52 001c 134B     		ldr	r3, .L11
  53 001e 5B78     		ldrb	r3, [r3, #1]	@ zero_extendqisi2
  54 0020 DBB2     		uxtb	r3, r3
  55 0022 FE2B     		cmp	r3, #254
  56 0024 16D1     		bne	.L4
  64:.\Generated_Source\PSoC5/USBUART_msc.c ****         {
  65:.\Generated_Source\PSoC5/USBUART_msc.c ****             /* Check request fields. */
  66:.\Generated_Source\PSoC5/USBUART_msc.c ****             if ((value  == USBUART_MSC_GET_MAX_LUN_WVALUE) &&
  57              		.loc 1 66 0
  58 0026 BAB9     		cbnz	r2, .L5
  59              		.loc 1 66 0 is_stmt 0 discriminator 1
  60 0028 0129     		cmp	r1, #1
  61 002a 17D1     		bne	.L6
  67:.\Generated_Source\PSoC5/USBUART_msc.c ****                 (dataLength == USBUART_MSC_GET_MAX_LUN_WLENGTH))
  68:.\Generated_Source\PSoC5/USBUART_msc.c ****             {
  69:.\Generated_Source\PSoC5/USBUART_msc.c ****                 /* Reply to Get Max LUN request: setup control read. */
  70:.\Generated_Source\PSoC5/USBUART_msc.c ****                 USBUART_currentTD.pData = &USBUART_lunCount;
  62              		.loc 1 70 0 is_stmt 1
  63 002c 104B     		ldr	r3, .L11+4
  64 002e 114A     		ldr	r2, .L11+8
  65              	.LVL3:
  66 0030 5A60     		str	r2, [r3, #4]
  71:.\Generated_Source\PSoC5/USBUART_msc.c ****                 USBUART_currentTD.count =  USBUART_MSC_GET_MAX_LUN_WLENGTH;
  67              		.loc 1 71 0
  68 0032 0122     		movs	r2, #1
  69 0034 1A80     		strh	r2, [r3]	@ movhi
  72:.\Generated_Source\PSoC5/USBUART_msc.c ****                 
  73:.\Generated_Source\PSoC5/USBUART_msc.c ****                 requestHandled  = USBUART_InitControlRead();
  70              		.loc 1 73 0
  71 0036 FFF7FEFF 		bl	USBUART_InitControlRead
  72              	.LVL4:
  73 003a 08BD     		pop	{r3, pc}
  74              	.LVL5:
  75              	.L2:
  74:.\Generated_Source\PSoC5/USBUART_msc.c ****             }
  75:.\Generated_Source\PSoC5/USBUART_msc.c ****         }
  76:.\Generated_Source\PSoC5/USBUART_msc.c ****     }
  77:.\Generated_Source\PSoC5/USBUART_msc.c ****     else
  78:.\Generated_Source\PSoC5/USBUART_msc.c ****     {
  79:.\Generated_Source\PSoC5/USBUART_msc.c ****         /* Handle direction from host to device. */
  80:.\Generated_Source\PSoC5/USBUART_msc.c ****         
  81:.\Generated_Source\PSoC5/USBUART_msc.c ****         if (USBUART_MSC_RESET == USBUART_bRequestReg)
  76              		.loc 1 81 0
  77 003c 0B4B     		ldr	r3, .L11
  78 003e 5B78     		ldrb	r3, [r3, #1]	@ zero_extendqisi2
  79 0040 DBB2     		uxtb	r3, r3
  80 0042 FF2B     		cmp	r3, #255
  81 0044 0CD1     		bne	.L7
  82:.\Generated_Source\PSoC5/USBUART_msc.c ****         {
  83:.\Generated_Source\PSoC5/USBUART_msc.c ****             /* Check request fields. */
  84:.\Generated_Source\PSoC5/USBUART_msc.c ****             if ((value  == USBUART_MSC_RESET_WVALUE) &&
  82              		.loc 1 84 0
  83 0046 6AB9     		cbnz	r2, .L8
  84              		.loc 1 84 0 is_stmt 0 discriminator 1
  85 0048 71B9     		cbnz	r1, .L9
  85:.\Generated_Source\PSoC5/USBUART_msc.c ****                 (dataLength == USBUART_MSC_RESET_WLENGTH))
  86:.\Generated_Source\PSoC5/USBUART_msc.c ****             {
ARM GAS  C:\Users\student\AppData\Local\Temp\ccjGqsoJ.s 			page 4


  87:.\Generated_Source\PSoC5/USBUART_msc.c ****                 /* Handle to Bulk-Only Reset request: no data control transfer. */
  88:.\Generated_Source\PSoC5/USBUART_msc.c ****                 USBUART_currentTD.count = USBUART_MSC_RESET_WLENGTH;
  86              		.loc 1 88 0 is_stmt 1
  87 004a 094B     		ldr	r3, .L11+4
  88 004c 1A80     		strh	r2, [r3]	@ movhi
  89:.\Generated_Source\PSoC5/USBUART_msc.c ****                 
  90:.\Generated_Source\PSoC5/USBUART_msc.c ****             #ifdef USBUART_DISPATCH_MSC_CLASS_MSC_RESET_RQST_CALLBACK
  91:.\Generated_Source\PSoC5/USBUART_msc.c ****                 USBUART_DispatchMSCClass_MSC_RESET_RQST_Callback();
  92:.\Generated_Source\PSoC5/USBUART_msc.c ****             #endif /* (USBUART_DISPATCH_MSC_CLASS_MSC_RESET_RQST_CALLBACK) */
  93:.\Generated_Source\PSoC5/USBUART_msc.c ****                 
  94:.\Generated_Source\PSoC5/USBUART_msc.c ****                 requestHandled = USBUART_InitNoDataControlTransfer();
  89              		.loc 1 94 0
  90 004e FFF7FEFF 		bl	USBUART_InitNoDataControlTransfer
  91              	.LVL6:
  92 0052 08BD     		pop	{r3, pc}
  93              	.LVL7:
  94              	.L4:
  52:.\Generated_Source\PSoC5/USBUART_msc.c ****     
  95              		.loc 1 52 0
  96 0054 0020     		movs	r0, #0
  97 0056 08BD     		pop	{r3, pc}
  98              	.L5:
  99 0058 0020     		movs	r0, #0
 100 005a 08BD     		pop	{r3, pc}
 101              	.L6:
 102 005c 0020     		movs	r0, #0
 103 005e 08BD     		pop	{r3, pc}
 104              	.L7:
 105 0060 0020     		movs	r0, #0
 106 0062 08BD     		pop	{r3, pc}
 107              	.L8:
 108 0064 0020     		movs	r0, #0
 109 0066 08BD     		pop	{r3, pc}
 110              	.L9:
 111 0068 0020     		movs	r0, #0
 112              	.LVL8:
  95:.\Generated_Source\PSoC5/USBUART_msc.c ****             }
  96:.\Generated_Source\PSoC5/USBUART_msc.c ****         }
  97:.\Generated_Source\PSoC5/USBUART_msc.c ****     }
  98:.\Generated_Source\PSoC5/USBUART_msc.c ****     
  99:.\Generated_Source\PSoC5/USBUART_msc.c ****     return (requestHandled);
 100:.\Generated_Source\PSoC5/USBUART_msc.c **** }
 113              		.loc 1 100 0
 114 006a 08BD     		pop	{r3, pc}
 115              	.L12:
 116              		.align	2
 117              	.L11:
 118 006c 00600040 		.word	1073766400
 119 0070 00000000 		.word	USBUART_currentTD
 120 0074 00000000 		.word	.LANCHOR0
 121              		.cfi_endproc
 122              	.LFE0:
 123              		.size	USBUART_DispatchMSCClassRqst, .-USBUART_DispatchMSCClassRqst
 124              		.section	.text.USBUART_MSC_SetLunCount,"ax",%progbits
 125              		.align	2
 126              		.global	USBUART_MSC_SetLunCount
 127              		.thumb
ARM GAS  C:\Users\student\AppData\Local\Temp\ccjGqsoJ.s 			page 5


 128              		.thumb_func
 129              		.type	USBUART_MSC_SetLunCount, %function
 130              	USBUART_MSC_SetLunCount:
 131              	.LFB1:
 101:.\Generated_Source\PSoC5/USBUART_msc.c **** 
 102:.\Generated_Source\PSoC5/USBUART_msc.c **** 
 103:.\Generated_Source\PSoC5/USBUART_msc.c **** /*******************************************************************************
 104:.\Generated_Source\PSoC5/USBUART_msc.c **** * Function Name: USBUART_MSC_SetLunCount
 105:.\Generated_Source\PSoC5/USBUART_msc.c **** ****************************************************************************//**
 106:.\Generated_Source\PSoC5/USBUART_msc.c **** *
 107:.\Generated_Source\PSoC5/USBUART_msc.c **** *  This function sets the number of logical units supported in the application. 
 108:.\Generated_Source\PSoC5/USBUART_msc.c **** *  The default number of logical units is set in the component customizer.
 109:.\Generated_Source\PSoC5/USBUART_msc.c **** *
 110:.\Generated_Source\PSoC5/USBUART_msc.c **** *  \param lunCount: Count of the logical units. Valid range is between 1 and 16.
 111:.\Generated_Source\PSoC5/USBUART_msc.c **** *
 112:.\Generated_Source\PSoC5/USBUART_msc.c **** *
 113:.\Generated_Source\PSoC5/USBUART_msc.c **** * \globalvars
 114:.\Generated_Source\PSoC5/USBUART_msc.c **** *  USBUART_lunCount - stores number of LUN (logical units).
 115:.\Generated_Source\PSoC5/USBUART_msc.c **** *
 116:.\Generated_Source\PSoC5/USBUART_msc.c **** * \reentrant
 117:.\Generated_Source\PSoC5/USBUART_msc.c **** *  No.
 118:.\Generated_Source\PSoC5/USBUART_msc.c **** *
 119:.\Generated_Source\PSoC5/USBUART_msc.c **** *******************************************************************************/
 120:.\Generated_Source\PSoC5/USBUART_msc.c **** void USBUART_MSC_SetLunCount(uint8 lunCount) 
 121:.\Generated_Source\PSoC5/USBUART_msc.c **** {
 132              		.loc 1 121 0
 133              		.cfi_startproc
 134              		@ args = 0, pretend = 0, frame = 0
 135              		@ frame_needed = 0, uses_anonymous_args = 0
 136              		@ link register save eliminated.
 137              	.LVL9:
 122:.\Generated_Source\PSoC5/USBUART_msc.c ****     USBUART_lunCount = (lunCount - 1u);
 138              		.loc 1 122 0
 139 0000 0138     		subs	r0, r0, #1
 140              	.LVL10:
 141 0002 014B     		ldr	r3, .L14
 142 0004 1870     		strb	r0, [r3]
 143 0006 7047     		bx	lr
 144              	.L15:
 145              		.align	2
 146              	.L14:
 147 0008 00000000 		.word	.LANCHOR0
 148              		.cfi_endproc
 149              	.LFE1:
 150              		.size	USBUART_MSC_SetLunCount, .-USBUART_MSC_SetLunCount
 151              		.section	.text.USBUART_MSC_GetLunCount,"ax",%progbits
 152              		.align	2
 153              		.global	USBUART_MSC_GetLunCount
 154              		.thumb
 155              		.thumb_func
 156              		.type	USBUART_MSC_GetLunCount, %function
 157              	USBUART_MSC_GetLunCount:
 158              	.LFB2:
 123:.\Generated_Source\PSoC5/USBUART_msc.c **** }
 124:.\Generated_Source\PSoC5/USBUART_msc.c **** 
 125:.\Generated_Source\PSoC5/USBUART_msc.c **** 
 126:.\Generated_Source\PSoC5/USBUART_msc.c **** /*******************************************************************************
ARM GAS  C:\Users\student\AppData\Local\Temp\ccjGqsoJ.s 			page 6


 127:.\Generated_Source\PSoC5/USBUART_msc.c **** * Function Name: USBUART_MSC_GetLunCount
 128:.\Generated_Source\PSoC5/USBUART_msc.c **** ****************************************************************************//**
 129:.\Generated_Source\PSoC5/USBUART_msc.c **** *
 130:.\Generated_Source\PSoC5/USBUART_msc.c **** *  This function returns the number of logical units.
 131:.\Generated_Source\PSoC5/USBUART_msc.c **** *
 132:.\Generated_Source\PSoC5/USBUART_msc.c **** * \return
 133:.\Generated_Source\PSoC5/USBUART_msc.c **** *   Number of the logical units.
 134:.\Generated_Source\PSoC5/USBUART_msc.c **** *
 135:.\Generated_Source\PSoC5/USBUART_msc.c **** * \globalvars
 136:.\Generated_Source\PSoC5/USBUART_msc.c **** *  USBUART_lunCount - stores number of LUN (logical units).
 137:.\Generated_Source\PSoC5/USBUART_msc.c **** *
 138:.\Generated_Source\PSoC5/USBUART_msc.c **** * \reentrant
 139:.\Generated_Source\PSoC5/USBUART_msc.c **** *  No.
 140:.\Generated_Source\PSoC5/USBUART_msc.c **** *
 141:.\Generated_Source\PSoC5/USBUART_msc.c **** *******************************************************************************/
 142:.\Generated_Source\PSoC5/USBUART_msc.c **** uint8 USBUART_MSC_GetLunCount(void) 
 143:.\Generated_Source\PSoC5/USBUART_msc.c **** {
 159              		.loc 1 143 0
 160              		.cfi_startproc
 161              		@ args = 0, pretend = 0, frame = 0
 162              		@ frame_needed = 0, uses_anonymous_args = 0
 163              		@ link register save eliminated.
 144:.\Generated_Source\PSoC5/USBUART_msc.c ****     return (USBUART_lunCount + 1u);
 164              		.loc 1 144 0
 165 0000 024B     		ldr	r3, .L17
 166 0002 1878     		ldrb	r0, [r3]	@ zero_extendqisi2
 167 0004 0130     		adds	r0, r0, #1
 145:.\Generated_Source\PSoC5/USBUART_msc.c **** }   
 168              		.loc 1 145 0
 169 0006 C0B2     		uxtb	r0, r0
 170 0008 7047     		bx	lr
 171              	.L18:
 172 000a 00BF     		.align	2
 173              	.L17:
 174 000c 00000000 		.word	.LANCHOR0
 175              		.cfi_endproc
 176              	.LFE2:
 177              		.size	USBUART_MSC_GetLunCount, .-USBUART_MSC_GetLunCount
 178              		.bss
 179              		.set	.LANCHOR0,. + 0
 180              		.type	USBUART_lunCount, %object
 181              		.size	USBUART_lunCount, 1
 182              	USBUART_lunCount:
 183 0000 00       		.space	1
 184              		.text
 185              	.Letext0:
 186              		.file 2 ".\\Generated_Source\\PSoC5\\cytypes.h"
 187              		.file 3 ".\\Generated_Source\\PSoC5\\USBUART.h"
 188              		.file 4 ".\\Generated_Source\\PSoC5\\USBUART_pvt.h"
 189              		.section	.debug_info,"",%progbits
 190              	.Ldebug_info0:
 191 0000 12020000 		.4byte	0x212
 192 0004 0400     		.2byte	0x4
 193 0006 00000000 		.4byte	.Ldebug_abbrev0
 194 000a 04       		.byte	0x4
 195 000b 01       		.uleb128 0x1
 196 000c 6E000000 		.4byte	.LASF31
ARM GAS  C:\Users\student\AppData\Local\Temp\ccjGqsoJ.s 			page 7


 197 0010 01       		.byte	0x1
 198 0011 32020000 		.4byte	.LASF32
 199 0015 1E000000 		.4byte	.LASF33
 200 0019 00000000 		.4byte	.Ldebug_ranges0+0
 201 001d 00000000 		.4byte	0
 202 0021 00000000 		.4byte	.Ldebug_line0
 203 0025 02       		.uleb128 0x2
 204 0026 01       		.byte	0x1
 205 0027 06       		.byte	0x6
 206 0028 D3020000 		.4byte	.LASF0
 207 002c 02       		.uleb128 0x2
 208 002d 01       		.byte	0x1
 209 002e 08       		.byte	0x8
 210 002f 56010000 		.4byte	.LASF1
 211 0033 02       		.uleb128 0x2
 212 0034 02       		.byte	0x2
 213 0035 05       		.byte	0x5
 214 0036 8D020000 		.4byte	.LASF2
 215 003a 02       		.uleb128 0x2
 216 003b 02       		.byte	0x2
 217 003c 07       		.byte	0x7
 218 003d 07010000 		.4byte	.LASF3
 219 0041 02       		.uleb128 0x2
 220 0042 04       		.byte	0x4
 221 0043 05       		.byte	0x5
 222 0044 BE020000 		.4byte	.LASF4
 223 0048 02       		.uleb128 0x2
 224 0049 04       		.byte	0x4
 225 004a 07       		.byte	0x7
 226 004b 8E010000 		.4byte	.LASF5
 227 004f 02       		.uleb128 0x2
 228 0050 08       		.byte	0x8
 229 0051 05       		.byte	0x5
 230 0052 7A020000 		.4byte	.LASF6
 231 0056 02       		.uleb128 0x2
 232 0057 08       		.byte	0x8
 233 0058 07       		.byte	0x7
 234 0059 D3010000 		.4byte	.LASF7
 235 005d 03       		.uleb128 0x3
 236 005e 04       		.byte	0x4
 237 005f 05       		.byte	0x5
 238 0060 696E7400 		.ascii	"int\000"
 239 0064 02       		.uleb128 0x2
 240 0065 04       		.byte	0x4
 241 0066 07       		.byte	0x7
 242 0067 C6010000 		.4byte	.LASF8
 243 006b 04       		.uleb128 0x4
 244 006c A0010000 		.4byte	.LASF9
 245 0070 02       		.byte	0x2
 246 0071 9201     		.2byte	0x192
 247 0073 2C000000 		.4byte	0x2c
 248 0077 04       		.uleb128 0x4
 249 0078 BF010000 		.4byte	.LASF10
 250 007c 02       		.byte	0x2
 251 007d 9301     		.2byte	0x193
 252 007f 3A000000 		.4byte	0x3a
 253 0083 02       		.uleb128 0x2
ARM GAS  C:\Users\student\AppData\Local\Temp\ccjGqsoJ.s 			page 8


 254 0084 04       		.byte	0x4
 255 0085 04       		.byte	0x4
 256 0086 50010000 		.4byte	.LASF11
 257 008a 02       		.uleb128 0x2
 258 008b 08       		.byte	0x8
 259 008c 04       		.byte	0x4
 260 008d A6010000 		.4byte	.LASF12
 261 0091 02       		.uleb128 0x2
 262 0092 01       		.byte	0x1
 263 0093 08       		.byte	0x8
 264 0094 88020000 		.4byte	.LASF13
 265 0098 05       		.uleb128 0x5
 266 0099 6B000000 		.4byte	0x6b
 267 009d 02       		.uleb128 0x2
 268 009e 08       		.byte	0x8
 269 009f 04       		.byte	0x4
 270 00a0 C7020000 		.4byte	.LASF14
 271 00a4 02       		.uleb128 0x2
 272 00a5 04       		.byte	0x4
 273 00a6 07       		.byte	0x7
 274 00a7 71020000 		.4byte	.LASF15
 275 00ab 06       		.uleb128 0x6
 276 00ac 04       		.byte	0x4
 277 00ad 03       		.byte	0x3
 278 00ae A4       		.byte	0xa4
 279 00af CC000000 		.4byte	0xcc
 280 00b3 07       		.uleb128 0x7
 281 00b4 1A010000 		.4byte	.LASF16
 282 00b8 03       		.byte	0x3
 283 00b9 A6       		.byte	0xa6
 284 00ba 6B000000 		.4byte	0x6b
 285 00be 00       		.byte	0
 286 00bf 07       		.uleb128 0x7
 287 00c0 DF020000 		.4byte	.LASF17
 288 00c4 03       		.byte	0x3
 289 00c5 A7       		.byte	0xa7
 290 00c6 77000000 		.4byte	0x77
 291 00ca 02       		.byte	0x2
 292 00cb 00       		.byte	0
 293 00cc 08       		.uleb128 0x8
 294 00cd FE010000 		.4byte	.LASF18
 295 00d1 03       		.byte	0x3
 296 00d2 A8       		.byte	0xa8
 297 00d3 AB000000 		.4byte	0xab
 298 00d7 06       		.uleb128 0x6
 299 00d8 0C       		.byte	0xc
 300 00d9 03       		.byte	0x3
 301 00da AA       		.byte	0xaa
 302 00db 04010000 		.4byte	0x104
 303 00df 07       		.uleb128 0x7
 304 00e0 50000000 		.4byte	.LASF19
 305 00e4 03       		.byte	0x3
 306 00e5 AC       		.byte	0xac
 307 00e6 77000000 		.4byte	0x77
 308 00ea 00       		.byte	0
 309 00eb 07       		.uleb128 0x7
 310 00ec 43010000 		.4byte	.LASF20
ARM GAS  C:\Users\student\AppData\Local\Temp\ccjGqsoJ.s 			page 9


 311 00f0 03       		.byte	0x3
 312 00f1 AD       		.byte	0xad
 313 00f2 04010000 		.4byte	0x104
 314 00f6 04       		.byte	0x4
 315 00f7 07       		.uleb128 0x7
 316 00f8 11000000 		.4byte	.LASF21
 317 00fc 03       		.byte	0x3
 318 00fd AE       		.byte	0xae
 319 00fe 0A010000 		.4byte	0x10a
 320 0102 08       		.byte	0x8
 321 0103 00       		.byte	0
 322 0104 09       		.uleb128 0x9
 323 0105 04       		.byte	0x4
 324 0106 98000000 		.4byte	0x98
 325 010a 09       		.uleb128 0x9
 326 010b 04       		.byte	0x4
 327 010c CC000000 		.4byte	0xcc
 328 0110 08       		.uleb128 0x8
 329 0111 81010000 		.4byte	.LASF22
 330 0115 03       		.byte	0x3
 331 0116 AF       		.byte	0xaf
 332 0117 D7000000 		.4byte	0xd7
 333 011b 06       		.uleb128 0x6
 334 011c 08       		.byte	0x8
 335 011d 03       		.byte	0x3
 336 011e C5       		.byte	0xc5
 337 011f 30010000 		.4byte	0x130
 338 0123 07       		.uleb128 0x7
 339 0124 49010000 		.4byte	.LASF23
 340 0128 03       		.byte	0x3
 341 0129 C7       		.byte	0xc7
 342 012a 30010000 		.4byte	0x130
 343 012e 00       		.byte	0
 344 012f 00       		.byte	0
 345 0130 0A       		.uleb128 0xa
 346 0131 6B000000 		.4byte	0x6b
 347 0135 40010000 		.4byte	0x140
 348 0139 0B       		.uleb128 0xb
 349 013a A4000000 		.4byte	0xa4
 350 013e 07       		.byte	0x7
 351 013f 00       		.byte	0
 352 0140 08       		.uleb128 0x8
 353 0141 1A020000 		.4byte	.LASF24
 354 0145 03       		.byte	0x3
 355 0146 C8       		.byte	0xc8
 356 0147 1B010000 		.4byte	0x11b
 357 014b 0C       		.uleb128 0xc
 358 014c 64010000 		.4byte	.LASF34
 359 0150 01       		.byte	0x1
 360 0151 32       		.byte	0x32
 361 0152 6B000000 		.4byte	0x6b
 362 0156 00000000 		.4byte	.LFB0
 363 015a 78000000 		.4byte	.LFE0-.LFB0
 364 015e 01       		.uleb128 0x1
 365 015f 9C       		.byte	0x9c
 366 0160 A4010000 		.4byte	0x1a4
 367 0164 0D       		.uleb128 0xd
ARM GAS  C:\Users\student\AppData\Local\Temp\ccjGqsoJ.s 			page 10


 368 0165 AF020000 		.4byte	.LASF25
 369 0169 01       		.byte	0x1
 370 016a 34       		.byte	0x34
 371 016b 6B000000 		.4byte	0x6b
 372 016f 00000000 		.4byte	.LLST0
 373 0173 0D       		.uleb128 0xd
 374 0174 4A000000 		.4byte	.LASF26
 375 0178 01       		.byte	0x1
 376 0179 37       		.byte	0x37
 377 017a 77000000 		.4byte	0x77
 378 017e 4D000000 		.4byte	.LLST1
 379 0182 0D       		.uleb128 0xd
 380 0183 F3010000 		.4byte	.LASF27
 381 0187 01       		.byte	0x1
 382 0188 38       		.byte	0x38
 383 0189 77000000 		.4byte	0x77
 384 018d 76000000 		.4byte	.LLST2
 385 0191 0E       		.uleb128 0xe
 386 0192 3A000000 		.4byte	.LVL4
 387 0196 FF010000 		.4byte	0x1ff
 388 019a 0E       		.uleb128 0xe
 389 019b 52000000 		.4byte	.LVL6
 390 019f 0A020000 		.4byte	0x20a
 391 01a3 00       		.byte	0
 392 01a4 0F       		.uleb128 0xf
 393 01a5 56000000 		.4byte	.LASF35
 394 01a9 01       		.byte	0x1
 395 01aa 78       		.byte	0x78
 396 01ab 00000000 		.4byte	.LFB1
 397 01af 0C000000 		.4byte	.LFE1-.LFB1
 398 01b3 01       		.uleb128 0x1
 399 01b4 9C       		.byte	0x9c
 400 01b5 C9010000 		.4byte	0x1c9
 401 01b9 10       		.uleb128 0x10
 402 01ba EA010000 		.4byte	.LASF36
 403 01be 01       		.byte	0x1
 404 01bf 78       		.byte	0x78
 405 01c0 6B000000 		.4byte	0x6b
 406 01c4 9F000000 		.4byte	.LLST3
 407 01c8 00       		.byte	0
 408 01c9 11       		.uleb128 0x11
 409 01ca 97020000 		.4byte	.LASF37
 410 01ce 01       		.byte	0x1
 411 01cf 8E       		.byte	0x8e
 412 01d0 6B000000 		.4byte	0x6b
 413 01d4 00000000 		.4byte	.LFB2
 414 01d8 10000000 		.4byte	.LFE2-.LFB2
 415 01dc 01       		.uleb128 0x1
 416 01dd 9C       		.byte	0x9c
 417 01de 12       		.uleb128 0x12
 418 01df 00000000 		.4byte	.LASF28
 419 01e3 01       		.byte	0x1
 420 01e4 1E       		.byte	0x1e
 421 01e5 6B000000 		.4byte	0x6b
 422 01e9 05       		.uleb128 0x5
 423 01ea 03       		.byte	0x3
 424 01eb 00000000 		.4byte	USBUART_lunCount
ARM GAS  C:\Users\student\AppData\Local\Temp\ccjGqsoJ.s 			page 11


 425 01ef 13       		.uleb128 0x13
 426 01f0 AD010000 		.4byte	.LASF38
 427 01f4 04       		.byte	0x4
 428 01f5 7A       		.byte	0x7a
 429 01f6 FA010000 		.4byte	0x1fa
 430 01fa 05       		.uleb128 0x5
 431 01fb 10010000 		.4byte	0x110
 432 01ff 14       		.uleb128 0x14
 433 0200 59020000 		.4byte	.LASF29
 434 0204 04       		.byte	0x4
 435 0205 A9       		.byte	0xa9
 436 0206 6B000000 		.4byte	0x6b
 437 020a 14       		.uleb128 0x14
 438 020b 21010000 		.4byte	.LASF30
 439 020f 04       		.byte	0x4
 440 0210 B3       		.byte	0xb3
 441 0211 6B000000 		.4byte	0x6b
 442 0215 00       		.byte	0
 443              		.section	.debug_abbrev,"",%progbits
 444              	.Ldebug_abbrev0:
 445 0000 01       		.uleb128 0x1
 446 0001 11       		.uleb128 0x11
 447 0002 01       		.byte	0x1
 448 0003 25       		.uleb128 0x25
 449 0004 0E       		.uleb128 0xe
 450 0005 13       		.uleb128 0x13
 451 0006 0B       		.uleb128 0xb
 452 0007 03       		.uleb128 0x3
 453 0008 0E       		.uleb128 0xe
 454 0009 1B       		.uleb128 0x1b
 455 000a 0E       		.uleb128 0xe
 456 000b 55       		.uleb128 0x55
 457 000c 17       		.uleb128 0x17
 458 000d 11       		.uleb128 0x11
 459 000e 01       		.uleb128 0x1
 460 000f 10       		.uleb128 0x10
 461 0010 17       		.uleb128 0x17
 462 0011 00       		.byte	0
 463 0012 00       		.byte	0
 464 0013 02       		.uleb128 0x2
 465 0014 24       		.uleb128 0x24
 466 0015 00       		.byte	0
 467 0016 0B       		.uleb128 0xb
 468 0017 0B       		.uleb128 0xb
 469 0018 3E       		.uleb128 0x3e
 470 0019 0B       		.uleb128 0xb
 471 001a 03       		.uleb128 0x3
 472 001b 0E       		.uleb128 0xe
 473 001c 00       		.byte	0
 474 001d 00       		.byte	0
 475 001e 03       		.uleb128 0x3
 476 001f 24       		.uleb128 0x24
 477 0020 00       		.byte	0
 478 0021 0B       		.uleb128 0xb
 479 0022 0B       		.uleb128 0xb
 480 0023 3E       		.uleb128 0x3e
 481 0024 0B       		.uleb128 0xb
ARM GAS  C:\Users\student\AppData\Local\Temp\ccjGqsoJ.s 			page 12


 482 0025 03       		.uleb128 0x3
 483 0026 08       		.uleb128 0x8
 484 0027 00       		.byte	0
 485 0028 00       		.byte	0
 486 0029 04       		.uleb128 0x4
 487 002a 16       		.uleb128 0x16
 488 002b 00       		.byte	0
 489 002c 03       		.uleb128 0x3
 490 002d 0E       		.uleb128 0xe
 491 002e 3A       		.uleb128 0x3a
 492 002f 0B       		.uleb128 0xb
 493 0030 3B       		.uleb128 0x3b
 494 0031 05       		.uleb128 0x5
 495 0032 49       		.uleb128 0x49
 496 0033 13       		.uleb128 0x13
 497 0034 00       		.byte	0
 498 0035 00       		.byte	0
 499 0036 05       		.uleb128 0x5
 500 0037 35       		.uleb128 0x35
 501 0038 00       		.byte	0
 502 0039 49       		.uleb128 0x49
 503 003a 13       		.uleb128 0x13
 504 003b 00       		.byte	0
 505 003c 00       		.byte	0
 506 003d 06       		.uleb128 0x6
 507 003e 13       		.uleb128 0x13
 508 003f 01       		.byte	0x1
 509 0040 0B       		.uleb128 0xb
 510 0041 0B       		.uleb128 0xb
 511 0042 3A       		.uleb128 0x3a
 512 0043 0B       		.uleb128 0xb
 513 0044 3B       		.uleb128 0x3b
 514 0045 0B       		.uleb128 0xb
 515 0046 01       		.uleb128 0x1
 516 0047 13       		.uleb128 0x13
 517 0048 00       		.byte	0
 518 0049 00       		.byte	0
 519 004a 07       		.uleb128 0x7
 520 004b 0D       		.uleb128 0xd
 521 004c 00       		.byte	0
 522 004d 03       		.uleb128 0x3
 523 004e 0E       		.uleb128 0xe
 524 004f 3A       		.uleb128 0x3a
 525 0050 0B       		.uleb128 0xb
 526 0051 3B       		.uleb128 0x3b
 527 0052 0B       		.uleb128 0xb
 528 0053 49       		.uleb128 0x49
 529 0054 13       		.uleb128 0x13
 530 0055 38       		.uleb128 0x38
 531 0056 0B       		.uleb128 0xb
 532 0057 00       		.byte	0
 533 0058 00       		.byte	0
 534 0059 08       		.uleb128 0x8
 535 005a 16       		.uleb128 0x16
 536 005b 00       		.byte	0
 537 005c 03       		.uleb128 0x3
 538 005d 0E       		.uleb128 0xe
ARM GAS  C:\Users\student\AppData\Local\Temp\ccjGqsoJ.s 			page 13


 539 005e 3A       		.uleb128 0x3a
 540 005f 0B       		.uleb128 0xb
 541 0060 3B       		.uleb128 0x3b
 542 0061 0B       		.uleb128 0xb
 543 0062 49       		.uleb128 0x49
 544 0063 13       		.uleb128 0x13
 545 0064 00       		.byte	0
 546 0065 00       		.byte	0
 547 0066 09       		.uleb128 0x9
 548 0067 0F       		.uleb128 0xf
 549 0068 00       		.byte	0
 550 0069 0B       		.uleb128 0xb
 551 006a 0B       		.uleb128 0xb
 552 006b 49       		.uleb128 0x49
 553 006c 13       		.uleb128 0x13
 554 006d 00       		.byte	0
 555 006e 00       		.byte	0
 556 006f 0A       		.uleb128 0xa
 557 0070 01       		.uleb128 0x1
 558 0071 01       		.byte	0x1
 559 0072 49       		.uleb128 0x49
 560 0073 13       		.uleb128 0x13
 561 0074 01       		.uleb128 0x1
 562 0075 13       		.uleb128 0x13
 563 0076 00       		.byte	0
 564 0077 00       		.byte	0
 565 0078 0B       		.uleb128 0xb
 566 0079 21       		.uleb128 0x21
 567 007a 00       		.byte	0
 568 007b 49       		.uleb128 0x49
 569 007c 13       		.uleb128 0x13
 570 007d 2F       		.uleb128 0x2f
 571 007e 0B       		.uleb128 0xb
 572 007f 00       		.byte	0
 573 0080 00       		.byte	0
 574 0081 0C       		.uleb128 0xc
 575 0082 2E       		.uleb128 0x2e
 576 0083 01       		.byte	0x1
 577 0084 3F       		.uleb128 0x3f
 578 0085 19       		.uleb128 0x19
 579 0086 03       		.uleb128 0x3
 580 0087 0E       		.uleb128 0xe
 581 0088 3A       		.uleb128 0x3a
 582 0089 0B       		.uleb128 0xb
 583 008a 3B       		.uleb128 0x3b
 584 008b 0B       		.uleb128 0xb
 585 008c 27       		.uleb128 0x27
 586 008d 19       		.uleb128 0x19
 587 008e 49       		.uleb128 0x49
 588 008f 13       		.uleb128 0x13
 589 0090 11       		.uleb128 0x11
 590 0091 01       		.uleb128 0x1
 591 0092 12       		.uleb128 0x12
 592 0093 06       		.uleb128 0x6
 593 0094 40       		.uleb128 0x40
 594 0095 18       		.uleb128 0x18
 595 0096 9742     		.uleb128 0x2117
ARM GAS  C:\Users\student\AppData\Local\Temp\ccjGqsoJ.s 			page 14


 596 0098 19       		.uleb128 0x19
 597 0099 01       		.uleb128 0x1
 598 009a 13       		.uleb128 0x13
 599 009b 00       		.byte	0
 600 009c 00       		.byte	0
 601 009d 0D       		.uleb128 0xd
 602 009e 34       		.uleb128 0x34
 603 009f 00       		.byte	0
 604 00a0 03       		.uleb128 0x3
 605 00a1 0E       		.uleb128 0xe
 606 00a2 3A       		.uleb128 0x3a
 607 00a3 0B       		.uleb128 0xb
 608 00a4 3B       		.uleb128 0x3b
 609 00a5 0B       		.uleb128 0xb
 610 00a6 49       		.uleb128 0x49
 611 00a7 13       		.uleb128 0x13
 612 00a8 02       		.uleb128 0x2
 613 00a9 17       		.uleb128 0x17
 614 00aa 00       		.byte	0
 615 00ab 00       		.byte	0
 616 00ac 0E       		.uleb128 0xe
 617 00ad 898201   		.uleb128 0x4109
 618 00b0 00       		.byte	0
 619 00b1 11       		.uleb128 0x11
 620 00b2 01       		.uleb128 0x1
 621 00b3 31       		.uleb128 0x31
 622 00b4 13       		.uleb128 0x13
 623 00b5 00       		.byte	0
 624 00b6 00       		.byte	0
 625 00b7 0F       		.uleb128 0xf
 626 00b8 2E       		.uleb128 0x2e
 627 00b9 01       		.byte	0x1
 628 00ba 3F       		.uleb128 0x3f
 629 00bb 19       		.uleb128 0x19
 630 00bc 03       		.uleb128 0x3
 631 00bd 0E       		.uleb128 0xe
 632 00be 3A       		.uleb128 0x3a
 633 00bf 0B       		.uleb128 0xb
 634 00c0 3B       		.uleb128 0x3b
 635 00c1 0B       		.uleb128 0xb
 636 00c2 27       		.uleb128 0x27
 637 00c3 19       		.uleb128 0x19
 638 00c4 11       		.uleb128 0x11
 639 00c5 01       		.uleb128 0x1
 640 00c6 12       		.uleb128 0x12
 641 00c7 06       		.uleb128 0x6
 642 00c8 40       		.uleb128 0x40
 643 00c9 18       		.uleb128 0x18
 644 00ca 9742     		.uleb128 0x2117
 645 00cc 19       		.uleb128 0x19
 646 00cd 01       		.uleb128 0x1
 647 00ce 13       		.uleb128 0x13
 648 00cf 00       		.byte	0
 649 00d0 00       		.byte	0
 650 00d1 10       		.uleb128 0x10
 651 00d2 05       		.uleb128 0x5
 652 00d3 00       		.byte	0
ARM GAS  C:\Users\student\AppData\Local\Temp\ccjGqsoJ.s 			page 15


 653 00d4 03       		.uleb128 0x3
 654 00d5 0E       		.uleb128 0xe
 655 00d6 3A       		.uleb128 0x3a
 656 00d7 0B       		.uleb128 0xb
 657 00d8 3B       		.uleb128 0x3b
 658 00d9 0B       		.uleb128 0xb
 659 00da 49       		.uleb128 0x49
 660 00db 13       		.uleb128 0x13
 661 00dc 02       		.uleb128 0x2
 662 00dd 17       		.uleb128 0x17
 663 00de 00       		.byte	0
 664 00df 00       		.byte	0
 665 00e0 11       		.uleb128 0x11
 666 00e1 2E       		.uleb128 0x2e
 667 00e2 00       		.byte	0
 668 00e3 3F       		.uleb128 0x3f
 669 00e4 19       		.uleb128 0x19
 670 00e5 03       		.uleb128 0x3
 671 00e6 0E       		.uleb128 0xe
 672 00e7 3A       		.uleb128 0x3a
 673 00e8 0B       		.uleb128 0xb
 674 00e9 3B       		.uleb128 0x3b
 675 00ea 0B       		.uleb128 0xb
 676 00eb 27       		.uleb128 0x27
 677 00ec 19       		.uleb128 0x19
 678 00ed 49       		.uleb128 0x49
 679 00ee 13       		.uleb128 0x13
 680 00ef 11       		.uleb128 0x11
 681 00f0 01       		.uleb128 0x1
 682 00f1 12       		.uleb128 0x12
 683 00f2 06       		.uleb128 0x6
 684 00f3 40       		.uleb128 0x40
 685 00f4 18       		.uleb128 0x18
 686 00f5 9742     		.uleb128 0x2117
 687 00f7 19       		.uleb128 0x19
 688 00f8 00       		.byte	0
 689 00f9 00       		.byte	0
 690 00fa 12       		.uleb128 0x12
 691 00fb 34       		.uleb128 0x34
 692 00fc 00       		.byte	0
 693 00fd 03       		.uleb128 0x3
 694 00fe 0E       		.uleb128 0xe
 695 00ff 3A       		.uleb128 0x3a
 696 0100 0B       		.uleb128 0xb
 697 0101 3B       		.uleb128 0x3b
 698 0102 0B       		.uleb128 0xb
 699 0103 49       		.uleb128 0x49
 700 0104 13       		.uleb128 0x13
 701 0105 02       		.uleb128 0x2
 702 0106 18       		.uleb128 0x18
 703 0107 00       		.byte	0
 704 0108 00       		.byte	0
 705 0109 13       		.uleb128 0x13
 706 010a 34       		.uleb128 0x34
 707 010b 00       		.byte	0
 708 010c 03       		.uleb128 0x3
 709 010d 0E       		.uleb128 0xe
ARM GAS  C:\Users\student\AppData\Local\Temp\ccjGqsoJ.s 			page 16


 710 010e 3A       		.uleb128 0x3a
 711 010f 0B       		.uleb128 0xb
 712 0110 3B       		.uleb128 0x3b
 713 0111 0B       		.uleb128 0xb
 714 0112 49       		.uleb128 0x49
 715 0113 13       		.uleb128 0x13
 716 0114 3F       		.uleb128 0x3f
 717 0115 19       		.uleb128 0x19
 718 0116 3C       		.uleb128 0x3c
 719 0117 19       		.uleb128 0x19
 720 0118 00       		.byte	0
 721 0119 00       		.byte	0
 722 011a 14       		.uleb128 0x14
 723 011b 2E       		.uleb128 0x2e
 724 011c 00       		.byte	0
 725 011d 3F       		.uleb128 0x3f
 726 011e 19       		.uleb128 0x19
 727 011f 03       		.uleb128 0x3
 728 0120 0E       		.uleb128 0xe
 729 0121 3A       		.uleb128 0x3a
 730 0122 0B       		.uleb128 0xb
 731 0123 3B       		.uleb128 0x3b
 732 0124 0B       		.uleb128 0xb
 733 0125 27       		.uleb128 0x27
 734 0126 19       		.uleb128 0x19
 735 0127 49       		.uleb128 0x49
 736 0128 13       		.uleb128 0x13
 737 0129 3C       		.uleb128 0x3c
 738 012a 19       		.uleb128 0x19
 739 012b 00       		.byte	0
 740 012c 00       		.byte	0
 741 012d 00       		.byte	0
 742              		.section	.debug_loc,"",%progbits
 743              	.Ldebug_loc0:
 744              	.LLST0:
 745 0000 02000000 		.4byte	.LVL0
 746 0004 3A000000 		.4byte	.LVL4
 747 0008 0200     		.2byte	0x2
 748 000a 30       		.byte	0x30
 749 000b 9F       		.byte	0x9f
 750 000c 3A000000 		.4byte	.LVL4
 751 0010 3C000000 		.4byte	.LVL5
 752 0014 0100     		.2byte	0x1
 753 0016 50       		.byte	0x50
 754 0017 3C000000 		.4byte	.LVL5
 755 001b 52000000 		.4byte	.LVL6
 756 001f 0200     		.2byte	0x2
 757 0021 30       		.byte	0x30
 758 0022 9F       		.byte	0x9f
 759 0023 52000000 		.4byte	.LVL6
 760 0027 54000000 		.4byte	.LVL7
 761 002b 0100     		.2byte	0x1
 762 002d 50       		.byte	0x50
 763 002e 54000000 		.4byte	.LVL7
 764 0032 6A000000 		.4byte	.LVL8
 765 0036 0200     		.2byte	0x2
 766 0038 30       		.byte	0x30
ARM GAS  C:\Users\student\AppData\Local\Temp\ccjGqsoJ.s 			page 17


 767 0039 9F       		.byte	0x9f
 768 003a 6A000000 		.4byte	.LVL8
 769 003e 78000000 		.4byte	.LFE0
 770 0042 0100     		.2byte	0x1
 771 0044 50       		.byte	0x50
 772 0045 00000000 		.4byte	0
 773 0049 00000000 		.4byte	0
 774              	.LLST1:
 775 004d 0C000000 		.4byte	.LVL1
 776 0051 30000000 		.4byte	.LVL3
 777 0055 0100     		.2byte	0x1
 778 0057 52       		.byte	0x52
 779 0058 3C000000 		.4byte	.LVL5
 780 005c 51000000 		.4byte	.LVL6-1
 781 0060 0100     		.2byte	0x1
 782 0062 52       		.byte	0x52
 783 0063 54000000 		.4byte	.LVL7
 784 0067 78000000 		.4byte	.LFE0
 785 006b 0100     		.2byte	0x1
 786 006d 52       		.byte	0x52
 787 006e 00000000 		.4byte	0
 788 0072 00000000 		.4byte	0
 789              	.LLST2:
 790 0076 14000000 		.4byte	.LVL2
 791 007a 39000000 		.4byte	.LVL4-1
 792 007e 0100     		.2byte	0x1
 793 0080 51       		.byte	0x51
 794 0081 3C000000 		.4byte	.LVL5
 795 0085 51000000 		.4byte	.LVL6-1
 796 0089 0100     		.2byte	0x1
 797 008b 51       		.byte	0x51
 798 008c 54000000 		.4byte	.LVL7
 799 0090 78000000 		.4byte	.LFE0
 800 0094 0100     		.2byte	0x1
 801 0096 51       		.byte	0x51
 802 0097 00000000 		.4byte	0
 803 009b 00000000 		.4byte	0
 804              	.LLST3:
 805 009f 00000000 		.4byte	.LVL9
 806 00a3 02000000 		.4byte	.LVL10
 807 00a7 0100     		.2byte	0x1
 808 00a9 50       		.byte	0x50
 809 00aa 02000000 		.4byte	.LVL10
 810 00ae 0C000000 		.4byte	.LFE1
 811 00b2 0400     		.2byte	0x4
 812 00b4 F3       		.byte	0xf3
 813 00b5 01       		.uleb128 0x1
 814 00b6 50       		.byte	0x50
 815 00b7 9F       		.byte	0x9f
 816 00b8 00000000 		.4byte	0
 817 00bc 00000000 		.4byte	0
 818              		.section	.debug_aranges,"",%progbits
 819 0000 2C000000 		.4byte	0x2c
 820 0004 0200     		.2byte	0x2
 821 0006 00000000 		.4byte	.Ldebug_info0
 822 000a 04       		.byte	0x4
 823 000b 00       		.byte	0
ARM GAS  C:\Users\student\AppData\Local\Temp\ccjGqsoJ.s 			page 18


 824 000c 0000     		.2byte	0
 825 000e 0000     		.2byte	0
 826 0010 00000000 		.4byte	.LFB0
 827 0014 78000000 		.4byte	.LFE0-.LFB0
 828 0018 00000000 		.4byte	.LFB1
 829 001c 0C000000 		.4byte	.LFE1-.LFB1
 830 0020 00000000 		.4byte	.LFB2
 831 0024 10000000 		.4byte	.LFE2-.LFB2
 832 0028 00000000 		.4byte	0
 833 002c 00000000 		.4byte	0
 834              		.section	.debug_ranges,"",%progbits
 835              	.Ldebug_ranges0:
 836 0000 00000000 		.4byte	.LFB0
 837 0004 78000000 		.4byte	.LFE0
 838 0008 00000000 		.4byte	.LFB1
 839 000c 0C000000 		.4byte	.LFE1
 840 0010 00000000 		.4byte	.LFB2
 841 0014 10000000 		.4byte	.LFE2
 842 0018 00000000 		.4byte	0
 843 001c 00000000 		.4byte	0
 844              		.section	.debug_line,"",%progbits
 845              	.Ldebug_line0:
 846 0000 C0000000 		.section	.debug_str,"MS",%progbits,1
 846      02006800 
 846      00000201 
 846      FB0E0D00 
 846      01010101 
 847              	.LASF28:
 848 0000 55534255 		.ascii	"USBUART_lunCount\000"
 848      4152545F 
 848      6C756E43 
 848      6F756E74 
 848      00
 849              	.LASF21:
 850 0011 70537461 		.ascii	"pStatusBlock\000"
 850      74757342 
 850      6C6F636B 
 850      00
 851              	.LASF33:
 852 001e 443A5C72 		.ascii	"D:\\rbeattie_final_project\\ConnectFour.cydsn\000"
 852      62656174 
 852      7469655F 
 852      66696E61 
 852      6C5F7072 
 853              	.LASF26:
 854 004a 76616C75 		.ascii	"value\000"
 854      6500
 855              	.LASF19:
 856 0050 636F756E 		.ascii	"count\000"
 856      7400
 857              	.LASF35:
 858 0056 55534255 		.ascii	"USBUART_MSC_SetLunCount\000"
 858      4152545F 
 858      4D53435F 
 858      5365744C 
 858      756E436F 
 859              	.LASF31:
ARM GAS  C:\Users\student\AppData\Local\Temp\ccjGqsoJ.s 			page 19


 860 006e 474E5520 		.ascii	"GNU C 4.9.3 20150303 (release) [ARM/embedded-4_9-br"
 860      4320342E 
 860      392E3320 
 860      32303135 
 860      30333033 
 861 00a1 616E6368 		.ascii	"anch revision 221220] -mcpu=cortex-m3 -mthumb -g -O"
 861      20726576 
 861      6973696F 
 861      6E203232 
 861      31323230 
 862 00d4 67202D73 		.ascii	"g -std=gnu11 -ffunction-sections -ffat-lto-objects\000"
 862      74643D67 
 862      6E753131 
 862      202D6666 
 862      756E6374 
 863              	.LASF3:
 864 0107 73686F72 		.ascii	"short unsigned int\000"
 864      7420756E 
 864      7369676E 
 864      65642069 
 864      6E7400
 865              	.LASF16:
 866 011a 73746174 		.ascii	"status\000"
 866      757300
 867              	.LASF30:
 868 0121 55534255 		.ascii	"USBUART_InitNoDataControlTransfer\000"
 868      4152545F 
 868      496E6974 
 868      4E6F4461 
 868      7461436F 
 869              	.LASF20:
 870 0143 70446174 		.ascii	"pData\000"
 870      6100
 871              	.LASF23:
 872 0149 65704461 		.ascii	"epData\000"
 872      746100
 873              	.LASF11:
 874 0150 666C6F61 		.ascii	"float\000"
 874      7400
 875              	.LASF1:
 876 0156 756E7369 		.ascii	"unsigned char\000"
 876      676E6564 
 876      20636861 
 876      7200
 877              	.LASF34:
 878 0164 55534255 		.ascii	"USBUART_DispatchMSCClassRqst\000"
 878      4152545F 
 878      44697370 
 878      61746368 
 878      4D534343 
 879              	.LASF22:
 880 0181 545F5553 		.ascii	"T_USBUART_TD\000"
 880      42554152 
 880      545F5444 
 880      00
 881              	.LASF5:
 882 018e 6C6F6E67 		.ascii	"long unsigned int\000"
ARM GAS  C:\Users\student\AppData\Local\Temp\ccjGqsoJ.s 			page 20


 882      20756E73 
 882      69676E65 
 882      6420696E 
 882      7400
 883              	.LASF9:
 884 01a0 75696E74 		.ascii	"uint8\000"
 884      3800
 885              	.LASF12:
 886 01a6 646F7562 		.ascii	"double\000"
 886      6C6500
 887              	.LASF38:
 888 01ad 55534255 		.ascii	"USBUART_currentTD\000"
 888      4152545F 
 888      63757272 
 888      656E7454 
 888      4400
 889              	.LASF10:
 890 01bf 75696E74 		.ascii	"uint16\000"
 890      313600
 891              	.LASF8:
 892 01c6 756E7369 		.ascii	"unsigned int\000"
 892      676E6564 
 892      20696E74 
 892      00
 893              	.LASF7:
 894 01d3 6C6F6E67 		.ascii	"long long unsigned int\000"
 894      206C6F6E 
 894      6720756E 
 894      7369676E 
 894      65642069 
 895              	.LASF36:
 896 01ea 6C756E43 		.ascii	"lunCount\000"
 896      6F756E74 
 896      00
 897              	.LASF27:
 898 01f3 64617461 		.ascii	"dataLength\000"
 898      4C656E67 
 898      746800
 899              	.LASF18:
 900 01fe 545F5553 		.ascii	"T_USBUART_XFER_STATUS_BLOCK\000"
 900      42554152 
 900      545F5846 
 900      45525F53 
 900      54415455 
 901              	.LASF24:
 902 021a 55534255 		.ascii	"USBUART_ep0_data_struct\000"
 902      4152545F 
 902      6570305F 
 902      64617461 
 902      5F737472 
 903              	.LASF32:
 904 0232 2E5C4765 		.ascii	".\\Generated_Source\\PSoC5\\USBUART_msc.c\000"
 904      6E657261 
 904      7465645F 
 904      536F7572 
 904      63655C50 
 905              	.LASF29:
ARM GAS  C:\Users\student\AppData\Local\Temp\ccjGqsoJ.s 			page 21


 906 0259 55534255 		.ascii	"USBUART_InitControlRead\000"
 906      4152545F 
 906      496E6974 
 906      436F6E74 
 906      726F6C52 
 907              	.LASF15:
 908 0271 73697A65 		.ascii	"sizetype\000"
 908      74797065 
 908      00
 909              	.LASF6:
 910 027a 6C6F6E67 		.ascii	"long long int\000"
 910      206C6F6E 
 910      6720696E 
 910      7400
 911              	.LASF13:
 912 0288 63686172 		.ascii	"char\000"
 912      00
 913              	.LASF2:
 914 028d 73686F72 		.ascii	"short int\000"
 914      7420696E 
 914      7400
 915              	.LASF37:
 916 0297 55534255 		.ascii	"USBUART_MSC_GetLunCount\000"
 916      4152545F 
 916      4D53435F 
 916      4765744C 
 916      756E436F 
 917              	.LASF25:
 918 02af 72657175 		.ascii	"requestHandled\000"
 918      65737448 
 918      616E646C 
 918      656400
 919              	.LASF4:
 920 02be 6C6F6E67 		.ascii	"long int\000"
 920      20696E74 
 920      00
 921              	.LASF14:
 922 02c7 6C6F6E67 		.ascii	"long double\000"
 922      20646F75 
 922      626C6500 
 923              	.LASF0:
 924 02d3 7369676E 		.ascii	"signed char\000"
 924      65642063 
 924      68617200 
 925              	.LASF17:
 926 02df 6C656E67 		.ascii	"length\000"
 926      746800
 927              		.ident	"GCC: (GNU Tools for ARM Embedded Processors) 4.9.3 20150303 (release) [ARM/embedded-4_9-br
