ARM GAS  C:\Users\student\AppData\Local\Temp\ccLJLWTL.s 			page 1


   1              		.syntax unified
   2              		.cpu cortex-m3
   3              		.fpu softvfp
   4              		.eabi_attribute 20, 1
   5              		.eabi_attribute 21, 1
   6              		.eabi_attribute 23, 3
   7              		.eabi_attribute 24, 1
   8              		.eabi_attribute 25, 1
   9              		.eabi_attribute 26, 1
  10              		.eabi_attribute 30, 1
  11              		.eabi_attribute 34, 1
  12              		.eabi_attribute 18, 4
  13              		.thumb
  14              		.file	"USBUART_hid.c"
  15              		.text
  16              	.Ltext0:
  17              		.cfi_sections	.debug_frame
  18              	.Letext0:
  19              		.section	.debug_info,"",%progbits
  20              	.Ldebug_info0:
  21 0000 83000000 		.4byte	0x83
  22 0004 0400     		.2byte	0x4
  23 0006 00000000 		.4byte	.Ldebug_abbrev0
  24 000a 04       		.byte	0x4
  25 000b 01       		.uleb128 0x1
  26 000c 71000000 		.4byte	.LASF14
  27 0010 01       		.byte	0x1
  28 0011 4A000000 		.4byte	.LASF15
  29 0015 58010000 		.4byte	.LASF16
  30 0019 00000000 		.4byte	.Ldebug_line0
  31 001d 02       		.uleb128 0x2
  32 001e 01       		.byte	0x1
  33 001f 06       		.byte	0x6
  34 0020 40010000 		.4byte	.LASF0
  35 0024 02       		.uleb128 0x2
  36 0025 01       		.byte	0x1
  37 0026 08       		.byte	0x8
  38 0027 0A010000 		.4byte	.LASF1
  39 002b 02       		.uleb128 0x2
  40 002c 02       		.byte	0x2
  41 002d 05       		.byte	0x5
  42 002e 84010000 		.4byte	.LASF2
  43 0032 02       		.uleb128 0x2
  44 0033 02       		.byte	0x2
  45 0034 07       		.byte	0x7
  46 0035 2D010000 		.4byte	.LASF3
  47 0039 02       		.uleb128 0x2
  48 003a 04       		.byte	0x4
  49 003b 05       		.byte	0x5
  50 003c 1D010000 		.4byte	.LASF4
  51 0040 02       		.uleb128 0x2
  52 0041 04       		.byte	0x4
  53 0042 07       		.byte	0x7
  54 0043 1B000000 		.4byte	.LASF5
  55 0047 02       		.uleb128 0x2
  56 0048 08       		.byte	0x8
  57 0049 05       		.byte	0x5
ARM GAS  C:\Users\student\AppData\Local\Temp\ccLJLWTL.s 			page 2


  58 004a 00000000 		.4byte	.LASF6
  59 004e 02       		.uleb128 0x2
  60 004f 08       		.byte	0x8
  61 0050 07       		.byte	0x7
  62 0051 2D000000 		.4byte	.LASF7
  63 0055 03       		.uleb128 0x3
  64 0056 04       		.byte	0x4
  65 0057 05       		.byte	0x5
  66 0058 696E7400 		.ascii	"int\000"
  67 005c 02       		.uleb128 0x2
  68 005d 04       		.byte	0x4
  69 005e 07       		.byte	0x7
  70 005f 0E000000 		.4byte	.LASF8
  71 0063 02       		.uleb128 0x2
  72 0064 04       		.byte	0x4
  73 0065 04       		.byte	0x4
  74 0066 44000000 		.4byte	.LASF9
  75 006a 02       		.uleb128 0x2
  76 006b 08       		.byte	0x8
  77 006c 04       		.byte	0x4
  78 006d 26010000 		.4byte	.LASF10
  79 0071 02       		.uleb128 0x2
  80 0072 01       		.byte	0x1
  81 0073 08       		.byte	0x8
  82 0074 18010000 		.4byte	.LASF11
  83 0078 02       		.uleb128 0x2
  84 0079 08       		.byte	0x8
  85 007a 04       		.byte	0x4
  86 007b 4C010000 		.4byte	.LASF12
  87 007f 02       		.uleb128 0x2
  88 0080 04       		.byte	0x4
  89 0081 07       		.byte	0x7
  90 0082 8E010000 		.4byte	.LASF13
  91 0086 00       		.byte	0
  92              		.section	.debug_abbrev,"",%progbits
  93              	.Ldebug_abbrev0:
  94 0000 01       		.uleb128 0x1
  95 0001 11       		.uleb128 0x11
  96 0002 01       		.byte	0x1
  97 0003 25       		.uleb128 0x25
  98 0004 0E       		.uleb128 0xe
  99 0005 13       		.uleb128 0x13
 100 0006 0B       		.uleb128 0xb
 101 0007 03       		.uleb128 0x3
 102 0008 0E       		.uleb128 0xe
 103 0009 1B       		.uleb128 0x1b
 104 000a 0E       		.uleb128 0xe
 105 000b 10       		.uleb128 0x10
 106 000c 17       		.uleb128 0x17
 107 000d 00       		.byte	0
 108 000e 00       		.byte	0
 109 000f 02       		.uleb128 0x2
 110 0010 24       		.uleb128 0x24
 111 0011 00       		.byte	0
 112 0012 0B       		.uleb128 0xb
 113 0013 0B       		.uleb128 0xb
 114 0014 3E       		.uleb128 0x3e
ARM GAS  C:\Users\student\AppData\Local\Temp\ccLJLWTL.s 			page 3


 115 0015 0B       		.uleb128 0xb
 116 0016 03       		.uleb128 0x3
 117 0017 0E       		.uleb128 0xe
 118 0018 00       		.byte	0
 119 0019 00       		.byte	0
 120 001a 03       		.uleb128 0x3
 121 001b 24       		.uleb128 0x24
 122 001c 00       		.byte	0
 123 001d 0B       		.uleb128 0xb
 124 001e 0B       		.uleb128 0xb
 125 001f 3E       		.uleb128 0x3e
 126 0020 0B       		.uleb128 0xb
 127 0021 03       		.uleb128 0x3
 128 0022 08       		.uleb128 0x8
 129 0023 00       		.byte	0
 130 0024 00       		.byte	0
 131 0025 00       		.byte	0
 132              		.section	.debug_aranges,"",%progbits
 133 0000 14000000 		.4byte	0x14
 134 0004 0200     		.2byte	0x2
 135 0006 00000000 		.4byte	.Ldebug_info0
 136 000a 04       		.byte	0x4
 137 000b 00       		.byte	0
 138 000c 0000     		.2byte	0
 139 000e 0000     		.2byte	0
 140 0010 00000000 		.4byte	0
 141 0014 00000000 		.4byte	0
 142              		.section	.debug_line,"",%progbits
 143              	.Ldebug_line0:
 144 0000 19000000 		.section	.debug_str,"MS",%progbits,1
 144      02001300 
 144      00000201 
 144      FB0E0D00 
 144      01010101 
 145              	.LASF6:
 146 0000 6C6F6E67 		.ascii	"long long int\000"
 146      206C6F6E 
 146      6720696E 
 146      7400
 147              	.LASF8:
 148 000e 756E7369 		.ascii	"unsigned int\000"
 148      676E6564 
 148      20696E74 
 148      00
 149              	.LASF5:
 150 001b 6C6F6E67 		.ascii	"long unsigned int\000"
 150      20756E73 
 150      69676E65 
 150      6420696E 
 150      7400
 151              	.LASF7:
 152 002d 6C6F6E67 		.ascii	"long long unsigned int\000"
 152      206C6F6E 
 152      6720756E 
 152      7369676E 
 152      65642069 
 153              	.LASF9:
ARM GAS  C:\Users\student\AppData\Local\Temp\ccLJLWTL.s 			page 4


 154 0044 666C6F61 		.ascii	"float\000"
 154      7400
 155              	.LASF15:
 156 004a 2E5C4765 		.ascii	".\\Generated_Source\\PSoC5\\USBUART_hid.c\000"
 156      6E657261 
 156      7465645F 
 156      536F7572 
 156      63655C50 
 157              	.LASF14:
 158 0071 474E5520 		.ascii	"GNU C 4.9.3 20150303 (release) [ARM/embedded-4_9-br"
 158      4320342E 
 158      392E3320 
 158      32303135 
 158      30333033 
 159 00a4 616E6368 		.ascii	"anch revision 221220] -mcpu=cortex-m3 -mthumb -g -O"
 159      20726576 
 159      6973696F 
 159      6E203232 
 159      31323230 
 160 00d7 67202D73 		.ascii	"g -std=gnu11 -ffunction-sections -ffat-lto-objects\000"
 160      74643D67 
 160      6E753131 
 160      202D6666 
 160      756E6374 
 161              	.LASF1:
 162 010a 756E7369 		.ascii	"unsigned char\000"
 162      676E6564 
 162      20636861 
 162      7200
 163              	.LASF11:
 164 0118 63686172 		.ascii	"char\000"
 164      00
 165              	.LASF4:
 166 011d 6C6F6E67 		.ascii	"long int\000"
 166      20696E74 
 166      00
 167              	.LASF10:
 168 0126 646F7562 		.ascii	"double\000"
 168      6C6500
 169              	.LASF3:
 170 012d 73686F72 		.ascii	"short unsigned int\000"
 170      7420756E 
 170      7369676E 
 170      65642069 
 170      6E7400
 171              	.LASF0:
 172 0140 7369676E 		.ascii	"signed char\000"
 172      65642063 
 172      68617200 
 173              	.LASF12:
 174 014c 6C6F6E67 		.ascii	"long double\000"
 174      20646F75 
 174      626C6500 
 175              	.LASF16:
 176 0158 443A5C72 		.ascii	"D:\\rbeattie_final_project\\ConnectFour.cydsn\000"
 176      62656174 
 176      7469655F 
ARM GAS  C:\Users\student\AppData\Local\Temp\ccLJLWTL.s 			page 5


 176      66696E61 
 176      6C5F7072 
 177              	.LASF2:
 178 0184 73686F72 		.ascii	"short int\000"
 178      7420696E 
 178      7400
 179              	.LASF13:
 180 018e 73697A65 		.ascii	"sizetype\000"
 180      74797065 
 180      00
 181              		.ident	"GCC: (GNU Tools for ARM Embedded Processors) 4.9.3 20150303 (release) [ARM/embedded-4_9-br
