ARM GAS  C:\Users\student\AppData\Local\Temp\ccLoCMnz.s 			page 1


   1              		.syntax unified
   2              		.cpu cortex-m3
   3              		.fpu softvfp
   4              		.eabi_attribute 20, 1
   5              		.eabi_attribute 21, 1
   6              		.eabi_attribute 23, 3
   7              		.eabi_attribute 24, 1
   8              		.eabi_attribute 25, 1
   9              		.eabi_attribute 26, 1
  10              		.eabi_attribute 30, 1
  11              		.eabi_attribute 34, 1
  12              		.eabi_attribute 18, 4
  13              		.thumb
  14              		.file	"USBUART_vnd.c"
  15              		.text
  16              	.Ltext0:
  17              		.cfi_sections	.debug_frame
  18              		.section	.text.USBUART_HandleVendorRqst,"ax",%progbits
  19              		.align	2
  20              		.global	USBUART_HandleVendorRqst
  21              		.thumb
  22              		.thumb_func
  23              		.type	USBUART_HandleVendorRqst, %function
  24              	USBUART_HandleVendorRqst:
  25              	.LFB0:
  26              		.file 1 ".\\Generated_Source\\PSoC5\\USBUART_vnd.c"
   1:.\Generated_Source\PSoC5/USBUART_vnd.c **** /***************************************************************************//**
   2:.\Generated_Source\PSoC5/USBUART_vnd.c **** * \file USBUART_vnd.c
   3:.\Generated_Source\PSoC5/USBUART_vnd.c **** * \version 3.0
   4:.\Generated_Source\PSoC5/USBUART_vnd.c **** *
   5:.\Generated_Source\PSoC5/USBUART_vnd.c **** * \brief
   6:.\Generated_Source\PSoC5/USBUART_vnd.c **** *  This file contains the  USB vendor request handler.
   7:.\Generated_Source\PSoC5/USBUART_vnd.c **** *
   8:.\Generated_Source\PSoC5/USBUART_vnd.c **** ********************************************************************************
   9:.\Generated_Source\PSoC5/USBUART_vnd.c **** * \copyright
  10:.\Generated_Source\PSoC5/USBUART_vnd.c **** * Copyright 2008-2015, Cypress Semiconductor Corporation.  All rights reserved.
  11:.\Generated_Source\PSoC5/USBUART_vnd.c **** * You may use this file only in accordance with the license, terms, conditions,
  12:.\Generated_Source\PSoC5/USBUART_vnd.c **** * disclaimers, and limitations in the end user license agreement accompanying
  13:.\Generated_Source\PSoC5/USBUART_vnd.c **** * the software package with which this file was provided.
  14:.\Generated_Source\PSoC5/USBUART_vnd.c **** *******************************************************************************/
  15:.\Generated_Source\PSoC5/USBUART_vnd.c **** 
  16:.\Generated_Source\PSoC5/USBUART_vnd.c **** #include "USBUART_pvt.h"
  17:.\Generated_Source\PSoC5/USBUART_vnd.c **** #include "cyapicallbacks.h"
  18:.\Generated_Source\PSoC5/USBUART_vnd.c **** 
  19:.\Generated_Source\PSoC5/USBUART_vnd.c **** #if(USBUART_EXTERN_VND == USBUART_FALSE)
  20:.\Generated_Source\PSoC5/USBUART_vnd.c **** 
  21:.\Generated_Source\PSoC5/USBUART_vnd.c **** /***************************************
  22:.\Generated_Source\PSoC5/USBUART_vnd.c **** * Vendor Specific Declarations
  23:.\Generated_Source\PSoC5/USBUART_vnd.c **** ***************************************/
  24:.\Generated_Source\PSoC5/USBUART_vnd.c **** 
  25:.\Generated_Source\PSoC5/USBUART_vnd.c **** /* `#START VENDOR_SPECIFIC_DECLARATIONS` Place your declaration here */
  26:.\Generated_Source\PSoC5/USBUART_vnd.c **** 
  27:.\Generated_Source\PSoC5/USBUART_vnd.c **** /* `#END` */
  28:.\Generated_Source\PSoC5/USBUART_vnd.c **** 
  29:.\Generated_Source\PSoC5/USBUART_vnd.c **** 
  30:.\Generated_Source\PSoC5/USBUART_vnd.c **** /*******************************************************************************
  31:.\Generated_Source\PSoC5/USBUART_vnd.c **** * Function Name: USBUART_HandleVendorRqst
ARM GAS  C:\Users\student\AppData\Local\Temp\ccLoCMnz.s 			page 2


  32:.\Generated_Source\PSoC5/USBUART_vnd.c **** ****************************************************************************//**
  33:.\Generated_Source\PSoC5/USBUART_vnd.c **** *
  34:.\Generated_Source\PSoC5/USBUART_vnd.c **** *  This routine provide users with a method to implement vendor specific
  35:.\Generated_Source\PSoC5/USBUART_vnd.c **** *  requests.
  36:.\Generated_Source\PSoC5/USBUART_vnd.c **** *
  37:.\Generated_Source\PSoC5/USBUART_vnd.c **** *  To implement vendor specific requests, add your code in this function to
  38:.\Generated_Source\PSoC5/USBUART_vnd.c **** *  decode and disposition the request.  If the request is handled, your code
  39:.\Generated_Source\PSoC5/USBUART_vnd.c **** *  must set the variable "requestHandled" to TRUE, indicating that the
  40:.\Generated_Source\PSoC5/USBUART_vnd.c **** *  request has been handled.
  41:.\Generated_Source\PSoC5/USBUART_vnd.c **** *
  42:.\Generated_Source\PSoC5/USBUART_vnd.c **** * \return
  43:.\Generated_Source\PSoC5/USBUART_vnd.c **** *  requestHandled.
  44:.\Generated_Source\PSoC5/USBUART_vnd.c **** *
  45:.\Generated_Source\PSoC5/USBUART_vnd.c **** * \reentrant
  46:.\Generated_Source\PSoC5/USBUART_vnd.c **** *  No.
  47:.\Generated_Source\PSoC5/USBUART_vnd.c **** *
  48:.\Generated_Source\PSoC5/USBUART_vnd.c **** *******************************************************************************/
  49:.\Generated_Source\PSoC5/USBUART_vnd.c **** uint8 USBUART_HandleVendorRqst(void) 
  50:.\Generated_Source\PSoC5/USBUART_vnd.c **** {
  27              		.loc 1 50 0
  28              		.cfi_startproc
  29              		@ args = 0, pretend = 0, frame = 0
  30              		@ frame_needed = 0, uses_anonymous_args = 0
  31              		@ link register save eliminated.
  32              	.LVL0:
  51:.\Generated_Source\PSoC5/USBUART_vnd.c ****     uint8 requestHandled = USBUART_FALSE;
  52:.\Generated_Source\PSoC5/USBUART_vnd.c **** 
  53:.\Generated_Source\PSoC5/USBUART_vnd.c ****     /* Check request direction: D2H or H2D. */
  54:.\Generated_Source\PSoC5/USBUART_vnd.c ****     if (0u != (USBUART_bmRequestTypeReg & USBUART_RQST_DIR_D2H))
  33              		.loc 1 54 0
  34 0000 044B     		ldr	r3, .L3
  35 0002 1B78     		ldrb	r3, [r3]	@ zero_extendqisi2
  36 0004 13F0800F 		tst	r3, #128
  37 0008 01D0     		beq	.L2
  55:.\Generated_Source\PSoC5/USBUART_vnd.c ****     {
  56:.\Generated_Source\PSoC5/USBUART_vnd.c ****         /* Handle direction from device to host. */
  57:.\Generated_Source\PSoC5/USBUART_vnd.c ****         
  58:.\Generated_Source\PSoC5/USBUART_vnd.c ****         switch (USBUART_bRequestReg)
  38              		.loc 1 58 0
  39 000a 024B     		ldr	r3, .L3
  40 000c 5B78     		ldrb	r3, [r3, #1]	@ zero_extendqisi2
  41              	.L2:
  59:.\Generated_Source\PSoC5/USBUART_vnd.c ****         {
  60:.\Generated_Source\PSoC5/USBUART_vnd.c ****             case USBUART_GET_EXTENDED_CONFIG_DESCRIPTOR:
  61:.\Generated_Source\PSoC5/USBUART_vnd.c ****             #if defined(USBUART_ENABLE_MSOS_STRING)
  62:.\Generated_Source\PSoC5/USBUART_vnd.c ****                 USBUART_currentTD.pData = (volatile uint8 *) &USBUART_MSOS_CONFIGURATION_DESCR[0u];
  63:.\Generated_Source\PSoC5/USBUART_vnd.c ****                 USBUART_currentTD.count = USBUART_MSOS_CONFIGURATION_DESCR[0u];
  64:.\Generated_Source\PSoC5/USBUART_vnd.c ****                 requestHandled  = USBUART_InitControlRead();
  65:.\Generated_Source\PSoC5/USBUART_vnd.c ****             #endif /* (USBUART_ENABLE_MSOS_STRING) */
  66:.\Generated_Source\PSoC5/USBUART_vnd.c ****                 break;
  67:.\Generated_Source\PSoC5/USBUART_vnd.c ****             
  68:.\Generated_Source\PSoC5/USBUART_vnd.c ****             default:
  69:.\Generated_Source\PSoC5/USBUART_vnd.c ****                 break;
  70:.\Generated_Source\PSoC5/USBUART_vnd.c ****         }
  71:.\Generated_Source\PSoC5/USBUART_vnd.c ****     }
  72:.\Generated_Source\PSoC5/USBUART_vnd.c **** 
  73:.\Generated_Source\PSoC5/USBUART_vnd.c ****     /* `#START VENDOR_SPECIFIC_CODE` Place your vendor specific request here */
ARM GAS  C:\Users\student\AppData\Local\Temp\ccLoCMnz.s 			page 3


  74:.\Generated_Source\PSoC5/USBUART_vnd.c **** 
  75:.\Generated_Source\PSoC5/USBUART_vnd.c ****     /* `#END` */
  76:.\Generated_Source\PSoC5/USBUART_vnd.c **** 
  77:.\Generated_Source\PSoC5/USBUART_vnd.c **** #ifdef USBUART_HANDLE_VENDOR_RQST_CALLBACK
  78:.\Generated_Source\PSoC5/USBUART_vnd.c ****     if (USBUART_FALSE == requestHandled)
  79:.\Generated_Source\PSoC5/USBUART_vnd.c ****     {
  80:.\Generated_Source\PSoC5/USBUART_vnd.c ****         requestHandled = USBUART_HandleVendorRqst_Callback();
  81:.\Generated_Source\PSoC5/USBUART_vnd.c ****     }
  82:.\Generated_Source\PSoC5/USBUART_vnd.c **** #endif /* (USBUART_HANDLE_VENDOR_RQST_CALLBACK) */
  83:.\Generated_Source\PSoC5/USBUART_vnd.c **** 
  84:.\Generated_Source\PSoC5/USBUART_vnd.c ****     return (requestHandled);
  85:.\Generated_Source\PSoC5/USBUART_vnd.c **** }
  42              		.loc 1 85 0
  43 000e 0020     		movs	r0, #0
  44 0010 7047     		bx	lr
  45              	.L4:
  46 0012 00BF     		.align	2
  47              	.L3:
  48 0014 00600040 		.word	1073766400
  49              		.cfi_endproc
  50              	.LFE0:
  51              		.size	USBUART_HandleVendorRqst, .-USBUART_HandleVendorRqst
  52              		.text
  53              	.Letext0:
  54              		.file 2 ".\\Generated_Source\\PSoC5\\cytypes.h"
  55              		.file 3 ".\\Generated_Source\\PSoC5\\USBUART.h"
  56              		.section	.debug_info,"",%progbits
  57              	.Ldebug_info0:
  58 0000 E9000000 		.4byte	0xe9
  59 0004 0400     		.2byte	0x4
  60 0006 00000000 		.4byte	.Ldebug_abbrev0
  61 000a 04       		.byte	0x4
  62 000b 01       		.uleb128 0x1
  63 000c D7000000 		.4byte	.LASF16
  64 0010 01       		.byte	0x1
  65 0011 8E010000 		.4byte	.LASF17
  66 0015 86000000 		.4byte	.LASF18
  67 0019 00000000 		.4byte	.Ldebug_ranges0+0
  68 001d 00000000 		.4byte	0
  69 0021 00000000 		.4byte	.Ldebug_line0
  70 0025 02       		.uleb128 0x2
  71 0026 01       		.byte	0x1
  72 0027 06       		.byte	0x6
  73 0028 E2010000 		.4byte	.LASF0
  74 002c 02       		.uleb128 0x2
  75 002d 01       		.byte	0x1
  76 002e 08       		.byte	0x8
  77 002f 22000000 		.4byte	.LASF1
  78 0033 02       		.uleb128 0x2
  79 0034 02       		.byte	0x2
  80 0035 05       		.byte	0x5
  81 0036 BE010000 		.4byte	.LASF2
  82 003a 02       		.uleb128 0x2
  83 003b 02       		.byte	0x2
  84 003c 07       		.byte	0x7
  85 003d CF010000 		.4byte	.LASF3
  86 0041 02       		.uleb128 0x2
ARM GAS  C:\Users\student\AppData\Local\Temp\ccLoCMnz.s 			page 4


  87 0042 04       		.byte	0x4
  88 0043 05       		.byte	0x5
  89 0044 B5010000 		.4byte	.LASF4
  90 0048 02       		.uleb128 0x2
  91 0049 04       		.byte	0x4
  92 004a 07       		.byte	0x7
  93 004b 4E000000 		.4byte	.LASF5
  94 004f 02       		.uleb128 0x2
  95 0050 08       		.byte	0x8
  96 0051 05       		.byte	0x5
  97 0052 00000000 		.4byte	.LASF6
  98 0056 02       		.uleb128 0x2
  99 0057 08       		.byte	0x8
 100 0058 07       		.byte	0x7
 101 0059 6F000000 		.4byte	.LASF7
 102 005d 03       		.uleb128 0x3
 103 005e 04       		.byte	0x4
 104 005f 05       		.byte	0x5
 105 0060 696E7400 		.ascii	"int\000"
 106 0064 02       		.uleb128 0x2
 107 0065 04       		.byte	0x4
 108 0066 07       		.byte	0x7
 109 0067 15000000 		.4byte	.LASF8
 110 006b 04       		.uleb128 0x4
 111 006c 48000000 		.4byte	.LASF14
 112 0070 02       		.byte	0x2
 113 0071 9201     		.2byte	0x192
 114 0073 2C000000 		.4byte	0x2c
 115 0077 02       		.uleb128 0x2
 116 0078 04       		.byte	0x4
 117 0079 04       		.byte	0x4
 118 007a FA010000 		.4byte	.LASF9
 119 007e 02       		.uleb128 0x2
 120 007f 08       		.byte	0x8
 121 0080 04       		.byte	0x4
 122 0081 C8010000 		.4byte	.LASF10
 123 0085 02       		.uleb128 0x2
 124 0086 01       		.byte	0x1
 125 0087 08       		.byte	0x8
 126 0088 89010000 		.4byte	.LASF11
 127 008c 02       		.uleb128 0x2
 128 008d 08       		.byte	0x8
 129 008e 04       		.byte	0x4
 130 008f EE010000 		.4byte	.LASF12
 131 0093 02       		.uleb128 0x2
 132 0094 04       		.byte	0x4
 133 0095 07       		.byte	0x7
 134 0096 00020000 		.4byte	.LASF13
 135 009a 05       		.uleb128 0x5
 136 009b 08       		.byte	0x8
 137 009c 03       		.byte	0x3
 138 009d C5       		.byte	0xc5
 139 009e AF000000 		.4byte	0xaf
 140 00a2 06       		.uleb128 0x6
 141 00a3 0E000000 		.4byte	.LASF19
 142 00a7 03       		.byte	0x3
 143 00a8 C7       		.byte	0xc7
ARM GAS  C:\Users\student\AppData\Local\Temp\ccLoCMnz.s 			page 5


 144 00a9 AF000000 		.4byte	0xaf
 145 00ad 00       		.byte	0
 146 00ae 00       		.byte	0
 147 00af 07       		.uleb128 0x7
 148 00b0 6B000000 		.4byte	0x6b
 149 00b4 BF000000 		.4byte	0xbf
 150 00b8 08       		.uleb128 0x8
 151 00b9 93000000 		.4byte	0x93
 152 00bd 07       		.byte	0x7
 153 00be 00       		.byte	0
 154 00bf 09       		.uleb128 0x9
 155 00c0 30000000 		.4byte	.LASF15
 156 00c4 03       		.byte	0x3
 157 00c5 C8       		.byte	0xc8
 158 00c6 9A000000 		.4byte	0x9a
 159 00ca 0A       		.uleb128 0xa
 160 00cb 70010000 		.4byte	.LASF20
 161 00cf 01       		.byte	0x1
 162 00d0 31       		.byte	0x31
 163 00d1 6B000000 		.4byte	0x6b
 164 00d5 00000000 		.4byte	.LFB0
 165 00d9 18000000 		.4byte	.LFE0-.LFB0
 166 00dd 01       		.uleb128 0x1
 167 00de 9C       		.byte	0x9c
 168 00df 0B       		.uleb128 0xb
 169 00e0 60000000 		.4byte	.LASF21
 170 00e4 01       		.byte	0x1
 171 00e5 33       		.byte	0x33
 172 00e6 6B000000 		.4byte	0x6b
 173 00ea 00       		.byte	0
 174 00eb 00       		.byte	0
 175 00ec 00       		.byte	0
 176              		.section	.debug_abbrev,"",%progbits
 177              	.Ldebug_abbrev0:
 178 0000 01       		.uleb128 0x1
 179 0001 11       		.uleb128 0x11
 180 0002 01       		.byte	0x1
 181 0003 25       		.uleb128 0x25
 182 0004 0E       		.uleb128 0xe
 183 0005 13       		.uleb128 0x13
 184 0006 0B       		.uleb128 0xb
 185 0007 03       		.uleb128 0x3
 186 0008 0E       		.uleb128 0xe
 187 0009 1B       		.uleb128 0x1b
 188 000a 0E       		.uleb128 0xe
 189 000b 55       		.uleb128 0x55
 190 000c 17       		.uleb128 0x17
 191 000d 11       		.uleb128 0x11
 192 000e 01       		.uleb128 0x1
 193 000f 10       		.uleb128 0x10
 194 0010 17       		.uleb128 0x17
 195 0011 00       		.byte	0
 196 0012 00       		.byte	0
 197 0013 02       		.uleb128 0x2
 198 0014 24       		.uleb128 0x24
 199 0015 00       		.byte	0
 200 0016 0B       		.uleb128 0xb
ARM GAS  C:\Users\student\AppData\Local\Temp\ccLoCMnz.s 			page 6


 201 0017 0B       		.uleb128 0xb
 202 0018 3E       		.uleb128 0x3e
 203 0019 0B       		.uleb128 0xb
 204 001a 03       		.uleb128 0x3
 205 001b 0E       		.uleb128 0xe
 206 001c 00       		.byte	0
 207 001d 00       		.byte	0
 208 001e 03       		.uleb128 0x3
 209 001f 24       		.uleb128 0x24
 210 0020 00       		.byte	0
 211 0021 0B       		.uleb128 0xb
 212 0022 0B       		.uleb128 0xb
 213 0023 3E       		.uleb128 0x3e
 214 0024 0B       		.uleb128 0xb
 215 0025 03       		.uleb128 0x3
 216 0026 08       		.uleb128 0x8
 217 0027 00       		.byte	0
 218 0028 00       		.byte	0
 219 0029 04       		.uleb128 0x4
 220 002a 16       		.uleb128 0x16
 221 002b 00       		.byte	0
 222 002c 03       		.uleb128 0x3
 223 002d 0E       		.uleb128 0xe
 224 002e 3A       		.uleb128 0x3a
 225 002f 0B       		.uleb128 0xb
 226 0030 3B       		.uleb128 0x3b
 227 0031 05       		.uleb128 0x5
 228 0032 49       		.uleb128 0x49
 229 0033 13       		.uleb128 0x13
 230 0034 00       		.byte	0
 231 0035 00       		.byte	0
 232 0036 05       		.uleb128 0x5
 233 0037 13       		.uleb128 0x13
 234 0038 01       		.byte	0x1
 235 0039 0B       		.uleb128 0xb
 236 003a 0B       		.uleb128 0xb
 237 003b 3A       		.uleb128 0x3a
 238 003c 0B       		.uleb128 0xb
 239 003d 3B       		.uleb128 0x3b
 240 003e 0B       		.uleb128 0xb
 241 003f 01       		.uleb128 0x1
 242 0040 13       		.uleb128 0x13
 243 0041 00       		.byte	0
 244 0042 00       		.byte	0
 245 0043 06       		.uleb128 0x6
 246 0044 0D       		.uleb128 0xd
 247 0045 00       		.byte	0
 248 0046 03       		.uleb128 0x3
 249 0047 0E       		.uleb128 0xe
 250 0048 3A       		.uleb128 0x3a
 251 0049 0B       		.uleb128 0xb
 252 004a 3B       		.uleb128 0x3b
 253 004b 0B       		.uleb128 0xb
 254 004c 49       		.uleb128 0x49
 255 004d 13       		.uleb128 0x13
 256 004e 38       		.uleb128 0x38
 257 004f 0B       		.uleb128 0xb
ARM GAS  C:\Users\student\AppData\Local\Temp\ccLoCMnz.s 			page 7


 258 0050 00       		.byte	0
 259 0051 00       		.byte	0
 260 0052 07       		.uleb128 0x7
 261 0053 01       		.uleb128 0x1
 262 0054 01       		.byte	0x1
 263 0055 49       		.uleb128 0x49
 264 0056 13       		.uleb128 0x13
 265 0057 01       		.uleb128 0x1
 266 0058 13       		.uleb128 0x13
 267 0059 00       		.byte	0
 268 005a 00       		.byte	0
 269 005b 08       		.uleb128 0x8
 270 005c 21       		.uleb128 0x21
 271 005d 00       		.byte	0
 272 005e 49       		.uleb128 0x49
 273 005f 13       		.uleb128 0x13
 274 0060 2F       		.uleb128 0x2f
 275 0061 0B       		.uleb128 0xb
 276 0062 00       		.byte	0
 277 0063 00       		.byte	0
 278 0064 09       		.uleb128 0x9
 279 0065 16       		.uleb128 0x16
 280 0066 00       		.byte	0
 281 0067 03       		.uleb128 0x3
 282 0068 0E       		.uleb128 0xe
 283 0069 3A       		.uleb128 0x3a
 284 006a 0B       		.uleb128 0xb
 285 006b 3B       		.uleb128 0x3b
 286 006c 0B       		.uleb128 0xb
 287 006d 49       		.uleb128 0x49
 288 006e 13       		.uleb128 0x13
 289 006f 00       		.byte	0
 290 0070 00       		.byte	0
 291 0071 0A       		.uleb128 0xa
 292 0072 2E       		.uleb128 0x2e
 293 0073 01       		.byte	0x1
 294 0074 3F       		.uleb128 0x3f
 295 0075 19       		.uleb128 0x19
 296 0076 03       		.uleb128 0x3
 297 0077 0E       		.uleb128 0xe
 298 0078 3A       		.uleb128 0x3a
 299 0079 0B       		.uleb128 0xb
 300 007a 3B       		.uleb128 0x3b
 301 007b 0B       		.uleb128 0xb
 302 007c 27       		.uleb128 0x27
 303 007d 19       		.uleb128 0x19
 304 007e 49       		.uleb128 0x49
 305 007f 13       		.uleb128 0x13
 306 0080 11       		.uleb128 0x11
 307 0081 01       		.uleb128 0x1
 308 0082 12       		.uleb128 0x12
 309 0083 06       		.uleb128 0x6
 310 0084 40       		.uleb128 0x40
 311 0085 18       		.uleb128 0x18
 312 0086 9742     		.uleb128 0x2117
 313 0088 19       		.uleb128 0x19
 314 0089 00       		.byte	0
ARM GAS  C:\Users\student\AppData\Local\Temp\ccLoCMnz.s 			page 8


 315 008a 00       		.byte	0
 316 008b 0B       		.uleb128 0xb
 317 008c 34       		.uleb128 0x34
 318 008d 00       		.byte	0
 319 008e 03       		.uleb128 0x3
 320 008f 0E       		.uleb128 0xe
 321 0090 3A       		.uleb128 0x3a
 322 0091 0B       		.uleb128 0xb
 323 0092 3B       		.uleb128 0x3b
 324 0093 0B       		.uleb128 0xb
 325 0094 49       		.uleb128 0x49
 326 0095 13       		.uleb128 0x13
 327 0096 1C       		.uleb128 0x1c
 328 0097 0B       		.uleb128 0xb
 329 0098 00       		.byte	0
 330 0099 00       		.byte	0
 331 009a 00       		.byte	0
 332              		.section	.debug_aranges,"",%progbits
 333 0000 1C000000 		.4byte	0x1c
 334 0004 0200     		.2byte	0x2
 335 0006 00000000 		.4byte	.Ldebug_info0
 336 000a 04       		.byte	0x4
 337 000b 00       		.byte	0
 338 000c 0000     		.2byte	0
 339 000e 0000     		.2byte	0
 340 0010 00000000 		.4byte	.LFB0
 341 0014 18000000 		.4byte	.LFE0-.LFB0
 342 0018 00000000 		.4byte	0
 343 001c 00000000 		.4byte	0
 344              		.section	.debug_ranges,"",%progbits
 345              	.Ldebug_ranges0:
 346 0000 00000000 		.4byte	.LFB0
 347 0004 18000000 		.4byte	.LFE0
 348 0008 00000000 		.4byte	0
 349 000c 00000000 		.4byte	0
 350              		.section	.debug_line,"",%progbits
 351              	.Ldebug_line0:
 352 0000 71000000 		.section	.debug_str,"MS",%progbits,1
 352      02005700 
 352      00000201 
 352      FB0E0D00 
 352      01010101 
 353              	.LASF6:
 354 0000 6C6F6E67 		.ascii	"long long int\000"
 354      206C6F6E 
 354      6720696E 
 354      7400
 355              	.LASF19:
 356 000e 65704461 		.ascii	"epData\000"
 356      746100
 357              	.LASF8:
 358 0015 756E7369 		.ascii	"unsigned int\000"
 358      676E6564 
 358      20696E74 
 358      00
 359              	.LASF1:
 360 0022 756E7369 		.ascii	"unsigned char\000"
ARM GAS  C:\Users\student\AppData\Local\Temp\ccLoCMnz.s 			page 9


 360      676E6564 
 360      20636861 
 360      7200
 361              	.LASF15:
 362 0030 55534255 		.ascii	"USBUART_ep0_data_struct\000"
 362      4152545F 
 362      6570305F 
 362      64617461 
 362      5F737472 
 363              	.LASF14:
 364 0048 75696E74 		.ascii	"uint8\000"
 364      3800
 365              	.LASF5:
 366 004e 6C6F6E67 		.ascii	"long unsigned int\000"
 366      20756E73 
 366      69676E65 
 366      6420696E 
 366      7400
 367              	.LASF21:
 368 0060 72657175 		.ascii	"requestHandled\000"
 368      65737448 
 368      616E646C 
 368      656400
 369              	.LASF7:
 370 006f 6C6F6E67 		.ascii	"long long unsigned int\000"
 370      206C6F6E 
 370      6720756E 
 370      7369676E 
 370      65642069 
 371              	.LASF18:
 372 0086 433A5C55 		.ascii	"C:\\Users\\student\\Documents\\PSoC Creator\\rbeatt"
 372      73657273 
 372      5C737475 
 372      64656E74 
 372      5C446F63 
 373 00b4 69655F66 		.ascii	"ie_final_project\\ConnectFour.cydsn\000"
 373      696E616C 
 373      5F70726F 
 373      6A656374 
 373      5C436F6E 
 374              	.LASF16:
 375 00d7 474E5520 		.ascii	"GNU C 4.9.3 20150303 (release) [ARM/embedded-4_9-br"
 375      4320342E 
 375      392E3320 
 375      32303135 
 375      30333033 
 376 010a 616E6368 		.ascii	"anch revision 221220] -mcpu=cortex-m3 -mthumb -g -O"
 376      20726576 
 376      6973696F 
 376      6E203232 
 376      31323230 
 377 013d 67202D73 		.ascii	"g -std=gnu11 -ffunction-sections -ffat-lto-objects\000"
 377      74643D67 
 377      6E753131 
 377      202D6666 
 377      756E6374 
 378              	.LASF20:
ARM GAS  C:\Users\student\AppData\Local\Temp\ccLoCMnz.s 			page 10


 379 0170 55534255 		.ascii	"USBUART_HandleVendorRqst\000"
 379      4152545F 
 379      48616E64 
 379      6C655665 
 379      6E646F72 
 380              	.LASF11:
 381 0189 63686172 		.ascii	"char\000"
 381      00
 382              	.LASF17:
 383 018e 2E5C4765 		.ascii	".\\Generated_Source\\PSoC5\\USBUART_vnd.c\000"
 383      6E657261 
 383      7465645F 
 383      536F7572 
 383      63655C50 
 384              	.LASF4:
 385 01b5 6C6F6E67 		.ascii	"long int\000"
 385      20696E74 
 385      00
 386              	.LASF2:
 387 01be 73686F72 		.ascii	"short int\000"
 387      7420696E 
 387      7400
 388              	.LASF10:
 389 01c8 646F7562 		.ascii	"double\000"
 389      6C6500
 390              	.LASF3:
 391 01cf 73686F72 		.ascii	"short unsigned int\000"
 391      7420756E 
 391      7369676E 
 391      65642069 
 391      6E7400
 392              	.LASF0:
 393 01e2 7369676E 		.ascii	"signed char\000"
 393      65642063 
 393      68617200 
 394              	.LASF12:
 395 01ee 6C6F6E67 		.ascii	"long double\000"
 395      20646F75 
 395      626C6500 
 396              	.LASF9:
 397 01fa 666C6F61 		.ascii	"float\000"
 397      7400
 398              	.LASF13:
 399 0200 73697A65 		.ascii	"sizetype\000"
 399      74797065 
 399      00
 400              		.ident	"GCC: (GNU Tools for ARM Embedded Processors) 4.9.3 20150303 (release) [ARM/embedded-4_9-br
