ARM GAS  C:\Users\student\AppData\Local\Temp\ccKONqO6.s 			page 1


   1              		.syntax unified
   2              		.cpu cortex-m3
   3              		.fpu softvfp
   4              		.eabi_attribute 20, 1
   5              		.eabi_attribute 21, 1
   6              		.eabi_attribute 23, 3
   7              		.eabi_attribute 24, 1
   8              		.eabi_attribute 25, 1
   9              		.eabi_attribute 26, 1
  10              		.eabi_attribute 30, 1
  11              		.eabi_attribute 34, 1
  12              		.eabi_attribute 18, 4
  13              		.thumb
  14              		.file	"XPT2046.c"
  15              		.text
  16              	.Ltext0:
  17              		.cfi_sections	.debug_frame
  18              		.section	.text.XPT2046_ReadPos,"ax",%progbits
  19              		.align	2
  20              		.global	XPT2046_ReadPos
  21              		.thumb
  22              		.thumb_func
  23              		.type	XPT2046_ReadPos, %function
  24              	XPT2046_ReadPos:
  25              	.LFB65:
  26              		.file 1 ".\\XPT2046.c"
   1:.\XPT2046.c   **** /*******************************************************************************
   2:.\XPT2046.c   **** * File Name: XPT2046.c
   3:.\XPT2046.c   **** *
   4:.\XPT2046.c   **** * Description:
   5:.\XPT2046.c   **** *  This is a driver for the Touch Screen Controller  XPT2046 
   6:.\XPT2046.c   **** *
   7:.\XPT2046.c   **** *  Data send and get by SPI
   8:.\XPT2046.c   **** *  Read Pos Coordinates X & Y with Basic Calibration
   9:.\XPT2046.c   **** *  Read Z Coordinate in Data Raw for Touch Pressure
  10:.\XPT2046.c   **** ********************************************************************************
  11:.\XPT2046.c   **** * Copyright (c) 2018 Andres F. Navas
  12:.\XPT2046.c   **** *******************************************************************************/
  13:.\XPT2046.c   **** 
  14:.\XPT2046.c   **** #include <project.h>
  15:.\XPT2046.c   **** #include <stdlib.h>
  16:.\XPT2046.c   **** #include "XPT2046.h"
  17:.\XPT2046.c   **** #include "defs.h"
  18:.\XPT2046.c   **** 
  19:.\XPT2046.c   **** #define DelayCycles         10      // About 400ns period for 63MHz BUS Clock
  20:.\XPT2046.c   **** #define XPT2046_MAX_ADC     0x0fff  // Max ADC Value of 12bits
  21:.\XPT2046.c   **** #define X_Min               400     // Min and Max coordinates in raw values for calibration
  22:.\XPT2046.c   **** #define X_Max               3500
  23:.\XPT2046.c   **** #define Y_Min               400
  24:.\XPT2046.c   **** #define Y_Max               3700
  25:.\XPT2046.c   **** 
  26:.\XPT2046.c   **** //**********************************************************
  27:.\XPT2046.c   **** //******** Send data to XPT2046   Touch Controller *********
  28:.\XPT2046.c   **** //********            SPI Transaction              *********
  29:.\XPT2046.c   **** //**********************************************************
  30:.\XPT2046.c   **** inline void Write_2046(unsigned char Num)          
  31:.\XPT2046.c   **** {
ARM GAS  C:\Users\student\AppData\Local\Temp\ccKONqO6.s 			page 2


  32:.\XPT2046.c   ****     unsigned char count = 0;
  33:.\XPT2046.c   ****     T_CLK_Write(0);
  34:.\XPT2046.c   ****     for(count = 0; count < 8; count++)  // Command control 8 bits
  35:.\XPT2046.c   ****     {
  36:.\XPT2046.c   ****         if(Num & 0x80) T_DIN_Write(1);   // Write command from MSB  to LSB        
  37:.\XPT2046.c   ****         else T_DIN_Write(0);
  38:.\XPT2046.c   ****         T_CLK_Write(0);                 // Rising Edge to write
  39:.\XPT2046.c   ****         CyDelayCycles(DelayCycles);
  40:.\XPT2046.c   ****         T_CLK_Write(1);
  41:.\XPT2046.c   ****         CyDelayCycles(DelayCycles);
  42:.\XPT2046.c   ****         Num <<= 1;                      // Shift the register
  43:.\XPT2046.c   ****     }
  44:.\XPT2046.c   **** }
  45:.\XPT2046.c   **** 
  46:.\XPT2046.c   **** //**********************************************************
  47:.\XPT2046.c   **** //******** Get data from XPT2046  Touch Controller *********
  48:.\XPT2046.c   **** //********            SPI Transaction              *********
  49:.\XPT2046.c   **** //**********************************************************
  50:.\XPT2046.c   **** inline uint16 Read_2046()             
  51:.\XPT2046.c   **** {
  52:.\XPT2046.c   **** 	uint8 count = 0;
  53:.\XPT2046.c   **** 	uint16 Num = 0;
  54:.\XPT2046.c   **** 	for(count = 0; count < 12; count++)     // ADC Data read 12 bits
  55:.\XPT2046.c   **** 	{
  56:.\XPT2046.c   **** 		Num <<= 1;		                    // Shift the register
  57:.\XPT2046.c   **** 		T_CLK_Write(1);                     // Falling Edge to read
  58:.\XPT2046.c   ****         CyDelayCycles(DelayCycles);           
  59:.\XPT2046.c   **** 		T_CLK_Write(0);
  60:.\XPT2046.c   ****         CyDelayCycles(DelayCycles);
  61:.\XPT2046.c   **** 		Num |= T_DO_Read();	            // Read the data from MSB to LSB
  62:.\XPT2046.c   **** 	}
  63:.\XPT2046.c   **** 
  64:.\XPT2046.c   **** return(Num);
  65:.\XPT2046.c   **** }	
  66:.\XPT2046.c   **** 
  67:.\XPT2046.c   **** //**********************************************************
  68:.\XPT2046.c   **** //******    Reading the position of the coordinate    ******
  69:.\XPT2046.c   **** //******            Data RAW / 12Bits ADC             ******
  70:.\XPT2046.c   **** //**********************************************************
  71:.\XPT2046.c   **** uint16 XPT2046_ReadPos(uint16 coord)
  72:.\XPT2046.c   **** {
  27              		.loc 1 72 0
  28              		.cfi_startproc
  29              		@ args = 0, pretend = 0, frame = 0
  30              		@ frame_needed = 0, uses_anonymous_args = 0
  31              	.LVL0:
  32 0000 38B5     		push	{r3, r4, r5, lr}
  33              		.cfi_def_cfa_offset 16
  34              		.cfi_offset 3, -16
  35              		.cfi_offset 4, -12
  36              		.cfi_offset 5, -8
  37              		.cfi_offset 14, -4
  38 0002 0446     		mov	r4, r0
  73:.\XPT2046.c   ****     uint16 pos;
  74:.\XPT2046.c   ****     T_CS_Write(0);
  39              		.loc 1 74 0
  40 0004 0020     		movs	r0, #0
ARM GAS  C:\Users\student\AppData\Local\Temp\ccKONqO6.s 			page 3


  41              	.LVL1:
  42 0006 FFF7FEFF 		bl	T_CS_Write
  43              	.LVL2:
  75:.\XPT2046.c   ****     Write_2046(coord);                    // Send Command     
  44              		.loc 1 75 0
  45 000a E4B2     		uxtb	r4, r4
  46              	.LVL3:
  47              	.LBB6:
  48              	.LBB7:
  33:.\XPT2046.c   ****     for(count = 0; count < 8; count++)  // Command control 8 bits
  49              		.loc 1 33 0
  50 000c 0020     		movs	r0, #0
  51 000e FFF7FEFF 		bl	T_CLK_Write
  52              	.LVL4:
  34:.\XPT2046.c   ****     {
  53              		.loc 1 34 0
  54 0012 0025     		movs	r5, #0
  55 0014 19E0     		b	.L2
  56              	.LVL5:
  57              	.L5:
  36:.\XPT2046.c   ****         else T_DIN_Write(0);
  58              		.loc 1 36 0
  59 0016 14F0800F 		tst	r4, #128
  60 001a 03D0     		beq	.L3
  61 001c 0120     		movs	r0, #1
  62 001e FFF7FEFF 		bl	T_DIN_Write
  63              	.LVL6:
  64 0022 02E0     		b	.L4
  65              	.L3:
  37:.\XPT2046.c   ****         T_CLK_Write(0);                 // Rising Edge to write
  66              		.loc 1 37 0
  67 0024 0020     		movs	r0, #0
  68 0026 FFF7FEFF 		bl	T_DIN_Write
  69              	.LVL7:
  70              	.L4:
  38:.\XPT2046.c   ****         CyDelayCycles(DelayCycles);
  71              		.loc 1 38 0
  72 002a 0020     		movs	r0, #0
  73 002c FFF7FEFF 		bl	T_CLK_Write
  74              	.LVL8:
  39:.\XPT2046.c   ****         T_CLK_Write(1);
  75              		.loc 1 39 0
  76 0030 0A20     		movs	r0, #10
  77 0032 FFF7FEFF 		bl	CyDelayCycles
  78              	.LVL9:
  40:.\XPT2046.c   ****         CyDelayCycles(DelayCycles);
  79              		.loc 1 40 0
  80 0036 0120     		movs	r0, #1
  81 0038 FFF7FEFF 		bl	T_CLK_Write
  82              	.LVL10:
  41:.\XPT2046.c   ****         Num <<= 1;                      // Shift the register
  83              		.loc 1 41 0
  84 003c 0A20     		movs	r0, #10
  85 003e FFF7FEFF 		bl	CyDelayCycles
  86              	.LVL11:
  42:.\XPT2046.c   ****     }
  87              		.loc 1 42 0
ARM GAS  C:\Users\student\AppData\Local\Temp\ccKONqO6.s 			page 4


  88 0042 6400     		lsls	r4, r4, #1
  89              	.LVL12:
  90 0044 E4B2     		uxtb	r4, r4
  91              	.LVL13:
  34:.\XPT2046.c   ****     {
  92              		.loc 1 34 0
  93 0046 0135     		adds	r5, r5, #1
  94              	.LVL14:
  95 0048 EDB2     		uxtb	r5, r5
  96              	.LVL15:
  97              	.L2:
  98 004a 072D     		cmp	r5, #7
  99 004c E3D9     		bls	.L5
 100              	.LBE7:
 101              	.LBE6:
  76:.\XPT2046.c   ****     T_CLK_Write(1);
 102              		.loc 1 76 0
 103 004e 0120     		movs	r0, #1
 104 0050 FFF7FEFF 		bl	T_CLK_Write
 105              	.LVL16:
  77:.\XPT2046.c   ****     CyDelayCycles(DelayCycles);           //Falling Edge to continue
 106              		.loc 1 77 0
 107 0054 0A20     		movs	r0, #10
 108 0056 FFF7FEFF 		bl	CyDelayCycles
 109              	.LVL17:
  78:.\XPT2046.c   ****     T_CLK_Write(0);
 110              		.loc 1 78 0
 111 005a 0020     		movs	r0, #0
 112 005c FFF7FEFF 		bl	T_CLK_Write
 113              	.LVL18:
  79:.\XPT2046.c   ****     CyDelayCycles(DelayCycles);
 114              		.loc 1 79 0
 115 0060 0A20     		movs	r0, #10
 116 0062 FFF7FEFF 		bl	CyDelayCycles
 117              	.LVL19:
 118              	.LBB8:
 119              	.LBB9:
  53:.\XPT2046.c   **** 	for(count = 0; count < 12; count++)     // ADC Data read 12 bits
 120              		.loc 1 53 0
 121 0066 0024     		movs	r4, #0
 122              	.LVL20:
  54:.\XPT2046.c   **** 	{
 123              		.loc 1 54 0
 124 0068 2546     		mov	r5, r4
 125              	.LVL21:
 126 006a 13E0     		b	.L6
 127              	.LVL22:
 128              	.L7:
  56:.\XPT2046.c   **** 		T_CLK_Write(1);                     // Falling Edge to read
 129              		.loc 1 56 0
 130 006c 6400     		lsls	r4, r4, #1
 131              	.LVL23:
 132 006e A4B2     		uxth	r4, r4
 133              	.LVL24:
  57:.\XPT2046.c   ****         CyDelayCycles(DelayCycles);           
 134              		.loc 1 57 0
 135 0070 0120     		movs	r0, #1
ARM GAS  C:\Users\student\AppData\Local\Temp\ccKONqO6.s 			page 5


 136 0072 FFF7FEFF 		bl	T_CLK_Write
 137              	.LVL25:
  58:.\XPT2046.c   **** 		T_CLK_Write(0);
 138              		.loc 1 58 0
 139 0076 0A20     		movs	r0, #10
 140 0078 FFF7FEFF 		bl	CyDelayCycles
 141              	.LVL26:
  59:.\XPT2046.c   ****         CyDelayCycles(DelayCycles);
 142              		.loc 1 59 0
 143 007c 0020     		movs	r0, #0
 144 007e FFF7FEFF 		bl	T_CLK_Write
 145              	.LVL27:
  60:.\XPT2046.c   **** 		Num |= T_DO_Read();	            // Read the data from MSB to LSB
 146              		.loc 1 60 0
 147 0082 0A20     		movs	r0, #10
 148 0084 FFF7FEFF 		bl	CyDelayCycles
 149              	.LVL28:
  61:.\XPT2046.c   **** 	}
 150              		.loc 1 61 0
 151 0088 FFF7FEFF 		bl	T_DO_Read
 152              	.LVL29:
 153 008c 2043     		orrs	r0, r0, r4
 154 008e 84B2     		uxth	r4, r0
 155              	.LVL30:
  54:.\XPT2046.c   **** 	{
 156              		.loc 1 54 0
 157 0090 0135     		adds	r5, r5, #1
 158              	.LVL31:
 159 0092 EDB2     		uxtb	r5, r5
 160              	.LVL32:
 161              	.L6:
 162 0094 0B2D     		cmp	r5, #11
 163 0096 E9D9     		bls	.L7
 164              	.LBE9:
 165              	.LBE8:
  80:.\XPT2046.c   ****     pos = Read_2046();                    // Read ADC data
  81:.\XPT2046.c   ****     T_CS_Write(1);
 166              		.loc 1 81 0
 167 0098 0120     		movs	r0, #1
 168 009a FFF7FEFF 		bl	T_CS_Write
 169              	.LVL33:
  82:.\XPT2046.c   ****     return pos;
  83:.\XPT2046.c   **** }
 170              		.loc 1 83 0
 171 009e 2046     		mov	r0, r4
 172 00a0 38BD     		pop	{r3, r4, r5, pc}
 173              		.cfi_endproc
 174              	.LFE65:
 175              		.size	XPT2046_ReadPos, .-XPT2046_ReadPos
 176 00a2 00BF     		.section	.text.XPT2046_Start,"ax",%progbits
 177              		.align	2
 178              		.global	XPT2046_Start
 179              		.thumb
 180              		.thumb_func
 181              		.type	XPT2046_Start, %function
 182              	XPT2046_Start:
 183              	.LFB66:
ARM GAS  C:\Users\student\AppData\Local\Temp\ccKONqO6.s 			page 6


  84:.\XPT2046.c   **** 
  85:.\XPT2046.c   **** //**********************************************************
  86:.\XPT2046.c   **** //*****************    Start controller   ******************
  87:.\XPT2046.c   **** //*****************  Enable the Touch IRQ ******************
  88:.\XPT2046.c   **** //**********************************************************
  89:.\XPT2046.c   **** void XPT2046_Start(void)
  90:.\XPT2046.c   **** {
 184              		.loc 1 90 0
 185              		.cfi_startproc
 186              		@ args = 0, pretend = 0, frame = 0
 187              		@ frame_needed = 0, uses_anonymous_args = 0
 188 0000 08B5     		push	{r3, lr}
 189              		.cfi_def_cfa_offset 8
 190              		.cfi_offset 3, -8
 191              		.cfi_offset 14, -4
  91:.\XPT2046.c   ****     XPT2046_ReadPos(0x80);
 192              		.loc 1 91 0
 193 0002 8020     		movs	r0, #128
 194 0004 FFF7FEFF 		bl	XPT2046_ReadPos
 195              	.LVL34:
  92:.\XPT2046.c   ****     CyDelay(5);
 196              		.loc 1 92 0
 197 0008 0520     		movs	r0, #5
 198 000a FFF7FEFF 		bl	CyDelay
 199              	.LVL35:
 200 000e 08BD     		pop	{r3, pc}
 201              		.cfi_endproc
 202              	.LFE66:
 203              		.size	XPT2046_Start, .-XPT2046_Start
 204              		.section	.text.XPT2046_ReadXY,"ax",%progbits
 205              		.align	2
 206              		.global	XPT2046_ReadXY
 207              		.thumb
 208              		.thumb_func
 209              		.type	XPT2046_ReadXY, %function
 210              	XPT2046_ReadXY:
 211              	.LFB67:
  93:.\XPT2046.c   **** }
  94:.\XPT2046.c   **** 
  95:.\XPT2046.c   **** //**********************************************************
  96:.\XPT2046.c   **** //*****************   Obtain X and Y Pos  ******************
  97:.\XPT2046.c   **** //*****************   Basic  Calibration  ******************
  98:.\XPT2046.c   **** //**********************************************************
  99:.\XPT2046.c   **** uint8 XPT2046_ReadXY(uint16 *X,  uint16 *Y)  // Return 1 if data is valid
 100:.\XPT2046.c   **** {
 212              		.loc 1 100 0
 213              		.cfi_startproc
 214              		@ args = 0, pretend = 0, frame = 0
 215              		@ frame_needed = 0, uses_anonymous_args = 0
 216              	.LVL36:
 217 0000 2DE9F843 		push	{r3, r4, r5, r6, r7, r8, r9, lr}
 218              		.cfi_def_cfa_offset 32
 219              		.cfi_offset 3, -32
 220              		.cfi_offset 4, -28
 221              		.cfi_offset 5, -24
 222              		.cfi_offset 6, -20
 223              		.cfi_offset 7, -16
ARM GAS  C:\Users\student\AppData\Local\Temp\ccKONqO6.s 			page 7


 224              		.cfi_offset 8, -12
 225              		.cfi_offset 9, -8
 226              		.cfi_offset 14, -4
 227 0004 8146     		mov	r9, r0
 228 0006 8846     		mov	r8, r1
 229              	.LVL37:
 101:.\XPT2046.c   ****     uint16 x0, y0, x1, y1, xav, yav, px, py;
 102:.\XPT2046.c   ****     uint16 timeout = 0;
 230              		.loc 1 102 0
 231 0008 0025     		movs	r5, #0
 232              	.LVL38:
 233              	.L13:
 103:.\XPT2046.c   ****     
 104:.\XPT2046.c   ****     do{         
 105:.\XPT2046.c   ****         XPT2046_ReadPos(0x90);                         
 234              		.loc 1 105 0 discriminator 5
 235 000a 9020     		movs	r0, #144
 236 000c FFF7FEFF 		bl	XPT2046_ReadPos
 237              	.LVL39:
 106:.\XPT2046.c   ****         y0 = XPT2046_ReadPos(0x90);     // read coordinate Y
 238              		.loc 1 106 0 discriminator 5
 239 0010 9020     		movs	r0, #144
 240 0012 FFF7FEFF 		bl	XPT2046_ReadPos
 241              	.LVL40:
 242 0016 0746     		mov	r7, r0
 243              	.LVL41:
 107:.\XPT2046.c   ****         y1 = XPT2046_ReadPos(0x90);     // again...
 244              		.loc 1 107 0 discriminator 5
 245 0018 9020     		movs	r0, #144
 246 001a FFF7FEFF 		bl	XPT2046_ReadPos
 247              	.LVL42:
 248 001e 0646     		mov	r6, r0
 249              	.LVL43:
 108:.\XPT2046.c   ****                               
 109:.\XPT2046.c   ****         XPT2046_ReadPos(0xd0);
 250              		.loc 1 109 0 discriminator 5
 251 0020 D020     		movs	r0, #208
 252 0022 FFF7FEFF 		bl	XPT2046_ReadPos
 253              	.LVL44:
 110:.\XPT2046.c   ****         x0 = XPT2046_ReadPos(0xd0);     // read coordinate X
 254              		.loc 1 110 0 discriminator 5
 255 0026 D020     		movs	r0, #208
 256 0028 FFF7FEFF 		bl	XPT2046_ReadPos
 257              	.LVL45:
 258 002c 0446     		mov	r4, r0
 259              	.LVL46:
 111:.\XPT2046.c   ****         x1 = XPT2046_ReadPos(0xd0);	    // again...                     
 260              		.loc 1 111 0 discriminator 5
 261 002e D020     		movs	r0, #208
 262 0030 FFF7FEFF 		bl	XPT2046_ReadPos
 263              	.LVL47:
 112:.\XPT2046.c   ****         
 113:.\XPT2046.c   ****         timeout++;                      // Incr. Time Out
 264              		.loc 1 113 0 discriminator 5
 265 0034 0135     		adds	r5, r5, #1
 266              	.LVL48:
 267 0036 ADB2     		uxth	r5, r5
ARM GAS  C:\Users\student\AppData\Local\Temp\ccKONqO6.s 			page 8


 268              	.LVL49:
 114:.\XPT2046.c   ****    }while(((abs(x0 - x1) > 50) && (abs(y0 - y1) > 50)) || timeout >= 255);     // Cycle if the erro
 269              		.loc 1 114 0 discriminator 5
 270 0038 2146     		mov	r1, r4
 271 003a 0346     		mov	r3, r0
 272 003c 241A     		subs	r4, r4, r0
 273              	.LVL50:
 274 003e 002C     		cmp	r4, #0
 275 0040 B8BF     		it	lt
 276 0042 6442     		rsblt	r4, r4, #0
 277 0044 322C     		cmp	r4, #50
 278 0046 05DD     		ble	.L12
 279              		.loc 1 114 0 is_stmt 0 discriminator 1
 280 0048 BA1B     		subs	r2, r7, r6
 281 004a 002A     		cmp	r2, #0
 282 004c B8BF     		it	lt
 283 004e 5242     		rsblt	r2, r2, #0
 284 0050 322A     		cmp	r2, #50
 285 0052 DADC     		bgt	.L13
 286              	.L12:
 287              		.loc 1 114 0 discriminator 4
 288 0054 FE2D     		cmp	r5, #254
 289 0056 D8D8     		bhi	.L13
 115:.\XPT2046.c   **** 
 116:.\XPT2046.c   ****     if(timeout < 255)       // Cycle ends with good data
 290              		.loc 1 116 0 is_stmt 1
 291 0058 35D8     		bhi	.L17
 117:.\XPT2046.c   ****     { 
 118:.\XPT2046.c   ****         // Update the current coordinate values
 119:.\XPT2046.c   ****         xav  = (x0 + x1)/2;                                     // Data raw Average for X and Y
 292              		.loc 1 119 0
 293 005a 0B44     		add	r3, r3, r1
 294 005c 03EBD373 		add	r3, r3, r3, lsr #31
 295              	.LVL51:
 120:.\XPT2046.c   ****         yav  = XPT2046_MAX_ADC - ((y0 + y1)/2);                 // Normalization of touchpad to ach
 296              		.loc 1 120 0
 297 0060 3E44     		add	r6, r6, r7
 298              	.LVL52:
 299 0062 06EBD676 		add	r6, r6, r6, lsr #31
 300 0066 40F6FF72 		movw	r2, #4095
 301 006a A2EB6602 		sub	r2, r2, r6, asr #1
 302 006e 92B2     		uxth	r2, r2
 303              	.LVL53:
 121:.\XPT2046.c   ****         px = ((xav - X_Min) * XSIZE_PHYS) / (X_Max - X_Min); // Calibration for LCD Panel Size; nee
 304              		.loc 1 121 0
 305 0070 C3F34F03 		ubfx	r3, r3, #1, #16
 306              	.LVL54:
 307 0074 A3F5C873 		sub	r3, r3, #400
 308 0078 C3EB0313 		rsb	r3, r3, r3, lsl #4
 309 007c 1B01     		lsls	r3, r3, #4
 310 007e 1349     		ldr	r1, .L21
 311              	.LVL55:
 312 0080 81FB0301 		smull	r0, r1, r1, r3
 313              	.LVL56:
 314 0084 1944     		add	r1, r1, r3
 315 0086 DB17     		asrs	r3, r3, #31
 316 0088 C3EBE123 		rsb	r3, r3, r1, asr #11
ARM GAS  C:\Users\student\AppData\Local\Temp\ccKONqO6.s 			page 9


 317 008c 9BB2     		uxth	r3, r3
 318              	.LVL57:
 122:.\XPT2046.c   ****         if(px <= 0) px = 0;
 123:.\XPT2046.c   ****         if(px >= XSIZE_PHYS) px = XSIZE_PHYS;
 319              		.loc 1 123 0
 320 008e EF2B     		cmp	r3, #239
 321 0090 00D9     		bls	.L15
 322 0092 F023     		movs	r3, #240
 323              	.LVL58:
 324              	.L15:
 124:.\XPT2046.c   ****         py = ((yav - Y_Min) * YSIZE_PHYS) / (Y_Max - Y_Min);
 325              		.loc 1 124 0
 326 0094 A2F5C872 		sub	r2, r2, #400
 327              	.LVL59:
 328 0098 02EB8202 		add	r2, r2, r2, lsl #2
 329              	.LVL60:
 330 009c 9201     		lsls	r2, r2, #6
 331 009e 0C49     		ldr	r1, .L21+4
 332 00a0 81FB0201 		smull	r0, r1, r1, r2
 333 00a4 1144     		add	r1, r1, r2
 334 00a6 D217     		asrs	r2, r2, #31
 335 00a8 C2EBE122 		rsb	r2, r2, r1, asr #11
 336 00ac 92B2     		uxth	r2, r2
 337              	.LVL61:
 125:.\XPT2046.c   ****         if(py <= 0) py = 0;
 126:.\XPT2046.c   ****         if(py >= YSIZE_PHYS) py = YSIZE_PHYS;
 338              		.loc 1 126 0
 339 00ae B2F5A07F 		cmp	r2, #320
 340 00b2 01D3     		bcc	.L16
 341 00b4 4FF4A072 		mov	r2, #320
 342              	.LVL62:
 343              	.L16:
 127:.\XPT2046.c   ****         *X = py; // Based on the orientation of my screen I flip here
 344              		.loc 1 127 0
 345 00b8 A9F80020 		strh	r2, [r9]	@ movhi
 128:.\XPT2046.c   ****         *Y = px;
 346              		.loc 1 128 0
 347 00bc A8F80030 		strh	r3, [r8]	@ movhi
 129:.\XPT2046.c   ****         return(1);      // Data Valid
 348              		.loc 1 129 0
 349 00c0 0120     		movs	r0, #1
 350 00c2 BDE8F883 		pop	{r3, r4, r5, r6, r7, r8, r9, pc}
 351              	.LVL63:
 352              	.L17:
 130:.\XPT2046.c   ****     }
 131:.\XPT2046.c   ****     else
 132:.\XPT2046.c   ****     {
 133:.\XPT2046.c   ****         return(0);      // Data not valid
 353              		.loc 1 133 0
 354 00c6 0020     		movs	r0, #0
 355              	.LVL64:
 134:.\XPT2046.c   ****     }
 135:.\XPT2046.c   **** }
 356              		.loc 1 135 0
 357 00c8 BDE8F883 		pop	{r3, r4, r5, r6, r7, r8, r9, pc}
 358              	.LVL65:
 359              	.L22:
ARM GAS  C:\Users\student\AppData\Local\Temp\ccKONqO6.s 			page 10


 360              		.align	2
 361              	.L21:
 362 00cc 930A20A9 		.word	-1457517933
 363 00d0 EF09E09E 		.word	-1629484561
 364              		.cfi_endproc
 365              	.LFE67:
 366              		.size	XPT2046_ReadXY, .-XPT2046_ReadXY
 367              		.section	.text.XPT2046_ReadZ,"ax",%progbits
 368              		.align	2
 369              		.global	XPT2046_ReadZ
 370              		.thumb
 371              		.thumb_func
 372              		.type	XPT2046_ReadZ, %function
 373              	XPT2046_ReadZ:
 374              	.LFB68:
 136:.\XPT2046.c   **** 
 137:.\XPT2046.c   **** //**********************************************************
 138:.\XPT2046.c   **** //**************    Obtain Z Coordinate    *****************
 139:.\XPT2046.c   **** //**************  Touch Pressure RAW Data  *****************
 140:.\XPT2046.c   **** //**********************************************************
 141:.\XPT2046.c   **** uint16 XPT2046_ReadZ(void)
 142:.\XPT2046.c   **** {
 375              		.loc 1 142 0
 376              		.cfi_startproc
 377              		@ args = 0, pretend = 0, frame = 0
 378              		@ frame_needed = 0, uses_anonymous_args = 0
 379 0000 10B5     		push	{r4, lr}
 380              		.cfi_def_cfa_offset 8
 381              		.cfi_offset 4, -8
 382              		.cfi_offset 14, -4
 143:.\XPT2046.c   ****     return(XPT2046_ReadPos(0xc0) - XPT2046_ReadPos(0xb0));      // Z Data Raw is inverse, so 4095 i
 383              		.loc 1 143 0
 384 0002 C020     		movs	r0, #192
 385 0004 FFF7FEFF 		bl	XPT2046_ReadPos
 386              	.LVL66:
 387 0008 0446     		mov	r4, r0
 388 000a B020     		movs	r0, #176
 389 000c FFF7FEFF 		bl	XPT2046_ReadPos
 390              	.LVL67:
 391 0010 201A     		subs	r0, r4, r0
 144:.\XPT2046.c   **** }
 392              		.loc 1 144 0
 393 0012 80B2     		uxth	r0, r0
 394 0014 10BD     		pop	{r4, pc}
 395              		.cfi_endproc
 396              	.LFE68:
 397              		.size	XPT2046_ReadZ, .-XPT2046_ReadZ
 398              		.comm	PosY,2,2
 399              		.comm	PosX,2,2
 400 0016 00BF     		.text
 401              	.Letext0:
 402              		.file 2 "c:\\program files (x86)\\cypress\\psoc creator\\3.3\\psoc creator\\import\\gnu\\arm\\4.9.
 403              		.file 3 "c:\\program files (x86)\\cypress\\psoc creator\\3.3\\psoc creator\\import\\gnu\\arm\\4.9.
 404              		.file 4 "Generated_Source\\PSoC5/cytypes.h"
 405              		.file 5 "Generated_Source\\PSoC5/core_cm3.h"
 406              		.file 6 ".\\XPT2046.h"
 407              		.file 7 "Generated_Source\\PSoC5/T_CLK.h"
ARM GAS  C:\Users\student\AppData\Local\Temp\ccKONqO6.s 			page 11


 408              		.file 8 "Generated_Source\\PSoC5/T_DIN.h"
 409              		.file 9 "Generated_Source\\PSoC5/CyLib.h"
 410              		.file 10 "Generated_Source\\PSoC5/T_CS.h"
 411              		.file 11 "Generated_Source\\PSoC5/T_DO.h"
 412              		.section	.debug_info,"",%progbits
 413              	.Ldebug_info0:
 414 0000 1E050000 		.4byte	0x51e
 415 0004 0400     		.2byte	0x4
 416 0006 00000000 		.4byte	.Ldebug_abbrev0
 417 000a 04       		.byte	0x4
 418 000b 01       		.uleb128 0x1
 419 000c 5B000000 		.4byte	.LASF34
 420 0010 01       		.byte	0x1
 421 0011 00020000 		.4byte	.LASF35
 422 0015 07010000 		.4byte	.LASF36
 423 0019 00000000 		.4byte	.Ldebug_ranges0+0
 424 001d 00000000 		.4byte	0
 425 0021 00000000 		.4byte	.Ldebug_line0
 426 0025 02       		.uleb128 0x2
 427 0026 01       		.byte	0x1
 428 0027 06       		.byte	0x6
 429 0028 67020000 		.4byte	.LASF0
 430 002c 02       		.uleb128 0x2
 431 002d 01       		.byte	0x1
 432 002e 08       		.byte	0x8
 433 002f 74010000 		.4byte	.LASF1
 434 0033 02       		.uleb128 0x2
 435 0034 02       		.byte	0x2
 436 0035 05       		.byte	0x5
 437 0036 37020000 		.4byte	.LASF2
 438 003a 02       		.uleb128 0x2
 439 003b 02       		.byte	0x2
 440 003c 07       		.byte	0x7
 441 003d F4000000 		.4byte	.LASF3
 442 0041 03       		.uleb128 0x3
 443 0042 46000000 		.4byte	.LASF9
 444 0046 02       		.byte	0x2
 445 0047 3F       		.byte	0x3f
 446 0048 4C000000 		.4byte	0x4c
 447 004c 02       		.uleb128 0x2
 448 004d 04       		.byte	0x4
 449 004e 05       		.byte	0x5
 450 004f 52020000 		.4byte	.LASF4
 451 0053 02       		.uleb128 0x2
 452 0054 04       		.byte	0x4
 453 0055 07       		.byte	0x7
 454 0056 98010000 		.4byte	.LASF5
 455 005a 02       		.uleb128 0x2
 456 005b 08       		.byte	0x8
 457 005c 05       		.byte	0x5
 458 005d 00000000 		.4byte	.LASF6
 459 0061 02       		.uleb128 0x2
 460 0062 08       		.byte	0x8
 461 0063 07       		.byte	0x7
 462 0064 E9010000 		.4byte	.LASF7
 463 0068 04       		.uleb128 0x4
 464 0069 04       		.byte	0x4
ARM GAS  C:\Users\student\AppData\Local\Temp\ccKONqO6.s 			page 12


 465 006a 05       		.byte	0x5
 466 006b 696E7400 		.ascii	"int\000"
 467 006f 02       		.uleb128 0x2
 468 0070 04       		.byte	0x4
 469 0071 07       		.byte	0x7
 470 0072 DC010000 		.4byte	.LASF8
 471 0076 03       		.uleb128 0x3
 472 0077 0C020000 		.4byte	.LASF10
 473 007b 03       		.byte	0x3
 474 007c 2C       		.byte	0x2c
 475 007d 41000000 		.4byte	0x41
 476 0081 05       		.uleb128 0x5
 477 0082 4C020000 		.4byte	.LASF11
 478 0086 04       		.byte	0x4
 479 0087 9201     		.2byte	0x192
 480 0089 2C000000 		.4byte	0x2c
 481 008d 05       		.uleb128 0x5
 482 008e CE010000 		.4byte	.LASF12
 483 0092 04       		.byte	0x4
 484 0093 9301     		.2byte	0x193
 485 0095 3A000000 		.4byte	0x3a
 486 0099 05       		.uleb128 0x5
 487 009a D5010000 		.4byte	.LASF13
 488 009e 04       		.byte	0x4
 489 009f 9401     		.2byte	0x194
 490 00a1 53000000 		.4byte	0x53
 491 00a5 02       		.uleb128 0x2
 492 00a6 04       		.byte	0x4
 493 00a7 04       		.byte	0x4
 494 00a8 64010000 		.4byte	.LASF14
 495 00ac 02       		.uleb128 0x2
 496 00ad 08       		.byte	0x8
 497 00ae 04       		.byte	0x4
 498 00af C7010000 		.4byte	.LASF15
 499 00b3 02       		.uleb128 0x2
 500 00b4 01       		.byte	0x1
 501 00b5 08       		.byte	0x8
 502 00b6 2C020000 		.4byte	.LASF16
 503 00ba 02       		.uleb128 0x2
 504 00bb 08       		.byte	0x8
 505 00bc 04       		.byte	0x4
 506 00bd 5B020000 		.4byte	.LASF17
 507 00c1 02       		.uleb128 0x2
 508 00c2 04       		.byte	0x4
 509 00c3 07       		.byte	0x7
 510 00c4 14020000 		.4byte	.LASF18
 511 00c8 06       		.uleb128 0x6
 512 00c9 41020000 		.4byte	.LASF19
 513 00cd 01       		.byte	0x1
 514 00ce 1E       		.byte	0x1e
 515 00cf 03       		.byte	0x3
 516 00d0 EB000000 		.4byte	0xeb
 517 00d4 07       		.uleb128 0x7
 518 00d5 4E756D00 		.ascii	"Num\000"
 519 00d9 01       		.byte	0x1
 520 00da 1E       		.byte	0x1e
 521 00db 2C000000 		.4byte	0x2c
ARM GAS  C:\Users\student\AppData\Local\Temp\ccKONqO6.s 			page 13


 522 00df 08       		.uleb128 0x8
 523 00e0 31020000 		.4byte	.LASF21
 524 00e4 01       		.byte	0x1
 525 00e5 20       		.byte	0x20
 526 00e6 2C000000 		.4byte	0x2c
 527 00ea 00       		.byte	0
 528 00eb 09       		.uleb128 0x9
 529 00ec 82010000 		.4byte	.LASF20
 530 00f0 01       		.byte	0x1
 531 00f1 32       		.byte	0x32
 532 00f2 8D000000 		.4byte	0x8d
 533 00f6 03       		.byte	0x3
 534 00f7 12010000 		.4byte	0x112
 535 00fb 08       		.uleb128 0x8
 536 00fc 31020000 		.4byte	.LASF21
 537 0100 01       		.byte	0x1
 538 0101 34       		.byte	0x34
 539 0102 81000000 		.4byte	0x81
 540 0106 0A       		.uleb128 0xa
 541 0107 4E756D00 		.ascii	"Num\000"
 542 010b 01       		.byte	0x1
 543 010c 35       		.byte	0x35
 544 010d 8D000000 		.4byte	0x8d
 545 0111 00       		.byte	0
 546 0112 0B       		.uleb128 0xb
 547 0113 AA010000 		.4byte	.LASF22
 548 0117 01       		.byte	0x1
 549 0118 47       		.byte	0x47
 550 0119 8D000000 		.4byte	0x8d
 551 011d 00000000 		.4byte	.LFB65
 552 0121 A2000000 		.4byte	.LFE65-.LFB65
 553 0125 01       		.uleb128 0x1
 554 0126 9C       		.byte	0x9c
 555 0127 EC020000 		.4byte	0x2ec
 556 012b 0C       		.uleb128 0xc
 557 012c 1C000000 		.4byte	.LASF24
 558 0130 01       		.byte	0x1
 559 0131 47       		.byte	0x47
 560 0132 8D000000 		.4byte	0x8d
 561 0136 00000000 		.4byte	.LLST0
 562 013a 0D       		.uleb128 0xd
 563 013b 706F7300 		.ascii	"pos\000"
 564 013f 01       		.byte	0x1
 565 0140 49       		.byte	0x49
 566 0141 8D000000 		.4byte	0x8d
 567 0145 01       		.uleb128 0x1
 568 0146 54       		.byte	0x54
 569 0147 0E       		.uleb128 0xe
 570 0148 C8000000 		.4byte	0xc8
 571 014c 0C000000 		.4byte	.LBB6
 572 0150 42000000 		.4byte	.LBE6-.LBB6
 573 0154 01       		.byte	0x1
 574 0155 4B       		.byte	0x4b
 575 0156 F8010000 		.4byte	0x1f8
 576 015a 0F       		.uleb128 0xf
 577 015b D4000000 		.4byte	0xd4
 578 015f 21000000 		.4byte	.LLST1
ARM GAS  C:\Users\student\AppData\Local\Temp\ccKONqO6.s 			page 14


 579 0163 10       		.uleb128 0x10
 580 0164 0C000000 		.4byte	.LBB7
 581 0168 42000000 		.4byte	.LBE7-.LBB7
 582 016c 11       		.uleb128 0x11
 583 016d DF000000 		.4byte	0xdf
 584 0171 3F000000 		.4byte	.LLST2
 585 0175 12       		.uleb128 0x12
 586 0176 12000000 		.4byte	.LVL4
 587 017a C5040000 		.4byte	0x4c5
 588 017e 88010000 		.4byte	0x188
 589 0182 13       		.uleb128 0x13
 590 0183 01       		.uleb128 0x1
 591 0184 50       		.byte	0x50
 592 0185 01       		.uleb128 0x1
 593 0186 30       		.byte	0x30
 594 0187 00       		.byte	0
 595 0188 12       		.uleb128 0x12
 596 0189 22000000 		.4byte	.LVL6
 597 018d D6040000 		.4byte	0x4d6
 598 0191 9B010000 		.4byte	0x19b
 599 0195 13       		.uleb128 0x13
 600 0196 01       		.uleb128 0x1
 601 0197 50       		.byte	0x50
 602 0198 01       		.uleb128 0x1
 603 0199 31       		.byte	0x31
 604 019a 00       		.byte	0
 605 019b 12       		.uleb128 0x12
 606 019c 2A000000 		.4byte	.LVL7
 607 01a0 D6040000 		.4byte	0x4d6
 608 01a4 AE010000 		.4byte	0x1ae
 609 01a8 13       		.uleb128 0x13
 610 01a9 01       		.uleb128 0x1
 611 01aa 50       		.byte	0x50
 612 01ab 01       		.uleb128 0x1
 613 01ac 30       		.byte	0x30
 614 01ad 00       		.byte	0
 615 01ae 12       		.uleb128 0x12
 616 01af 30000000 		.4byte	.LVL8
 617 01b3 C5040000 		.4byte	0x4c5
 618 01b7 C1010000 		.4byte	0x1c1
 619 01bb 13       		.uleb128 0x13
 620 01bc 01       		.uleb128 0x1
 621 01bd 50       		.byte	0x50
 622 01be 01       		.uleb128 0x1
 623 01bf 30       		.byte	0x30
 624 01c0 00       		.byte	0
 625 01c1 12       		.uleb128 0x12
 626 01c2 36000000 		.4byte	.LVL9
 627 01c6 E7040000 		.4byte	0x4e7
 628 01ca D4010000 		.4byte	0x1d4
 629 01ce 13       		.uleb128 0x13
 630 01cf 01       		.uleb128 0x1
 631 01d0 50       		.byte	0x50
 632 01d1 01       		.uleb128 0x1
 633 01d2 3A       		.byte	0x3a
 634 01d3 00       		.byte	0
 635 01d4 12       		.uleb128 0x12
ARM GAS  C:\Users\student\AppData\Local\Temp\ccKONqO6.s 			page 15


 636 01d5 3C000000 		.4byte	.LVL10
 637 01d9 C5040000 		.4byte	0x4c5
 638 01dd E7010000 		.4byte	0x1e7
 639 01e1 13       		.uleb128 0x13
 640 01e2 01       		.uleb128 0x1
 641 01e3 50       		.byte	0x50
 642 01e4 01       		.uleb128 0x1
 643 01e5 31       		.byte	0x31
 644 01e6 00       		.byte	0
 645 01e7 14       		.uleb128 0x14
 646 01e8 42000000 		.4byte	.LVL11
 647 01ec E7040000 		.4byte	0x4e7
 648 01f0 13       		.uleb128 0x13
 649 01f1 01       		.uleb128 0x1
 650 01f2 50       		.byte	0x50
 651 01f3 01       		.uleb128 0x1
 652 01f4 3A       		.byte	0x3a
 653 01f5 00       		.byte	0
 654 01f6 00       		.byte	0
 655 01f7 00       		.byte	0
 656 01f8 0E       		.uleb128 0xe
 657 01f9 EB000000 		.4byte	0xeb
 658 01fd 66000000 		.4byte	.LBB8
 659 0201 32000000 		.4byte	.LBE8-.LBB8
 660 0205 01       		.byte	0x1
 661 0206 50       		.byte	0x50
 662 0207 7D020000 		.4byte	0x27d
 663 020b 10       		.uleb128 0x10
 664 020c 66000000 		.4byte	.LBB9
 665 0210 32000000 		.4byte	.LBE9-.LBB9
 666 0214 11       		.uleb128 0x11
 667 0215 FB000000 		.4byte	0xfb
 668 0219 69000000 		.4byte	.LLST3
 669 021d 11       		.uleb128 0x11
 670 021e 06010000 		.4byte	0x106
 671 0222 93000000 		.4byte	.LLST4
 672 0226 12       		.uleb128 0x12
 673 0227 76000000 		.4byte	.LVL25
 674 022b C5040000 		.4byte	0x4c5
 675 022f 39020000 		.4byte	0x239
 676 0233 13       		.uleb128 0x13
 677 0234 01       		.uleb128 0x1
 678 0235 50       		.byte	0x50
 679 0236 01       		.uleb128 0x1
 680 0237 31       		.byte	0x31
 681 0238 00       		.byte	0
 682 0239 12       		.uleb128 0x12
 683 023a 7C000000 		.4byte	.LVL26
 684 023e E7040000 		.4byte	0x4e7
 685 0242 4C020000 		.4byte	0x24c
 686 0246 13       		.uleb128 0x13
 687 0247 01       		.uleb128 0x1
 688 0248 50       		.byte	0x50
 689 0249 01       		.uleb128 0x1
 690 024a 3A       		.byte	0x3a
 691 024b 00       		.byte	0
 692 024c 12       		.uleb128 0x12
ARM GAS  C:\Users\student\AppData\Local\Temp\ccKONqO6.s 			page 16


 693 024d 82000000 		.4byte	.LVL27
 694 0251 C5040000 		.4byte	0x4c5
 695 0255 5F020000 		.4byte	0x25f
 696 0259 13       		.uleb128 0x13
 697 025a 01       		.uleb128 0x1
 698 025b 50       		.byte	0x50
 699 025c 01       		.uleb128 0x1
 700 025d 30       		.byte	0x30
 701 025e 00       		.byte	0
 702 025f 12       		.uleb128 0x12
 703 0260 88000000 		.4byte	.LVL28
 704 0264 E7040000 		.4byte	0x4e7
 705 0268 72020000 		.4byte	0x272
 706 026c 13       		.uleb128 0x13
 707 026d 01       		.uleb128 0x1
 708 026e 50       		.byte	0x50
 709 026f 01       		.uleb128 0x1
 710 0270 3A       		.byte	0x3a
 711 0271 00       		.byte	0
 712 0272 15       		.uleb128 0x15
 713 0273 8C000000 		.4byte	.LVL29
 714 0277 F8040000 		.4byte	0x4f8
 715 027b 00       		.byte	0
 716 027c 00       		.byte	0
 717 027d 12       		.uleb128 0x12
 718 027e 0A000000 		.4byte	.LVL2
 719 0282 03050000 		.4byte	0x503
 720 0286 90020000 		.4byte	0x290
 721 028a 13       		.uleb128 0x13
 722 028b 01       		.uleb128 0x1
 723 028c 50       		.byte	0x50
 724 028d 01       		.uleb128 0x1
 725 028e 30       		.byte	0x30
 726 028f 00       		.byte	0
 727 0290 12       		.uleb128 0x12
 728 0291 54000000 		.4byte	.LVL16
 729 0295 C5040000 		.4byte	0x4c5
 730 0299 A3020000 		.4byte	0x2a3
 731 029d 13       		.uleb128 0x13
 732 029e 01       		.uleb128 0x1
 733 029f 50       		.byte	0x50
 734 02a0 01       		.uleb128 0x1
 735 02a1 31       		.byte	0x31
 736 02a2 00       		.byte	0
 737 02a3 12       		.uleb128 0x12
 738 02a4 5A000000 		.4byte	.LVL17
 739 02a8 E7040000 		.4byte	0x4e7
 740 02ac B6020000 		.4byte	0x2b6
 741 02b0 13       		.uleb128 0x13
 742 02b1 01       		.uleb128 0x1
 743 02b2 50       		.byte	0x50
 744 02b3 01       		.uleb128 0x1
 745 02b4 3A       		.byte	0x3a
 746 02b5 00       		.byte	0
 747 02b6 12       		.uleb128 0x12
 748 02b7 60000000 		.4byte	.LVL18
 749 02bb C5040000 		.4byte	0x4c5
ARM GAS  C:\Users\student\AppData\Local\Temp\ccKONqO6.s 			page 17


 750 02bf C9020000 		.4byte	0x2c9
 751 02c3 13       		.uleb128 0x13
 752 02c4 01       		.uleb128 0x1
 753 02c5 50       		.byte	0x50
 754 02c6 01       		.uleb128 0x1
 755 02c7 30       		.byte	0x30
 756 02c8 00       		.byte	0
 757 02c9 12       		.uleb128 0x12
 758 02ca 66000000 		.4byte	.LVL19
 759 02ce E7040000 		.4byte	0x4e7
 760 02d2 DC020000 		.4byte	0x2dc
 761 02d6 13       		.uleb128 0x13
 762 02d7 01       		.uleb128 0x1
 763 02d8 50       		.byte	0x50
 764 02d9 01       		.uleb128 0x1
 765 02da 3A       		.byte	0x3a
 766 02db 00       		.byte	0
 767 02dc 14       		.uleb128 0x14
 768 02dd 9E000000 		.4byte	.LVL33
 769 02e1 03050000 		.4byte	0x503
 770 02e5 13       		.uleb128 0x13
 771 02e6 01       		.uleb128 0x1
 772 02e7 50       		.byte	0x50
 773 02e8 01       		.uleb128 0x1
 774 02e9 31       		.byte	0x31
 775 02ea 00       		.byte	0
 776 02eb 00       		.byte	0
 777 02ec 16       		.uleb128 0x16
 778 02ed 30000000 		.4byte	.LASF37
 779 02f1 01       		.byte	0x1
 780 02f2 59       		.byte	0x59
 781 02f3 00000000 		.4byte	.LFB66
 782 02f7 10000000 		.4byte	.LFE66-.LFB66
 783 02fb 01       		.uleb128 0x1
 784 02fc 9C       		.byte	0x9c
 785 02fd 25030000 		.4byte	0x325
 786 0301 12       		.uleb128 0x12
 787 0302 08000000 		.4byte	.LVL34
 788 0306 12010000 		.4byte	0x112
 789 030a 15030000 		.4byte	0x315
 790 030e 13       		.uleb128 0x13
 791 030f 01       		.uleb128 0x1
 792 0310 50       		.byte	0x50
 793 0311 02       		.uleb128 0x2
 794 0312 08       		.byte	0x8
 795 0313 80       		.byte	0x80
 796 0314 00       		.byte	0
 797 0315 14       		.uleb128 0x14
 798 0316 0E000000 		.4byte	.LVL35
 799 031a 14050000 		.4byte	0x514
 800 031e 13       		.uleb128 0x13
 801 031f 01       		.uleb128 0x1
 802 0320 50       		.byte	0x50
 803 0321 01       		.uleb128 0x1
 804 0322 35       		.byte	0x35
 805 0323 00       		.byte	0
 806 0324 00       		.byte	0
ARM GAS  C:\Users\student\AppData\Local\Temp\ccKONqO6.s 			page 18


 807 0325 0B       		.uleb128 0xb
 808 0326 1D020000 		.4byte	.LASF23
 809 032a 01       		.byte	0x1
 810 032b 63       		.byte	0x63
 811 032c 81000000 		.4byte	0x81
 812 0330 00000000 		.4byte	.LFB67
 813 0334 D4000000 		.4byte	.LFE67-.LFB67
 814 0338 01       		.uleb128 0x1
 815 0339 9C       		.byte	0x9c
 816 033a 4E040000 		.4byte	0x44e
 817 033e 17       		.uleb128 0x17
 818 033f 5800     		.ascii	"X\000"
 819 0341 01       		.byte	0x1
 820 0342 63       		.byte	0x63
 821 0343 4E040000 		.4byte	0x44e
 822 0347 BD000000 		.4byte	.LLST5
 823 034b 17       		.uleb128 0x17
 824 034c 5900     		.ascii	"Y\000"
 825 034e 01       		.byte	0x1
 826 034f 63       		.byte	0x63
 827 0350 4E040000 		.4byte	0x44e
 828 0354 E9000000 		.4byte	.LLST6
 829 0358 18       		.uleb128 0x18
 830 0359 783000   		.ascii	"x0\000"
 831 035c 01       		.byte	0x1
 832 035d 65       		.byte	0x65
 833 035e 8D000000 		.4byte	0x8d
 834 0362 15010000 		.4byte	.LLST7
 835 0366 18       		.uleb128 0x18
 836 0367 793000   		.ascii	"y0\000"
 837 036a 01       		.byte	0x1
 838 036b 65       		.byte	0x65
 839 036c 8D000000 		.4byte	0x8d
 840 0370 28010000 		.4byte	.LLST8
 841 0374 18       		.uleb128 0x18
 842 0375 783100   		.ascii	"x1\000"
 843 0378 01       		.byte	0x1
 844 0379 65       		.byte	0x65
 845 037a 8D000000 		.4byte	0x8d
 846 037e 3B010000 		.4byte	.LLST9
 847 0382 18       		.uleb128 0x18
 848 0383 793100   		.ascii	"y1\000"
 849 0386 01       		.byte	0x1
 850 0387 65       		.byte	0x65
 851 0388 8D000000 		.4byte	0x8d
 852 038c 59010000 		.4byte	.LLST10
 853 0390 18       		.uleb128 0x18
 854 0391 78617600 		.ascii	"xav\000"
 855 0395 01       		.byte	0x1
 856 0396 65       		.byte	0x65
 857 0397 8D000000 		.4byte	0x8d
 858 039b 77010000 		.4byte	.LLST11
 859 039f 18       		.uleb128 0x18
 860 03a0 79617600 		.ascii	"yav\000"
 861 03a4 01       		.byte	0x1
 862 03a5 65       		.byte	0x65
 863 03a6 8D000000 		.4byte	0x8d
ARM GAS  C:\Users\student\AppData\Local\Temp\ccKONqO6.s 			page 19


 864 03aa A8010000 		.4byte	.LLST12
 865 03ae 18       		.uleb128 0x18
 866 03af 707800   		.ascii	"px\000"
 867 03b2 01       		.byte	0x1
 868 03b3 65       		.byte	0x65
 869 03b4 8D000000 		.4byte	0x8d
 870 03b8 DC010000 		.4byte	.LLST13
 871 03bc 18       		.uleb128 0x18
 872 03bd 707900   		.ascii	"py\000"
 873 03c0 01       		.byte	0x1
 874 03c1 65       		.byte	0x65
 875 03c2 8D000000 		.4byte	0x8d
 876 03c6 EF010000 		.4byte	.LLST14
 877 03ca 19       		.uleb128 0x19
 878 03cb 3E000000 		.4byte	.LASF25
 879 03cf 01       		.byte	0x1
 880 03d0 66       		.byte	0x66
 881 03d1 8D000000 		.4byte	0x8d
 882 03d5 02020000 		.4byte	.LLST15
 883 03d9 12       		.uleb128 0x12
 884 03da 10000000 		.4byte	.LVL39
 885 03de 12010000 		.4byte	0x112
 886 03e2 ED030000 		.4byte	0x3ed
 887 03e6 13       		.uleb128 0x13
 888 03e7 01       		.uleb128 0x1
 889 03e8 50       		.byte	0x50
 890 03e9 02       		.uleb128 0x2
 891 03ea 08       		.byte	0x8
 892 03eb 90       		.byte	0x90
 893 03ec 00       		.byte	0
 894 03ed 12       		.uleb128 0x12
 895 03ee 16000000 		.4byte	.LVL40
 896 03f2 12010000 		.4byte	0x112
 897 03f6 01040000 		.4byte	0x401
 898 03fa 13       		.uleb128 0x13
 899 03fb 01       		.uleb128 0x1
 900 03fc 50       		.byte	0x50
 901 03fd 02       		.uleb128 0x2
 902 03fe 08       		.byte	0x8
 903 03ff 90       		.byte	0x90
 904 0400 00       		.byte	0
 905 0401 12       		.uleb128 0x12
 906 0402 1E000000 		.4byte	.LVL42
 907 0406 12010000 		.4byte	0x112
 908 040a 15040000 		.4byte	0x415
 909 040e 13       		.uleb128 0x13
 910 040f 01       		.uleb128 0x1
 911 0410 50       		.byte	0x50
 912 0411 02       		.uleb128 0x2
 913 0412 08       		.byte	0x8
 914 0413 90       		.byte	0x90
 915 0414 00       		.byte	0
 916 0415 12       		.uleb128 0x12
 917 0416 26000000 		.4byte	.LVL44
 918 041a 12010000 		.4byte	0x112
 919 041e 29040000 		.4byte	0x429
 920 0422 13       		.uleb128 0x13
ARM GAS  C:\Users\student\AppData\Local\Temp\ccKONqO6.s 			page 20


 921 0423 01       		.uleb128 0x1
 922 0424 50       		.byte	0x50
 923 0425 02       		.uleb128 0x2
 924 0426 08       		.byte	0x8
 925 0427 D0       		.byte	0xd0
 926 0428 00       		.byte	0
 927 0429 12       		.uleb128 0x12
 928 042a 2C000000 		.4byte	.LVL45
 929 042e 12010000 		.4byte	0x112
 930 0432 3D040000 		.4byte	0x43d
 931 0436 13       		.uleb128 0x13
 932 0437 01       		.uleb128 0x1
 933 0438 50       		.byte	0x50
 934 0439 02       		.uleb128 0x2
 935 043a 08       		.byte	0x8
 936 043b D0       		.byte	0xd0
 937 043c 00       		.byte	0
 938 043d 14       		.uleb128 0x14
 939 043e 34000000 		.4byte	.LVL47
 940 0442 12010000 		.4byte	0x112
 941 0446 13       		.uleb128 0x13
 942 0447 01       		.uleb128 0x1
 943 0448 50       		.byte	0x50
 944 0449 02       		.uleb128 0x2
 945 044a 08       		.byte	0x8
 946 044b D0       		.byte	0xd0
 947 044c 00       		.byte	0
 948 044d 00       		.byte	0
 949 044e 1A       		.uleb128 0x1a
 950 044f 04       		.byte	0x4
 951 0450 8D000000 		.4byte	0x8d
 952 0454 0B       		.uleb128 0xb
 953 0455 22000000 		.4byte	.LASF26
 954 0459 01       		.byte	0x1
 955 045a 8D       		.byte	0x8d
 956 045b 8D000000 		.4byte	0x8d
 957 045f 00000000 		.4byte	.LFB68
 958 0463 16000000 		.4byte	.LFE68-.LFB68
 959 0467 01       		.uleb128 0x1
 960 0468 9C       		.byte	0x9c
 961 0469 92040000 		.4byte	0x492
 962 046d 12       		.uleb128 0x12
 963 046e 08000000 		.4byte	.LVL66
 964 0472 12010000 		.4byte	0x112
 965 0476 81040000 		.4byte	0x481
 966 047a 13       		.uleb128 0x13
 967 047b 01       		.uleb128 0x1
 968 047c 50       		.byte	0x50
 969 047d 02       		.uleb128 0x2
 970 047e 08       		.byte	0x8
 971 047f C0       		.byte	0xc0
 972 0480 00       		.byte	0
 973 0481 14       		.uleb128 0x14
 974 0482 10000000 		.4byte	.LVL67
 975 0486 12010000 		.4byte	0x112
 976 048a 13       		.uleb128 0x13
 977 048b 01       		.uleb128 0x1
ARM GAS  C:\Users\student\AppData\Local\Temp\ccKONqO6.s 			page 21


 978 048c 50       		.byte	0x50
 979 048d 02       		.uleb128 0x2
 980 048e 08       		.byte	0x8
 981 048f B0       		.byte	0xb0
 982 0490 00       		.byte	0
 983 0491 00       		.byte	0
 984 0492 1B       		.uleb128 0x1b
 985 0493 BA010000 		.4byte	.LASF27
 986 0497 05       		.byte	0x5
 987 0498 9606     		.2byte	0x696
 988 049a 9E040000 		.4byte	0x49e
 989 049e 1C       		.uleb128 0x1c
 990 049f 76000000 		.4byte	0x76
 991 04a3 1D       		.uleb128 0x1d
 992 04a4 6A010000 		.4byte	.LASF28
 993 04a8 06       		.byte	0x6
 994 04a9 11       		.byte	0x11
 995 04aa 8D000000 		.4byte	0x8d
 996 04ae 05       		.uleb128 0x5
 997 04af 03       		.byte	0x3
 998 04b0 00000000 		.4byte	PosX
 999 04b4 1D       		.uleb128 0x1d
 1000 04b5 6F010000 		.4byte	.LASF29
 1001 04b9 06       		.byte	0x6
 1002 04ba 12       		.byte	0x12
 1003 04bb 8D000000 		.4byte	0x8d
 1004 04bf 05       		.uleb128 0x5
 1005 04c0 03       		.byte	0x3
 1006 04c1 00000000 		.4byte	PosY
 1007 04c5 1E       		.uleb128 0x1e
 1008 04c6 58010000 		.4byte	.LASF30
 1009 04ca 07       		.byte	0x7
 1010 04cb 26       		.byte	0x26
 1011 04cc D6040000 		.4byte	0x4d6
 1012 04d0 1F       		.uleb128 0x1f
 1013 04d1 81000000 		.4byte	0x81
 1014 04d5 00       		.byte	0
 1015 04d6 1E       		.uleb128 0x1e
 1016 04d7 8C010000 		.4byte	.LASF31
 1017 04db 08       		.byte	0x8
 1018 04dc 26       		.byte	0x26
 1019 04dd E7040000 		.4byte	0x4e7
 1020 04e1 1F       		.uleb128 0x1f
 1021 04e2 81000000 		.4byte	0x81
 1022 04e6 00       		.byte	0
 1023 04e7 1E       		.uleb128 0x1e
 1024 04e8 0E000000 		.4byte	.LASF32
 1025 04ec 09       		.byte	0x9
 1026 04ed 79       		.byte	0x79
 1027 04ee F8040000 		.4byte	0x4f8
 1028 04f2 1F       		.uleb128 0x1f
 1029 04f3 99000000 		.4byte	0x99
 1030 04f7 00       		.byte	0
 1031 04f8 20       		.uleb128 0x20
 1032 04f9 73020000 		.4byte	.LASF38
 1033 04fd 0B       		.byte	0xb
 1034 04fe 29       		.byte	0x29
ARM GAS  C:\Users\student\AppData\Local\Temp\ccKONqO6.s 			page 22


 1035 04ff 81000000 		.4byte	0x81
 1036 0503 1E       		.uleb128 0x1e
 1037 0504 50000000 		.4byte	.LASF33
 1038 0508 0A       		.byte	0xa
 1039 0509 26       		.byte	0x26
 1040 050a 14050000 		.4byte	0x514
 1041 050e 1F       		.uleb128 0x1f
 1042 050f 81000000 		.4byte	0x81
 1043 0513 00       		.byte	0
 1044 0514 21       		.uleb128 0x21
 1045 0515 7D020000 		.4byte	.LASF39
 1046 0519 09       		.byte	0x9
 1047 051a 76       		.byte	0x76
 1048 051b 1F       		.uleb128 0x1f
 1049 051c 99000000 		.4byte	0x99
 1050 0520 00       		.byte	0
 1051 0521 00       		.byte	0
 1052              		.section	.debug_abbrev,"",%progbits
 1053              	.Ldebug_abbrev0:
 1054 0000 01       		.uleb128 0x1
 1055 0001 11       		.uleb128 0x11
 1056 0002 01       		.byte	0x1
 1057 0003 25       		.uleb128 0x25
 1058 0004 0E       		.uleb128 0xe
 1059 0005 13       		.uleb128 0x13
 1060 0006 0B       		.uleb128 0xb
 1061 0007 03       		.uleb128 0x3
 1062 0008 0E       		.uleb128 0xe
 1063 0009 1B       		.uleb128 0x1b
 1064 000a 0E       		.uleb128 0xe
 1065 000b 55       		.uleb128 0x55
 1066 000c 17       		.uleb128 0x17
 1067 000d 11       		.uleb128 0x11
 1068 000e 01       		.uleb128 0x1
 1069 000f 10       		.uleb128 0x10
 1070 0010 17       		.uleb128 0x17
 1071 0011 00       		.byte	0
 1072 0012 00       		.byte	0
 1073 0013 02       		.uleb128 0x2
 1074 0014 24       		.uleb128 0x24
 1075 0015 00       		.byte	0
 1076 0016 0B       		.uleb128 0xb
 1077 0017 0B       		.uleb128 0xb
 1078 0018 3E       		.uleb128 0x3e
 1079 0019 0B       		.uleb128 0xb
 1080 001a 03       		.uleb128 0x3
 1081 001b 0E       		.uleb128 0xe
 1082 001c 00       		.byte	0
 1083 001d 00       		.byte	0
 1084 001e 03       		.uleb128 0x3
 1085 001f 16       		.uleb128 0x16
 1086 0020 00       		.byte	0
 1087 0021 03       		.uleb128 0x3
 1088 0022 0E       		.uleb128 0xe
 1089 0023 3A       		.uleb128 0x3a
 1090 0024 0B       		.uleb128 0xb
 1091 0025 3B       		.uleb128 0x3b
ARM GAS  C:\Users\student\AppData\Local\Temp\ccKONqO6.s 			page 23


 1092 0026 0B       		.uleb128 0xb
 1093 0027 49       		.uleb128 0x49
 1094 0028 13       		.uleb128 0x13
 1095 0029 00       		.byte	0
 1096 002a 00       		.byte	0
 1097 002b 04       		.uleb128 0x4
 1098 002c 24       		.uleb128 0x24
 1099 002d 00       		.byte	0
 1100 002e 0B       		.uleb128 0xb
 1101 002f 0B       		.uleb128 0xb
 1102 0030 3E       		.uleb128 0x3e
 1103 0031 0B       		.uleb128 0xb
 1104 0032 03       		.uleb128 0x3
 1105 0033 08       		.uleb128 0x8
 1106 0034 00       		.byte	0
 1107 0035 00       		.byte	0
 1108 0036 05       		.uleb128 0x5
 1109 0037 16       		.uleb128 0x16
 1110 0038 00       		.byte	0
 1111 0039 03       		.uleb128 0x3
 1112 003a 0E       		.uleb128 0xe
 1113 003b 3A       		.uleb128 0x3a
 1114 003c 0B       		.uleb128 0xb
 1115 003d 3B       		.uleb128 0x3b
 1116 003e 05       		.uleb128 0x5
 1117 003f 49       		.uleb128 0x49
 1118 0040 13       		.uleb128 0x13
 1119 0041 00       		.byte	0
 1120 0042 00       		.byte	0
 1121 0043 06       		.uleb128 0x6
 1122 0044 2E       		.uleb128 0x2e
 1123 0045 01       		.byte	0x1
 1124 0046 3F       		.uleb128 0x3f
 1125 0047 19       		.uleb128 0x19
 1126 0048 03       		.uleb128 0x3
 1127 0049 0E       		.uleb128 0xe
 1128 004a 3A       		.uleb128 0x3a
 1129 004b 0B       		.uleb128 0xb
 1130 004c 3B       		.uleb128 0x3b
 1131 004d 0B       		.uleb128 0xb
 1132 004e 27       		.uleb128 0x27
 1133 004f 19       		.uleb128 0x19
 1134 0050 20       		.uleb128 0x20
 1135 0051 0B       		.uleb128 0xb
 1136 0052 01       		.uleb128 0x1
 1137 0053 13       		.uleb128 0x13
 1138 0054 00       		.byte	0
 1139 0055 00       		.byte	0
 1140 0056 07       		.uleb128 0x7
 1141 0057 05       		.uleb128 0x5
 1142 0058 00       		.byte	0
 1143 0059 03       		.uleb128 0x3
 1144 005a 08       		.uleb128 0x8
 1145 005b 3A       		.uleb128 0x3a
 1146 005c 0B       		.uleb128 0xb
 1147 005d 3B       		.uleb128 0x3b
 1148 005e 0B       		.uleb128 0xb
ARM GAS  C:\Users\student\AppData\Local\Temp\ccKONqO6.s 			page 24


 1149 005f 49       		.uleb128 0x49
 1150 0060 13       		.uleb128 0x13
 1151 0061 00       		.byte	0
 1152 0062 00       		.byte	0
 1153 0063 08       		.uleb128 0x8
 1154 0064 34       		.uleb128 0x34
 1155 0065 00       		.byte	0
 1156 0066 03       		.uleb128 0x3
 1157 0067 0E       		.uleb128 0xe
 1158 0068 3A       		.uleb128 0x3a
 1159 0069 0B       		.uleb128 0xb
 1160 006a 3B       		.uleb128 0x3b
 1161 006b 0B       		.uleb128 0xb
 1162 006c 49       		.uleb128 0x49
 1163 006d 13       		.uleb128 0x13
 1164 006e 00       		.byte	0
 1165 006f 00       		.byte	0
 1166 0070 09       		.uleb128 0x9
 1167 0071 2E       		.uleb128 0x2e
 1168 0072 01       		.byte	0x1
 1169 0073 3F       		.uleb128 0x3f
 1170 0074 19       		.uleb128 0x19
 1171 0075 03       		.uleb128 0x3
 1172 0076 0E       		.uleb128 0xe
 1173 0077 3A       		.uleb128 0x3a
 1174 0078 0B       		.uleb128 0xb
 1175 0079 3B       		.uleb128 0x3b
 1176 007a 0B       		.uleb128 0xb
 1177 007b 49       		.uleb128 0x49
 1178 007c 13       		.uleb128 0x13
 1179 007d 20       		.uleb128 0x20
 1180 007e 0B       		.uleb128 0xb
 1181 007f 01       		.uleb128 0x1
 1182 0080 13       		.uleb128 0x13
 1183 0081 00       		.byte	0
 1184 0082 00       		.byte	0
 1185 0083 0A       		.uleb128 0xa
 1186 0084 34       		.uleb128 0x34
 1187 0085 00       		.byte	0
 1188 0086 03       		.uleb128 0x3
 1189 0087 08       		.uleb128 0x8
 1190 0088 3A       		.uleb128 0x3a
 1191 0089 0B       		.uleb128 0xb
 1192 008a 3B       		.uleb128 0x3b
 1193 008b 0B       		.uleb128 0xb
 1194 008c 49       		.uleb128 0x49
 1195 008d 13       		.uleb128 0x13
 1196 008e 00       		.byte	0
 1197 008f 00       		.byte	0
 1198 0090 0B       		.uleb128 0xb
 1199 0091 2E       		.uleb128 0x2e
 1200 0092 01       		.byte	0x1
 1201 0093 3F       		.uleb128 0x3f
 1202 0094 19       		.uleb128 0x19
 1203 0095 03       		.uleb128 0x3
 1204 0096 0E       		.uleb128 0xe
 1205 0097 3A       		.uleb128 0x3a
ARM GAS  C:\Users\student\AppData\Local\Temp\ccKONqO6.s 			page 25


 1206 0098 0B       		.uleb128 0xb
 1207 0099 3B       		.uleb128 0x3b
 1208 009a 0B       		.uleb128 0xb
 1209 009b 27       		.uleb128 0x27
 1210 009c 19       		.uleb128 0x19
 1211 009d 49       		.uleb128 0x49
 1212 009e 13       		.uleb128 0x13
 1213 009f 11       		.uleb128 0x11
 1214 00a0 01       		.uleb128 0x1
 1215 00a1 12       		.uleb128 0x12
 1216 00a2 06       		.uleb128 0x6
 1217 00a3 40       		.uleb128 0x40
 1218 00a4 18       		.uleb128 0x18
 1219 00a5 9742     		.uleb128 0x2117
 1220 00a7 19       		.uleb128 0x19
 1221 00a8 01       		.uleb128 0x1
 1222 00a9 13       		.uleb128 0x13
 1223 00aa 00       		.byte	0
 1224 00ab 00       		.byte	0
 1225 00ac 0C       		.uleb128 0xc
 1226 00ad 05       		.uleb128 0x5
 1227 00ae 00       		.byte	0
 1228 00af 03       		.uleb128 0x3
 1229 00b0 0E       		.uleb128 0xe
 1230 00b1 3A       		.uleb128 0x3a
 1231 00b2 0B       		.uleb128 0xb
 1232 00b3 3B       		.uleb128 0x3b
 1233 00b4 0B       		.uleb128 0xb
 1234 00b5 49       		.uleb128 0x49
 1235 00b6 13       		.uleb128 0x13
 1236 00b7 02       		.uleb128 0x2
 1237 00b8 17       		.uleb128 0x17
 1238 00b9 00       		.byte	0
 1239 00ba 00       		.byte	0
 1240 00bb 0D       		.uleb128 0xd
 1241 00bc 34       		.uleb128 0x34
 1242 00bd 00       		.byte	0
 1243 00be 03       		.uleb128 0x3
 1244 00bf 08       		.uleb128 0x8
 1245 00c0 3A       		.uleb128 0x3a
 1246 00c1 0B       		.uleb128 0xb
 1247 00c2 3B       		.uleb128 0x3b
 1248 00c3 0B       		.uleb128 0xb
 1249 00c4 49       		.uleb128 0x49
 1250 00c5 13       		.uleb128 0x13
 1251 00c6 02       		.uleb128 0x2
 1252 00c7 18       		.uleb128 0x18
 1253 00c8 00       		.byte	0
 1254 00c9 00       		.byte	0
 1255 00ca 0E       		.uleb128 0xe
 1256 00cb 1D       		.uleb128 0x1d
 1257 00cc 01       		.byte	0x1
 1258 00cd 31       		.uleb128 0x31
 1259 00ce 13       		.uleb128 0x13
 1260 00cf 11       		.uleb128 0x11
 1261 00d0 01       		.uleb128 0x1
 1262 00d1 12       		.uleb128 0x12
ARM GAS  C:\Users\student\AppData\Local\Temp\ccKONqO6.s 			page 26


 1263 00d2 06       		.uleb128 0x6
 1264 00d3 58       		.uleb128 0x58
 1265 00d4 0B       		.uleb128 0xb
 1266 00d5 59       		.uleb128 0x59
 1267 00d6 0B       		.uleb128 0xb
 1268 00d7 01       		.uleb128 0x1
 1269 00d8 13       		.uleb128 0x13
 1270 00d9 00       		.byte	0
 1271 00da 00       		.byte	0
 1272 00db 0F       		.uleb128 0xf
 1273 00dc 05       		.uleb128 0x5
 1274 00dd 00       		.byte	0
 1275 00de 31       		.uleb128 0x31
 1276 00df 13       		.uleb128 0x13
 1277 00e0 02       		.uleb128 0x2
 1278 00e1 17       		.uleb128 0x17
 1279 00e2 00       		.byte	0
 1280 00e3 00       		.byte	0
 1281 00e4 10       		.uleb128 0x10
 1282 00e5 0B       		.uleb128 0xb
 1283 00e6 01       		.byte	0x1
 1284 00e7 11       		.uleb128 0x11
 1285 00e8 01       		.uleb128 0x1
 1286 00e9 12       		.uleb128 0x12
 1287 00ea 06       		.uleb128 0x6
 1288 00eb 00       		.byte	0
 1289 00ec 00       		.byte	0
 1290 00ed 11       		.uleb128 0x11
 1291 00ee 34       		.uleb128 0x34
 1292 00ef 00       		.byte	0
 1293 00f0 31       		.uleb128 0x31
 1294 00f1 13       		.uleb128 0x13
 1295 00f2 02       		.uleb128 0x2
 1296 00f3 17       		.uleb128 0x17
 1297 00f4 00       		.byte	0
 1298 00f5 00       		.byte	0
 1299 00f6 12       		.uleb128 0x12
 1300 00f7 898201   		.uleb128 0x4109
 1301 00fa 01       		.byte	0x1
 1302 00fb 11       		.uleb128 0x11
 1303 00fc 01       		.uleb128 0x1
 1304 00fd 31       		.uleb128 0x31
 1305 00fe 13       		.uleb128 0x13
 1306 00ff 01       		.uleb128 0x1
 1307 0100 13       		.uleb128 0x13
 1308 0101 00       		.byte	0
 1309 0102 00       		.byte	0
 1310 0103 13       		.uleb128 0x13
 1311 0104 8A8201   		.uleb128 0x410a
 1312 0107 00       		.byte	0
 1313 0108 02       		.uleb128 0x2
 1314 0109 18       		.uleb128 0x18
 1315 010a 9142     		.uleb128 0x2111
 1316 010c 18       		.uleb128 0x18
 1317 010d 00       		.byte	0
 1318 010e 00       		.byte	0
 1319 010f 14       		.uleb128 0x14
ARM GAS  C:\Users\student\AppData\Local\Temp\ccKONqO6.s 			page 27


 1320 0110 898201   		.uleb128 0x4109
 1321 0113 01       		.byte	0x1
 1322 0114 11       		.uleb128 0x11
 1323 0115 01       		.uleb128 0x1
 1324 0116 31       		.uleb128 0x31
 1325 0117 13       		.uleb128 0x13
 1326 0118 00       		.byte	0
 1327 0119 00       		.byte	0
 1328 011a 15       		.uleb128 0x15
 1329 011b 898201   		.uleb128 0x4109
 1330 011e 00       		.byte	0
 1331 011f 11       		.uleb128 0x11
 1332 0120 01       		.uleb128 0x1
 1333 0121 31       		.uleb128 0x31
 1334 0122 13       		.uleb128 0x13
 1335 0123 00       		.byte	0
 1336 0124 00       		.byte	0
 1337 0125 16       		.uleb128 0x16
 1338 0126 2E       		.uleb128 0x2e
 1339 0127 01       		.byte	0x1
 1340 0128 3F       		.uleb128 0x3f
 1341 0129 19       		.uleb128 0x19
 1342 012a 03       		.uleb128 0x3
 1343 012b 0E       		.uleb128 0xe
 1344 012c 3A       		.uleb128 0x3a
 1345 012d 0B       		.uleb128 0xb
 1346 012e 3B       		.uleb128 0x3b
 1347 012f 0B       		.uleb128 0xb
 1348 0130 27       		.uleb128 0x27
 1349 0131 19       		.uleb128 0x19
 1350 0132 11       		.uleb128 0x11
 1351 0133 01       		.uleb128 0x1
 1352 0134 12       		.uleb128 0x12
 1353 0135 06       		.uleb128 0x6
 1354 0136 40       		.uleb128 0x40
 1355 0137 18       		.uleb128 0x18
 1356 0138 9742     		.uleb128 0x2117
 1357 013a 19       		.uleb128 0x19
 1358 013b 01       		.uleb128 0x1
 1359 013c 13       		.uleb128 0x13
 1360 013d 00       		.byte	0
 1361 013e 00       		.byte	0
 1362 013f 17       		.uleb128 0x17
 1363 0140 05       		.uleb128 0x5
 1364 0141 00       		.byte	0
 1365 0142 03       		.uleb128 0x3
 1366 0143 08       		.uleb128 0x8
 1367 0144 3A       		.uleb128 0x3a
 1368 0145 0B       		.uleb128 0xb
 1369 0146 3B       		.uleb128 0x3b
 1370 0147 0B       		.uleb128 0xb
 1371 0148 49       		.uleb128 0x49
 1372 0149 13       		.uleb128 0x13
 1373 014a 02       		.uleb128 0x2
 1374 014b 17       		.uleb128 0x17
 1375 014c 00       		.byte	0
 1376 014d 00       		.byte	0
ARM GAS  C:\Users\student\AppData\Local\Temp\ccKONqO6.s 			page 28


 1377 014e 18       		.uleb128 0x18
 1378 014f 34       		.uleb128 0x34
 1379 0150 00       		.byte	0
 1380 0151 03       		.uleb128 0x3
 1381 0152 08       		.uleb128 0x8
 1382 0153 3A       		.uleb128 0x3a
 1383 0154 0B       		.uleb128 0xb
 1384 0155 3B       		.uleb128 0x3b
 1385 0156 0B       		.uleb128 0xb
 1386 0157 49       		.uleb128 0x49
 1387 0158 13       		.uleb128 0x13
 1388 0159 02       		.uleb128 0x2
 1389 015a 17       		.uleb128 0x17
 1390 015b 00       		.byte	0
 1391 015c 00       		.byte	0
 1392 015d 19       		.uleb128 0x19
 1393 015e 34       		.uleb128 0x34
 1394 015f 00       		.byte	0
 1395 0160 03       		.uleb128 0x3
 1396 0161 0E       		.uleb128 0xe
 1397 0162 3A       		.uleb128 0x3a
 1398 0163 0B       		.uleb128 0xb
 1399 0164 3B       		.uleb128 0x3b
 1400 0165 0B       		.uleb128 0xb
 1401 0166 49       		.uleb128 0x49
 1402 0167 13       		.uleb128 0x13
 1403 0168 02       		.uleb128 0x2
 1404 0169 17       		.uleb128 0x17
 1405 016a 00       		.byte	0
 1406 016b 00       		.byte	0
 1407 016c 1A       		.uleb128 0x1a
 1408 016d 0F       		.uleb128 0xf
 1409 016e 00       		.byte	0
 1410 016f 0B       		.uleb128 0xb
 1411 0170 0B       		.uleb128 0xb
 1412 0171 49       		.uleb128 0x49
 1413 0172 13       		.uleb128 0x13
 1414 0173 00       		.byte	0
 1415 0174 00       		.byte	0
 1416 0175 1B       		.uleb128 0x1b
 1417 0176 34       		.uleb128 0x34
 1418 0177 00       		.byte	0
 1419 0178 03       		.uleb128 0x3
 1420 0179 0E       		.uleb128 0xe
 1421 017a 3A       		.uleb128 0x3a
 1422 017b 0B       		.uleb128 0xb
 1423 017c 3B       		.uleb128 0x3b
 1424 017d 05       		.uleb128 0x5
 1425 017e 49       		.uleb128 0x49
 1426 017f 13       		.uleb128 0x13
 1427 0180 3F       		.uleb128 0x3f
 1428 0181 19       		.uleb128 0x19
 1429 0182 3C       		.uleb128 0x3c
 1430 0183 19       		.uleb128 0x19
 1431 0184 00       		.byte	0
 1432 0185 00       		.byte	0
 1433 0186 1C       		.uleb128 0x1c
ARM GAS  C:\Users\student\AppData\Local\Temp\ccKONqO6.s 			page 29


 1434 0187 35       		.uleb128 0x35
 1435 0188 00       		.byte	0
 1436 0189 49       		.uleb128 0x49
 1437 018a 13       		.uleb128 0x13
 1438 018b 00       		.byte	0
 1439 018c 00       		.byte	0
 1440 018d 1D       		.uleb128 0x1d
 1441 018e 34       		.uleb128 0x34
 1442 018f 00       		.byte	0
 1443 0190 03       		.uleb128 0x3
 1444 0191 0E       		.uleb128 0xe
 1445 0192 3A       		.uleb128 0x3a
 1446 0193 0B       		.uleb128 0xb
 1447 0194 3B       		.uleb128 0x3b
 1448 0195 0B       		.uleb128 0xb
 1449 0196 49       		.uleb128 0x49
 1450 0197 13       		.uleb128 0x13
 1451 0198 3F       		.uleb128 0x3f
 1452 0199 19       		.uleb128 0x19
 1453 019a 02       		.uleb128 0x2
 1454 019b 18       		.uleb128 0x18
 1455 019c 00       		.byte	0
 1456 019d 00       		.byte	0
 1457 019e 1E       		.uleb128 0x1e
 1458 019f 2E       		.uleb128 0x2e
 1459 01a0 01       		.byte	0x1
 1460 01a1 3F       		.uleb128 0x3f
 1461 01a2 19       		.uleb128 0x19
 1462 01a3 03       		.uleb128 0x3
 1463 01a4 0E       		.uleb128 0xe
 1464 01a5 3A       		.uleb128 0x3a
 1465 01a6 0B       		.uleb128 0xb
 1466 01a7 3B       		.uleb128 0x3b
 1467 01a8 0B       		.uleb128 0xb
 1468 01a9 27       		.uleb128 0x27
 1469 01aa 19       		.uleb128 0x19
 1470 01ab 3C       		.uleb128 0x3c
 1471 01ac 19       		.uleb128 0x19
 1472 01ad 01       		.uleb128 0x1
 1473 01ae 13       		.uleb128 0x13
 1474 01af 00       		.byte	0
 1475 01b0 00       		.byte	0
 1476 01b1 1F       		.uleb128 0x1f
 1477 01b2 05       		.uleb128 0x5
 1478 01b3 00       		.byte	0
 1479 01b4 49       		.uleb128 0x49
 1480 01b5 13       		.uleb128 0x13
 1481 01b6 00       		.byte	0
 1482 01b7 00       		.byte	0
 1483 01b8 20       		.uleb128 0x20
 1484 01b9 2E       		.uleb128 0x2e
 1485 01ba 00       		.byte	0
 1486 01bb 3F       		.uleb128 0x3f
 1487 01bc 19       		.uleb128 0x19
 1488 01bd 03       		.uleb128 0x3
 1489 01be 0E       		.uleb128 0xe
 1490 01bf 3A       		.uleb128 0x3a
ARM GAS  C:\Users\student\AppData\Local\Temp\ccKONqO6.s 			page 30


 1491 01c0 0B       		.uleb128 0xb
 1492 01c1 3B       		.uleb128 0x3b
 1493 01c2 0B       		.uleb128 0xb
 1494 01c3 27       		.uleb128 0x27
 1495 01c4 19       		.uleb128 0x19
 1496 01c5 49       		.uleb128 0x49
 1497 01c6 13       		.uleb128 0x13
 1498 01c7 3C       		.uleb128 0x3c
 1499 01c8 19       		.uleb128 0x19
 1500 01c9 00       		.byte	0
 1501 01ca 00       		.byte	0
 1502 01cb 21       		.uleb128 0x21
 1503 01cc 2E       		.uleb128 0x2e
 1504 01cd 01       		.byte	0x1
 1505 01ce 3F       		.uleb128 0x3f
 1506 01cf 19       		.uleb128 0x19
 1507 01d0 03       		.uleb128 0x3
 1508 01d1 0E       		.uleb128 0xe
 1509 01d2 3A       		.uleb128 0x3a
 1510 01d3 0B       		.uleb128 0xb
 1511 01d4 3B       		.uleb128 0x3b
 1512 01d5 0B       		.uleb128 0xb
 1513 01d6 27       		.uleb128 0x27
 1514 01d7 19       		.uleb128 0x19
 1515 01d8 3C       		.uleb128 0x3c
 1516 01d9 19       		.uleb128 0x19
 1517 01da 00       		.byte	0
 1518 01db 00       		.byte	0
 1519 01dc 00       		.byte	0
 1520              		.section	.debug_loc,"",%progbits
 1521              	.Ldebug_loc0:
 1522              	.LLST0:
 1523 0000 00000000 		.4byte	.LVL0
 1524 0004 06000000 		.4byte	.LVL1
 1525 0008 0100     		.2byte	0x1
 1526 000a 50       		.byte	0x50
 1527 000b 06000000 		.4byte	.LVL1
 1528 000f A2000000 		.4byte	.LFE65
 1529 0013 0400     		.2byte	0x4
 1530 0015 F3       		.byte	0xf3
 1531 0016 01       		.uleb128 0x1
 1532 0017 50       		.byte	0x50
 1533 0018 9F       		.byte	0x9f
 1534 0019 00000000 		.4byte	0
 1535 001d 00000000 		.4byte	0
 1536              	.LLST1:
 1537 0021 0C000000 		.4byte	.LVL3
 1538 0025 44000000 		.4byte	.LVL12
 1539 0029 0100     		.2byte	0x1
 1540 002b 54       		.byte	0x54
 1541 002c 46000000 		.4byte	.LVL13
 1542 0030 68000000 		.4byte	.LVL20
 1543 0034 0100     		.2byte	0x1
 1544 0036 54       		.byte	0x54
 1545 0037 00000000 		.4byte	0
 1546 003b 00000000 		.4byte	0
 1547              	.LLST2:
ARM GAS  C:\Users\student\AppData\Local\Temp\ccKONqO6.s 			page 31


 1548 003f 0C000000 		.4byte	.LVL3
 1549 0043 16000000 		.4byte	.LVL5
 1550 0047 0200     		.2byte	0x2
 1551 0049 30       		.byte	0x30
 1552 004a 9F       		.byte	0x9f
 1553 004b 16000000 		.4byte	.LVL5
 1554 004f 48000000 		.4byte	.LVL14
 1555 0053 0100     		.2byte	0x1
 1556 0055 55       		.byte	0x55
 1557 0056 4A000000 		.4byte	.LVL15
 1558 005a 6A000000 		.4byte	.LVL21
 1559 005e 0100     		.2byte	0x1
 1560 0060 55       		.byte	0x55
 1561 0061 00000000 		.4byte	0
 1562 0065 00000000 		.4byte	0
 1563              	.LLST3:
 1564 0069 66000000 		.4byte	.LVL19
 1565 006d 6C000000 		.4byte	.LVL22
 1566 0071 0200     		.2byte	0x2
 1567 0073 30       		.byte	0x30
 1568 0074 9F       		.byte	0x9f
 1569 0075 6C000000 		.4byte	.LVL22
 1570 0079 92000000 		.4byte	.LVL31
 1571 007d 0100     		.2byte	0x1
 1572 007f 55       		.byte	0x55
 1573 0080 94000000 		.4byte	.LVL32
 1574 0084 A2000000 		.4byte	.LFE65
 1575 0088 0100     		.2byte	0x1
 1576 008a 55       		.byte	0x55
 1577 008b 00000000 		.4byte	0
 1578 008f 00000000 		.4byte	0
 1579              	.LLST4:
 1580 0093 66000000 		.4byte	.LVL19
 1581 0097 6C000000 		.4byte	.LVL22
 1582 009b 0200     		.2byte	0x2
 1583 009d 30       		.byte	0x30
 1584 009e 9F       		.byte	0x9f
 1585 009f 6C000000 		.4byte	.LVL22
 1586 00a3 6E000000 		.4byte	.LVL23
 1587 00a7 0100     		.2byte	0x1
 1588 00a9 54       		.byte	0x54
 1589 00aa 70000000 		.4byte	.LVL24
 1590 00ae A2000000 		.4byte	.LFE65
 1591 00b2 0100     		.2byte	0x1
 1592 00b4 54       		.byte	0x54
 1593 00b5 00000000 		.4byte	0
 1594 00b9 00000000 		.4byte	0
 1595              	.LLST5:
 1596 00bd 00000000 		.4byte	.LVL36
 1597 00c1 0A000000 		.4byte	.LVL38
 1598 00c5 0100     		.2byte	0x1
 1599 00c7 50       		.byte	0x50
 1600 00c8 0A000000 		.4byte	.LVL38
 1601 00cc CC000000 		.4byte	.LVL65
 1602 00d0 0100     		.2byte	0x1
 1603 00d2 59       		.byte	0x59
 1604 00d3 CC000000 		.4byte	.LVL65
ARM GAS  C:\Users\student\AppData\Local\Temp\ccKONqO6.s 			page 32


 1605 00d7 D4000000 		.4byte	.LFE67
 1606 00db 0400     		.2byte	0x4
 1607 00dd F3       		.byte	0xf3
 1608 00de 01       		.uleb128 0x1
 1609 00df 50       		.byte	0x50
 1610 00e0 9F       		.byte	0x9f
 1611 00e1 00000000 		.4byte	0
 1612 00e5 00000000 		.4byte	0
 1613              	.LLST6:
 1614 00e9 00000000 		.4byte	.LVL36
 1615 00ed 0A000000 		.4byte	.LVL38
 1616 00f1 0100     		.2byte	0x1
 1617 00f3 51       		.byte	0x51
 1618 00f4 0A000000 		.4byte	.LVL38
 1619 00f8 CC000000 		.4byte	.LVL65
 1620 00fc 0100     		.2byte	0x1
 1621 00fe 58       		.byte	0x58
 1622 00ff CC000000 		.4byte	.LVL65
 1623 0103 D4000000 		.4byte	.LFE67
 1624 0107 0400     		.2byte	0x4
 1625 0109 F3       		.byte	0xf3
 1626 010a 01       		.uleb128 0x1
 1627 010b 51       		.byte	0x51
 1628 010c 9F       		.byte	0x9f
 1629 010d 00000000 		.4byte	0
 1630 0111 00000000 		.4byte	0
 1631              	.LLST7:
 1632 0115 2E000000 		.4byte	.LVL46
 1633 0119 3E000000 		.4byte	.LVL50
 1634 011d 0100     		.2byte	0x1
 1635 011f 54       		.byte	0x54
 1636 0120 00000000 		.4byte	0
 1637 0124 00000000 		.4byte	0
 1638              	.LLST8:
 1639 0128 18000000 		.4byte	.LVL41
 1640 012c CC000000 		.4byte	.LVL65
 1641 0130 0100     		.2byte	0x1
 1642 0132 57       		.byte	0x57
 1643 0133 00000000 		.4byte	0
 1644 0137 00000000 		.4byte	0
 1645              	.LLST9:
 1646 013b 34000000 		.4byte	.LVL47
 1647 013f 84000000 		.4byte	.LVL56
 1648 0143 0100     		.2byte	0x1
 1649 0145 50       		.byte	0x50
 1650 0146 C6000000 		.4byte	.LVL63
 1651 014a C8000000 		.4byte	.LVL64
 1652 014e 0100     		.2byte	0x1
 1653 0150 50       		.byte	0x50
 1654 0151 00000000 		.4byte	0
 1655 0155 00000000 		.4byte	0
 1656              	.LLST10:
 1657 0159 20000000 		.4byte	.LVL43
 1658 015d 62000000 		.4byte	.LVL52
 1659 0161 0100     		.2byte	0x1
 1660 0163 56       		.byte	0x56
 1661 0164 C6000000 		.4byte	.LVL63
ARM GAS  C:\Users\student\AppData\Local\Temp\ccKONqO6.s 			page 33


 1662 0168 CC000000 		.4byte	.LVL65
 1663 016c 0100     		.2byte	0x1
 1664 016e 56       		.byte	0x56
 1665 016f 00000000 		.4byte	0
 1666 0173 00000000 		.4byte	0
 1667              	.LLST11:
 1668 0177 60000000 		.4byte	.LVL51
 1669 017b 74000000 		.4byte	.LVL54
 1670 017f 0500     		.2byte	0x5
 1671 0181 73       		.byte	0x73
 1672 0182 00       		.sleb128 0
 1673 0183 31       		.byte	0x31
 1674 0184 26       		.byte	0x26
 1675 0185 9F       		.byte	0x9f
 1676 0186 74000000 		.4byte	.LVL54
 1677 018a 80000000 		.4byte	.LVL55
 1678 018e 1000     		.2byte	0x10
 1679 0190 70       		.byte	0x70
 1680 0191 00       		.sleb128 0
 1681 0192 71       		.byte	0x71
 1682 0193 00       		.sleb128 0
 1683 0194 22       		.byte	0x22
 1684 0195 4F       		.byte	0x4f
 1685 0196 25       		.byte	0x25
 1686 0197 70       		.byte	0x70
 1687 0198 00       		.sleb128 0
 1688 0199 22       		.byte	0x22
 1689 019a 71       		.byte	0x71
 1690 019b 00       		.sleb128 0
 1691 019c 22       		.byte	0x22
 1692 019d 31       		.byte	0x31
 1693 019e 26       		.byte	0x26
 1694 019f 9F       		.byte	0x9f
 1695 01a0 00000000 		.4byte	0
 1696 01a4 00000000 		.4byte	0
 1697              	.LLST12:
 1698 01a8 70000000 		.4byte	.LVL53
 1699 01ac 98000000 		.4byte	.LVL59
 1700 01b0 0100     		.2byte	0x1
 1701 01b2 52       		.byte	0x52
 1702 01b3 98000000 		.4byte	.LVL59
 1703 01b7 9C000000 		.4byte	.LVL60
 1704 01bb 0400     		.2byte	0x4
 1705 01bd 72       		.byte	0x72
 1706 01be 9003     		.sleb128 400
 1707 01c0 9F       		.byte	0x9f
 1708 01c1 9C000000 		.4byte	.LVL60
 1709 01c5 C6000000 		.4byte	.LVL63
 1710 01c9 0900     		.2byte	0x9
 1711 01cb 0A       		.byte	0xa
 1712 01cc FF0F     		.2byte	0xfff
 1713 01ce 76       		.byte	0x76
 1714 01cf 00       		.sleb128 0
 1715 01d0 31       		.byte	0x31
 1716 01d1 26       		.byte	0x26
 1717 01d2 1C       		.byte	0x1c
 1718 01d3 9F       		.byte	0x9f
ARM GAS  C:\Users\student\AppData\Local\Temp\ccKONqO6.s 			page 34


 1719 01d4 00000000 		.4byte	0
 1720 01d8 00000000 		.4byte	0
 1721              	.LLST13:
 1722 01dc 8E000000 		.4byte	.LVL57
 1723 01e0 C6000000 		.4byte	.LVL63
 1724 01e4 0100     		.2byte	0x1
 1725 01e6 53       		.byte	0x53
 1726 01e7 00000000 		.4byte	0
 1727 01eb 00000000 		.4byte	0
 1728              	.LLST14:
 1729 01ef AE000000 		.4byte	.LVL61
 1730 01f3 C6000000 		.4byte	.LVL63
 1731 01f7 0100     		.2byte	0x1
 1732 01f9 52       		.byte	0x52
 1733 01fa 00000000 		.4byte	0
 1734 01fe 00000000 		.4byte	0
 1735              	.LLST15:
 1736 0202 08000000 		.4byte	.LVL37
 1737 0206 0A000000 		.4byte	.LVL38
 1738 020a 0200     		.2byte	0x2
 1739 020c 30       		.byte	0x30
 1740 020d 9F       		.byte	0x9f
 1741 020e 0A000000 		.4byte	.LVL38
 1742 0212 36000000 		.4byte	.LVL48
 1743 0216 0100     		.2byte	0x1
 1744 0218 55       		.byte	0x55
 1745 0219 38000000 		.4byte	.LVL49
 1746 021d CC000000 		.4byte	.LVL65
 1747 0221 0100     		.2byte	0x1
 1748 0223 55       		.byte	0x55
 1749 0224 00000000 		.4byte	0
 1750 0228 00000000 		.4byte	0
 1751              		.section	.debug_aranges,"",%progbits
 1752 0000 34000000 		.4byte	0x34
 1753 0004 0200     		.2byte	0x2
 1754 0006 00000000 		.4byte	.Ldebug_info0
 1755 000a 04       		.byte	0x4
 1756 000b 00       		.byte	0
 1757 000c 0000     		.2byte	0
 1758 000e 0000     		.2byte	0
 1759 0010 00000000 		.4byte	.LFB65
 1760 0014 A2000000 		.4byte	.LFE65-.LFB65
 1761 0018 00000000 		.4byte	.LFB66
 1762 001c 10000000 		.4byte	.LFE66-.LFB66
 1763 0020 00000000 		.4byte	.LFB67
 1764 0024 D4000000 		.4byte	.LFE67-.LFB67
 1765 0028 00000000 		.4byte	.LFB68
 1766 002c 16000000 		.4byte	.LFE68-.LFB68
 1767 0030 00000000 		.4byte	0
 1768 0034 00000000 		.4byte	0
 1769              		.section	.debug_ranges,"",%progbits
 1770              	.Ldebug_ranges0:
 1771 0000 00000000 		.4byte	.LFB65
 1772 0004 A2000000 		.4byte	.LFE65
 1773 0008 00000000 		.4byte	.LFB66
 1774 000c 10000000 		.4byte	.LFE66
 1775 0010 00000000 		.4byte	.LFB67
ARM GAS  C:\Users\student\AppData\Local\Temp\ccKONqO6.s 			page 35


 1776 0014 D4000000 		.4byte	.LFE67
 1777 0018 00000000 		.4byte	.LFB68
 1778 001c 16000000 		.4byte	.LFE68
 1779 0020 00000000 		.4byte	0
 1780 0024 00000000 		.4byte	0
 1781              		.section	.debug_line,"",%progbits
 1782              	.Ldebug_line0:
 1783 0000 42020000 		.section	.debug_str,"MS",%progbits,1
 1783      02009001 
 1783      00000201 
 1783      FB0E0D00 
 1783      01010101 
 1784              	.LASF6:
 1785 0000 6C6F6E67 		.ascii	"long long int\000"
 1785      206C6F6E 
 1785      6720696E 
 1785      7400
 1786              	.LASF32:
 1787 000e 43794465 		.ascii	"CyDelayCycles\000"
 1787      6C617943 
 1787      79636C65 
 1787      7300
 1788              	.LASF24:
 1789 001c 636F6F72 		.ascii	"coord\000"
 1789      6400
 1790              	.LASF26:
 1791 0022 58505432 		.ascii	"XPT2046_ReadZ\000"
 1791      3034365F 
 1791      52656164 
 1791      5A00
 1792              	.LASF37:
 1793 0030 58505432 		.ascii	"XPT2046_Start\000"
 1793      3034365F 
 1793      53746172 
 1793      7400
 1794              	.LASF25:
 1795 003e 74696D65 		.ascii	"timeout\000"
 1795      6F757400 
 1796              	.LASF9:
 1797 0046 5F5F696E 		.ascii	"__int32_t\000"
 1797      7433325F 
 1797      7400
 1798              	.LASF33:
 1799 0050 545F4353 		.ascii	"T_CS_Write\000"
 1799      5F577269 
 1799      746500
 1800              	.LASF34:
 1801 005b 474E5520 		.ascii	"GNU C 4.9.3 20150303 (release) [ARM/embedded-4_9-br"
 1801      4320342E 
 1801      392E3320 
 1801      32303135 
 1801      30333033 
 1802 008e 616E6368 		.ascii	"anch revision 221220] -mcpu=cortex-m3 -mthumb -g -O"
 1802      20726576 
 1802      6973696F 
 1802      6E203232 
 1802      31323230 
ARM GAS  C:\Users\student\AppData\Local\Temp\ccKONqO6.s 			page 36


 1803 00c1 67202D73 		.ascii	"g -std=gnu11 -ffunction-sections -ffat-lto-objects\000"
 1803      74643D67 
 1803      6E753131 
 1803      202D6666 
 1803      756E6374 
 1804              	.LASF3:
 1805 00f4 73686F72 		.ascii	"short unsigned int\000"
 1805      7420756E 
 1805      7369676E 
 1805      65642069 
 1805      6E7400
 1806              	.LASF36:
 1807 0107 433A5C55 		.ascii	"C:\\Users\\student\\Documents\\PSoC Creator\\rbeatt"
 1807      73657273 
 1807      5C737475 
 1807      64656E74 
 1807      5C446F63 
 1808 0135 69655F66 		.ascii	"ie_final_project\\ConnectFour.cydsn\000"
 1808      696E616C 
 1808      5F70726F 
 1808      6A656374 
 1808      5C436F6E 
 1809              	.LASF30:
 1810 0158 545F434C 		.ascii	"T_CLK_Write\000"
 1810      4B5F5772 
 1810      69746500 
 1811              	.LASF14:
 1812 0164 666C6F61 		.ascii	"float\000"
 1812      7400
 1813              	.LASF28:
 1814 016a 506F7358 		.ascii	"PosX\000"
 1814      00
 1815              	.LASF29:
 1816 016f 506F7359 		.ascii	"PosY\000"
 1816      00
 1817              	.LASF1:
 1818 0174 756E7369 		.ascii	"unsigned char\000"
 1818      676E6564 
 1818      20636861 
 1818      7200
 1819              	.LASF20:
 1820 0182 52656164 		.ascii	"Read_2046\000"
 1820      5F323034 
 1820      3600
 1821              	.LASF31:
 1822 018c 545F4449 		.ascii	"T_DIN_Write\000"
 1822      4E5F5772 
 1822      69746500 
 1823              	.LASF5:
 1824 0198 6C6F6E67 		.ascii	"long unsigned int\000"
 1824      20756E73 
 1824      69676E65 
 1824      6420696E 
 1824      7400
 1825              	.LASF22:
 1826 01aa 58505432 		.ascii	"XPT2046_ReadPos\000"
 1826      3034365F 
ARM GAS  C:\Users\student\AppData\Local\Temp\ccKONqO6.s 			page 37


 1826      52656164 
 1826      506F7300 
 1827              	.LASF27:
 1828 01ba 49544D5F 		.ascii	"ITM_RxBuffer\000"
 1828      52784275 
 1828      66666572 
 1828      00
 1829              	.LASF15:
 1830 01c7 646F7562 		.ascii	"double\000"
 1830      6C6500
 1831              	.LASF12:
 1832 01ce 75696E74 		.ascii	"uint16\000"
 1832      313600
 1833              	.LASF13:
 1834 01d5 75696E74 		.ascii	"uint32\000"
 1834      333200
 1835              	.LASF8:
 1836 01dc 756E7369 		.ascii	"unsigned int\000"
 1836      676E6564 
 1836      20696E74 
 1836      00
 1837              	.LASF7:
 1838 01e9 6C6F6E67 		.ascii	"long long unsigned int\000"
 1838      206C6F6E 
 1838      6720756E 
 1838      7369676E 
 1838      65642069 
 1839              	.LASF35:
 1840 0200 2E5C5850 		.ascii	".\\XPT2046.c\000"
 1840      54323034 
 1840      362E6300 
 1841              	.LASF10:
 1842 020c 696E7433 		.ascii	"int32_t\000"
 1842      325F7400 
 1843              	.LASF18:
 1844 0214 73697A65 		.ascii	"sizetype\000"
 1844      74797065 
 1844      00
 1845              	.LASF23:
 1846 021d 58505432 		.ascii	"XPT2046_ReadXY\000"
 1846      3034365F 
 1846      52656164 
 1846      585900
 1847              	.LASF16:
 1848 022c 63686172 		.ascii	"char\000"
 1848      00
 1849              	.LASF21:
 1850 0231 636F756E 		.ascii	"count\000"
 1850      7400
 1851              	.LASF2:
 1852 0237 73686F72 		.ascii	"short int\000"
 1852      7420696E 
 1852      7400
 1853              	.LASF19:
 1854 0241 57726974 		.ascii	"Write_2046\000"
 1854      655F3230 
 1854      343600
ARM GAS  C:\Users\student\AppData\Local\Temp\ccKONqO6.s 			page 38


 1855              	.LASF11:
 1856 024c 75696E74 		.ascii	"uint8\000"
 1856      3800
 1857              	.LASF4:
 1858 0252 6C6F6E67 		.ascii	"long int\000"
 1858      20696E74 
 1858      00
 1859              	.LASF17:
 1860 025b 6C6F6E67 		.ascii	"long double\000"
 1860      20646F75 
 1860      626C6500 
 1861              	.LASF0:
 1862 0267 7369676E 		.ascii	"signed char\000"
 1862      65642063 
 1862      68617200 
 1863              	.LASF38:
 1864 0273 545F444F 		.ascii	"T_DO_Read\000"
 1864      5F526561 
 1864      6400
 1865              	.LASF39:
 1866 027d 43794465 		.ascii	"CyDelay\000"
 1866      6C617900 
 1867              		.ident	"GCC: (GNU Tools for ARM Embedded Processors) 4.9.3 20150303 (release) [ARM/embedded-4_9-br
